<?xml version="1.0" encoding="UTF-8"?>
<robot generator="Robot 5.0 (Python 3.10.0 on win32)" generated="20220506 11:05:48.543" rpa="false" schemaversion="3">
<suite id="s1" name="Tests" source="C:\Sovos\cloud_fiscal\TaxFiscal\tests">
<suite id="s1-s1" name="Configuracoes" source="C:\Sovos\cloud_fiscal\TaxFiscal\tests\configuracoes.robot">
<test id="s1-s1-t1" name="Importar tabela CFOP" line="12">
<kw name="Start Session" library="base" type="SETUP">
<kw name="New Browser" library="Browser">
<arg>firefox</arg>
<arg>headless=False</arg>
<arg>slowMo=00:00:00</arg>
<tag>BrowserControl</tag>
<tag>Setter</tag>
<doc>Create a new playwright Browser with specified options.</doc>
<msg timestamp="20220506 11:05:50.794" level="INFO">{"browser": "firefox", "headless": false, "handleSIGINT": true, "handleSIGTERM": true, "handleSIGHUP": true, "timeout": 30000.0, "devtools": false, "slowMo": 0.0, "tracesDir": "C:\\Sovos\\cloud_fiscal\\TaxFiscal\\logs\\browser\\traces\\f7715219-bdee-4e9c-ada2-a8313f053ac2"}</msg>
<msg timestamp="20220506 11:05:54.373" level="INFO">Successfully created browser with options: {"browser":"firefox","headless":false,"handleSIGINT":true,"handleSIGTERM":true,"handleSIGHUP":true,"timeout":30000,"devtools":false,"slowMo":0,"tracesDir":"C:\\Sovos\\cloud_fiscal\\TaxFiscal\\logs\\browser\\traces\\f7715219-bdee-4e9c-ada2-a8313f053ac2"}</msg>
<status status="PASS" starttime="20220506 11:05:50.793" endtime="20220506 11:05:54.373"/>
</kw>
<kw name="New Context" library="Browser">
<arg>viewport={'width': 1920, 'height': 1080}</arg>
<tag>BrowserControl</tag>
<tag>Setter</tag>
<doc>Create a new BrowserContext with specified options.</doc>
<msg timestamp="20220506 11:05:54.374" level="INFO">{"acceptDownloads": false, "ignoreHTTPSErrors": false, "bypassCSP": false, "viewport": {"height": 1080, "width": 1920}, "deviceScaleFactor": 1.0, "isMobile": false, "hasTouch": false, "javaScriptEnabled": true, "offline": false, "hideRfBrowser": false}</msg>
<msg timestamp="20220506 11:05:54.389" level="INFO">Successfully created context. </msg>
<msg timestamp="20220506 11:05:54.390" level="INFO">{'acceptDownloads': False, 'ignoreHTTPSErrors': False, 'bypassCSP': False, 'viewport': {'height': 1080, 'width': 1920}, 'deviceScaleFactor': 1, 'isMobile': False, 'hasTouch': False, 'javaScriptEnabled': True, 'offline': False, 'hideRfBrowser': False}</msg>
<status status="PASS" starttime="20220506 11:05:54.373" endtime="20220506 11:05:54.390"/>
</kw>
<kw name="New Page" library="Browser">
<arg>${BASE_URL}</arg>
<tag>BrowserControl</tag>
<tag>Setter</tag>
<doc>Open a new Page.</doc>
<msg timestamp="20220506 11:05:57.472" level="INFO">Successfully initialized new page object and opened url: https://www.hom.sped.cloudfiscal.com/SPED_WEB/frmSPED_Login.f1</msg>
<status status="PASS" starttime="20220506 11:05:54.390" endtime="20220506 11:05:57.472"/>
</kw>
<kw name="Fill Text" library="Browser">
<arg>id=frmERP_Login:usuario</arg>
<arg>FIT@0410</arg>
<tag>PageContent</tag>
<tag>Setter</tag>
<doc>Clears and fills the given ``txt`` into the text field found by ``selector``.</doc>
<msg timestamp="20220506 11:05:57.472" level="INFO">Fills the text 'FIT@0410' in the given field.</msg>
<status status="PASS" starttime="20220506 11:05:57.472" endtime="20220506 11:05:57.518"/>
</kw>
<kw name="Fill Text" library="Browser">
<arg>id=frmERP_Login:senha</arg>
<arg>2018@FIT#@</arg>
<tag>PageContent</tag>
<tag>Setter</tag>
<doc>Clears and fills the given ``txt`` into the text field found by ``selector``.</doc>
<msg timestamp="20220506 11:05:57.519" level="INFO">Fills the text '2018@FIT#@' in the given field.</msg>
<status status="PASS" starttime="20220506 11:05:57.518" endtime="20220506 11:05:57.545"/>
</kw>
<kw name="Click" library="Browser">
<arg>xpath=//*[@id="frmERP_Login"]/table[1]/tbody/tr/td/table/tbody/tr/td/table[2]/tbody/tr[6]/td/input</arg>
<tag>PageContent</tag>
<tag>Setter</tag>
<doc>Simulates mouse click on the element found by ``selector``.</doc>
<status status="PASS" starttime="20220506 11:05:57.545" endtime="20220506 11:05:58.132"/>
</kw>
<kw name="Wait For Elements State" library="Browser">
<arg>text=CLOUD.SPED</arg>
<arg>timeout=30</arg>
<tag>PageContent</tag>
<tag>Wait</tag>
<doc>Waits for the element found by ``selector`` to satisfy state option.</doc>
<msg timestamp="20220506 11:05:58.974" level="INFO">Waited for Element with selector text=CLOUD.SPED at state visible</msg>
<status status="PASS" starttime="20220506 11:05:58.132" endtime="20220506 11:05:58.975"/>
</kw>
<status status="PASS" starttime="20220506 11:05:50.793" endtime="20220506 11:05:58.975"/>
</kw>
<kw name="Acesso menu importação de arquivos" library="actions">
<kw name="Hover" library="Browser">
<arg>${MENU_CONFIGURACOES}</arg>
<tag>PageContent</tag>
<tag>Setter</tag>
<doc>Moves the virtual mouse and scrolls to the element found by ``selector``.</doc>
<status status="PASS" starttime="20220506 11:05:58.976" endtime="20220506 11:05:59.096"/>
</kw>
<kw name="Hover" library="Browser">
<arg>text=Tabelas Governo</arg>
<tag>PageContent</tag>
<tag>Setter</tag>
<doc>Moves the virtual mouse and scrolls to the element found by ``selector``.</doc>
<status status="PASS" starttime="20220506 11:05:59.096" endtime="20220506 11:05:59.307"/>
</kw>
<kw name="Click" library="Browser">
<arg>id=viewMenu:frmMenu:j_id43</arg>
<tag>PageContent</tag>
<tag>Setter</tag>
<doc>Simulates mouse click on the element found by ``selector``.</doc>
<status status="PASS" starttime="20220506 11:05:59.307" endtime="20220506 11:05:59.670"/>
</kw>
<status status="PASS" starttime="20220506 11:05:58.975" endtime="20220506 11:05:59.670"/>
</kw>
<kw name="Select Options By" library="Browser">
<arg>xpath=//*[@id="form:j_idt84"]</arg>
<arg>text</arg>
<arg>CFOP</arg>
<tag>PageContent</tag>
<tag>Setter</tag>
<doc>Selects options from select element found by ``selector``.</doc>
<status status="PASS" starttime="20220506 11:05:59.671" endtime="20220506 11:06:00.128"/>
</kw>
<kw name="Upload File By Selector" library="Browser">
<arg>id=form:upload_input</arg>
<arg>${Arquivo}</arg>
<tag>PageContent</tag>
<tag>Setter</tag>
<doc>Uploads file from `path` to file input matched by selector.</doc>
<status status="PASS" starttime="20220506 11:06:00.128" endtime="20220506 11:06:00.175"/>
</kw>
<kw name="Wait For Elements State" library="Browser">
<arg>id=form:viewTopo:j_idt16_modal</arg>
<arg>visible</arg>
<arg>5</arg>
<tag>PageContent</tag>
<tag>Wait</tag>
<doc>Waits for the element found by ``selector`` to satisfy state option.</doc>
<msg timestamp="20220506 11:06:00.194" level="INFO">Waited for Element with selector id=form:viewTopo:j_idt16_modal at state visible</msg>
<status status="PASS" starttime="20220506 11:06:00.176" endtime="20220506 11:06:00.194"/>
</kw>
<kw name="Finish Session" library="base" type="TEARDOWN">
<kw name="Take Screenshot" library="Browser">
<tag>PageContent</tag>
<doc>Takes a screenshot of the current window or element and saves it to disk.</doc>
<msg timestamp="20220506 11:06:00.320" level="INFO" html="true">&lt;/td&gt;&lt;/tr&gt;&lt;tr&gt;&lt;td colspan="3"&gt;&lt;a href="browser/screenshot/robotframework-browser-screenshot-1.png"&gt;&lt;img src="browser/screenshot/robotframework-browser-screenshot-1.png" width="800px"&gt;&lt;/a&gt;</msg>
<status status="PASS" starttime="20220506 11:06:00.195" endtime="20220506 11:06:00.320"/>
</kw>
<status status="PASS" starttime="20220506 11:06:00.195" endtime="20220506 11:06:00.320"/>
</kw>
<status status="PASS" starttime="20220506 11:05:50.790" endtime="20220506 11:06:00.320"/>
</test>
<doc>Teste menu configurações</doc>
<status status="PASS" starttime="20220506 11:05:48.577" endtime="20220506 11:06:00.371"/>
</suite>
<suite id="s1-s2" name="Fiscal" source="C:\Sovos\cloud_fiscal\TaxFiscal\tests\fiscal.robot">
<test id="s1-s2-t1" name="Criar Registro E11 e E113" line="12">
<kw name="Start Session" library="base" type="SETUP">
<kw name="New Browser" library="Browser">
<arg>firefox</arg>
<arg>headless=False</arg>
<arg>slowMo=00:00:00</arg>
<tag>BrowserControl</tag>
<tag>Setter</tag>
<doc>Create a new playwright Browser with specified options.</doc>
<msg timestamp="20220506 11:06:00.414" level="INFO">{"browser": "firefox", "headless": false, "handleSIGINT": true, "handleSIGTERM": true, "handleSIGHUP": true, "timeout": 30000.0, "devtools": false, "slowMo": 0.0, "tracesDir": "C:\\Sovos\\cloud_fiscal\\TaxFiscal\\logs\\browser\\traces\\e405d944-e386-4ed8-9b3b-27dc79ce444d"}</msg>
<msg timestamp="20220506 11:06:02.753" level="INFO">Successfully created browser with options: {"browser":"firefox","headless":false,"handleSIGINT":true,"handleSIGTERM":true,"handleSIGHUP":true,"timeout":30000,"devtools":false,"slowMo":0,"tracesDir":"C:\\Sovos\\cloud_fiscal\\TaxFiscal\\logs\\browser\\traces\\e405d944-e386-4ed8-9b3b-27dc79ce444d"}</msg>
<status status="PASS" starttime="20220506 11:06:00.413" endtime="20220506 11:06:02.753"/>
</kw>
<kw name="New Context" library="Browser">
<arg>viewport={'width': 1920, 'height': 1080}</arg>
<tag>BrowserControl</tag>
<tag>Setter</tag>
<doc>Create a new BrowserContext with specified options.</doc>
<msg timestamp="20220506 11:06:02.755" level="INFO">{"acceptDownloads": false, "ignoreHTTPSErrors": false, "bypassCSP": false, "viewport": {"height": 1080, "width": 1920}, "deviceScaleFactor": 1.0, "isMobile": false, "hasTouch": false, "javaScriptEnabled": true, "offline": false, "hideRfBrowser": false}</msg>
<msg timestamp="20220506 11:06:02.762" level="INFO">Successfully created context. </msg>
<msg timestamp="20220506 11:06:02.762" level="INFO">{'acceptDownloads': False, 'ignoreHTTPSErrors': False, 'bypassCSP': False, 'viewport': {'height': 1080, 'width': 1920}, 'deviceScaleFactor': 1, 'isMobile': False, 'hasTouch': False, 'javaScriptEnabled': True, 'offline': False, 'hideRfBrowser': False}</msg>
<status status="PASS" starttime="20220506 11:06:02.754" endtime="20220506 11:06:02.762"/>
</kw>
<kw name="New Page" library="Browser">
<arg>${BASE_URL}</arg>
<tag>BrowserControl</tag>
<tag>Setter</tag>
<doc>Open a new Page.</doc>
<msg timestamp="20220506 11:06:06.044" level="WARN">Keyword 'Take Screenshot  fail-screenshot-{index}' could not be run on failure:
Error: Tried to take screenshot, but no page was open.</msg>
<msg timestamp="20220506 11:06:06.046" level="FAIL">Error: page.goto: SEC_ERROR_UNKNOWN_ISSUER
=========================== logs ===========================
navigating to "https://www.hom.sped.cloudfiscal.com/SPED_WEB/frmSPED_Login.f1", waiting until "load"
============================================================</msg>
<status status="FAIL" starttime="20220506 11:06:02.762" endtime="20220506 11:06:06.055"/>
</kw>
<kw name="Fill Text" library="Browser">
<arg>id=frmERP_Login:usuario</arg>
<arg>FIT@0410</arg>
<tag>PageContent</tag>
<tag>Setter</tag>
<doc>Clears and fills the given ``txt`` into the text field found by ``selector``.</doc>
<status status="NOT RUN" starttime="20220506 11:06:06.056" endtime="20220506 11:06:06.056"/>
</kw>
<kw name="Fill Text" library="Browser">
<arg>id=frmERP_Login:senha</arg>
<arg>2018@FIT#@</arg>
<tag>PageContent</tag>
<tag>Setter</tag>
<doc>Clears and fills the given ``txt`` into the text field found by ``selector``.</doc>
<status status="NOT RUN" starttime="20220506 11:06:06.056" endtime="20220506 11:06:06.056"/>
</kw>
<kw name="Click" library="Browser">
<arg>xpath=//*[@id="frmERP_Login"]/table[1]/tbody/tr/td/table/tbody/tr/td/table[2]/tbody/tr[6]/td/input</arg>
<tag>PageContent</tag>
<tag>Setter</tag>
<doc>Simulates mouse click on the element found by ``selector``.</doc>
<status status="NOT RUN" starttime="20220506 11:06:06.057" endtime="20220506 11:06:06.057"/>
</kw>
<kw name="Wait For Elements State" library="Browser">
<arg>text=CLOUD.SPED</arg>
<arg>timeout=30</arg>
<tag>PageContent</tag>
<tag>Wait</tag>
<doc>Waits for the element found by ``selector`` to satisfy state option.</doc>
<status status="NOT RUN" starttime="20220506 11:06:06.057" endtime="20220506 11:06:06.057"/>
</kw>
<status status="FAIL" starttime="20220506 11:06:00.413" endtime="20220506 11:06:06.057"/>
</kw>
<kw name="Finish Session" library="base" type="TEARDOWN">
<kw name="Take Screenshot" library="Browser">
<tag>PageContent</tag>
<doc>Takes a screenshot of the current window or element and saves it to disk.</doc>
<msg timestamp="20220506 11:06:06.066" level="WARN">Keyword 'Take Screenshot  fail-screenshot-{index}' could not be run on failure:
Error: Tried to take screenshot, but no page was open.</msg>
<msg timestamp="20220506 11:06:06.067" level="FAIL">Error: Tried to take screenshot, but no page was open.</msg>
<status status="FAIL" starttime="20220506 11:06:06.059" endtime="20220506 11:06:06.070"/>
</kw>
<status status="FAIL" starttime="20220506 11:06:06.058" endtime="20220506 11:06:06.070">Error: Tried to take screenshot, but no page was open.</status>
</kw>
<status status="FAIL" starttime="20220506 11:06:00.409" endtime="20220506 11:06:06.071">Setup failed:
Error: page.goto: SEC_ERROR_UNKNOWN_ISSUER
=========================== logs ===========================
navigating to "https://www.hom.sped.cloudfiscal.com/SPED_WEB/frmSPED_Login.f1", waiting until "load"
============================================================

Also teardown failed:
Error: Tried to take screenshot, but no page was open.</status>
</test>
<doc>Testes Fiscal</doc>
<status status="FAIL" starttime="20220506 11:06:00.374" endtime="20220506 11:06:06.120"/>
</suite>
<status status="FAIL" starttime="20220506 11:05:48.545" endtime="20220506 11:06:06.124"/>
</suite>
<statistics>
<total>
<stat pass="1" fail="1" skip="0">All Tests</stat>
</total>
<tag>
</tag>
<suite>
<stat pass="1" fail="1" skip="0" id="s1" name="Tests">Tests</stat>
<stat pass="1" fail="0" skip="0" id="s1-s1" name="Configuracoes">Tests.Configuracoes</stat>
<stat pass="0" fail="1" skip="0" id="s1-s2" name="Fiscal">Tests.Fiscal</stat>
</suite>
</statistics>
<errors>
<msg timestamp="20220506 11:06:06.044" level="WARN">Keyword 'Take Screenshot  fail-screenshot-{index}' could not be run on failure:
Error: Tried to take screenshot, but no page was open.</msg>
<msg timestamp="20220506 11:06:06.066" level="WARN">Keyword 'Take Screenshot  fail-screenshot-{index}' could not be run on failure:
Error: Tried to take screenshot, but no page was open.</msg>
</errors>
</robot>
