<?xml version="1.0" encoding="UTF-8"?>
<robot generator="Robot 4.1.2 (Python 3.10.0 on win32)" generated="20220309 16:44:26.055" rpa="false" schemaversion="2">
<suite id="s1" name="Fiscal" source="C:\TaxFiscal\tests\fiscal.robot">
<test id="s1-t1" name="Criar Registro E11 e E113">
<kw name="Start Session" library="base" type="SETUP">
<kw name="New Browser" library="Browser">
<arg>chromium</arg>
<arg>headless=False</arg>
<arg>slowMo=00:00:01</arg>
<tag>BrowserControl</tag>
<tag>Setter</tag>
<doc>Create a new playwright Browser with specified options.</doc>
<msg timestamp="20220309 16:44:28.742" level="INFO">{"browser": "chromium", "headless": false, "handleSIGINT": true, "handleSIGTERM": true, "handleSIGHUP": true, "timeout": 30000.0, "devtools": false, "slowMo": 1000.0, "tracesDir": "C:\\TaxFiscal\\logs\\browser\\traces\\b9ba171f-5e24-4278-b0be-aaa97e94adc9"}</msg>
<msg timestamp="20220309 16:44:29.971" level="INFO">Successfully created browser with options: {"browser":"chromium","headless":false,"handleSIGINT":true,"handleSIGTERM":true,"handleSIGHUP":true,"timeout":30000,"devtools":false,"slowMo":1000,"tracesDir":"C:\\TaxFiscal\\logs\\browser\\traces\\b9ba171f-5e24-4278-b0be-aaa97e94adc9"}</msg>
<status status="PASS" starttime="20220309 16:44:28.742" endtime="20220309 16:44:29.971"/>
</kw>
<kw name="New Context" library="Browser">
<arg>viewport={'width': 1920, 'height': 1080}</arg>
<tag>BrowserControl</tag>
<tag>Setter</tag>
<doc>Create a new BrowserContext with specified options.</doc>
<msg timestamp="20220309 16:44:29.973" level="INFO">{"acceptDownloads": false, "ignoreHTTPSErrors": false, "bypassCSP": false, "viewport": {"height": 1080, "width": 1920}, "deviceScaleFactor": 1.0, "isMobile": false, "hasTouch": false, "javaScriptEnabled": true, "offline": false, "hideRfBrowser": false}</msg>
<msg timestamp="20220309 16:44:29.990" level="INFO">Successfully created context. </msg>
<msg timestamp="20220309 16:44:29.990" level="INFO">{'acceptDownloads': False, 'ignoreHTTPSErrors': False, 'bypassCSP': False, 'viewport': {'height': 1080, 'width': 1920}, 'deviceScaleFactor': 1, 'isMobile': False, 'hasTouch': False, 'javaScriptEnabled': True, 'offline': False, 'hideRfBrowser': False}</msg>
<status status="PASS" starttime="20220309 16:44:29.972" endtime="20220309 16:44:29.990"/>
</kw>
<kw name="New Page" library="Browser">
<arg>${BASE_URL}</arg>
<tag>BrowserControl</tag>
<tag>Setter</tag>
<doc>Open a new Page.</doc>
<msg timestamp="20220309 16:44:32.827" level="INFO">Successfully initialized new page object and opened url: https://www.hom.sped.cloudfiscal.com/SPED_WEB/frmSPED_Login.f1</msg>
<status status="PASS" starttime="20220309 16:44:29.990" endtime="20220309 16:44:32.827"/>
</kw>
<kw name="Fill Text" library="Browser">
<arg>id=frmERP_Login:usuario</arg>
<arg>FIT@0410</arg>
<tag>PageContent</tag>
<tag>Setter</tag>
<doc>Clears and fills the given ``txt`` into the text field found by ``selector``.</doc>
<msg timestamp="20220309 16:44:32.827" level="INFO">Fills the text 'FIT@0410' in the given field.</msg>
<status status="PASS" starttime="20220309 16:44:32.827" endtime="20220309 16:44:33.861"/>
</kw>
<kw name="Fill Text" library="Browser">
<arg>id=frmERP_Login:senha</arg>
<arg>2018@FIT#@</arg>
<tag>PageContent</tag>
<tag>Setter</tag>
<doc>Clears and fills the given ``txt`` into the text field found by ``selector``.</doc>
<msg timestamp="20220309 16:44:33.862" level="INFO">Fills the text '2018@FIT#@' in the given field.</msg>
<status status="PASS" starttime="20220309 16:44:33.862" endtime="20220309 16:44:34.881"/>
</kw>
<kw name="Click" library="Browser">
<arg>xpath=//*[@id="frmERP_Login"]/table[1]/tbody/tr/td/table/tbody/tr/td/table[2]/tbody/tr[6]/td/input</arg>
<tag>PageContent</tag>
<tag>Setter</tag>
<doc>Simulates mouse click on the element found by ``selector``.</doc>
<status status="PASS" starttime="20220309 16:44:34.882" endtime="20220309 16:44:35.927"/>
</kw>
<kw name="Wait For Elements State" library="Browser">
<arg>text=CLOUD.SPED</arg>
<arg>timeout=30</arg>
<tag>PageContent</tag>
<tag>Wait</tag>
<doc>Waits for the element found by ``selector`` to satisfy state option.</doc>
<msg timestamp="20220309 16:44:36.692" level="INFO">Waited for Element with selector text=CLOUD.SPED at state visible</msg>
<status status="PASS" starttime="20220309 16:44:35.928" endtime="20220309 16:44:36.692"/>
</kw>
<status status="PASS" starttime="20220309 16:44:28.742" endtime="20220309 16:44:36.693"/>
</kw>
<kw name="Acessar Menu Apuração ICMS" library="actions">
<kw name="Hover" library="Browser">
<arg>${MENU_FISCAL}</arg>
<tag>PageContent</tag>
<tag>Setter</tag>
<doc>Moves the virtual mouse and scrolls to the element found by ``selector``.</doc>
<status status="PASS" starttime="20220309 16:44:36.694" endtime="20220309 16:44:38.019"/>
</kw>
<kw name="Hover" library="Browser">
<arg>${MENU_FISCAL_APURA_ICMS}</arg>
<tag>PageContent</tag>
<tag>Setter</tag>
<doc>Moves the virtual mouse and scrolls to the element found by ``selector``.</doc>
<status status="PASS" starttime="20220309 16:44:38.020" endtime="20220309 16:44:39.065"/>
</kw>
<kw name="Click" library="Browser">
<arg>id=viewMenu:frmMenu:j_id194</arg>
<tag>PageContent</tag>
<tag>Setter</tag>
<doc>Simulates mouse click on the element found by ``selector``.</doc>
<status status="PASS" starttime="20220309 16:44:39.065" endtime="20220309 16:44:40.093"/>
</kw>
<status status="PASS" starttime="20220309 16:44:36.693" endtime="20220309 16:44:40.093"/>
</kw>
<kw name="Click" library="Browser">
<arg>id=form:j_idt81</arg>
<tag>PageContent</tag>
<tag>Setter</tag>
<doc>Simulates mouse click on the element found by ``selector``.</doc>
<status status="PASS" starttime="20220309 16:44:40.094" endtime="20220309 16:44:41.154"/>
</kw>
<kw name="Finish Session" library="base" type="TEARDOWN">
<kw name="Take Screenshot" library="Browser">
<tag>PageContent</tag>
<doc>Takes a screenshot of the current window or element and saves it to disk.</doc>
<msg timestamp="20220309 16:44:41.351" level="INFO" html="true">&lt;/td&gt;&lt;/tr&gt;&lt;tr&gt;&lt;td colspan="3"&gt;&lt;a href="browser/screenshot/robotframework-browser-screenshot-1.png"&gt;&lt;img src="browser/screenshot/robotframework-browser-screenshot-1.png" width="800px"&gt;&lt;/a&gt;</msg>
<status status="PASS" starttime="20220309 16:44:41.156" endtime="20220309 16:44:41.351"/>
</kw>
<status status="PASS" starttime="20220309 16:44:41.155" endtime="20220309 16:44:41.351"/>
</kw>
<status status="PASS" starttime="20220309 16:44:28.738" endtime="20220309 16:44:41.352"/>
</test>
<doc>Testes Fiscal</doc>
<status status="PASS" starttime="20220309 16:44:26.061" endtime="20220309 16:44:41.444"/>
</suite>
<statistics>
<total>
<stat pass="1" fail="0" skip="0">All Tests</stat>
</total>
<tag>
</tag>
<suite>
<stat pass="1" fail="0" skip="0" id="s1" name="Fiscal">Fiscal</stat>
</suite>
</statistics>
<errors>
</errors>
</robot>
