<?xml version="1.0" encoding="UTF-8"?>
<robot generator="Robot 5.0.1 (Python 3.10.0 on win32)" generated="20220620 17:06:12.222" rpa="false" schemaversion="3">
<suite id="s1" name="Tests" source="C:\Sovos\cloud_fiscal\API_KNW\tests">
<suite id="s1-s1" name="Ativo Imobilizado" source="C:\Sovos\cloud_fiscal\API_KNW\tests\Ativo_Imobilizado.robot">
<test id="s1-s1-t1" name="Atualizar NF C100" line="10">
<kw name="Create Dictionary" library="BuiltIn">
<var>${payload}</var>
<arg>Content-Type=application/json</arg>
<doc>Creates and returns a dictionary based on the given ``items``.</doc>
<msg timestamp="20220620 17:06:12.482" level="INFO">${payload} = {'Content-Type': 'application/json'}</msg>
<status status="PASS" starttime="20220620 17:06:12.481" endtime="20220620 17:06:12.482"/>
</kw>
<kw name="POST Ativo Imobilizado" library="Bens_Ativo_Imobilizado">
<var>${response}</var>
<arg>${payload}</arg>
<kw name="Create Dictionary" library="BuiltIn">
<var>${headers}</var>
<arg>X-Token=01032007</arg>
<arg>X-Cnpj=11272927000105</arg>
<arg>content-type=application/json</arg>
<doc>Creates and returns a dictionary based on the given ``items``.</doc>
<msg timestamp="20220620 17:06:12.483" level="INFO">${headers} = {'X-Token': '01032007', 'X-Cnpj': '11272927000105', 'content-type': 'application/json'}</msg>
<status status="PASS" starttime="20220620 17:06:12.482" endtime="20220620 17:06:12.483"/>
</kw>
<kw name="POST" library="RequestsLibrary">
<var>${response}</var>
<arg>${API_USERS}/bensIncorporadosAtivoImobilizado</arg>
<arg>json=${payload}</arg>
<arg>expected_status=any</arg>
<doc>Sends a POST request.</doc>
<msg timestamp="20220620 17:06:13.404" level="INFO">POST Request : url=http://www.hom.sped.cloudfiscal.com/SPED_WEB/api/knw/v2/bensIncorporadosAtivoImobilizado 
 path_url=/SPED_WEB/api/knw/v2/bensIncorporadosAtivoImobilizado 
 headers={'User-Agent': 'python-requests/2.27.1', 'Accept-Encoding': 'gzip, deflate', 'Accept': '*/*', 'Connection': 'keep-alive', 'Content-Length': '36', 'Content-Type': 'application/json'} 
 body=b'{"Content-Type": "application/json"}' 
 </msg>
<msg timestamp="20220620 17:06:13.404" level="INFO">POST Response : url=http://www.hom.sped.cloudfiscal.com/SPED_WEB/api/knw/v2/bensIncorporadosAtivoImobilizado 
 status=400, reason=Bad Request 
 headers={'Date': 'Mon, 20 Jun 2022 20:06:13 GMT', 'Content-Type': 'text/html;charset=utf-8', 'Transfer-Encoding': 'chunked', 'Connection': 'keep-alive', 'Set-Cookie': 'AWSALB=/tocOCN7jLY5aCTIfLB6+eGI6Ulm/mhOLLcvgfSjoYW47wcqL/KEtZHpSGHAk0/peAq6q5J0sRhnYmAbN8SyLcqHjebJHZfC3I/FbywTjSp9eQqVDzynm+6oWR5W; Expires=Mon, 27 Jun 2022 20:06:13 GMT; Path=/, AWSALBCORS=/tocOCN7jLY5aCTIfLB6+eGI6Ulm/mhOLLcvgfSjoYW47wcqL/KEtZHpSGHAk0/peAq6q5J0sRhnYmAbN8SyLcqHjebJHZfC3I/FbywTjSp9eQqVDzynm+6oWR5W; Expires=Mon, 27 Jun 2022 20:06:13 GMT; Path=/; SameSite=None', 'Server': 'Apache-Coyote/1.1', 'Access-Control-Allow-Origin': '*', 'Access-Control-Allow-Headers': 'Access-Control-Allow-Origin, Access-Control-Allow-Headers, Access-Control-Request-Method, Access-Control-Request-Headers, origin, accept, authorization, X-Requested-With, content-type, x-fit-auth-token, x-fit-refresh-token, X-Usuario, X-Senha, X-Licenca', 'Access-Control-Allow-Methods': 'GET, OPTIONS, HEAD, PUT, POST', 'Access-Control-Request-Method': '*', 'X-Frame-Options': 'DENY', 'Content-Encoding': 'gzip', 'Vary': 'Accept-Encoding'} 
 body=&lt;html&gt;&lt;head&gt;&lt;title&gt;JBoss Web/7.0.13.Final - Error report&lt;/title&gt;&lt;style&gt;&lt;!--H1 {font-family:Tahoma,Arial,sans-serif;color:white;background-color:#525D76;font-size:22px;} H2 {font-family:Tahoma,Arial,sans-serif;color:white;background-color:#525D76;font-size:16px;} H3 {font-family:Tahoma,Arial,sans-serif;color:white;background-color:#525D76;font-size:14px;} BODY {font-family:Tahoma,Arial,sans-serif;color:black;background-color:white;} B {font-family:Tahoma,Arial,sans-serif;color:white;background-color:#525D76;} P {font-family:Tahoma,Arial,sans-serif;background:white;color:black;font-size:12px;}A {color : black;}A.name {color : black;}HR {color : #525D76;}--&gt;&lt;/style&gt; &lt;/head&gt;&lt;body&gt;&lt;h1&gt;HTTP Status 400 - org.codehaus.jackson.map.exc.UnrecognizedPropertyException: Unrecognized field &amp;quot;Content-Type&amp;quot; (Class com.cloudfiscal.integracao.blocoF.IntegracaoSCF120List), not marked as ignorable
 at [Source: org.apache.catalina.connector.CoyoteInputStream@5cad56a4; line: 1, column: 19] (through reference chain: com.cloudfiscal.integracao.blocoF.IntegracaoSCF120List[&amp;quot;Content-Type&amp;quot;])&lt;/h1&gt;&lt;HR size="1" noshade="noshade"&gt;&lt;p&gt;&lt;b&gt;type&lt;/b&gt; Status report&lt;/p&gt;&lt;p&gt;&lt;b&gt;message&lt;/b&gt; &lt;u&gt;org.codehaus.jackson.map.exc.UnrecognizedPropertyException: Unrecognized field &amp;quot;Content-Type&amp;quot; (Class com.cloudfiscal.integracao.blocoF.IntegracaoSCF120List), not marked as ignorable
 at [Source: org.apache.catalina.connector.CoyoteInputStream@5cad56a4; line: 1, column: 19] (through reference chain: com.cloudfiscal.integracao.blocoF.IntegracaoSCF120List[&amp;quot;Content-Type&amp;quot;])&lt;/u&gt;&lt;/p&gt;&lt;p&gt;&lt;b&gt;description&lt;/b&gt; &lt;u&gt;The request sent by the client was syntactically incorrect (org.codehaus.jackson.map.exc.UnrecognizedPropertyException: Unrecognized field &amp;quot;Content-Type&amp;quot; (Class com.cloudfiscal.integracao.blocoF.IntegracaoSCF120List), not marked as ignorable
 at [Source: org.apache.catalina.connector.CoyoteInputStream@5cad56a4; line: 1, column: 19] (through reference chain: com.cloudfiscal.integracao.blocoF.IntegracaoSCF120List[&amp;quot;Content-Type&amp;quot;])).&lt;/u&gt;&lt;/p&gt;&lt;HR size="1" noshade="noshade"&gt;&lt;h3&gt;JBoss Web/7.0.13.Final&lt;/h3&gt;&lt;/body&gt;&lt;/html&gt; 
 </msg>
<msg timestamp="20220620 17:06:13.404" level="INFO">${response} = &lt;Response [400]&gt;</msg>
<status status="PASS" starttime="20220620 17:06:12.483" endtime="20220620 17:06:13.404"/>
</kw>
<kw name="POST" library="RequestsLibrary">
<var>${response}</var>
<arg>${API_USERS2}/bensIncorporadosAtivoImobilizado</arg>
<arg>json=${payload}</arg>
<arg>expected_status=any</arg>
<arg>data={"objetos":[{"knwScF120":{"COD_EMPRESA":0,"COD_FILIAL":0,"ID_USUARIO_IMP":"string","CD_PLANO_CONTA":"string","chave_REGISTRO":"string","NR_ITEM":0,"DS_COMPLEMENTAR":"string","ALIQ_PIS":0,"ALIQ_COFINS":0,"DT_REFERENCIA":"2022-03-22T14:55:38.721Z","CD_437":"string","DM_BEM_IMOB":"string","DM_ORIGEM_CRED":"string","DM_UTILIZ_BEM":"string","NR_MES_ANO_AQUISICAO":"string","VL_OPERACAO":0,"VL_PARCELA":0,"VL_BASE_CALCULO_CRED":0,"NR_PARCELA":0,"CD_433":"string","VL_BC_PIS":0,"VL_PIS":0,"CD_434":"string","VL_BC_COFINS":0,"VL_COFINS":0,"CD_CCUSTO_DESP":"string"},"knw0500":{"COD_EMPRESA":0,"COD_FILIAL":0,"ID_USUARIO_IMP":"string","CD_PLANO_CONTA":"string","DT_INICIAL":"2022-03-22T14:55:38.721Z","DM_TIPO_CONTA":"string","CD_PLAN_CTA_TOT":"string","DS_PLANO_CONTA":"string","DM_NATUREZA":"string","DM_NIVEL":"string","DT_IMPORTACAO":"2022-03-22T14:55:38.721Z","DM_GERAL_AUX":"string","ID_ORDEM":0,"CD_REDUZIDA":"string","chave_REGISTRO":"string"},"knw0600":{"COD_EMPRESA":0,"COD_FILIAL":0,"ID_USUARIO_IMP":"string","DT_INICIAL":"2022-03-22T14:55:38.721Z","chave_REGISTRO":"string","CD_CENTRO_CUSTO":"string","DS_CENTRO_CUSTO":"string"}}]}</arg>
<arg>headers=${ headers }</arg>
<doc>Sends a POST request.</doc>
<msg timestamp="20220620 17:06:14.213" level="INFO">POST Request : url=http://www.qa.sped.cloudfiscal.com/SPED_WEB/api/knw/v2/bensIncorporadosAtivoImobilizado 
 path_url=/SPED_WEB/api/knw/v2/bensIncorporadosAtivoImobilizado 
 headers={'User-Agent': 'python-requests/2.27.1', 'Accept-Encoding': 'gzip, deflate', 'Accept': '*/*', 'Connection': 'keep-alive', 'X-Token': '01032007', 'X-Cnpj': '11272927000105', 'content-type': 'application/json', 'Content-Length': '1136'} 
 body={"objetos":[{"knwScF120":{"COD_EMPRESA":0,"COD_FILIAL":0,"ID_USUARIO_IMP":"string","CD_PLANO_CONTA":"string","chave_REGISTRO":"string","NR_ITEM":0,"DS_COMPLEMENTAR":"string","ALIQ_PIS":0,"ALIQ_COFINS":0,"DT_REFERENCIA":"2022-03-22T14:55:38.721Z","CD_437":"string","DM_BEM_IMOB":"string","DM_ORIGEM_CRED":"string","DM_UTILIZ_BEM":"string","NR_MES_ANO_AQUISICAO":"string","VL_OPERACAO":0,"VL_PARCELA":0,"VL_BASE_CALCULO_CRED":0,"NR_PARCELA":0,"CD_433":"string","VL_BC_PIS":0,"VL_PIS":0,"CD_434":"string","VL_BC_COFINS":0,"VL_COFINS":0,"CD_CCUSTO_DESP":"string"},"knw0500":{"COD_EMPRESA":0,"COD_FILIAL":0,"ID_USUARIO_IMP":"string","CD_PLANO_CONTA":"string","DT_INICIAL":"2022-03-22T14:55:38.721Z","DM_TIPO_CONTA":"string","CD_PLAN_CTA_TOT":"string","DS_PLANO_CONTA":"string","DM_NATUREZA":"string","DM_NIVEL":"string","DT_IMPORTACAO":"2022-03-22T14:55:38.721Z","DM_GERAL_AUX":"string","ID_ORDEM":0,"CD_REDUZIDA":"string","chave_REGISTRO":"string"},"knw0600":{"COD_EMPRESA":0,"COD_FILIAL":0,"ID_USUARIO_IMP":"string","DT_INICIAL":"2022-03-22T14:55:38.721Z","chave_REGISTRO":"string","CD_CENTRO_CUSTO":"string","DS_CENTRO_CUSTO":"string"}}]} 
 </msg>
<msg timestamp="20220620 17:06:14.213" level="INFO">POST Response : url=http://www.qa.sped.cloudfiscal.com/SPED_WEB/api/knw/v2/bensIncorporadosAtivoImobilizado 
 status=200, reason=OK 
 headers={'Date': 'Mon, 20 Jun 2022 20:06:14 GMT', 'Content-Type': 'application/json', 'Transfer-Encoding': 'chunked', 'Connection': 'keep-alive', 'Set-Cookie': 'AWSALB=9hcmbMwE4Uu86a+rlubXxKO3lKVUMlRlqxmag5JEBspWQfb0aacYjZtjv9FcDEeu46zAoHRNAt7BJk4VjlFSuI7EpPETk8kIG5UOthh3vAPESwkY0LADDk5diWv3; Expires=Mon, 27 Jun 2022 20:06:14 GMT; Path=/, AWSALBCORS=9hcmbMwE4Uu86a+rlubXxKO3lKVUMlRlqxmag5JEBspWQfb0aacYjZtjv9FcDEeu46zAoHRNAt7BJk4VjlFSuI7EpPETk8kIG5UOthh3vAPESwkY0LADDk5diWv3; Expires=Mon, 27 Jun 2022 20:06:14 GMT; Path=/; SameSite=None', 'Server': 'Apache-Coyote/1.1', 'Access-Control-Allow-Origin': '*', 'Access-Control-Allow-Headers': 'Access-Control-Allow-Origin, Access-Control-Allow-Headers, Access-Control-Request-Method, Access-Control-Request-Headers, origin, accept, authorization, X-Requested-With, content-type, x-fit-auth-token, x-fit-refresh-token, X-Usuario, X-Senha, X-Licenca', 'Access-Control-Allow-Methods': 'GET, OPTIONS, HEAD, PUT, POST', 'Access-Control-Request-Method': '*', 'X-Frame-Options': 'DENY'} 
 body={"sucesso":false,"erro":"Integração processada com erros.","mensagens":["2 - Empresa não encontrada: 0 - 0"],"payload":null} 
 </msg>
<msg timestamp="20220620 17:06:14.213" level="INFO">${response} = &lt;Response [200]&gt;</msg>
<status status="PASS" starttime="20220620 17:06:13.404" endtime="20220620 17:06:14.213"/>
</kw>
<msg timestamp="20220620 17:06:14.214" level="INFO">${response} = &lt;Response [200]&gt;</msg>
<status status="PASS" starttime="20220620 17:06:12.482" endtime="20220620 17:06:14.214"/>
</kw>
<kw name="Status Should Be" library="RequestsLibrary">
<arg>200</arg>
<arg>${response}</arg>
<doc>Fails if response status code is different than the expected.</doc>
<status status="PASS" starttime="20220620 17:06:14.214" endtime="20220620 17:06:14.215"/>
</kw>
<status status="PASS" starttime="20220620 17:06:12.480" endtime="20220620 17:06:14.215"/>
</test>
<doc>Suite de testes Bens Incorporados Ativos Imobilizados</doc>
<status status="PASS" starttime="20220620 17:06:12.256" endtime="20220620 17:06:14.216"/>
</suite>
<suite id="s1-s2" name="Atualizacao NF Suite" source="C:\Sovos\cloud_fiscal\API_KNW\tests\Atualizacao_NF_Suite.robot">
<test id="s1-s2-t1" name="Atualizacao NF C100" line="8">
<kw name="Create Dictionary" library="BuiltIn">
<var>${payload}</var>
<arg>Content-Type=application/json</arg>
<doc>Creates and returns a dictionary based on the given ``items``.</doc>
<msg timestamp="20220620 17:06:14.241" level="INFO">${payload} = {'Content-Type': 'application/json'}</msg>
<status status="PASS" starttime="20220620 17:06:14.241" endtime="20220620 17:06:14.241"/>
</kw>
<kw name="POST Atualizar NF C100" library="Atualizacao_NF">
<var>${response}</var>
<arg>${payload}</arg>
<kw name="Create Dictionary" library="BuiltIn">
<var>${headers}</var>
<arg>X-Token=01032007</arg>
<arg>X-Cnpj=11272927000105</arg>
<arg>content-type=application/json</arg>
<doc>Creates and returns a dictionary based on the given ``items``.</doc>
<msg timestamp="20220620 17:06:14.242" level="INFO">${headers} = {'X-Token': '01032007', 'X-Cnpj': '11272927000105', 'content-type': 'application/json'}</msg>
<status status="PASS" starttime="20220620 17:06:14.242" endtime="20220620 17:06:14.242"/>
</kw>
<kw name="POST" library="RequestsLibrary">
<var>${response}</var>
<arg>${API_USERS}/atualizarDadosNotaFiscal</arg>
<arg>json=${payload}</arg>
<arg>expected_status=any</arg>
<doc>Sends a POST request.</doc>
<msg timestamp="20220620 17:06:14.860" level="INFO">POST Request : url=http://www.hom.sped.cloudfiscal.com/SPED_WEB/api/knw/v2/atualizarDadosNotaFiscal 
 path_url=/SPED_WEB/api/knw/v2/atualizarDadosNotaFiscal 
 headers={'User-Agent': 'python-requests/2.27.1', 'Accept-Encoding': 'gzip, deflate', 'Accept': '*/*', 'Connection': 'keep-alive', 'Content-Length': '36', 'Content-Type': 'application/json'} 
 body=b'{"Content-Type": "application/json"}' 
 </msg>
<msg timestamp="20220620 17:06:14.860" level="INFO">POST Response : url=http://www.hom.sped.cloudfiscal.com/SPED_WEB/api/knw/v2/atualizarDadosNotaFiscal 
 status=400, reason=Bad Request 
 headers={'Date': 'Mon, 20 Jun 2022 20:06:14 GMT', 'Content-Type': 'text/html;charset=utf-8', 'Transfer-Encoding': 'chunked', 'Connection': 'keep-alive', 'Set-Cookie': 'AWSALB=PRz9nlm8F7yD0c5OVS+BLFAHlszYbIsBzmUnf+5Q4dSGTHAIzhWwMzGAOzxX56lHYXOXOeKakjQH6FU5iUks072ZmOMGY39oPYazmk0zll0l8Eru7rlamu6X2Uf0; Expires=Mon, 27 Jun 2022 20:06:14 GMT; Path=/, AWSALBCORS=PRz9nlm8F7yD0c5OVS+BLFAHlszYbIsBzmUnf+5Q4dSGTHAIzhWwMzGAOzxX56lHYXOXOeKakjQH6FU5iUks072ZmOMGY39oPYazmk0zll0l8Eru7rlamu6X2Uf0; Expires=Mon, 27 Jun 2022 20:06:14 GMT; Path=/; SameSite=None', 'Server': 'Apache-Coyote/1.1', 'Access-Control-Allow-Origin': '*', 'Access-Control-Allow-Headers': 'Access-Control-Allow-Origin, Access-Control-Allow-Headers, Access-Control-Request-Method, Access-Control-Request-Headers, origin, accept, authorization, X-Requested-With, content-type, x-fit-auth-token, x-fit-refresh-token, X-Usuario, X-Senha, X-Licenca', 'Access-Control-Allow-Methods': 'GET, OPTIONS, HEAD, PUT, POST', 'Access-Control-Request-Method': '*', 'X-Frame-Options': 'DENY', 'Content-Encoding': 'gzip', 'Vary': 'Accept-Encoding'} 
 body=&lt;html&gt;&lt;head&gt;&lt;title&gt;JBoss Web/7.0.13.Final - Error report&lt;/title&gt;&lt;style&gt;&lt;!--H1 {font-family:Tahoma,Arial,sans-serif;color:white;background-color:#525D76;font-size:22px;} H2 {font-family:Tahoma,Arial,sans-serif;color:white;background-color:#525D76;font-size:16px;} H3 {font-family:Tahoma,Arial,sans-serif;color:white;background-color:#525D76;font-size:14px;} BODY {font-family:Tahoma,Arial,sans-serif;color:black;background-color:white;} B {font-family:Tahoma,Arial,sans-serif;color:white;background-color:#525D76;} P {font-family:Tahoma,Arial,sans-serif;background:white;color:black;font-size:12px;}A {color : black;}A.name {color : black;}HR {color : #525D76;}--&gt;&lt;/style&gt; &lt;/head&gt;&lt;body&gt;&lt;h1&gt;HTTP Status 400 - org.codehaus.jackson.map.exc.UnrecognizedPropertyException: Unrecognized field &amp;quot;Content-Type&amp;quot; (Class com.cloudfiscal.integracao.notafiscal.IntegracaoAtualizarNotaFiscalList), not marked as ignorable
 at [Source: org.apache.catalina.connector.CoyoteInputStream@51335546; line: 1, column: 19] (through reference chain: com.cloudfiscal.integracao.notafiscal.IntegracaoAtualizarNotaFiscalList[&amp;quot;Content-Type&amp;quot;])&lt;/h1&gt;&lt;HR size="1" noshade="noshade"&gt;&lt;p&gt;&lt;b&gt;type&lt;/b&gt; Status report&lt;/p&gt;&lt;p&gt;&lt;b&gt;message&lt;/b&gt; &lt;u&gt;org.codehaus.jackson.map.exc.UnrecognizedPropertyException: Unrecognized field &amp;quot;Content-Type&amp;quot; (Class com.cloudfiscal.integracao.notafiscal.IntegracaoAtualizarNotaFiscalList), not marked as ignorable
 at [Source: org.apache.catalina.connector.CoyoteInputStream@51335546; line: 1, column: 19] (through reference chain: com.cloudfiscal.integracao.notafiscal.IntegracaoAtualizarNotaFiscalList[&amp;quot;Content-Type&amp;quot;])&lt;/u&gt;&lt;/p&gt;&lt;p&gt;&lt;b&gt;description&lt;/b&gt; &lt;u&gt;The request sent by the client was syntactically incorrect (org.codehaus.jackson.map.exc.UnrecognizedPropertyException: Unrecognized field &amp;quot;Content-Type&amp;quot; (Class com.cloudfiscal.integracao.notafiscal.IntegracaoAtualizarNotaFiscalList), not marked as ignorable
 at [Source: org.apache.catalina.connector.CoyoteInputStream@51335546; line: 1, column: 19] (through reference chain: com.cloudfiscal.integracao.notafiscal.IntegracaoAtualizarNotaFiscalList[&amp;quot;Content-Type&amp;quot;])).&lt;/u&gt;&lt;/p&gt;&lt;HR size="1" noshade="noshade"&gt;&lt;h3&gt;JBoss Web/7.0.13.Final&lt;/h3&gt;&lt;/body&gt;&lt;/html&gt; 
 </msg>
<msg timestamp="20220620 17:06:14.861" level="INFO">${response} = &lt;Response [400]&gt;</msg>
<status status="PASS" starttime="20220620 17:06:14.242" endtime="20220620 17:06:14.861"/>
</kw>
<kw name="POST" library="RequestsLibrary">
<var>${response}</var>
<arg>${API_USERS2}/atualizarDadosNotaFiscal</arg>
<arg>json=${payload}</arg>
<arg>expected_status=any</arg>
<arg>data={"objetos":[{"knwC100":{"VL_TOTAL_MERCAD":0,"VL_DESCONTO":0,"VL_FRETE":0,"VL_SEGURO":0,"VL_OUTRAS_DESP":0,"VL_IPI":0,"VL_ICMS_SUBSTIT":0,"VL_TOT_N_FISCAL":0,"NR_INSC_EST_SUB":"string","DM_TIPO_FATURA":"string","DS_OBSERVACAO":"string","COD_EMPRESA":0,"COD_FILIAL":0,"CD_MODELO_DOC":"string","CD_PESSOA_REMET_DEST":"string","DM_MODAL_FRETE":"string","CD_SIT_DOCUMENTO":"string","NR_CHAVE_ELETR":"string","VL_ABAT_N_TRIB":0,"NR_REFERENCIA":"string","DS_ADE":"string","COD_MUN_ORIG":"string","COD_MUN_DES":"string","NR_CNPJ_CPF_VENDA_CONS":"string","DS_NATUREZA":"string","DM_EMITENTE":"string","DM_ENTRADA_SAIDA":"string","SERIE_SUBSERIE":"string","NR_DOCUMENTO":"string","DT_EMISSAO_DOC":"2022-06-14T17:08:27.046Z","DT_ENTRADA":"2022-06-14T17:08:27.046Z","DS_UF_DEST_EMIT":"string","DS_RESSARCIMENTO":"string","ID_USUARIO_IMP":"string","VL_SERV_NT":0,"VL_BC_IRRF":0,"VL_IRRF":0,"VL_BC_PREV":0,"VL_PREV":0,"CD_MUN_SERV_PREST":"string","VL_MATERIAL_TERC":0,"VL_SUB_EMPR":0,"DM_FINALIDADE":"string","DM_DESTINATARIO":"string","chave_REGISTRO":"string"},"knw0500Geral":{"COD_EMPRESA":0,"COD_FILIAL":0,"CD_PLANO_CONTA":"string","DT_INICIAL":"2022-06-14T17:08:27.047Z","DM_TIPO_CONTA":"string","CD_PLAN_CTA_TOT":"string","DS_PLANO_CONTA":"string","DM_NATUREZA":"string","DM_NIVEL":"string","DT_IMPORTACAO":"2022-06-14T17:08:27.047Z","DM_GERAL_AUX":"string","ID_ORDEM":0,"CD_REDUZIDA":"string","ID_USUARIO_IMP":"string","chave_REGISTRO":"string"},"notaFiscalObservacaoLancamentoFiscalList":[{"knwC195":{"COD_EMPRESA":0,"COD_FILIAL":0,"DM_EMITENTE":"string","DM_ENTRADA_SAIDA":"string","SERIE_SUBSERIE":"string","NR_DOCUMENTO":"string","DT_EMISSAO_DOC":"2022-06-14T17:08:27.047Z","ID_USUARIO_IMP":"string","chave_REGISTRO":"string","NR_ITEM":0,"CD_PESSOA_REM_DEST":"string","CD_0460":"string","DS_COMPLEMENTAR":"string"},"knw0460":{"ID":"string","COD_EMPRESA":0,"COD_FILIAL":0,"DT_INICIAL":"2022-06-14T17:08:27.047Z","DT_IMPORTACAO":"2022-06-14T17:08:27.047Z","ID_USUARIO_IMP":"string","chave_REGISTRO":"string","CD_OBS":"string","DS_OBS":"string","COD_GRUPOEMPRESA":"string","DT_MOVIMENTO":"2022-06-14T17:08:27.047Z"},"integracaoNotaFiscalAjusteList":[{"knw0190":{"COD_EMPRESA":0,"COD_FILIAL":0,"DT_INICIAL":"2022-06-14T17:08:27.047Z","DT_IMPORTACAO":"2022-06-14T17:08:27.047Z","ID_USUARIO_IMP":"string","chave_REGISTRO":"string","DS_DESCRICAO":"string","DS_UNIDADE":"string"},"knw0200":{"COD_EMPRESA":0,"COD_FILIAL":0,"CD_PLANO_CONTA":"string","DT_INICIAL":"2022-06-14T17:08:27.047Z","DT_IMPORTACAO":"2022-06-14T17:08:27.047Z","ID_USUARIO_IMP":"string","chave_REGISTRO":"string","CD_PRODUTO_SERV":"string","DS_PRODUTO_SERV":"string","UNIDADE":"string","CD_SIT_TRIBUTAR_ICMS":"string","ALIQ_ICMS":0,"PERC_RED_BA_ICMS":0,"DM_PRODUTO_VENDA":"string","CD_LST":"string","CD_NCM":"string","CD_GENERO":"string","DM_TIPO_ITEM":"string","CD_331_EX_IPI":"string","CD_BARRA":"string","NR_CEST":"string","DM_ORIGEM_PRODUTO":"string","CD_CENTRO_CUSTO":"string","CD_SIT_TRIB_IPI":"string","CD_SIT_TRIB_PIS":"string","CD_SIT_TRIB_COFINS":"string","CD_NAT_OPERACAO":"string","ALIQ_PIS":0,"ALIQ_COFINS":0},"knwC197":{"COD_EMPRESA":0,"COD_FILIAL":0,"DM_EMITENTE":"string","DM_ENTRADA_SAIDA":"string","SERIE_SUBSERIE":"string","NR_DOCUMENTO":"string","DT_EMISSAO_DOC":"2022-06-14T17:08:27.047Z","ID_USUARIO_IMP":"string","chave_REGISTRO":"string","NR_ITEM":0,"CD_PESSOA_REM_DEST":"string","DS_COMPLEMENTAR":"string","CD_REF_53":"string","CD_PROD_SERV":"string","VL_BC_ICMS":0,"VL_ICMS":0,"VL_ICMS_OUTRAS":0,"ALIQ_ICMS":0}}]}]}]}</arg>
<arg>headers=${ headers }</arg>
<doc>Sends a POST request.</doc>
<msg timestamp="20220620 17:06:15.321" level="INFO">POST Request : url=http://www.qa.sped.cloudfiscal.com/SPED_WEB/api/knw/v2/atualizarDadosNotaFiscal 
 path_url=/SPED_WEB/api/knw/v2/atualizarDadosNotaFiscal 
 headers={'User-Agent': 'python-requests/2.27.1', 'Accept-Encoding': 'gzip, deflate', 'Accept': '*/*', 'Connection': 'keep-alive', 'X-Token': '01032007', 'X-Cnpj': '11272927000105', 'content-type': 'application/json', 'Content-Length': '3502'} 
 body={"objetos":[{"knwC100":{"VL_TOTAL_MERCAD":0,"VL_DESCONTO":0,"VL_FRETE":0,"VL_SEGURO":0,"VL_OUTRAS_DESP":0,"VL_IPI":0,"VL_ICMS_SUBSTIT":0,"VL_TOT_N_FISCAL":0,"NR_INSC_EST_SUB":"string","DM_TIPO_FATURA":"string","DS_OBSERVACAO":"string","COD_EMPRESA":0,"COD_FILIAL":0,"CD_MODELO_DOC":"string","CD_PESSOA_REMET_DEST":"string","DM_MODAL_FRETE":"string","CD_SIT_DOCUMENTO":"string","NR_CHAVE_ELETR":"string","VL_ABAT_N_TRIB":0,"NR_REFERENCIA":"string","DS_ADE":"string","COD_MUN_ORIG":"string","COD_MUN_DES":"string","NR_CNPJ_CPF_VENDA_CONS":"string","DS_NATUREZA":"string","DM_EMITENTE":"string","DM_ENTRADA_SAIDA":"string","SERIE_SUBSERIE":"string","NR_DOCUMENTO":"string","DT_EMISSAO_DOC":"2022-06-14T17:08:27.046Z","DT_ENTRADA":"2022-06-14T17:08:27.046Z","DS_UF_DEST_EMIT":"string","DS_RESSARCIMENTO":"string","ID_USUARIO_IMP":"string","VL_SERV_NT":0,"VL_BC_IRRF":0,"VL_IRRF":0,"VL_BC_PREV":0,"VL_PREV":0,"CD_MUN_SERV_PREST":"string","VL_MATERIAL_TERC":0,"VL_SUB_EMPR":0,"DM_FINALIDADE":"string","DM_DESTINATARIO":"string","chave_REGISTRO":"string"},"knw0500Geral":{"COD_EMPRESA":0,"COD_FILIAL":0,"CD_PLANO_CONTA":"string","DT_INICIAL":"2022-06-14T17:08:27.047Z","DM_TIPO_CONTA":"string","CD_PLAN_CTA_TOT":"string","DS_PLANO_CONTA":"string","DM_NATUREZA":"string","DM_NIVEL":"string","DT_IMPORTACAO":"2022-06-14T17:08:27.047Z","DM_GERAL_AUX":"string","ID_ORDEM":0,"CD_REDUZIDA":"string","ID_USUARIO_IMP":"string","chave_REGISTRO":"string"},"notaFiscalObservacaoLancamentoFiscalList":[{"knwC195":{"COD_EMPRESA":0,"COD_FILIAL":0,"DM_EMITENTE":"string","DM_ENTRADA_SAIDA":"string","SERIE_SUBSERIE":"string","NR_DOCUMENTO":"string","DT_EMISSAO_DOC":"2022-06-14T17:08:27.047Z","ID_USUARIO_IMP":"string","chave_REGISTRO":"string","NR_ITEM":0,"CD_PESSOA_REM_DEST":"string","CD_0460":"string","DS_COMPLEMENTAR":"string"},"knw0460":{"ID":"string","COD_EMPRESA":0,"COD_FILIAL":0,"DT_INICIAL":"2022-06-14T17:08:27.047Z","DT_IMPORTACAO":"2022-06-14T17:08:27.047Z","ID_USUARIO_IMP":"string","chave_REGISTRO":"string","CD_OBS":"string","DS_OBS":"string","COD_GRUPOEMPRESA":"string","DT_MOVIMENTO":"2022-06-14T17:08:27.047Z"},"integracaoNotaFiscalAjusteList":[{"knw0190":{"COD_EMPRESA":0,"COD_FILIAL":0,"DT_INICIAL":"2022-06-14T17:08:27.047Z","DT_IMPORTACAO":"2022-06-14T17:08:27.047Z","ID_USUARIO_IMP":"string","chave_REGISTRO":"string","DS_DESCRICAO":"string","DS_UNIDADE":"string"},"knw0200":{"COD_EMPRESA":0,"COD_FILIAL":0,"CD_PLANO_CONTA":"string","DT_INICIAL":"2022-06-14T17:08:27.047Z","DT_IMPORTACAO":"2022-06-14T17:08:27.047Z","ID_USUARIO_IMP":"string","chave_REGISTRO":"string","CD_PRODUTO_SERV":"string","DS_PRODUTO_SERV":"string","UNIDADE":"string","CD_SIT_TRIBUTAR_ICMS":"string","ALIQ_ICMS":0,"PERC_RED_BA_ICMS":0,"DM_PRODUTO_VENDA":"string","CD_LST":"string","CD_NCM":"string","CD_GENERO":"string","DM_TIPO_ITEM":"string","CD_331_EX_IPI":"string","CD_BARRA":"string","NR_CEST":"string","DM_ORIGEM_PRODUTO":"string","CD_CENTRO_CUSTO":"string","CD_SIT_TRIB_IPI":"string","CD_SIT_TRIB_PIS":"string","CD_SIT_TRIB_COFINS":"string","CD_NAT_OPERACAO":"string","ALIQ_PIS":0,"ALIQ_COFINS":0},"knwC197":{"COD_EMPRESA":0,"COD_FILIAL":0,"DM_EMITENTE":"string","DM_ENTRADA_SAIDA":"string","SERIE_SUBSERIE":"string","NR_DOCUMENTO":"string","DT_EMISSAO_DOC":"2022-06-14T17:08:27.047Z","ID_USUARIO_IMP":"string","chave_REGISTRO":"string","NR_ITEM":0,"CD_PESSOA_REM_DEST":"string","DS_COMPLEMENTAR":"string","CD_REF_53":"string","CD_PROD_SERV":"string","VL_BC_ICMS":0,"VL_ICMS":0,"VL_ICMS_OUTRAS":0,"ALIQ_ICMS":0}}]}]}]} 
 </msg>
<msg timestamp="20220620 17:06:15.321" level="INFO">POST Response : url=http://www.qa.sped.cloudfiscal.com/SPED_WEB/api/knw/v2/atualizarDadosNotaFiscal 
 status=200, reason=OK 
 headers={'Date': 'Mon, 20 Jun 2022 20:06:15 GMT', 'Content-Type': 'application/json', 'Transfer-Encoding': 'chunked', 'Connection': 'keep-alive', 'Set-Cookie': 'AWSALB=aqwDq4EUZPl6grjCDLY1sJ8awGvvqFN2ppSpziCM5nQjrkotCyYhWeckzn5J9hMI3duQDuVtwRvXXS3MJDyGa/q/3HgEzYxRahJQ43WAx8lOstVsFpa3hxVV9OmY; Expires=Mon, 27 Jun 2022 20:06:15 GMT; Path=/, AWSALBCORS=aqwDq4EUZPl6grjCDLY1sJ8awGvvqFN2ppSpziCM5nQjrkotCyYhWeckzn5J9hMI3duQDuVtwRvXXS3MJDyGa/q/3HgEzYxRahJQ43WAx8lOstVsFpa3hxVV9OmY; Expires=Mon, 27 Jun 2022 20:06:15 GMT; Path=/; SameSite=None', 'Server': 'Apache-Coyote/1.1', 'Access-Control-Allow-Origin': '*', 'Access-Control-Allow-Headers': 'Access-Control-Allow-Origin, Access-Control-Allow-Headers, Access-Control-Request-Method, Access-Control-Request-Headers, origin, accept, authorization, X-Requested-With, content-type, x-fit-auth-token, x-fit-refresh-token, X-Usuario, X-Senha, X-Licenca', 'Access-Control-Allow-Methods': 'GET, OPTIONS, HEAD, PUT, POST', 'Access-Control-Request-Method': '*', 'X-Frame-Options': 'DENY'} 
 body={"sucesso":false,"erro":"Integração processada com erros.","mensagens":["38 - DT_PERIODO: 14/06/2022, NR_CHAVE_ELETR: string: IntegracaoAtualizarNotaFiscal.notaFiscalObservacaoLancamentoFiscalList[0].knwC195.NR_ITEM: must be greater than or equal to 1","39 - DT_PERIODO: 14/06/2022, NR_CHAVE_ELETR: string: IntegracaoAtualizarNotaFiscal.notaFiscalObservacaoLancamentoFiscalList[0].integracaoNotaFiscalAjusteList[0].knwC197.DM_EMITENTE: Valor invalido: string. Valores permitidos: 0, 1","40 - DT_PERIODO: 14/06/2022, NR_CHAVE_ELETR: string: IntegracaoAtualizarNotaFiscal.notaFiscalObservacaoLancamentoFiscalList[0].integracaoNotaFiscalAjusteList[0].knw0200.CD_GENERO: size must be between 1 and 2","41 - DT_PERIODO: 14/06/2022, NR_CHAVE_ELETR: string: IntegracaoAtualizarNotaFiscal.knwC100.NR_CHAVE_ELETR: size must be between 44 and 44","42 - DT_PERIODO: 14/06/2022, NR_CHAVE_ELETR: string: IntegracaoAtualizarNotaFiscal.knwC100.DM_FINALIDADE: Valor invalido: string. Valores permitidos: 1, 2, 3","43 - DT_PERIODO: 14/06/2022, NR_CHAVE_ELETR: string: IntegracaoAtualizarNotaFiscal.notaFiscalObservacaoLancamentoFiscalList[0].knwC195.SERIE_SUBSERIE: size must be between 1 and 5","44 - DT_PERIODO: 14/06/2022, NR_CHAVE_ELETR: string: IntegracaoAtualizarNotaFiscal.knwC100.DS_UF_DEST_EMIT: size must be between 0 and 2","45 - DT_PERIODO: 14/06/2022, NR_CHAVE_ELETR: string: IntegracaoAtualizarNotaFiscal.knw0500Geral.DM_NATUREZA: Valor invalido: string. Valores permitidos: 1, 2, 3, 4, 5, 9","46 - DT_PERIODO: 14/06/2022, NR_CHAVE_ELETR: string: IntegracaoAtualizarNotaFiscal.notaFiscalObservacaoLancamentoFiscalList[0].integracaoNotaFiscalAjusteList[0].knwC197.SERIE_SUBSERIE: size must be between 1 and 5","47 - DT_PERIODO: 14/06/2022, NR_CHAVE_ELETR: string: IntegracaoAtualizarNotaFiscal.notaFiscalObservacaoLancamentoFiscalList[0].integracaoNotaFiscalAjusteList[0].knw0200.DM_TIPO_ITEM: Valor invalido: string. Valores permitidos: 00, 01, 02, 03, 04, 05, 06, 07, 08, 09, 10, 99, XX","48 - DT_PERIODO: 14/06/2022, NR_CHAVE_ELETR: string: IntegracaoAtualizarNotaFiscal.knw0500Geral.DM_TIPO_CONTA: Valor invalido: string. Valores permitidos: A, S","49 - DT_PERIODO: 14/06/2022, NR_CHAVE_ELETR: string: IntegracaoAtualizarNotaFiscal.notaFiscalObservacaoLancamentoFiscalList[0].integracaoNotaFiscalAjusteList[0].knw0200.CD_SIT_TRIB_PIS: size must be between 1 and 2","50 - DT_PERIODO: 14/06/2022, NR_CHAVE_ELETR: string: IntegracaoAtualizarNotaFiscal.notaFiscalObservacaoLancamentoFiscalList[0].integracaoNotaFiscalAjusteList[0].knw0200.DM_PRODUTO_VENDA: size must be between 1 and 1","51 - DT_PERIODO: 14/06/2022, NR_CHAVE_ELETR: string: IntegracaoAtualizarNotaFiscal.knw0500Geral.DM_GERAL_AUX: Valor invalido: string. Valores permitidos: G, A","52 - DT_PERIODO: 14/06/2022, NR_CHAVE_ELETR: string: IntegracaoAtualizarNotaFiscal.notaFiscalObservacaoLancamentoFiscalList[0].integracaoNotaFiscalAjusteList[0].knw0200.CD_SIT_TRIBUTAR_ICMS: size must be between 1 and 3","53 - DT_PERIODO: 14/06/2022, NR_CHAVE_ELETR: string: IntegracaoAtualizarNotaFiscal.notaFiscalObservacaoLancamentoFiscalList[0].integracaoNotaFiscalAjusteList[0].knw0200.DM_ORIGEM_PRODUTO: size must be between 1 and 1","54 - DT_PERIODO: 14/06/2022, NR_CHAVE_ELETR: string: IntegracaoAtualizarNotaFiscal.knwC100.CD_MUN_SERV_PREST: size must be between 7 and 7","55 - DT_PERIODO: 14/06/2022, NR_CHAVE_ELETR: string: IntegracaoAtualizarNotaFiscal.knwC100.DM_ENTRADA_SAIDA: size must be between 1 and 1","56 - DT_PERIODO: 14/06/2022, NR_CHAVE_ELETR: string: IntegracaoAtualizarNotaFiscal.notaFiscalObservacaoLancamentoFiscalList[0].knwC195.DM_EMITENTE: Valor invalido: string. Valores permitidos: 0, 1","57 - DT_PERIODO: 14/06/2022, NR_CHAVE_ELETR: string: IntegracaoAtualizarNotaFiscal.knwC100.DS_RESSARCIMENTO: size must be between 0 and 1","58 - DT_PERIODO: 14/06/2022, NR_CHAVE_ELETR: string: IntegracaoAtualizarNotaFiscal.knwC100.CD_MODELO_DOC: size must be between 2 and 2","59 - DT_PERIODO: 14/06/2022, NR_CHAVE_ELETR: string: IntegracaoAtualizarNotaFiscal.notaFiscalObservacaoLancamentoFiscalList[0].integracaoNotaFiscalAjusteList[0].knw0200.CD_NAT_OPERACAO: size must be between 1 and 3","60 - DT_PERIODO: 14/06/2022, NR_CHAVE_ELETR: string: IntegracaoAtualizarNotaFiscal.knwC100.DM_ENTRADA_SAIDA: Valor invalido: string. Valores permitidos: E, S","61 - DT_PERIODO: 14/06/2022, NR_CHAVE_ELETR: string: IntegracaoAtualizarNotaFiscal.knwC100.DM_TIPO_FATURA: Valor invalido: string. Valores permitidos: 0, 1, 2, 9","62 - DT_PERIODO: 14/06/2022, NR_CHAVE_ELETR: string: IntegracaoAtualizarNotaFiscal.notaFiscalObservacaoLancamentoFiscalList[0].integracaoNotaFiscalAjusteList[0].knw0200.CD_LST: size must be between 0 and 4","63 - DT_PERIODO: 14/06/2022, NR_CHAVE_ELETR: string: IntegracaoAtualizarNotaFiscal.knwC100.DM_EMITENTE: Valor invalido: string. Valores permitidos: 0, 1","64 - DT_PERIODO: 14/06/2022, NR_CHAVE_ELETR: string: IntegracaoAtualizarNotaFiscal.knwC100.CD_SIT_DOCUMENTO: Valor invalido: string. Valores permitidos: 00, 01, 02, 03, 04, 05, 06, 07, 08","65 - DT_PERIODO: 14/06/2022, NR_CHAVE_ELETR: string: IntegracaoAtualizarNotaFiscal.notaFiscalObservacaoLancamentoFiscalList[0].integracaoNotaFiscalAjusteList[0].knwC197.DM_ENTRADA_SAIDA: Valor invalido: string. Valores permitidos: E, S","66 - DT_PERIODO: 14/06/2022, NR_CHAVE_ELETR: string: IntegracaoAtualizarNotaFiscal.knwC100.SERIE_SUBSERIE: size must be between 0 and 5","67 - DT_PERIODO: 14/06/2022, NR_CHAVE_ELETR: string: IntegracaoAtualizarNotaFiscal.knwC100.DM_MODAL_FRETE: Valor invalido: string. Valores permitidos: 0, 1, 2, 3, 4, 9","68 - DT_PERIODO: 14/06/2022, NR_CHAVE_ELETR: string: IntegracaoAtualizarNotaFiscal.notaFiscalObservacaoLancamentoFiscalList[0].integracaoNotaFiscalAjusteList[0].knwC197.NR_ITEM: must be greater than or equal to 1","69 - DT_PERIODO: 14/06/2022, NR_CHAVE_ELETR: string: IntegracaoAtualizarNotaFiscal.knwC100.DM_DESTINATARIO: Valor invalido: string. Valores permitidos: 1, 2, 9","70 - DT_PERIODO: 14/06/2022, NR_CHAVE_ELETR: string: IntegracaoAtualizarNotaFiscal.notaFiscalObservacaoLancamentoFiscalList[0].integracaoNotaFiscalAjusteList[0].knw0200.CD_SIT_TRIB_COFINS: size must be between 1 and 2","71 - DT_PERIODO: 14/06/2022, NR_CHAVE_ELETR: string: IntegracaoAtualizarNotaFiscal.knw0500Geral.DM_NIVEL: size must be between 1 and 2","72 - DT_PERIODO: 14/06/2022, NR_CHAVE_ELETR: string: IntegracaoAtualizarNotaFiscal.notaFiscalObservacaoLancamentoFiscalList[0].integracaoNotaFiscalAjusteList[0].knw0200.CD_331_EX_IPI: size must be between 1 and 3","73 - DT_PERIODO: 14/06/2022, NR_CHAVE_ELETR: string: IntegracaoAtualizarNotaFiscal.notaFiscalObservacaoLancamentoFiscalList[0].knwC195.DM_ENTRADA_SAIDA: Valor invalido: string. Valores permitidos: E, S","74 - DT_PERIODO: 14/06/2022, NR_CHAVE_ELETR: string: IntegracaoAtualizarNotaFiscal.notaFiscalObservacaoLancamentoFiscalList[0].integracaoNotaFiscalAjusteList[0].knw0200.CD_SIT_TRIB_IPI: size must be between 1 and 2"],"payload":null} 
 </msg>
<msg timestamp="20220620 17:06:15.321" level="INFO">${response} = &lt;Response [200]&gt;</msg>
<status status="PASS" starttime="20220620 17:06:14.861" endtime="20220620 17:06:15.321"/>
</kw>
<msg timestamp="20220620 17:06:15.322" level="INFO">${response} = &lt;Response [200]&gt;</msg>
<status status="PASS" starttime="20220620 17:06:14.241" endtime="20220620 17:06:15.322"/>
</kw>
<kw name="Status Should Be" library="RequestsLibrary">
<arg>200</arg>
<arg>${response}</arg>
<doc>Fails if response status code is different than the expected.</doc>
<status status="PASS" starttime="20220620 17:06:15.322" endtime="20220620 17:06:15.322"/>
</kw>
<status status="PASS" starttime="20220620 17:06:14.240" endtime="20220620 17:06:15.323"/>
</test>
<doc>Suite de testes atualização das NFs</doc>
<status status="PASS" starttime="20220620 17:06:14.217" endtime="20220620 17:06:15.324"/>
</suite>
<suite id="s1-s3" name="Consultar Empresas" source="C:\Sovos\cloud_fiscal\API_KNW\tests\Consultar_Empresas.robot">
<test id="s1-s3-t1" name="Consultar Empresas" line="7">
<kw name="Create Dictionary" library="BuiltIn">
<var>${payload}</var>
<doc>Creates and returns a dictionary based on the given ``items``.</doc>
<msg timestamp="20220620 17:06:15.350" level="INFO">${payload} = {}</msg>
<status status="PASS" starttime="20220620 17:06:15.350" endtime="20220620 17:06:15.350"/>
</kw>
<kw name="GET Empresas" library="Empresas_Route">
<var>${response}</var>
<arg>json=${payload}</arg>
<kw name="Create Dictionary" library="BuiltIn">
<var>${headers}</var>
<arg>X-Token=01032007</arg>
<arg>X-Cnpj=11272927000105</arg>
<doc>Creates and returns a dictionary based on the given ``items``.</doc>
<msg timestamp="20220620 17:06:15.351" level="INFO">${headers} = {'X-Token': '01032007', 'X-Cnpj': '11272927000105'}</msg>
<status status="PASS" starttime="20220620 17:06:15.351" endtime="20220620 17:06:15.351"/>
</kw>
<kw name="GET" library="RequestsLibrary">
<var>${response}</var>
<arg>${API_USERS}/dadosEmpresas</arg>
<arg>headers=${headers}</arg>
<arg>expected_status=any</arg>
<doc>Sends a GET request.</doc>
<msg timestamp="20220620 17:06:15.665" level="INFO">GET Request : url=http://www.hom.sped.cloudfiscal.com/SPED_WEB/api/knw/v2/dadosEmpresas 
 path_url=/SPED_WEB/api/knw/v2/dadosEmpresas 
 headers={'User-Agent': 'python-requests/2.27.1', 'Accept-Encoding': 'gzip, deflate', 'Accept': '*/*', 'Connection': 'keep-alive', 'X-Token': '01032007', 'X-Cnpj': '11272927000105'} 
 body=None 
 </msg>
<msg timestamp="20220620 17:06:15.665" level="INFO">GET Response : url=http://www.hom.sped.cloudfiscal.com/SPED_WEB/api/knw/v2/dadosEmpresas 
 status=200, reason=OK 
 headers={'Date': 'Mon, 20 Jun 2022 20:06:15 GMT', 'Content-Type': 'application/json', 'Transfer-Encoding': 'chunked', 'Connection': 'keep-alive', 'Set-Cookie': 'AWSALB=1I6dbtZHMwokeRC3+lGZBfx2T6t0BSUKvx9oIwZFsF3UlvdRa/aUX0P+gZyualb1T8GTTHyXwTEpfl2QV9YcyaBHkWyLpMuMG1LZpBA/6vAjK0SkBm9an49MRPke; Expires=Mon, 27 Jun 2022 20:06:15 GMT; Path=/, AWSALBCORS=1I6dbtZHMwokeRC3+lGZBfx2T6t0BSUKvx9oIwZFsF3UlvdRa/aUX0P+gZyualb1T8GTTHyXwTEpfl2QV9YcyaBHkWyLpMuMG1LZpBA/6vAjK0SkBm9an49MRPke; Expires=Mon, 27 Jun 2022 20:06:15 GMT; Path=/; SameSite=None', 'Server': 'Apache-Coyote/1.1', 'Access-Control-Allow-Origin': '*', 'Access-Control-Allow-Headers': 'Access-Control-Allow-Origin, Access-Control-Allow-Headers, Access-Control-Request-Method, Access-Control-Request-Headers, origin, accept, authorization, X-Requested-With, content-type, x-fit-auth-token, x-fit-refresh-token, X-Usuario, X-Senha, X-Licenca', 'Access-Control-Allow-Methods': 'GET, OPTIONS, HEAD, PUT, POST', 'Access-Control-Request-Method': '*', 'X-Frame-Options': 'DENY'} 
 body={"sucesso":true,"erro":null,"mensagens":null,"payload":{"empresas":[{"licenca":"0995","cnpj":"11272927000105","cdEmpresa":1,"cdUnidade":1,"usuarioWS":"0995","senhaWS":"01032007"}]}} 
 </msg>
<msg timestamp="20220620 17:06:15.665" level="INFO">${response} = &lt;Response [200]&gt;</msg>
<status status="PASS" starttime="20220620 17:06:15.351" endtime="20220620 17:06:15.665"/>
</kw>
<kw name="GET" library="RequestsLibrary">
<var>${response}</var>
<arg>${API_USERS2}/dadosEmpresas</arg>
<arg>headers=${headers}</arg>
<arg>expected_status=any</arg>
<doc>Sends a GET request.</doc>
<msg timestamp="20220620 17:06:15.960" level="INFO">GET Request : url=http://www.qa.sped.cloudfiscal.com/SPED_WEB/api/knw/v2/dadosEmpresas 
 path_url=/SPED_WEB/api/knw/v2/dadosEmpresas 
 headers={'User-Agent': 'python-requests/2.27.1', 'Accept-Encoding': 'gzip, deflate', 'Accept': '*/*', 'Connection': 'keep-alive', 'X-Token': '01032007', 'X-Cnpj': '11272927000105'} 
 body=None 
 </msg>
<msg timestamp="20220620 17:06:15.960" level="INFO">GET Response : url=http://www.qa.sped.cloudfiscal.com/SPED_WEB/api/knw/v2/dadosEmpresas 
 status=200, reason=OK 
 headers={'Date': 'Mon, 20 Jun 2022 20:06:15 GMT', 'Content-Type': 'application/json', 'Transfer-Encoding': 'chunked', 'Connection': 'keep-alive', 'Set-Cookie': 'AWSALB=8a6h6MotcrHjEpQwvU93uGxNURyosxvr1oUq+bxlTJVQ+A0u2gjh4P0QsgdSVw+6CJUp9Uherw737+LFa9Dw0Z5qPPJx0wja7Sj9WNML1EL9Xtr28OZdxjNsJqUz; Expires=Mon, 27 Jun 2022 20:06:15 GMT; Path=/, AWSALBCORS=8a6h6MotcrHjEpQwvU93uGxNURyosxvr1oUq+bxlTJVQ+A0u2gjh4P0QsgdSVw+6CJUp9Uherw737+LFa9Dw0Z5qPPJx0wja7Sj9WNML1EL9Xtr28OZdxjNsJqUz; Expires=Mon, 27 Jun 2022 20:06:15 GMT; Path=/; SameSite=None', 'Server': 'Apache-Coyote/1.1', 'Access-Control-Allow-Origin': '*', 'Access-Control-Allow-Headers': 'Access-Control-Allow-Origin, Access-Control-Allow-Headers, Access-Control-Request-Method, Access-Control-Request-Headers, origin, accept, authorization, X-Requested-With, content-type, x-fit-auth-token, x-fit-refresh-token, X-Usuario, X-Senha, X-Licenca', 'Access-Control-Allow-Methods': 'GET, OPTIONS, HEAD, PUT, POST', 'Access-Control-Request-Method': '*', 'X-Frame-Options': 'DENY'} 
 body={"sucesso":true,"erro":null,"mensagens":null,"payload":{"empresas":[{"licenca":"0995","cnpj":"11272927000105","cdEmpresa":1,"cdUnidade":1,"usuarioWS":"0995","senhaWS":"01032007"}]}} 
 </msg>
<msg timestamp="20220620 17:06:15.960" level="INFO">${response} = &lt;Response [200]&gt;</msg>
<status status="PASS" starttime="20220620 17:06:15.666" endtime="20220620 17:06:15.960"/>
</kw>
<msg timestamp="20220620 17:06:15.960" level="INFO">${response} = &lt;Response [200]&gt;</msg>
<status status="PASS" starttime="20220620 17:06:15.351" endtime="20220620 17:06:15.960"/>
</kw>
<kw name="Status Should Be" library="RequestsLibrary">
<arg>200</arg>
<arg>${response}</arg>
<doc>Fails if response status code is different than the expected.</doc>
<status status="PASS" starttime="20220620 17:06:15.961" endtime="20220620 17:06:15.961"/>
</kw>
<kw name="Should Be Equal" library="BuiltIn">
<arg>${response.json()}[sucesso]</arg>
<arg>${true}</arg>
<doc>Fails if the given objects are unequal.</doc>
<status status="PASS" starttime="20220620 17:06:15.961" endtime="20220620 17:06:15.962"/>
</kw>
<kw name="Should Be Equal" library="BuiltIn">
<arg>${response.json()}[erro]</arg>
<arg>${null}</arg>
<doc>Fails if the given objects are unequal.</doc>
<status status="PASS" starttime="20220620 17:06:15.962" endtime="20220620 17:06:15.963"/>
</kw>
<status status="PASS" starttime="20220620 17:06:15.349" endtime="20220620 17:06:15.963"/>
</test>
<doc>Consulta de dados da Empresa</doc>
<status status="PASS" starttime="20220620 17:06:15.325" endtime="20220620 17:06:15.964"/>
</suite>
<suite id="s1-s4" name="Controle Creditos Suite" source="C:\Sovos\cloud_fiscal\API_KNW\tests\Controle_Creditos_Suite.robot">
<test id="s1-s4-t1" name="Atualizar NF C100" line="10">
<kw name="Create Dictionary" library="BuiltIn">
<var>${payload}</var>
<arg>Content-Type=application/json</arg>
<doc>Creates and returns a dictionary based on the given ``items``.</doc>
<msg timestamp="20220620 17:06:15.992" level="INFO">${payload} = {'Content-Type': 'application/json'}</msg>
<status status="PASS" starttime="20220620 17:06:15.992" endtime="20220620 17:06:15.992"/>
</kw>
<kw name="POST Controle Creditos" library="Controle_Creditos">
<var>${response}</var>
<arg>${payload}</arg>
<kw name="Create Dictionary" library="BuiltIn">
<var>${headers}</var>
<arg>X-Token=01032007</arg>
<arg>X-Cnpj=11272927000105</arg>
<arg>content-type=application/json</arg>
<doc>Creates and returns a dictionary based on the given ``items``.</doc>
<msg timestamp="20220620 17:06:15.994" level="INFO">${headers} = {'X-Token': '01032007', 'X-Cnpj': '11272927000105', 'content-type': 'application/json'}</msg>
<status status="PASS" starttime="20220620 17:06:15.993" endtime="20220620 17:06:15.994"/>
</kw>
<kw name="POST" library="RequestsLibrary">
<var>${response}</var>
<arg>${API_USERS}/controleCreditos</arg>
<arg>json=${payload}</arg>
<arg>expected_status=any</arg>
<doc>Sends a POST request.</doc>
<msg timestamp="20220620 17:06:16.360" level="INFO">POST Request : url=http://www.hom.sped.cloudfiscal.com/SPED_WEB/api/knw/v2/controleCreditos 
 path_url=/SPED_WEB/api/knw/v2/controleCreditos 
 headers={'User-Agent': 'python-requests/2.27.1', 'Accept-Encoding': 'gzip, deflate', 'Accept': '*/*', 'Connection': 'keep-alive', 'Content-Length': '36', 'Content-Type': 'application/json'} 
 body=b'{"Content-Type": "application/json"}' 
 </msg>
<msg timestamp="20220620 17:06:16.360" level="INFO">POST Response : url=http://www.hom.sped.cloudfiscal.com/SPED_WEB/api/knw/v2/controleCreditos 
 status=400, reason=Bad Request 
 headers={'Date': 'Mon, 20 Jun 2022 20:06:16 GMT', 'Content-Type': 'text/html;charset=utf-8', 'Transfer-Encoding': 'chunked', 'Connection': 'keep-alive', 'Set-Cookie': 'AWSALB=gRZ+hOr1wkbZ0uQbRH6zXljVRFTVEDokJKISkOW0Nqm0GrhHqTk61RNmNwaww1VQ6pqmr4GaiIo6YuTeYqY7zvwBM1iB3KY27ll6tJ7OU6MYezdpV+c0P8nJjWuY; Expires=Mon, 27 Jun 2022 20:06:16 GMT; Path=/, AWSALBCORS=gRZ+hOr1wkbZ0uQbRH6zXljVRFTVEDokJKISkOW0Nqm0GrhHqTk61RNmNwaww1VQ6pqmr4GaiIo6YuTeYqY7zvwBM1iB3KY27ll6tJ7OU6MYezdpV+c0P8nJjWuY; Expires=Mon, 27 Jun 2022 20:06:16 GMT; Path=/; SameSite=None', 'Server': 'Apache-Coyote/1.1', 'Access-Control-Allow-Origin': '*', 'Access-Control-Allow-Headers': 'Access-Control-Allow-Origin, Access-Control-Allow-Headers, Access-Control-Request-Method, Access-Control-Request-Headers, origin, accept, authorization, X-Requested-With, content-type, x-fit-auth-token, x-fit-refresh-token, X-Usuario, X-Senha, X-Licenca', 'Access-Control-Allow-Methods': 'GET, OPTIONS, HEAD, PUT, POST', 'Access-Control-Request-Method': '*', 'X-Frame-Options': 'DENY', 'Content-Encoding': 'gzip', 'Vary': 'Accept-Encoding'} 
 body=&lt;html&gt;&lt;head&gt;&lt;title&gt;JBoss Web/7.0.13.Final - Error report&lt;/title&gt;&lt;style&gt;&lt;!--H1 {font-family:Tahoma,Arial,sans-serif;color:white;background-color:#525D76;font-size:22px;} H2 {font-family:Tahoma,Arial,sans-serif;color:white;background-color:#525D76;font-size:16px;} H3 {font-family:Tahoma,Arial,sans-serif;color:white;background-color:#525D76;font-size:14px;} BODY {font-family:Tahoma,Arial,sans-serif;color:black;background-color:white;} B {font-family:Tahoma,Arial,sans-serif;color:white;background-color:#525D76;} P {font-family:Tahoma,Arial,sans-serif;background:white;color:black;font-size:12px;}A {color : black;}A.name {color : black;}HR {color : #525D76;}--&gt;&lt;/style&gt; &lt;/head&gt;&lt;body&gt;&lt;h1&gt;HTTP Status 400 - org.codehaus.jackson.map.exc.UnrecognizedPropertyException: Unrecognized field &amp;quot;Content-Type&amp;quot; (Class com.cloudfiscal.integracao.bloco1.Integracao1200List), not marked as ignorable
 at [Source: org.apache.catalina.connector.CoyoteInputStream@b8dda78; line: 1, column: 19] (through reference chain: com.cloudfiscal.integracao.bloco1.Integracao1200List[&amp;quot;Content-Type&amp;quot;])&lt;/h1&gt;&lt;HR size="1" noshade="noshade"&gt;&lt;p&gt;&lt;b&gt;type&lt;/b&gt; Status report&lt;/p&gt;&lt;p&gt;&lt;b&gt;message&lt;/b&gt; &lt;u&gt;org.codehaus.jackson.map.exc.UnrecognizedPropertyException: Unrecognized field &amp;quot;Content-Type&amp;quot; (Class com.cloudfiscal.integracao.bloco1.Integracao1200List), not marked as ignorable
 at [Source: org.apache.catalina.connector.CoyoteInputStream@b8dda78; line: 1, column: 19] (through reference chain: com.cloudfiscal.integracao.bloco1.Integracao1200List[&amp;quot;Content-Type&amp;quot;])&lt;/u&gt;&lt;/p&gt;&lt;p&gt;&lt;b&gt;description&lt;/b&gt; &lt;u&gt;The request sent by the client was syntactically incorrect (org.codehaus.jackson.map.exc.UnrecognizedPropertyException: Unrecognized field &amp;quot;Content-Type&amp;quot; (Class com.cloudfiscal.integracao.bloco1.Integracao1200List), not marked as ignorable
 at [Source: org.apache.catalina.connector.CoyoteInputStream@b8dda78; line: 1, column: 19] (through reference chain: com.cloudfiscal.integracao.bloco1.Integracao1200List[&amp;quot;Content-Type&amp;quot;])).&lt;/u&gt;&lt;/p&gt;&lt;HR size="1" noshade="noshade"&gt;&lt;h3&gt;JBoss Web/7.0.13.Final&lt;/h3&gt;&lt;/body&gt;&lt;/html&gt; 
 </msg>
<msg timestamp="20220620 17:06:16.361" level="INFO">${response} = &lt;Response [400]&gt;</msg>
<status status="PASS" starttime="20220620 17:06:15.994" endtime="20220620 17:06:16.361"/>
</kw>
<kw name="POST" library="RequestsLibrary">
<var>${response}</var>
<arg>${API_USERS2}/controleCreditos</arg>
<arg>json=${payload}</arg>
<arg>expected_status=any</arg>
<arg>data={"objetos":[{"knw1200":{"COD_EMPRESA":0,"COD_FILIAL":0,"ID_USUARIO_IMP":"string","DT_IMPORTACAO":"2022-03-23T14:58:41.539Z","COD_GRUPOEMPRESA":"string","DT_PERIODO":"2022-03-23T14:58:41.539Z","CD_REF_511":"string","VL_SALDO_CRED":0,"VL_CRED_APROP":0,"VL_CRED_RECEB":0,"VL_SALDO_TRANSP":0,"VL_CRED_UTIL":0,"ID":"string"},"knw1210List":[{"NR_DOCUMENTO":"string","COD_EMPRESA":0,"COD_FILIAL":0,"ID_USUARIO_IMP":"string","DT_IMPORTACAO":"2022-03-23T14:58:41.539Z","CD_REF_55":"string","NR_ITEM":"string","COD_GRUPOEMPRESA":"string","NR_CHAVE_ACESSO":"string","DT_PERIODO":"2022-03-23T14:58:41.539Z","CD_REF_511":"string","VL_CRED_UTIL":0,"ID":"string"}]}]}</arg>
<arg>headers=${ headers }</arg>
<doc>Sends a POST request.</doc>
<msg timestamp="20220620 17:06:16.799" level="INFO">POST Request : url=http://www.qa.sped.cloudfiscal.com/SPED_WEB/api/knw/v2/controleCreditos 
 path_url=/SPED_WEB/api/knw/v2/controleCreditos 
 headers={'User-Agent': 'python-requests/2.27.1', 'Accept-Encoding': 'gzip, deflate', 'Accept': '*/*', 'Connection': 'keep-alive', 'X-Token': '01032007', 'X-Cnpj': '11272927000105', 'content-type': 'application/json', 'Content-Length': '652'} 
 body={"objetos":[{"knw1200":{"COD_EMPRESA":0,"COD_FILIAL":0,"ID_USUARIO_IMP":"string","DT_IMPORTACAO":"2022-03-23T14:58:41.539Z","COD_GRUPOEMPRESA":"string","DT_PERIODO":"2022-03-23T14:58:41.539Z","CD_REF_511":"string","VL_SALDO_CRED":0,"VL_CRED_APROP":0,"VL_CRED_RECEB":0,"VL_SALDO_TRANSP":0,"VL_CRED_UTIL":0,"ID":"string"},"knw1210List":[{"NR_DOCUMENTO":"string","COD_EMPRESA":0,"COD_FILIAL":0,"ID_USUARIO_IMP":"string","DT_IMPORTACAO":"2022-03-23T14:58:41.539Z","CD_REF_55":"string","NR_ITEM":"string","COD_GRUPOEMPRESA":"string","NR_CHAVE_ACESSO":"string","DT_PERIODO":"2022-03-23T14:58:41.539Z","CD_REF_511":"string","VL_CRED_UTIL":0,"ID":"string"}]}]} 
 </msg>
<msg timestamp="20220620 17:06:16.799" level="INFO">POST Response : url=http://www.qa.sped.cloudfiscal.com/SPED_WEB/api/knw/v2/controleCreditos 
 status=200, reason=OK 
 headers={'Date': 'Mon, 20 Jun 2022 20:06:16 GMT', 'Content-Type': 'application/json', 'Transfer-Encoding': 'chunked', 'Connection': 'keep-alive', 'Set-Cookie': 'AWSALB=bmtmkj5uEANzj83wCkm7kvf/ealNy3nQ9xW64hGuYWuduj40KAKnWRB45KSCpq/+xsFOSBuG1jqn6bwmTVqSQsrB84uSw6TAIG7gEcddjXADvJuoTpRvc2IEgP2F; Expires=Mon, 27 Jun 2022 20:06:16 GMT; Path=/, AWSALBCORS=bmtmkj5uEANzj83wCkm7kvf/ealNy3nQ9xW64hGuYWuduj40KAKnWRB45KSCpq/+xsFOSBuG1jqn6bwmTVqSQsrB84uSw6TAIG7gEcddjXADvJuoTpRvc2IEgP2F; Expires=Mon, 27 Jun 2022 20:06:16 GMT; Path=/; SameSite=None', 'Server': 'Apache-Coyote/1.1', 'Access-Control-Allow-Origin': '*', 'Access-Control-Allow-Headers': 'Access-Control-Allow-Origin, Access-Control-Allow-Headers, Access-Control-Request-Method, Access-Control-Request-Headers, origin, accept, authorization, X-Requested-With, content-type, x-fit-auth-token, x-fit-refresh-token, X-Usuario, X-Senha, X-Licenca', 'Access-Control-Allow-Methods': 'GET, OPTIONS, HEAD, PUT, POST', 'Access-Control-Request-Method': '*', 'X-Frame-Options': 'DENY'} 
 body={"sucesso":false,"erro":"Integração processada com erros.","mensagens":["2 - DT_PERIODO: 23/03/2022, CD_REF_511: string: Empresa não encontrada: CD_EMPRESA: 0, CD_FILIAL: 0"],"payload":null} 
 </msg>
<msg timestamp="20220620 17:06:16.799" level="INFO">${response} = &lt;Response [200]&gt;</msg>
<status status="PASS" starttime="20220620 17:06:16.361" endtime="20220620 17:06:16.799"/>
</kw>
<msg timestamp="20220620 17:06:16.800" level="INFO">${response} = &lt;Response [200]&gt;</msg>
<status status="PASS" starttime="20220620 17:06:15.993" endtime="20220620 17:06:16.800"/>
</kw>
<kw name="Status Should Be" library="RequestsLibrary">
<arg>200</arg>
<arg>${response}</arg>
<doc>Fails if response status code is different than the expected.</doc>
<status status="PASS" starttime="20220620 17:06:16.800" endtime="20220620 17:06:16.801"/>
</kw>
<status status="PASS" starttime="20220620 17:06:15.991" endtime="20220620 17:06:16.801"/>
</test>
<doc>Suite de testes Contorle de Creditos</doc>
<status status="PASS" starttime="20220620 17:06:15.966" endtime="20220620 17:06:16.802"/>
</suite>
<suite id="s1-s5" name="Doc Gerador Credito Suite" source="C:\Sovos\cloud_fiscal\API_KNW\tests\Doc_Gerador_Credito_Suite.robot">
<test id="s1-s5-t1" name="Gerador de Credito" line="10">
<kw name="Create Dictionary" library="BuiltIn">
<var>${payload}</var>
<arg>Content-Type=application/json</arg>
<doc>Creates and returns a dictionary based on the given ``items``.</doc>
<msg timestamp="20220620 17:06:16.831" level="INFO">${payload} = {'Content-Type': 'application/json'}</msg>
<status status="PASS" starttime="20220620 17:06:16.831" endtime="20220620 17:06:16.831"/>
</kw>
<kw name="POST Gerador Credito" library="Doc_Gerador_Credito">
<var>${response}</var>
<arg>${payload}</arg>
<kw name="Create Dictionary" library="BuiltIn">
<var>${headers}</var>
<arg>X-Token=01032007</arg>
<arg>X-Cnpj=11272927000105</arg>
<arg>content-type=application/json</arg>
<doc>Creates and returns a dictionary based on the given ``items``.</doc>
<msg timestamp="20220620 17:06:16.832" level="INFO">${headers} = {'X-Token': '01032007', 'X-Cnpj': '11272927000105', 'content-type': 'application/json'}</msg>
<status status="PASS" starttime="20220620 17:06:16.832" endtime="20220620 17:06:16.832"/>
</kw>
<kw name="POST" library="RequestsLibrary">
<var>${response}</var>
<arg>${API_USERS}/demaisDocGeradorCredito</arg>
<arg>json=${payload}</arg>
<arg>expected_status=any</arg>
<doc>Sends a POST request.</doc>
<msg timestamp="20220620 17:06:17.194" level="INFO">POST Request : url=http://www.hom.sped.cloudfiscal.com/SPED_WEB/api/knw/v2/demaisDocGeradorCredito 
 path_url=/SPED_WEB/api/knw/v2/demaisDocGeradorCredito 
 headers={'User-Agent': 'python-requests/2.27.1', 'Accept-Encoding': 'gzip, deflate', 'Accept': '*/*', 'Connection': 'keep-alive', 'Content-Length': '36', 'Content-Type': 'application/json'} 
 body=b'{"Content-Type": "application/json"}' 
 </msg>
<msg timestamp="20220620 17:06:17.194" level="INFO">POST Response : url=http://www.hom.sped.cloudfiscal.com/SPED_WEB/api/knw/v2/demaisDocGeradorCredito 
 status=400, reason=Bad Request 
 headers={'Date': 'Mon, 20 Jun 2022 20:06:17 GMT', 'Content-Type': 'text/html;charset=utf-8', 'Transfer-Encoding': 'chunked', 'Connection': 'keep-alive', 'Set-Cookie': 'AWSALB=AfH1yhHyAZhy7Qe91ul3rxtw39BoVEk31vfQlZlvpVRUIdgJMQf2OWwdUpQhe8TmfU7rZNDmhiOsjxm83J6ioReZv2T5BkN4JVtC04VSzRo1b7WqdmjQFckLVRDN; Expires=Mon, 27 Jun 2022 20:06:17 GMT; Path=/, AWSALBCORS=AfH1yhHyAZhy7Qe91ul3rxtw39BoVEk31vfQlZlvpVRUIdgJMQf2OWwdUpQhe8TmfU7rZNDmhiOsjxm83J6ioReZv2T5BkN4JVtC04VSzRo1b7WqdmjQFckLVRDN; Expires=Mon, 27 Jun 2022 20:06:17 GMT; Path=/; SameSite=None', 'Server': 'Apache-Coyote/1.1', 'Access-Control-Allow-Origin': '*', 'Access-Control-Allow-Headers': 'Access-Control-Allow-Origin, Access-Control-Allow-Headers, Access-Control-Request-Method, Access-Control-Request-Headers, origin, accept, authorization, X-Requested-With, content-type, x-fit-auth-token, x-fit-refresh-token, X-Usuario, X-Senha, X-Licenca', 'Access-Control-Allow-Methods': 'GET, OPTIONS, HEAD, PUT, POST', 'Access-Control-Request-Method': '*', 'X-Frame-Options': 'DENY', 'Content-Encoding': 'gzip', 'Vary': 'Accept-Encoding'} 
 body=&lt;html&gt;&lt;head&gt;&lt;title&gt;JBoss Web/7.0.13.Final - Error report&lt;/title&gt;&lt;style&gt;&lt;!--H1 {font-family:Tahoma,Arial,sans-serif;color:white;background-color:#525D76;font-size:22px;} H2 {font-family:Tahoma,Arial,sans-serif;color:white;background-color:#525D76;font-size:16px;} H3 {font-family:Tahoma,Arial,sans-serif;color:white;background-color:#525D76;font-size:14px;} BODY {font-family:Tahoma,Arial,sans-serif;color:black;background-color:white;} B {font-family:Tahoma,Arial,sans-serif;color:white;background-color:#525D76;} P {font-family:Tahoma,Arial,sans-serif;background:white;color:black;font-size:12px;}A {color : black;}A.name {color : black;}HR {color : #525D76;}--&gt;&lt;/style&gt; &lt;/head&gt;&lt;body&gt;&lt;h1&gt;HTTP Status 400 - org.codehaus.jackson.map.exc.UnrecognizedPropertyException: Unrecognized field &amp;quot;Content-Type&amp;quot; (Class com.cloudfiscal.integracao.blocoF.IntegracaoSCF100List), not marked as ignorable
 at [Source: org.apache.catalina.connector.CoyoteInputStream@54c024f1; line: 1, column: 19] (through reference chain: com.cloudfiscal.integracao.blocoF.IntegracaoSCF100List[&amp;quot;Content-Type&amp;quot;])&lt;/h1&gt;&lt;HR size="1" noshade="noshade"&gt;&lt;p&gt;&lt;b&gt;type&lt;/b&gt; Status report&lt;/p&gt;&lt;p&gt;&lt;b&gt;message&lt;/b&gt; &lt;u&gt;org.codehaus.jackson.map.exc.UnrecognizedPropertyException: Unrecognized field &amp;quot;Content-Type&amp;quot; (Class com.cloudfiscal.integracao.blocoF.IntegracaoSCF100List), not marked as ignorable
 at [Source: org.apache.catalina.connector.CoyoteInputStream@54c024f1; line: 1, column: 19] (through reference chain: com.cloudfiscal.integracao.blocoF.IntegracaoSCF100List[&amp;quot;Content-Type&amp;quot;])&lt;/u&gt;&lt;/p&gt;&lt;p&gt;&lt;b&gt;description&lt;/b&gt; &lt;u&gt;The request sent by the client was syntactically incorrect (org.codehaus.jackson.map.exc.UnrecognizedPropertyException: Unrecognized field &amp;quot;Content-Type&amp;quot; (Class com.cloudfiscal.integracao.blocoF.IntegracaoSCF100List), not marked as ignorable
 at [Source: org.apache.catalina.connector.CoyoteInputStream@54c024f1; line: 1, column: 19] (through reference chain: com.cloudfiscal.integracao.blocoF.IntegracaoSCF100List[&amp;quot;Content-Type&amp;quot;])).&lt;/u&gt;&lt;/p&gt;&lt;HR size="1" noshade="noshade"&gt;&lt;h3&gt;JBoss Web/7.0.13.Final&lt;/h3&gt;&lt;/body&gt;&lt;/html&gt; 
 </msg>
<msg timestamp="20220620 17:06:17.194" level="INFO">${response} = &lt;Response [400]&gt;</msg>
<status status="PASS" starttime="20220620 17:06:16.833" endtime="20220620 17:06:17.194"/>
</kw>
<kw name="POST" library="RequestsLibrary">
<var>${response}</var>
<arg>${API_USERS2}/demaisDocGeradorCredito</arg>
<arg>json=${payload}</arg>
<arg>expected_status=any</arg>
<arg>data={"objetos":[{"knwScF100":{"COD_EMPRESA":0,"COD_FILIAL":0,"ID_USUARIO_IMP":"string","CD_PLANO_CONTA":"string","chave_REGISTRO":"string","DS_COMPLEMENTAR":"string","CD_PROD_SERV":"string","ALIQ_PIS":0,"ALIQ_COFINS":0,"DT_OPERACAO":"2022-03-22T14:55:38.905Z","CD_437":"string","DM_ORIGEM_CRED":"string","VL_OPERACAO":0,"CD_433":"string","VL_BC_PIS":0,"VL_PIS":0,"CD_434":"string","VL_BC_COFINS":0,"VL_COFINS":0,"CD_CCUSTO_DESP":"string","DM_OPERACAO":"string","CD_PESSOA":"string"}}]}</arg>
<arg>headers=${ headers }</arg>
<doc>Sends a POST request.</doc>
<msg timestamp="20220620 17:06:17.614" level="INFO">POST Request : url=http://www.qa.sped.cloudfiscal.com/SPED_WEB/api/knw/v2/demaisDocGeradorCredito 
 path_url=/SPED_WEB/api/knw/v2/demaisDocGeradorCredito 
 headers={'User-Agent': 'python-requests/2.27.1', 'Accept-Encoding': 'gzip, deflate', 'Accept': '*/*', 'Connection': 'keep-alive', 'X-Token': '01032007', 'X-Cnpj': '11272927000105', 'content-type': 'application/json', 'Content-Length': '481'} 
 body={"objetos":[{"knwScF100":{"COD_EMPRESA":0,"COD_FILIAL":0,"ID_USUARIO_IMP":"string","CD_PLANO_CONTA":"string","chave_REGISTRO":"string","DS_COMPLEMENTAR":"string","CD_PROD_SERV":"string","ALIQ_PIS":0,"ALIQ_COFINS":0,"DT_OPERACAO":"2022-03-22T14:55:38.905Z","CD_437":"string","DM_ORIGEM_CRED":"string","VL_OPERACAO":0,"CD_433":"string","VL_BC_PIS":0,"VL_PIS":0,"CD_434":"string","VL_BC_COFINS":0,"VL_COFINS":0,"CD_CCUSTO_DESP":"string","DM_OPERACAO":"string","CD_PESSOA":"string"}}]} 
 </msg>
<msg timestamp="20220620 17:06:17.614" level="INFO">POST Response : url=http://www.qa.sped.cloudfiscal.com/SPED_WEB/api/knw/v2/demaisDocGeradorCredito 
 status=200, reason=OK 
 headers={'Date': 'Mon, 20 Jun 2022 20:06:17 GMT', 'Content-Type': 'application/json', 'Transfer-Encoding': 'chunked', 'Connection': 'keep-alive', 'Set-Cookie': 'AWSALB=4nSchmbtommXE90PsI1naabR7hfak/wZ8+5tbPUEk11BVGIva/8V6jcEzKlrKC26eenmZo7QKM8eaXisJ3ZHewn9fZFtPTo1pMrGba3HEYh0PJMNcqW3TFcxajiZ; Expires=Mon, 27 Jun 2022 20:06:17 GMT; Path=/, AWSALBCORS=4nSchmbtommXE90PsI1naabR7hfak/wZ8+5tbPUEk11BVGIva/8V6jcEzKlrKC26eenmZo7QKM8eaXisJ3ZHewn9fZFtPTo1pMrGba3HEYh0PJMNcqW3TFcxajiZ; Expires=Mon, 27 Jun 2022 20:06:17 GMT; Path=/; SameSite=None', 'Server': 'Apache-Coyote/1.1', 'Access-Control-Allow-Origin': '*', 'Access-Control-Allow-Headers': 'Access-Control-Allow-Origin, Access-Control-Allow-Headers, Access-Control-Request-Method, Access-Control-Request-Headers, origin, accept, authorization, X-Requested-With, content-type, x-fit-auth-token, x-fit-refresh-token, X-Usuario, X-Senha, X-Licenca', 'Access-Control-Allow-Methods': 'GET, OPTIONS, HEAD, PUT, POST', 'Access-Control-Request-Method': '*', 'X-Frame-Options': 'DENY'} 
 body={"sucesso":false,"erro":"Integração processada com erros.","mensagens":["2 - Empresa não encontrada: 0 - 0"],"payload":null} 
 </msg>
<msg timestamp="20220620 17:06:17.614" level="INFO">${response} = &lt;Response [200]&gt;</msg>
<status status="PASS" starttime="20220620 17:06:17.194" endtime="20220620 17:06:17.614"/>
</kw>
<msg timestamp="20220620 17:06:17.614" level="INFO">${response} = &lt;Response [200]&gt;</msg>
<status status="PASS" starttime="20220620 17:06:16.832" endtime="20220620 17:06:17.614"/>
</kw>
<kw name="Status Should Be" library="RequestsLibrary">
<arg>200</arg>
<arg>${response}</arg>
<doc>Fails if response status code is different than the expected.</doc>
<status status="PASS" starttime="20220620 17:06:17.615" endtime="20220620 17:06:17.615"/>
</kw>
<status status="PASS" starttime="20220620 17:06:16.829" endtime="20220620 17:06:17.616"/>
</test>
<doc>Suite de testes Gerador de Credito</doc>
<status status="PASS" starttime="20220620 17:06:16.804" endtime="20220620 17:06:17.617"/>
</suite>
<suite id="s1-s6" name="Estoque Escriturado Suite" source="C:\Sovos\cloud_fiscal\API_KNW\tests\Estoque_Escriturado_Suite.robot">
<test id="s1-s6-t1" name="Atualizar NF C100" line="10">
<kw name="Create Dictionary" library="BuiltIn">
<var>${payload}</var>
<arg>Content-Type=application/json</arg>
<doc>Creates and returns a dictionary based on the given ``items``.</doc>
<msg timestamp="20220620 17:06:17.640" level="INFO">${payload} = {'Content-Type': 'application/json'}</msg>
<status status="PASS" starttime="20220620 17:06:17.640" endtime="20220620 17:06:17.640"/>
</kw>
<kw name="POST Estoque Escriturado" library="Estoque_Escriturado">
<var>${response}</var>
<arg>${payload}</arg>
<kw name="Create Dictionary" library="BuiltIn">
<var>${headers}</var>
<arg>X-Token=01032007</arg>
<arg>X-Cnpj=11272927000105</arg>
<arg>content-type=application/json</arg>
<doc>Creates and returns a dictionary based on the given ``items``.</doc>
<msg timestamp="20220620 17:06:17.641" level="INFO">${headers} = {'X-Token': '01032007', 'X-Cnpj': '11272927000105', 'content-type': 'application/json'}</msg>
<status status="PASS" starttime="20220620 17:06:17.641" endtime="20220620 17:06:17.641"/>
</kw>
<kw name="POST" library="RequestsLibrary">
<var>${response}</var>
<arg>${API_USERS}/estoqueEscriturado</arg>
<arg>json=${payload}</arg>
<arg>expected_status=any</arg>
<doc>Sends a POST request.</doc>
<msg timestamp="20220620 17:06:18.096" level="INFO">POST Request : url=http://www.hom.sped.cloudfiscal.com/SPED_WEB/api/knw/v2/estoqueEscriturado 
 path_url=/SPED_WEB/api/knw/v2/estoqueEscriturado 
 headers={'User-Agent': 'python-requests/2.27.1', 'Accept-Encoding': 'gzip, deflate', 'Accept': '*/*', 'Connection': 'keep-alive', 'Content-Length': '36', 'Content-Type': 'application/json'} 
 body=b'{"Content-Type": "application/json"}' 
 </msg>
<msg timestamp="20220620 17:06:18.096" level="INFO">POST Response : url=http://www.hom.sped.cloudfiscal.com/SPED_WEB/api/knw/v2/estoqueEscriturado 
 status=400, reason=Bad Request 
 headers={'Date': 'Mon, 20 Jun 2022 20:06:18 GMT', 'Content-Type': 'text/html;charset=utf-8', 'Transfer-Encoding': 'chunked', 'Connection': 'keep-alive', 'Set-Cookie': 'AWSALB=AgPwj8lE6vU8dJAX6K8/g3lhHg6+Qr61wO03hveK+x8S+XbFSdpEUf/M4K0hum2Mvmlz6wj3ffLHUu3szQM4SK8yAeGyYXgYJtxOJFzIYKSXx9SePZTSJT3bzRxx; Expires=Mon, 27 Jun 2022 20:06:17 GMT; Path=/, AWSALBCORS=AgPwj8lE6vU8dJAX6K8/g3lhHg6+Qr61wO03hveK+x8S+XbFSdpEUf/M4K0hum2Mvmlz6wj3ffLHUu3szQM4SK8yAeGyYXgYJtxOJFzIYKSXx9SePZTSJT3bzRxx; Expires=Mon, 27 Jun 2022 20:06:17 GMT; Path=/; SameSite=None', 'Server': 'Apache-Coyote/1.1', 'Access-Control-Allow-Origin': '*', 'Access-Control-Allow-Headers': 'Access-Control-Allow-Origin, Access-Control-Allow-Headers, Access-Control-Request-Method, Access-Control-Request-Headers, origin, accept, authorization, X-Requested-With, content-type, x-fit-auth-token, x-fit-refresh-token, X-Usuario, X-Senha, X-Licenca', 'Access-Control-Allow-Methods': 'GET, OPTIONS, HEAD, PUT, POST', 'Access-Control-Request-Method': '*', 'X-Frame-Options': 'DENY', 'Content-Encoding': 'gzip', 'Vary': 'Accept-Encoding'} 
 body=&lt;html&gt;&lt;head&gt;&lt;title&gt;JBoss Web/7.0.13.Final - Error report&lt;/title&gt;&lt;style&gt;&lt;!--H1 {font-family:Tahoma,Arial,sans-serif;color:white;background-color:#525D76;font-size:22px;} H2 {font-family:Tahoma,Arial,sans-serif;color:white;background-color:#525D76;font-size:16px;} H3 {font-family:Tahoma,Arial,sans-serif;color:white;background-color:#525D76;font-size:14px;} BODY {font-family:Tahoma,Arial,sans-serif;color:black;background-color:white;} B {font-family:Tahoma,Arial,sans-serif;color:white;background-color:#525D76;} P {font-family:Tahoma,Arial,sans-serif;background:white;color:black;font-size:12px;}A {color : black;}A.name {color : black;}HR {color : #525D76;}--&gt;&lt;/style&gt; &lt;/head&gt;&lt;body&gt;&lt;h1&gt;HTTP Status 400 - org.codehaus.jackson.map.exc.UnrecognizedPropertyException: Unrecognized field &amp;quot;Content-Type&amp;quot; (Class com.cloudfiscal.integracao.blocoK.IntegracaoSFK200List), not marked as ignorable
 at [Source: org.apache.catalina.connector.CoyoteInputStream@3732ea52; line: 1, column: 19] (through reference chain: com.cloudfiscal.integracao.blocoK.IntegracaoSFK200List[&amp;quot;Content-Type&amp;quot;])&lt;/h1&gt;&lt;HR size="1" noshade="noshade"&gt;&lt;p&gt;&lt;b&gt;type&lt;/b&gt; Status report&lt;/p&gt;&lt;p&gt;&lt;b&gt;message&lt;/b&gt; &lt;u&gt;org.codehaus.jackson.map.exc.UnrecognizedPropertyException: Unrecognized field &amp;quot;Content-Type&amp;quot; (Class com.cloudfiscal.integracao.blocoK.IntegracaoSFK200List), not marked as ignorable
 at [Source: org.apache.catalina.connector.CoyoteInputStream@3732ea52; line: 1, column: 19] (through reference chain: com.cloudfiscal.integracao.blocoK.IntegracaoSFK200List[&amp;quot;Content-Type&amp;quot;])&lt;/u&gt;&lt;/p&gt;&lt;p&gt;&lt;b&gt;description&lt;/b&gt; &lt;u&gt;The request sent by the client was syntactically incorrect (org.codehaus.jackson.map.exc.UnrecognizedPropertyException: Unrecognized field &amp;quot;Content-Type&amp;quot; (Class com.cloudfiscal.integracao.blocoK.IntegracaoSFK200List), not marked as ignorable
 at [Source: org.apache.catalina.connector.CoyoteInputStream@3732ea52; line: 1, column: 19] (through reference chain: com.cloudfiscal.integracao.blocoK.IntegracaoSFK200List[&amp;quot;Content-Type&amp;quot;])).&lt;/u&gt;&lt;/p&gt;&lt;HR size="1" noshade="noshade"&gt;&lt;h3&gt;JBoss Web/7.0.13.Final&lt;/h3&gt;&lt;/body&gt;&lt;/html&gt; 
 </msg>
<msg timestamp="20220620 17:06:18.096" level="INFO">${response} = &lt;Response [400]&gt;</msg>
<status status="PASS" starttime="20220620 17:06:17.641" endtime="20220620 17:06:18.097"/>
</kw>
<kw name="POST" library="RequestsLibrary">
<var>${response}</var>
<arg>${API_USERS2}/estoqueEscriturado</arg>
<arg>json=${payload}</arg>
<arg>expected_status=any</arg>
<arg>data="{"objetos":[{"knwK200":{"COD_EMPRESA":0,"COD_FILIAL":0,"ID_USUARIO_IMP":"string","CD_PESSOA":"string","CD_PRODUTO_SERVICO":"string","QTDE":0,"DM_ESTOQUE":"string","DT_EST_FINAL":"2022-04-26T18:59:14.686Z"},"knw0150":{"COD_EMPRESA":0,"COD_FILIAL":0,"ID_USUARIO_IMP":"string","DT_INICIAL":"2022-04-26T18:59:14.686Z","DT_IMPORTACAO":"2022-04-26T18:59:14.686Z","chave_REGISTRO":"string","CD_PESSOA":"string","NM_RAZAO_SOCIAL":"string","DS_ENDERECO":"string","DS_BAIRRO":"string","NR_CEP":"string","NR_CNPJ_CPF":"string","NR_INSCR_EST":"string","NR_INSCR_MUNIC":"string","NR_CEI":"string","NR_INSCR_SUBST":"string","CD_SUFRAMA":"string","NR_NUMERO":"string","NR_CEP_CP":"string","DS_COMPLEMENTO":"string","NR_CP":"string","NR_FONE":"string","NR_FAX":"string","DM_RELACIONADO":"string","DT_INI_REL":"2022-04-26T18:59:14.686Z","DT_FIN_REL":"2022-04-26T18:59:14.686Z","NR_NIT":"string","CD_CNAE":"string","NR_CATEGORIA":"string","CD_MUNICIPIO":"string","CD_PAIS":"string","DS_EMAIL":"string","DM_NATUREZA_EMPRESA":"string","DM_REGIME_TRIBUTARIO":"string","NM_TP_LOGRADOURO":"string","NM_TITULO_LOGRADOURO":"string","DM_CONTRIBUINTE":"string"},"knw0190":{"COD_EMPRESA":0,"COD_FILIAL":0,"ID_USUARIO_IMP":"string","DT_INICIAL":"2022-04-26T18:59:14.686Z","DT_IMPORTACAO":"2022-04-26T18:59:14.686Z","chave_REGISTRO":"string","DS_UNIDADE":"string","DS_DESCRICAO":"string"},"knw0200":{"COD_EMPRESA":0,"COD_FILIAL":0,"ID_USUARIO_IMP":"string","CD_PLANO_CONTA":"string","DT_INICIAL":"2022-04-26T18:59:14.686Z","DT_IMPORTACAO":"2022-04-26T18:59:14.686Z","chave_REGISTRO":"string","CD_PRODUTO_SERV":"string","DS_PRODUTO_SERV":"string","UNIDADE":"string","CD_SIT_TRIBUTAR_ICMS":"string","ALIQ_ICMS":0,"PERC_RED_BA_ICMS":0,"DM_PRODUTO_VENDA":"string","CD_LST":"string","CD_NCM":"string","CD_GENERO":"string","DM_TIPO_ITEM":"string","CD_331_EX_IPI":"string","CD_BARRA":"string","NR_CEST":"string","DM_ORIGEM_PRODUTO":"string","CD_CENTRO_CUSTO":"string","CD_SIT_TRIB_IPI":"string","CD_SIT_TRIB_PIS":"string","CD_SIT_TRIB_COFINS":"string","CD_NAT_OPERACAO":"string","ALIQ_PIS":0,"ALIQ_COFINS":0},"integracaoSFUnidadeConversaoList":[{"knw0220":{"COD_EMPRESA":0,"COD_FILIAL":0,"ID_USUARIO_IMP":"string","chave_REGISTRO":"string","CD_PROD_SERV":"string","UN_CONVERTIDA":"string","VL_FATOR_CONV":0},"knw0190":{"COD_EMPRESA":0,"COD_FILIAL":0,"ID_USUARIO_IMP":"string","DT_INICIAL":"2022-04-26T18:59:14.686Z","DT_IMPORTACAO":"2022-04-26T18:59:14.686Z","chave_REGISTRO":"string","DS_UNIDADE":"string","DS_DESCRICAO":"string"}}]}]}"</arg>
<doc>Sends a POST request.</doc>
<msg timestamp="20220620 17:06:18.522" level="INFO">POST Request : url=http://www.qa.sped.cloudfiscal.com/SPED_WEB/api/knw/v2/estoqueEscriturado 
 path_url=/SPED_WEB/api/knw/v2/estoqueEscriturado 
 headers={'User-Agent': 'python-requests/2.27.1', 'Accept-Encoding': 'gzip, deflate', 'Accept': '*/*', 'Connection': 'keep-alive', 'Content-Length': '2501'} 
 body="{"objetos":[{"knwK200":{"COD_EMPRESA":0,"COD_FILIAL":0,"ID_USUARIO_IMP":"string","CD_PESSOA":"string","CD_PRODUTO_SERVICO":"string","QTDE":0,"DM_ESTOQUE":"string","DT_EST_FINAL":"2022-04-26T18:59:14.686Z"},"knw0150":{"COD_EMPRESA":0,"COD_FILIAL":0,"ID_USUARIO_IMP":"string","DT_INICIAL":"2022-04-26T18:59:14.686Z","DT_IMPORTACAO":"2022-04-26T18:59:14.686Z","chave_REGISTRO":"string","CD_PESSOA":"string","NM_RAZAO_SOCIAL":"string","DS_ENDERECO":"string","DS_BAIRRO":"string","NR_CEP":"string","NR_CNPJ_CPF":"string","NR_INSCR_EST":"string","NR_INSCR_MUNIC":"string","NR_CEI":"string","NR_INSCR_SUBST":"string","CD_SUFRAMA":"string","NR_NUMERO":"string","NR_CEP_CP":"string","DS_COMPLEMENTO":"string","NR_CP":"string","NR_FONE":"string","NR_FAX":"string","DM_RELACIONADO":"string","DT_INI_REL":"2022-04-26T18:59:14.686Z","DT_FIN_REL":"2022-04-26T18:59:14.686Z","NR_NIT":"string","CD_CNAE":"string","NR_CATEGORIA":"string","CD_MUNICIPIO":"string","CD_PAIS":"string","DS_EMAIL":"string","DM_NATUREZA_EMPRESA":"string","DM_REGIME_TRIBUTARIO":"string","NM_TP_LOGRADOURO":"string","NM_TITULO_LOGRADOURO":"string","DM_CONTRIBUINTE":"string"},"knw0190":{"COD_EMPRESA":0,"COD_FILIAL":0,"ID_USUARIO_IMP":"string","DT_INICIAL":"2022-04-26T18:59:14.686Z","DT_IMPORTACAO":"2022-04-26T18:59:14.686Z","chave_REGISTRO":"string","DS_UNIDADE":"string","DS_DESCRICAO":"string"},"knw0200":{"COD_EMPRESA":0,"COD_FILIAL":0,"ID_USUARIO_IMP":"string","CD_PLANO_CONTA":"string","DT_INICIAL":"2022-04-26T18:59:14.686Z","DT_IMPORTACAO":"2022-04-26T18:59:14.686Z","chave_REGISTRO":"string","CD_PRODUTO_SERV":"string","DS_PRODUTO_SERV":"string","UNIDADE":"string","CD_SIT_TRIBUTAR_ICMS":"string","ALIQ_ICMS":0,"PERC_RED_BA_ICMS":0,"DM_PRODUTO_VENDA":"string","CD_LST":"string","CD_NCM":"string","CD_GENERO":"string","DM_TIPO_ITEM":"string","CD_331_EX_IPI":"string","CD_BARRA":"string","NR_CEST":"string","DM_ORIGEM_PRODUTO":"string","CD_CENTRO_CUSTO":"string","CD_SIT_TRIB_IPI":"string","CD_SIT_TRIB_PIS":"string","CD_SIT_TRIB_COFINS":"string","CD_NAT_OPERACAO":"string","ALIQ_PIS":0,"ALIQ_COFINS":0},"integracaoSFUnidadeConversaoList":[{"knw0220":{"COD_EMPRESA":0,"COD_FILIAL":0,"ID_USUARIO_IMP":"string","chave_REGISTRO":"string","CD_PROD_SERV":"string","UN_CONVERTIDA":"string","VL_FATOR_CONV":0},"knw0190":{"COD_EMPRESA":0,"COD_FILIAL":0,"ID_USUARIO_IMP":"string","DT_INICIAL":"2022-04-26T18:59:14.686Z","DT_IMPORTACAO":"2022-04-26T18:59:14.686Z","chave_REGISTRO":"string","DS_UNIDADE":"string","DS_DESCRICAO":"string"}}]}]}" 
 </msg>
<msg timestamp="20220620 17:06:18.522" level="INFO">POST Response : url=http://www.qa.sped.cloudfiscal.com/SPED_WEB/api/knw/v2/estoqueEscriturado 
 status=400, reason=Bad Request 
 headers={'Date': 'Mon, 20 Jun 2022 20:06:18 GMT', 'Content-Type': 'text/html;charset=utf-8', 'Content-Length': '1038', 'Connection': 'keep-alive', 'Set-Cookie': 'AWSALB=KdzzfludPJfWNRQy0A2qSgmjk0vjZ0+5JsUmRByk3orDY+D9fB5FMmJjxG1fjrsvWZQXlAIP6tqf0zAtDcGvO2KaRW2EvlXU0g10hqj4/0hKQS8xQA/O8jlLuBZQ; Expires=Mon, 27 Jun 2022 20:06:18 GMT; Path=/, AWSALBCORS=KdzzfludPJfWNRQy0A2qSgmjk0vjZ0+5JsUmRByk3orDY+D9fB5FMmJjxG1fjrsvWZQXlAIP6tqf0zAtDcGvO2KaRW2EvlXU0g10hqj4/0hKQS8xQA/O8jlLuBZQ; Expires=Mon, 27 Jun 2022 20:06:18 GMT; Path=/; SameSite=None', 'Server': 'Apache-Coyote/1.1', 'Access-Control-Allow-Origin': '*', 'Access-Control-Allow-Headers': 'Access-Control-Allow-Origin, Access-Control-Allow-Headers, Access-Control-Request-Method, Access-Control-Request-Headers, origin, accept, authorization, X-Requested-With, content-type, x-fit-auth-token, x-fit-refresh-token, X-Usuario, X-Senha, X-Licenca', 'Access-Control-Allow-Methods': 'GET, OPTIONS, HEAD, PUT, POST', 'Access-Control-Request-Method': '*', 'X-Frame-Options': 'DENY'} 
 body=&lt;html&gt;&lt;head&gt;&lt;title&gt;JBoss Web/7.0.13.Final - Error report&lt;/title&gt;&lt;style&gt;&lt;!--H1 {font-family:Tahoma,Arial,sans-serif;color:white;background-color:#525D76;font-size:22px;} H2 {font-family:Tahoma,Arial,sans-serif;color:white;background-color:#525D76;font-size:16px;} H3 {font-family:Tahoma,Arial,sans-serif;color:white;background-color:#525D76;font-size:14px;} BODY {font-family:Tahoma,Arial,sans-serif;color:black;background-color:white;} B {font-family:Tahoma,Arial,sans-serif;color:white;background-color:#525D76;} P {font-family:Tahoma,Arial,sans-serif;background:white;color:black;font-size:12px;}A {color : black;}A.name {color : black;}HR {color : #525D76;}--&gt;&lt;/style&gt; &lt;/head&gt;&lt;body&gt;&lt;h1&gt;HTTP Status 400 - Failed to decode Yaml&lt;/h1&gt;&lt;HR size="1" noshade="noshade"&gt;&lt;p&gt;&lt;b&gt;type&lt;/b&gt; Status report&lt;/p&gt;&lt;p&gt;&lt;b&gt;message&lt;/b&gt; &lt;u&gt;Failed to decode Yaml&lt;/u&gt;&lt;/p&gt;&lt;p&gt;&lt;b&gt;description&lt;/b&gt; &lt;u&gt;The request sent by the client was syntactically incorrect (Failed to decode Yaml).&lt;/u&gt;&lt;/p&gt;&lt;HR size="1" noshade="noshade"&gt;&lt;h3&gt;JBoss Web/7.0.13.Final&lt;/h3&gt;&lt;/body&gt;&lt;/html&gt; 
 </msg>
<msg timestamp="20220620 17:06:18.522" level="INFO">${response} = &lt;Response [400]&gt;</msg>
<status status="PASS" starttime="20220620 17:06:18.097" endtime="20220620 17:06:18.522"/>
</kw>
<msg timestamp="20220620 17:06:18.523" level="INFO">${response} = &lt;Response [400]&gt;</msg>
<status status="PASS" starttime="20220620 17:06:17.640" endtime="20220620 17:06:18.523"/>
</kw>
<kw name="Status Should Be" library="RequestsLibrary">
<arg>200</arg>
<arg>${response}</arg>
<doc>Fails if response status code is different than the expected.</doc>
<msg timestamp="20220620 17:06:18.524" level="FAIL">Url: http://www.qa.sped.cloudfiscal.com/SPED_WEB/api/knw/v2/estoqueEscriturado Expected status: 400 != 200</msg>
<status status="FAIL" starttime="20220620 17:06:18.523" endtime="20220620 17:06:18.526"/>
</kw>
<status status="FAIL" starttime="20220620 17:06:17.639" endtime="20220620 17:06:18.527">Url: http://www.qa.sped.cloudfiscal.com/SPED_WEB/api/knw/v2/estoqueEscriturado Expected status: 400 != 200</status>
</test>
<doc>Suite de testes Estoque Escriturado</doc>
<status status="FAIL" starttime="20220620 17:06:17.618" endtime="20220620 17:06:18.529"/>
</suite>
<suite id="s1-s7" name="Exportacoes Suite" source="C:\Sovos\cloud_fiscal\API_KNW\tests\Exportacoes_Suite.robot">
<test id="s1-s7-t1" name="Exportacoes" line="10">
<kw name="Create Dictionary" library="BuiltIn">
<var>${payload}</var>
<arg>Content-Type=application/json</arg>
<doc>Creates and returns a dictionary based on the given ``items``.</doc>
<msg timestamp="20220620 17:06:18.554" level="INFO">${payload} = {'Content-Type': 'application/json'}</msg>
<status status="PASS" starttime="20220620 17:06:18.554" endtime="20220620 17:06:18.554"/>
</kw>
<kw name="POST Exportacao" library="Exportacoes">
<var>${response}</var>
<arg>${payload}</arg>
<kw name="Create Dictionary" library="BuiltIn">
<var>${headers}</var>
<arg>X-Token=01032007</arg>
<arg>X-Cnpj=11272927000105</arg>
<arg>content-type=application/json</arg>
<doc>Creates and returns a dictionary based on the given ``items``.</doc>
<msg timestamp="20220620 17:06:18.555" level="INFO">${headers} = {'X-Token': '01032007', 'X-Cnpj': '11272927000105', 'content-type': 'application/json'}</msg>
<status status="PASS" starttime="20220620 17:06:18.554" endtime="20220620 17:06:18.555"/>
</kw>
<kw name="POST" library="RequestsLibrary">
<var>${response}</var>
<arg>${API_USERS}/exportacoes</arg>
<arg>json=${payload}</arg>
<arg>expected_status=any</arg>
<doc>Sends a POST request.</doc>
<msg timestamp="20220620 17:06:18.975" level="INFO">POST Request : url=http://www.hom.sped.cloudfiscal.com/SPED_WEB/api/knw/v2/exportacoes 
 path_url=/SPED_WEB/api/knw/v2/exportacoes 
 headers={'User-Agent': 'python-requests/2.27.1', 'Accept-Encoding': 'gzip, deflate', 'Accept': '*/*', 'Connection': 'keep-alive', 'Content-Length': '36', 'Content-Type': 'application/json'} 
 body=b'{"Content-Type": "application/json"}' 
 </msg>
<msg timestamp="20220620 17:06:18.975" level="INFO">POST Response : url=http://www.hom.sped.cloudfiscal.com/SPED_WEB/api/knw/v2/exportacoes 
 status=400, reason=Bad Request 
 headers={'Date': 'Mon, 20 Jun 2022 20:06:18 GMT', 'Content-Type': 'text/html;charset=utf-8', 'Transfer-Encoding': 'chunked', 'Connection': 'keep-alive', 'Set-Cookie': 'AWSALB=CVWlqLF09O5me5yfNgtBBkrX9DY/i5Nk7wtUUDosVnPzGNWaG5q+zhZKJN6FhuekIB541Dlw0Z7eC+PEPP44W2CP+oE2IbRNlszYHJNoA6sylUcF/R+Y3YtulMis; Expires=Mon, 27 Jun 2022 20:06:18 GMT; Path=/, AWSALBCORS=CVWlqLF09O5me5yfNgtBBkrX9DY/i5Nk7wtUUDosVnPzGNWaG5q+zhZKJN6FhuekIB541Dlw0Z7eC+PEPP44W2CP+oE2IbRNlszYHJNoA6sylUcF/R+Y3YtulMis; Expires=Mon, 27 Jun 2022 20:06:18 GMT; Path=/; SameSite=None', 'Server': 'Apache-Coyote/1.1', 'Access-Control-Allow-Origin': '*', 'Access-Control-Allow-Headers': 'Access-Control-Allow-Origin, Access-Control-Allow-Headers, Access-Control-Request-Method, Access-Control-Request-Headers, origin, accept, authorization, X-Requested-With, content-type, x-fit-auth-token, x-fit-refresh-token, X-Usuario, X-Senha, X-Licenca', 'Access-Control-Allow-Methods': 'GET, OPTIONS, HEAD, PUT, POST', 'Access-Control-Request-Method': '*', 'X-Frame-Options': 'DENY', 'Content-Encoding': 'gzip', 'Vary': 'Accept-Encoding'} 
 body=&lt;html&gt;&lt;head&gt;&lt;title&gt;JBoss Web/7.0.13.Final - Error report&lt;/title&gt;&lt;style&gt;&lt;!--H1 {font-family:Tahoma,Arial,sans-serif;color:white;background-color:#525D76;font-size:22px;} H2 {font-family:Tahoma,Arial,sans-serif;color:white;background-color:#525D76;font-size:16px;} H3 {font-family:Tahoma,Arial,sans-serif;color:white;background-color:#525D76;font-size:14px;} BODY {font-family:Tahoma,Arial,sans-serif;color:black;background-color:white;} B {font-family:Tahoma,Arial,sans-serif;color:white;background-color:#525D76;} P {font-family:Tahoma,Arial,sans-serif;background:white;color:black;font-size:12px;}A {color : black;}A.name {color : black;}HR {color : #525D76;}--&gt;&lt;/style&gt; &lt;/head&gt;&lt;body&gt;&lt;h1&gt;HTTP Status 400 - org.codehaus.jackson.map.exc.UnrecognizedPropertyException: Unrecognized field &amp;quot;Content-Type&amp;quot; (Class com.cloudfiscal.integracao.bloco1.IntegracaoSF1100List), not marked as ignorable
 at [Source: org.apache.catalina.connector.CoyoteInputStream@5f09911c; line: 1, column: 19] (through reference chain: com.cloudfiscal.integracao.bloco1.IntegracaoSF1100List[&amp;quot;Content-Type&amp;quot;])&lt;/h1&gt;&lt;HR size="1" noshade="noshade"&gt;&lt;p&gt;&lt;b&gt;type&lt;/b&gt; Status report&lt;/p&gt;&lt;p&gt;&lt;b&gt;message&lt;/b&gt; &lt;u&gt;org.codehaus.jackson.map.exc.UnrecognizedPropertyException: Unrecognized field &amp;quot;Content-Type&amp;quot; (Class com.cloudfiscal.integracao.bloco1.IntegracaoSF1100List), not marked as ignorable
[...]
 </msg>
<msg timestamp="20220620 17:06:29.183" level="INFO">${response} = &lt;Response [400]&gt;</msg>
<status status="PASS" starttime="20220620 17:06:28.802" endtime="20220620 17:06:29.183"/>
</kw>
<kw name="POST" library="RequestsLibrary">
<var>${response}</var>
<arg>${API_USERS2}/contribuicaoRetidaFonte</arg>
<arg>json=${payload}</arg>
<arg>expected_status=any</arg>
<arg>data={"objetos":[{"knwScF600":{"COD_EMPRESA":1,"COD_FILIAL":1,"ID_USUARIO_IMP":"NETSUITE NFSE ITG","chave_REGISTRO":"5952","DT_REFERENCIA":"2022-06-1T15:02:50.764Z","DM_NAT_RETENCAO":"1","DT_REC_RETENCAO":"2021-09-25T07:00:00.000Z","VL_BC_RETENCAO":100.00,"VL_RETIDO_FONT":1922.3600000000001,"CD_RECEITA":"5952","DM_NAT_RECEITA":"1","NR_CNPJ_FONTE":"02359572000455","VL_RETIDO_PIS":706.06,"VL_RETIDO_COFINS":3515.64,"DM_DECLARANTE":"0"}}]}</arg>
<arg>headers=${ headers }</arg>
<doc>Sends a POST request.</doc>
<msg timestamp="20220620 17:06:29.543" level="INFO">POST Request : url=http://www.qa.sped.cloudfiscal.com/SPED_WEB/api/knw/v2/contribuicaoRetidaFonte 
 path_url=/SPED_WEB/api/knw/v2/contribuicaoRetidaFonte 
 headers={'User-Agent': 'python-requests/2.27.1', 'Accept-Encoding': 'gzip, deflate', 'Accept': '*/*', 'Connection': 'keep-alive', 'X-Token': '01032007', 'X-Cnpj': '11272927000105', 'content-type': 'application/json', 'Content-Length': '434'} 
 body={"objetos":[{"knwScF600":{"COD_EMPRESA":1,"COD_FILIAL":1,"ID_USUARIO_IMP":"NETSUITE NFSE ITG","chave_REGISTRO":"5952","DT_REFERENCIA":"2022-06-1T15:02:50.764Z","DM_NAT_RETENCAO":"1","DT_REC_RETENCAO":"2021-09-25T07:00:00.000Z","VL_BC_RETENCAO":100.00,"VL_RETIDO_FONT":1922.3600000000001,"CD_RECEITA":"5952","DM_NAT_RECEITA":"1","NR_CNPJ_FONTE":"02359572000455","VL_RETIDO_PIS":706.06,"VL_RETIDO_COFINS":3515.64,"DM_DECLARANTE":"0"}}]} 
 </msg>
<msg timestamp="20220620 17:06:29.543" level="INFO">POST Response : url=http://www.qa.sped.cloudfiscal.com/SPED_WEB/api/knw/v2/contribuicaoRetidaFonte 
 status=200, reason=OK 
 headers={'Date': 'Mon, 20 Jun 2022 20:06:29 GMT', 'Content-Type': 'application/json', 'Transfer-Encoding': 'chunked', 'Connection': 'keep-alive', 'Set-Cookie': 'AWSALB=R6KBikOq9vicZ/YfYPdlDRv+7/Jg823hIhBGcZGjEzFhADXrihoKLVXgz46/zxxu2dYeew1+qlOLLK3a/zZlt8EcP6Cbk74AWp0+QiIeOq4MyH7EaREjxuo2ptCt; Expires=Mon, 27 Jun 2022 20:06:29 GMT; Path=/, AWSALBCORS=R6KBikOq9vicZ/YfYPdlDRv+7/Jg823hIhBGcZGjEzFhADXrihoKLVXgz46/zxxu2dYeew1+qlOLLK3a/zZlt8EcP6Cbk74AWp0+QiIeOq4MyH7EaREjxuo2ptCt; Expires=Mon, 27 Jun 2022 20:06:29 GMT; Path=/; SameSite=None', 'Server': 'Apache-Coyote/1.1', 'Access-Control-Allow-Origin': '*', 'Access-Control-Allow-Headers': 'Access-Control-Allow-Origin, Access-Control-Allow-Headers, Access-Control-Request-Method, Access-Control-Request-Headers, origin, accept, authorization, X-Requested-With, content-type, x-fit-auth-token, x-fit-refresh-token, X-Usuario, X-Senha, X-Licenca', 'Access-Control-Allow-Methods': 'GET, OPTIONS, HEAD, PUT, POST', 'Access-Control-Request-Method': '*', 'X-Frame-Options': 'DENY'} 
 body={"sucesso":true,"erro":null,"mensagens":null,"payload":null} 
 </msg>
<msg timestamp="20220620 17:06:29.543" level="INFO">${response} = &lt;Response [200]&gt;</msg>
<status status="PASS" starttime="20220620 17:06:29.183" endtime="20220620 17:06:29.543"/>
</kw>
<msg timestamp="20220620 17:06:29.543" level="INFO">${response} = &lt;Response [200]&gt;</msg>
<status status="PASS" starttime="20220620 17:06:28.801" endtime="20220620 17:06:29.543"/>
</kw>
<kw name="Status Should Be" library="RequestsLibrary">
<arg>200</arg>
<arg>${response}</arg>
<doc>Fails if response status code is different than the expected.</doc>
<status status="PASS" starttime="20220620 17:06:29.544" endtime="20220620 17:06:29.544"/>
</kw>
<kw name="Should Be Equal" library="BuiltIn">
<arg>${response.json()}[sucesso]</arg>
<arg>${true}</arg>
<doc>Fails if the given objects are unequal.</doc>
<status status="PASS" starttime="20220620 17:06:29.544" endtime="20220620 17:06:29.545"/>
</kw>
<status status="PASS" starttime="20220620 17:06:28.800" endtime="20220620 17:06:29.545"/>
</test>
<doc>Session route test suite</doc>
<status status="PASS" starttime="20220620 17:06:28.778" endtime="20220620 17:06:29.546"/>
</suite>
<suite id="s1-s16" name="Saldos Periodicos" source="C:\Sovos\cloud_fiscal\API_KNW\tests\Saldos_Periodicos.robot">
<test id="s1-s16-t1" name="POST Saldos Periodicos" line="10">
<kw name="Create Dictionary" library="BuiltIn">
<var>${payload}</var>
<arg>Content-Type=application/json</arg>
<doc>Creates and returns a dictionary based on the given ``items``.</doc>
<msg timestamp="20220620 17:06:29.572" level="INFO">${payload} = {'Content-Type': 'application/json'}</msg>
<status status="PASS" starttime="20220620 17:06:29.571" endtime="20220620 17:06:29.572"/>
</kw>
<kw name="POST Saldos Periodicos" library="Saldos_Periodicos">
<var>${response}</var>
<arg>${payload}</arg>
<kw name="Create Dictionary" library="BuiltIn">
<var>${headers}</var>
<arg>X-Token=01032007</arg>
<arg>X-Cnpj=11272927000105</arg>
<arg>content-type=application/json</arg>
<doc>Creates and returns a dictionary based on the given ``items``.</doc>
<msg timestamp="20220620 17:06:29.573" level="INFO">${headers} = {'X-Token': '01032007', 'X-Cnpj': '11272927000105', 'content-type': 'application/json'}</msg>
<status status="PASS" starttime="20220620 17:06:29.573" endtime="20220620 17:06:29.573"/>
</kw>
<kw name="POST" library="RequestsLibrary">
<var>${response}</var>
<arg>${API_USERS}/saldosPeriodicos</arg>
<arg>json=${payload}</arg>
<arg>expected_status=any</arg>
<doc>Sends a POST request.</doc>
<msg timestamp="20220620 17:06:29.990" level="INFO">POST Request : url=http://www.hom.sped.cloudfiscal.com/SPED_WEB/api/knw/v2/saldosPeriodicos 
 path_url=/SPED_WEB/api/knw/v2/saldosPeriodicos 
 headers={'User-Agent': 'python-requests/2.27.1', 'Accept-Encoding': 'gzip, deflate', 'Accept': '*/*', 'Connection': 'keep-alive', 'Content-Length': '36', 'Content-Type': 'application/json'} 
 body=b'{"Content-Type": "application/json"}' 
 </msg>
<msg timestamp="20220620 17:06:29.990" level="INFO">POST Response : url=http://www.hom.sped.cloudfiscal.com/SPED_WEB/api/knw/v2/saldosPeriodicos 
 status=400, reason=Bad Request 
 headers={'Date': 'Mon, 20 Jun 2022 20:06:29 GMT', 'Content-Type': 'text/html;charset=utf-8', 'Transfer-Encoding': 'chunked', 'Connection': 'keep-alive', 'Set-Cookie': 'AWSALB=2qVxS2z6EVYmBkFORo1YoF8tmCj360pon2Ck+zQG+mD3YChr7b4YcvBbZrMKiFHFUuCK/EeBIqXgS+pEUdj+JuyI74lhtZGDOmdd/mJv8gGsvzmxYB0acDQu/hRd; Expires=Mon, 27 Jun 2022 20:06:29 GMT; Path=/, AWSALBCORS=2qVxS2z6EVYmBkFORo1YoF8tmCj360pon2Ck+zQG+mD3YChr7b4YcvBbZrMKiFHFUuCK/EeBIqXgS+pEUdj+JuyI74lhtZGDOmdd/mJv8gGsvzmxYB0acDQu/hRd; Expires=Mon, 27 Jun 2022 20:06:29 GMT; Path=/; SameSite=None', 'Server': 'Apache-Coyote/1.1', 'Access-Control-Allow-Origin': '*', 'Access-Control-Allow-Headers': 'Access-Control-Allow-Origin, Access-Control-Allow-Headers, Access-Control-Request-Method, Access-Control-Request-Headers, origin, accept, authorization, X-Requested-With, content-type, x-fit-auth-token, x-fit-refresh-token, X-Usuario, X-Senha, X-Licenca', 'Access-Control-Allow-Methods': 'GET, OPTIONS, HEAD, PUT, POST', 'Access-Control-Request-Method': '*', 'X-Frame-Options': 'DENY', 'Content-Encoding': 'gzip', 'Vary': 'Accept-Encoding'} 
 body=&lt;html&gt;&lt;head&gt;&lt;title&gt;JBoss Web/7.0.13.Final - Error report&lt;/title&gt;&lt;style&gt;&lt;!--H1 {font-family:Tahoma,Arial,sans-serif;color:white;background-color:#525D76;font-size:22px;} H2 {font-family:Tahoma,Arial,sans-serif;color:white;background-color:#525D76;font-size:16px;} H3 {font-family:Tahoma,Arial,sans-serif;color:white;background-color:#525D76;font-size:14px;} BODY {font-family:Tahoma,Arial,sans-serif;color:black;background-color:white;} B {font-family:Tahoma,Arial,sans-serif;color:white;background-color:#525D76;} P {font-family:Tahoma,Arial,sans-serif;background:white;color:black;font-size:12px;}A {color : black;}A.name {color : black;}HR {color : #525D76;}--&gt;&lt;/style&gt; &lt;/head&gt;&lt;body&gt;&lt;h1&gt;HTTP Status 400 - org.codehaus.jackson.map.exc.UnrecognizedPropertyException: Unrecognized field &amp;quot;Content-Type&amp;quot; (Class com.cloudfiscal.integracao.blocoIContabil.IntegracaoSCTBI155List), not marked as ignorable
 at [Source: org.apache.catalina.connector.CoyoteInputStream@26fc64ee; line: 1, column: 19] (through reference chain: com.cloudfiscal.integracao.blocoIContabil.IntegracaoSCTBI155List[&amp;quot;Content-Type&amp;quot;])&lt;/h1&gt;&lt;HR size="1" noshade="noshade"&gt;&lt;p&gt;&lt;b&gt;type&lt;/b&gt; Status report&lt;/p&gt;&lt;p&gt;&lt;b&gt;message&lt;/b&gt; &lt;u&gt;org.codehaus.jackson.map.exc.UnrecognizedPropertyException: Unrecognized field &amp;quot;Content-Type&amp;quot; (Class com.cloudfiscal.integracao.blocoIContabil.IntegracaoSCTBI155List), not marked as ignorable
 at [Source: org.apache.catalina.connector.CoyoteInputStream@26fc64ee; line: 1, column: 19] (through reference chain: com.cloudfiscal.integracao.blocoIContabil.IntegracaoSCTBI155List[&amp;quot;Content-Type&amp;quot;])&lt;/u&gt;&lt;/p&gt;&lt;p&gt;&lt;b&gt;description&lt;/b&gt; &lt;u&gt;The request sent by the client was syntactically incorrect (org.codehaus.jackson.map.exc.UnrecognizedPropertyException: Unrecognized field &amp;quot;Content-Type&amp;quot; (Class com.cloudfiscal.integracao.blocoIContabil.IntegracaoSCTBI155List), not marked as ignorable
 at [Source: org.apache.catalina.connector.CoyoteInputStream@26fc64ee; line: 1, column: 19] (through reference chain: com.cloudfiscal.integracao.blocoIContabil.IntegracaoSCTBI155List[&amp;quot;Content-Type&amp;quot;])).&lt;/u&gt;&lt;/p&gt;&lt;HR size="1" noshade="noshade"&gt;&lt;h3&gt;JBoss Web/7.0.13.Final&lt;/h3&gt;&lt;/body&gt;&lt;/html&gt; 
 </msg>
<msg timestamp="20220620 17:06:29.991" level="INFO">${response} = &lt;Response [400]&gt;</msg>
<status status="PASS" starttime="20220620 17:06:29.573" endtime="20220620 17:06:29.991"/>
</kw>
<kw name="POST" library="RequestsLibrary">
<var>${response}</var>
<arg>${API_USERS2}/saldosPeriodicos</arg>
<arg>json=${payload}</arg>
<arg>expected_status=any</arg>
<arg>data="{"objetos":[{"knw0500":{"COD_EMPRESA":0,"COD_FILIAL":0,"ID_USUARIO_IMP":"string","CD_PLANO_CONTA":"string","DT_INICIAL":"2022-04-27T18:31:06.292Z","DM_TIPO_CONTA":"string","CD_PLAN_CTA_TOT":"string","DS_PLANO_CONTA":"string","DM_NATUREZA":"string","DM_NIVEL":"string","DT_IMPORTACAO":"2022-04-27T18:31:06.292Z","DM_GERAL_AUX":"string","ID_ORDEM":0,"CD_REDUZIDA":"string","chave_REGISTRO":"string"},"knw0600":{"COD_EMPRESA":0,"COD_FILIAL":0,"ID_USUARIO_IMP":"string","DT_INICIAL":"2022-04-27T18:31:06.292Z","chave_REGISTRO":"string","CD_CENTRO_CUSTO":"string","DS_CENTRO_CUSTO":"string"},"knwSctbI155":{"COD_EMPRESA":0,"COD_FILIAL":0,"ID_USUARIO_IMP":"string","CD_PLANO_CONTA":"string","chave_REGISTRO":"string","CD_CENTRO_CUSTO":"string","DT_SALDO":"2022-04-27T18:31:06.292Z","VL_SALDO_INICIAL":0,"DM_DC_INICIAL":"string","VL_DEBITO":0,"VL_CREDITO":0,"VL_SALDO_FINAL":0,"DM_DC_FINAL":"string","VL_SALDO_INICIAL_MF":0,"DM_DC_INICIAL_MF":"string","VL_DEBITO_MF":0,"VL_CREDITO_MF":0,"VL_SALDO_FINAL_MF":0,"DM_DC_FINAL_MF":"string","DM_TIPO_SALDO":"string","DS_REGRA":"string","DS_JUSTIFICATIVA":"string"}}]}"</arg>
<arg>headers=${ headers }</arg>
<doc>Sends a POST request.</doc>
<msg timestamp="20220620 17:06:30.395" level="INFO">POST Request : url=http://www.qa.sped.cloudfiscal.com/SPED_WEB/api/knw/v2/saldosPeriodicos 
 path_url=/SPED_WEB/api/knw/v2/saldosPeriodicos 
 headers={'User-Agent': 'python-requests/2.27.1', 'Accept-Encoding': 'gzip, deflate', 'Accept': '*/*', 'Connection': 'keep-alive', 'X-Token': '01032007', 'X-Cnpj': '11272927000105', 'content-type': 'application/json', 'Content-Length': '1106'} 
 body="{"objetos":[{"knw0500":{"COD_EMPRESA":0,"COD_FILIAL":0,"ID_USUARIO_IMP":"string","CD_PLANO_CONTA":"string","DT_INICIAL":"2022-04-27T18:31:06.292Z","DM_TIPO_CONTA":"string","CD_PLAN_CTA_TOT":"string","DS_PLANO_CONTA":"string","DM_NATUREZA":"string","DM_NIVEL":"string","DT_IMPORTACAO":"2022-04-27T18:31:06.292Z","DM_GERAL_AUX":"string","ID_ORDEM":0,"CD_REDUZIDA":"string","chave_REGISTRO":"string"},"knw0600":{"COD_EMPRESA":0,"COD_FILIAL":0,"ID_USUARIO_IMP":"string","DT_INICIAL":"2022-04-27T18:31:06.292Z","chave_REGISTRO":"string","CD_CENTRO_CUSTO":"string","DS_CENTRO_CUSTO":"string"},"knwSctbI155":{"COD_EMPRESA":0,"COD_FILIAL":0,"ID_USUARIO_IMP":"string","CD_PLANO_CONTA":"string","chave_REGISTRO":"string","CD_CENTRO_CUSTO":"string","DT_SALDO":"2022-04-27T18:31:06.292Z","VL_SALDO_INICIAL":0,"DM_DC_INICIAL":"string","VL_DEBITO":0,"VL_CREDITO":0,"VL_SALDO_FINAL":0,"DM_DC_FINAL":"string","VL_SALDO_INICIAL_MF":0,"DM_DC_INICIAL_MF":"string","VL_DEBITO_MF":0,"VL_CREDITO_MF":0,"VL_SALDO_FINAL_MF":0,"DM_DC_FINAL_MF":"string","DM_TIPO_SALDO":"string","DS_REGRA":"string","DS_JUSTIFICATIVA":"string"}}]}" 
 </msg>
<msg timestamp="20220620 17:06:30.396" level="INFO">POST Response : url=http://www.qa.sped.cloudfiscal.com/SPED_WEB/api/knw/v2/saldosPeriodicos 
 status=400, reason=Bad Request 
 headers={'Date': 'Mon, 20 Jun 2022 20:06:30 GMT', 'Content-Type': 'text/html;charset=utf-8', 'Content-Length': '1659', 'Connection': 'keep-alive', 'Set-Cookie': 'AWSALB=HGSAlIxuYrWfXn5ssH8mCxKYgUCqIChHPHxBO/MdmDgKy7LDWkFF/16rKyfusYMVTPZPUTtt59nF9L3c848yxgLqn3l8ImF8Wp86RAdnotBS3/I2GWz1t8lJtxs9; Expires=Mon, 27 Jun 2022 20:06:30 GMT; Path=/, AWSALBCORS=HGSAlIxuYrWfXn5ssH8mCxKYgUCqIChHPHxBO/MdmDgKy7LDWkFF/16rKyfusYMVTPZPUTtt59nF9L3c848yxgLqn3l8ImF8Wp86RAdnotBS3/I2GWz1t8lJtxs9; Expires=Mon, 27 Jun 2022 20:06:30 GMT; Path=/; SameSite=None', 'Server': 'Apache-Coyote/1.1', 'Access-Control-Allow-Origin': '*', 'Access-Control-Allow-Headers': 'Access-Control-Allow-Origin, Access-Control-Allow-Headers, Access-Control-Request-Method, Access-Control-Request-Headers, origin, accept, authorization, X-Requested-With, content-type, x-fit-auth-token, x-fit-refresh-token, X-Usuario, X-Senha, X-Licenca', 'Access-Control-Allow-Methods': 'GET, OPTIONS, HEAD, PUT, POST', 'Access-Control-Request-Method': '*', 'X-Frame-Options': 'DENY'} 
 body=&lt;html&gt;&lt;head&gt;&lt;title&gt;JBoss Web/7.0.13.Final - Error report&lt;/title&gt;&lt;style&gt;&lt;!--H1 {font-family:Tahoma,Arial,sans-serif;color:white;background-color:#525D76;font-size:22px;} H2 {font-family:Tahoma,Arial,sans-serif;color:white;background-color:#525D76;font-size:16px;} H3 {font-family:Tahoma,Arial,sans-serif;color:white;background-color:#525D76;font-size:14px;} BODY {font-family:Tahoma,Arial,sans-serif;color:black;background-color:white;} B {font-family:Tahoma,Arial,sans-serif;color:white;background-color:#525D76;} P {font-family:Tahoma,Arial,sans-serif;background:white;color:black;font-size:12px;}A {color : black;}A.name {color : black;}HR {color : #525D76;}--&gt;&lt;/style&gt; &lt;/head&gt;&lt;body&gt;&lt;h1&gt;HTTP Status 400 - org.codehaus.jackson.map.JsonMappingException: Can not instantiate value of type [simple type, class com.cloudfiscal.integracao.blocoIContabil.IntegracaoSCTBI155List] from JSON String; no single-String constructor/factory method&lt;/h1&gt;&lt;HR size="1" noshade="noshade"&gt;&lt;p&gt;&lt;b&gt;type&lt;/b&gt; Status report&lt;/p&gt;&lt;p&gt;&lt;b&gt;message&lt;/b&gt; &lt;u&gt;org.codehaus.jackson.map.JsonMappingException: Can not instantiate value of type [simple type, class com.cloudfiscal.integracao.blocoIContabil.IntegracaoSCTBI155List] from JSON String; no single-String constructor/factory method&lt;/u&gt;&lt;/p&gt;&lt;p&gt;&lt;b&gt;description&lt;/b&gt; &lt;u&gt;The request sent by the client was syntactically incorrect (org.codehaus.jackson.map.JsonMappingException: Can not instantiate value of type [simple type, class com.cloudfiscal.integracao.blocoIContabil.IntegracaoSCTBI155List] from JSON String; no single-String constructor/factory method).&lt;/u&gt;&lt;/p&gt;&lt;HR size="1" noshade="noshade"&gt;&lt;h3&gt;JBoss Web/7.0.13.Final&lt;/h3&gt;&lt;/body&gt;&lt;/html&gt; 
 </msg>
<msg timestamp="20220620 17:06:30.396" level="INFO">${response} = &lt;Response [400]&gt;</msg>
<status status="PASS" starttime="20220620 17:06:29.991" endtime="20220620 17:06:30.396"/>
</kw>
<msg timestamp="20220620 17:06:30.396" level="INFO">${response} = &lt;Response [400]&gt;</msg>
<status status="PASS" starttime="20220620 17:06:29.572" endtime="20220620 17:06:30.396"/>
</kw>
<kw name="Status Should Be" library="RequestsLibrary">
<arg>200</arg>
<arg>${response}</arg>
<doc>Fails if response status code is different than the expected.</doc>
<msg timestamp="20220620 17:06:30.397" level="FAIL">Url: http://www.qa.sped.cloudfiscal.com/SPED_WEB/api/knw/v2/saldosPeriodicos Expected status: 400 != 200</msg>
<status status="FAIL" starttime="20220620 17:06:30.397" endtime="20220620 17:06:30.398"/>
</kw>
<kw name="Should Be Equal" library="BuiltIn">
<arg>${response.json()}[sucesso]</arg>
<arg>${true}</arg>
<doc>Fails if the given objects are unequal.</doc>
<status status="NOT RUN" starttime="20220620 17:06:30.398" endtime="20220620 17:06:30.398"/>
</kw>
<status status="FAIL" starttime="20220620 17:06:29.571" endtime="20220620 17:06:30.399">Url: http://www.qa.sped.cloudfiscal.com/SPED_WEB/api/knw/v2/saldosPeriodicos Expected status: 400 != 200</status>
</test>
<doc>Session route test suite</doc>
<status status="FAIL" starttime="20220620 17:06:29.548" endtime="20220620 17:06:30.400"/>
</suite>
<status status="FAIL" starttime="20220620 17:06:12.225" endtime="20220620 17:06:30.402"/>
</suite>
<statistics>
<total>
<stat pass="14" fail="5" skip="0">All Tests</stat>
</total>
<tag>
</tag>
<suite>
<stat pass="14" fail="5" skip="0" id="s1" name="Tests">Tests</stat>
<stat pass="1" fail="0" skip="0" id="s1-s1" name="Ativo Imobilizado">Tests.Ativo Imobilizado</stat>
<stat pass="1" fail="0" skip="0" id="s1-s2" name="Atualizacao NF Suite">Tests.Atualizacao NF Suite</stat>
<stat pass="1" fail="0" skip="0" id="s1-s3" name="Consultar Empresas">Tests.Consultar Empresas</stat>
<stat pass="1" fail="0" skip="0" id="s1-s4" name="Controle Creditos Suite">Tests.Controle Creditos Suite</stat>
<stat pass="1" fail="0" skip="0" id="s1-s5" name="Doc Gerador Credito Suite">Tests.Doc Gerador Credito Suite</stat>
<stat pass="0" fail="1" skip="0" id="s1-s6" name="Estoque Escriturado Suite">Tests.Estoque Escriturado Suite</stat>
<stat pass="1" fail="0" skip="0" id="s1-s7" name="Exportacoes Suite">Tests.Exportacoes Suite</stat>
<stat pass="4" fail="0" skip="0" id="s1-s8" name="Import BlocoM Suite">Tests.Import BlocoM Suite</stat>
<stat pass="1" fail="0" skip="0" id="s1-s9" name="Import Geral Suite">Tests.Import Geral Suite</stat>
<stat pass="0" fail="1" skip="0" id="s1-s10" name="Import NF Suite">Tests.Import NF Suite</stat>
<stat pass="1" fail="0" skip="0" id="s1-s11" name="Integracao sistema terceiros">Tests.Integracao sistema terceiros</stat>
<stat pass="0" fail="1" skip="0" id="s1-s12" name="Lancamentos Contabeis">Tests.Lancamentos Contabeis</stat>
<stat pass="0" fail="1" skip="0" id="s1-s13" name="Plano conta">Tests.Plano conta</stat>
<stat pass="1" fail="0" skip="0" id="s1-s14" name="Progresso Integracao">Tests.Progresso Integracao</stat>
<stat pass="1" fail="0" skip="0" id="s1-s15" name="Retida Fonte Suite">Tests.Retida Fonte Suite</stat>
<stat pass="0" fail="1" skip="0" id="s1-s16" name="Saldos Periodicos">Tests.Saldos Periodicos</stat>
</suite>
</statistics>
<errors>
<msg timestamp="20220620 17:06:12.203" level="ERROR">Error in file 'C:\Sovos\cloud_fiscal\API_KNW\tests\Import_NF_Suite.robot' on line 9: Setting 'Documentation' is allowed only once. Only the first value is used.</msg>
</errors>
</robot>
