<?xml version="1.0" encoding="UTF-8"?>
<robot generator="Robot 5.0.1 (Python 3.10.0 on win32)" generated="20220824 09:33:12.125" rpa="false" schemaversion="3">
<suite id="s1" name="Tests" source="C:\Sovos\cloud_fiscal\API_KNW\tests">
<suite id="s1-s1" name="Ativo Imobilizado" source="C:\Sovos\cloud_fiscal\API_KNW\tests\Ativo_Imobilizado.robot">
<test id="s1-s1-t1" name="Atualizar NF C100" line="10">
<kw name="Create Dictionary" library="BuiltIn">
<var>${payload}</var>
<arg>Content-Type=application/json</arg>
<doc>Creates and returns a dictionary based on the given ``items``.</doc>
<msg timestamp="20220824 09:33:12.399" level="INFO">${payload} = {'Content-Type': 'application/json'}</msg>
<status status="PASS" starttime="20220824 09:33:12.398" endtime="20220824 09:33:12.399"/>
</kw>
<kw name="POST Ativo Imobilizado" library="Bens_Ativo_Imobilizado">
<var>${response}</var>
<arg>${payload}</arg>
<kw name="Create Dictionary" library="BuiltIn">
<var>${headers}</var>
<arg>X-Token=01032007</arg>
<arg>X-Cnpj=11272927000105</arg>
<arg>content-type=application/json</arg>
<doc>Creates and returns a dictionary based on the given ``items``.</doc>
<msg timestamp="20220824 09:33:12.400" level="INFO">${headers} = {'X-Token': '01032007', 'X-Cnpj': '11272927000105', 'content-type': 'application/json'}</msg>
<status status="PASS" starttime="20220824 09:33:12.399" endtime="20220824 09:33:12.400"/>
</kw>
<kw name="POST" library="RequestsLibrary">
<var>${response}</var>
<arg>${API_USERS}/bensIncorporadosAtivoImobilizado</arg>
<arg>json=${payload}</arg>
<arg>expected_status=any</arg>
<arg>data={"objetos":[{"knwScF120":{"COD_EMPRESA":0,"COD_FILIAL":0,"ID_USUARIO_IMP":"string","CD_PLANO_CONTA":"string","chave_REGISTRO":"string","NR_ITEM":0,"DS_COMPLEMENTAR":"string","ALIQ_PIS":0,"ALIQ_COFINS":0,"DT_REFERENCIA":"2022-03-22T14:55:38.721Z","CD_437":"string","DM_BEM_IMOB":"string","DM_ORIGEM_CRED":"string","DM_UTILIZ_BEM":"string","NR_MES_ANO_AQUISICAO":"string","VL_OPERACAO":0,"VL_PARCELA":0,"VL_BASE_CALCULO_CRED":0,"NR_PARCELA":0,"CD_433":"string","VL_BC_PIS":0,"VL_PIS":0,"CD_434":"string","VL_BC_COFINS":0,"VL_COFINS":0,"CD_CCUSTO_DESP":"string"},"knw0500":{"COD_EMPRESA":0,"COD_FILIAL":0,"ID_USUARIO_IMP":"string","CD_PLANO_CONTA":"string","DT_INICIAL":"2022-03-22T14:55:38.721Z","DM_TIPO_CONTA":"string","CD_PLAN_CTA_TOT":"string","DS_PLANO_CONTA":"string","DM_NATUREZA":"string","DM_NIVEL":"string","DT_IMPORTACAO":"2022-03-22T14:55:38.721Z","DM_GERAL_AUX":"string","ID_ORDEM":0,"CD_REDUZIDA":"string","chave_REGISTRO":"string"},"knw0600":{"COD_EMPRESA":0,"COD_FILIAL":0,"ID_USUARIO_IMP":"string","DT_INICIAL":"2022-03-22T14:55:38.721Z","chave_REGISTRO":"string","CD_CENTRO_CUSTO":"string","DS_CENTRO_CUSTO":"string"}}]}</arg>
<arg>headers=${ headers }</arg>
<doc>Sends a POST request.</doc>
<msg timestamp="20220824 09:33:13.311" level="INFO">POST Request : url=http://www.hom.sped.cloudfiscal.com/SPED_WEB/api/knw/v2/bensIncorporadosAtivoImobilizado 
 path_url=/SPED_WEB/api/knw/v2/bensIncorporadosAtivoImobilizado 
 headers={'User-Agent': 'python-requests/2.27.1', 'Accept-Encoding': 'gzip, deflate', 'Accept': '*/*', 'Connection': 'keep-alive', 'X-Token': '01032007', 'X-Cnpj': '11272927000105', 'content-type': 'application/json', 'Content-Length': '1136'} 
 body={"objetos":[{"knwScF120":{"COD_EMPRESA":0,"COD_FILIAL":0,"ID_USUARIO_IMP":"string","CD_PLANO_CONTA":"string","chave_REGISTRO":"string","NR_ITEM":0,"DS_COMPLEMENTAR":"string","ALIQ_PIS":0,"ALIQ_COFINS":0,"DT_REFERENCIA":"2022-03-22T14:55:38.721Z","CD_437":"string","DM_BEM_IMOB":"string","DM_ORIGEM_CRED":"string","DM_UTILIZ_BEM":"string","NR_MES_ANO_AQUISICAO":"string","VL_OPERACAO":0,"VL_PARCELA":0,"VL_BASE_CALCULO_CRED":0,"NR_PARCELA":0,"CD_433":"string","VL_BC_PIS":0,"VL_PIS":0,"CD_434":"string","VL_BC_COFINS":0,"VL_COFINS":0,"CD_CCUSTO_DESP":"string"},"knw0500":{"COD_EMPRESA":0,"COD_FILIAL":0,"ID_USUARIO_IMP":"string","CD_PLANO_CONTA":"string","DT_INICIAL":"2022-03-22T14:55:38.721Z","DM_TIPO_CONTA":"string","CD_PLAN_CTA_TOT":"string","DS_PLANO_CONTA":"string","DM_NATUREZA":"string","DM_NIVEL":"string","DT_IMPORTACAO":"2022-03-22T14:55:38.721Z","DM_GERAL_AUX":"string","ID_ORDEM":0,"CD_REDUZIDA":"string","chave_REGISTRO":"string"},"knw0600":{"COD_EMPRESA":0,"COD_FILIAL":0,"ID_USUARIO_IMP":"string","DT_INICIAL":"2022-03-22T14:55:38.721Z","chave_REGISTRO":"string","CD_CENTRO_CUSTO":"string","DS_CENTRO_CUSTO":"string"}}]} 
 </msg>
<msg timestamp="20220824 09:33:13.311" level="INFO">POST Response : url=http://www.hom.sped.cloudfiscal.com/SPED_WEB/api/knw/v2/bensIncorporadosAtivoImobilizado 
 status=200, reason=OK 
 headers={'Date': 'Wed, 24 Aug 2022 12:33:12 GMT', 'Content-Type': 'application/json', 'Transfer-Encoding': 'chunked', 'Connection': 'keep-alive', 'Set-Cookie': 'AWSALB=jn33xQn8XY6DTnWVdOcDYOUVUjpGo3IW6i6NYWTd89ZA4ODJFUSFSYAqMDedJXth1fUZHeVvGo3g07Cqt7Q5Rsuyvy7KBAK419uhEj8+FV3EtM7br7NF9tvC+eYJ; Expires=Wed, 31 Aug 2022 12:33:12 GMT; Path=/, AWSALBCORS=jn33xQn8XY6DTnWVdOcDYOUVUjpGo3IW6i6NYWTd89ZA4ODJFUSFSYAqMDedJXth1fUZHeVvGo3g07Cqt7Q5Rsuyvy7KBAK419uhEj8+FV3EtM7br7NF9tvC+eYJ; Expires=Wed, 31 Aug 2022 12:33:12 GMT; Path=/; SameSite=None', 'Server': 'Apache-Coyote/1.1', 'Access-Control-Allow-Origin': '*', 'Access-Control-Allow-Headers': 'Access-Control-Allow-Origin, Access-Control-Allow-Headers, Access-Control-Request-Method, Access-Control-Request-Headers, origin, accept, authorization, X-Requested-With, content-type, x-fit-auth-token, x-fit-refresh-token, X-Usuario, X-Senha, X-Licenca', 'Access-Control-Allow-Methods': 'GET, OPTIONS, HEAD, PUT, POST', 'Access-Control-Request-Method': '*', 'X-Frame-Options': 'DENY'} 
 body={"sucesso":false,"erro":"Integração processada com erros.","mensagens":["2 - Empresa não encontrada: 0 - 0"],"payload":null} 
 </msg>
<msg timestamp="20220824 09:33:13.311" level="INFO">${response} = &lt;Response [200]&gt;</msg>
<status status="PASS" starttime="20220824 09:33:12.400" endtime="20220824 09:33:13.311"/>
</kw>
<msg timestamp="20220824 09:33:13.311" level="INFO">${response} = &lt;Response [200]&gt;</msg>
<status status="PASS" starttime="20220824 09:33:12.399" endtime="20220824 09:33:13.311"/>
</kw>
<kw name="Status Should Be" library="RequestsLibrary">
<arg>200</arg>
<arg>${response}</arg>
<doc>Fails if response status code is different than the expected.</doc>
<status status="PASS" starttime="20220824 09:33:13.312" endtime="20220824 09:33:13.313"/>
</kw>
<status status="PASS" starttime="20220824 09:33:12.398" endtime="20220824 09:33:13.313"/>
</test>
<doc>Suite de testes Bens Incorporados Ativos Imobilizados</doc>
<status status="PASS" starttime="20220824 09:33:12.156" endtime="20220824 09:33:13.314"/>
</suite>
<suite id="s1-s2" name="Atualizacao NF Suite" source="C:\Sovos\cloud_fiscal\API_KNW\tests\Atualizacao_NF_Suite.robot">
<test id="s1-s2-t1" name="Atualizacao NF C100" line="8">
<kw name="Create Dictionary" library="BuiltIn">
<var>${payload}</var>
<arg>Content-Type=application/json</arg>
<doc>Creates and returns a dictionary based on the given ``items``.</doc>
<msg timestamp="20220824 09:33:13.339" level="INFO">${payload} = {'Content-Type': 'application/json'}</msg>
<status status="PASS" starttime="20220824 09:33:13.339" endtime="20220824 09:33:13.339"/>
</kw>
<kw name="POST Atualizar NF C100" library="Atualizacao_NF">
<var>${response}</var>
<arg>${payload}</arg>
<kw name="Create Dictionary" library="BuiltIn">
<var>${headers}</var>
<arg>X-Token=01032007</arg>
<arg>X-Cnpj=11272927000105</arg>
<arg>content-type=application/json</arg>
<doc>Creates and returns a dictionary based on the given ``items``.</doc>
<msg timestamp="20220824 09:33:13.340" level="INFO">${headers} = {'X-Token': '01032007', 'X-Cnpj': '11272927000105', 'content-type': 'application/json'}</msg>
<status status="PASS" starttime="20220824 09:33:13.340" endtime="20220824 09:33:13.340"/>
</kw>
<kw name="POST" library="RequestsLibrary">
<var>${response}</var>
<arg>${API_USERS}/atualizarDadosNotaFiscal</arg>
<arg>json=${payload}</arg>
<arg>expected_status=any</arg>
<arg>data={"objetos":[{"knwC100":{"VL_TOTAL_MERCAD":0,"VL_DESCONTO":0,"VL_FRETE":0,"VL_SEGURO":0,"VL_OUTRAS_DESP":0,"VL_IPI":0,"VL_ICMS_SUBSTIT":0,"VL_TOT_N_FISCAL":0,"NR_INSC_EST_SUB":"string","DM_TIPO_FATURA":"string","DS_OBSERVACAO":"string","COD_EMPRESA":0,"COD_FILIAL":0,"CD_MODELO_DOC":"string","CD_PESSOA_REMET_DEST":"string","DM_MODAL_FRETE":"string","CD_SIT_DOCUMENTO":"string","NR_CHAVE_ELETR":"string","VL_ABAT_N_TRIB":0,"NR_REFERENCIA":"string","DS_ADE":"string","COD_MUN_ORIG":"string","COD_MUN_DES":"string","NR_CNPJ_CPF_VENDA_CONS":"string","DS_NATUREZA":"string","DM_EMITENTE":"string","DM_ENTRADA_SAIDA":"string","SERIE_SUBSERIE":"string","NR_DOCUMENTO":"string","DT_EMISSAO_DOC":"2022-06-14T17:08:27.046Z","DT_ENTRADA":"2022-06-14T17:08:27.046Z","DS_UF_DEST_EMIT":"string","DS_RESSARCIMENTO":"string","ID_USUARIO_IMP":"string","VL_SERV_NT":0,"VL_BC_IRRF":0,"VL_IRRF":0,"VL_BC_PREV":0,"VL_PREV":0,"CD_MUN_SERV_PREST":"string","VL_MATERIAL_TERC":0,"VL_SUB_EMPR":0,"DM_FINALIDADE":"string","DM_DESTINATARIO":"string","chave_REGISTRO":"string"},"knw0500Geral":{"COD_EMPRESA":0,"COD_FILIAL":0,"CD_PLANO_CONTA":"string","DT_INICIAL":"2022-06-14T17:08:27.047Z","DM_TIPO_CONTA":"string","CD_PLAN_CTA_TOT":"string","DS_PLANO_CONTA":"string","DM_NATUREZA":"string","DM_NIVEL":"string","DT_IMPORTACAO":"2022-06-14T17:08:27.047Z","DM_GERAL_AUX":"string","ID_ORDEM":0,"CD_REDUZIDA":"string","ID_USUARIO_IMP":"string","chave_REGISTRO":"string"},"notaFiscalObservacaoLancamentoFiscalList":[{"knwC195":{"COD_EMPRESA":0,"COD_FILIAL":0,"DM_EMITENTE":"string","DM_ENTRADA_SAIDA":"string","SERIE_SUBSERIE":"string","NR_DOCUMENTO":"string","DT_EMISSAO_DOC":"2022-06-14T17:08:27.047Z","ID_USUARIO_IMP":"string","chave_REGISTRO":"string","NR_ITEM":0,"CD_PESSOA_REM_DEST":"string","CD_0460":"string","DS_COMPLEMENTAR":"string"},"knw0460":{"ID":"string","COD_EMPRESA":0,"COD_FILIAL":0,"DT_INICIAL":"2022-06-14T17:08:27.047Z","DT_IMPORTACAO":"2022-06-14T17:08:27.047Z","ID_USUARIO_IMP":"string","chave_REGISTRO":"string","CD_OBS":"string","DS_OBS":"string","COD_GRUPOEMPRESA":"string","DT_MOVIMENTO":"2022-06-14T17:08:27.047Z"},"integracaoNotaFiscalAjusteList":[{"knw0190":{"COD_EMPRESA":0,"COD_FILIAL":0,"DT_INICIAL":"2022-06-14T17:08:27.047Z","DT_IMPORTACAO":"2022-06-14T17:08:27.047Z","ID_USUARIO_IMP":"string","chave_REGISTRO":"string","DS_DESCRICAO":"string","DS_UNIDADE":"string"},"knw0200":{"COD_EMPRESA":0,"COD_FILIAL":0,"CD_PLANO_CONTA":"string","DT_INICIAL":"2022-06-14T17:08:27.047Z","DT_IMPORTACAO":"2022-06-14T17:08:27.047Z","ID_USUARIO_IMP":"string","chave_REGISTRO":"string","CD_PRODUTO_SERV":"string","DS_PRODUTO_SERV":"string","UNIDADE":"string","CD_SIT_TRIBUTAR_ICMS":"string","ALIQ_ICMS":0,"PERC_RED_BA_ICMS":0,"DM_PRODUTO_VENDA":"string","CD_LST":"string","CD_NCM":"string","CD_GENERO":"string","DM_TIPO_ITEM":"string","CD_331_EX_IPI":"string","CD_BARRA":"string","NR_CEST":"string","DM_ORIGEM_PRODUTO":"string","CD_CENTRO_CUSTO":"string","CD_SIT_TRIB_IPI":"string","CD_SIT_TRIB_PIS":"string","CD_SIT_TRIB_COFINS":"string","CD_NAT_OPERACAO":"string","ALIQ_PIS":0,"ALIQ_COFINS":0},"knwC197":{"COD_EMPRESA":0,"COD_FILIAL":0,"DM_EMITENTE":"string","DM_ENTRADA_SAIDA":"string","SERIE_SUBSERIE":"string","NR_DOCUMENTO":"string","DT_EMISSAO_DOC":"2022-06-14T17:08:27.047Z","ID_USUARIO_IMP":"string","chave_REGISTRO":"string","NR_ITEM":0,"CD_PESSOA_REM_DEST":"string","DS_COMPLEMENTAR":"string","CD_REF_53":"string","CD_PROD_SERV":"string","VL_BC_ICMS":0,"VL_ICMS":0,"VL_ICMS_OUTRAS":0,"ALIQ_ICMS":0}}]}]}]}</arg>
<arg>headers=${ headers }</arg>
<doc>Sends a POST request.</doc>
<msg timestamp="20220824 09:33:14.046" level="INFO">POST Request : url=http://www.hom.sped.cloudfiscal.com/SPED_WEB/api/knw/v2/atualizarDadosNotaFiscal 
 path_url=/SPED_WEB/api/knw/v2/atualizarDadosNotaFiscal 
 headers={'User-Agent': 'python-requests/2.27.1', 'Accept-Encoding': 'gzip, deflate', 'Accept': '*/*', 'Connection': 'keep-alive', 'X-Token': '01032007', 'X-Cnpj': '11272927000105', 'content-type': 'application/json', 'Content-Length': '3502'} 
 body={"objetos":[{"knwC100":{"VL_TOTAL_MERCAD":0,"VL_DESCONTO":0,"VL_FRETE":0,"VL_SEGURO":0,"VL_OUTRAS_DESP":0,"VL_IPI":0,"VL_ICMS_SUBSTIT":0,"VL_TOT_N_FISCAL":0,"NR_INSC_EST_SUB":"string","DM_TIPO_FATURA":"string","DS_OBSERVACAO":"string","COD_EMPRESA":0,"COD_FILIAL":0,"CD_MODELO_DOC":"string","CD_PESSOA_REMET_DEST":"string","DM_MODAL_FRETE":"string","CD_SIT_DOCUMENTO":"string","NR_CHAVE_ELETR":"string","VL_ABAT_N_TRIB":0,"NR_REFERENCIA":"string","DS_ADE":"string","COD_MUN_ORIG":"string","COD_MUN_DES":"string","NR_CNPJ_CPF_VENDA_CONS":"string","DS_NATUREZA":"string","DM_EMITENTE":"string","DM_ENTRADA_SAIDA":"string","SERIE_SUBSERIE":"string","NR_DOCUMENTO":"string","DT_EMISSAO_DOC":"2022-06-14T17:08:27.046Z","DT_ENTRADA":"2022-06-14T17:08:27.046Z","DS_UF_DEST_EMIT":"string","DS_RESSARCIMENTO":"string","ID_USUARIO_IMP":"string","VL_SERV_NT":0,"VL_BC_IRRF":0,"VL_IRRF":0,"VL_BC_PREV":0,"VL_PREV":0,"CD_MUN_SERV_PREST":"string","VL_MATERIAL_TERC":0,"VL_SUB_EMPR":0,"DM_FINALIDADE":"string","DM_DESTINATARIO":"string","chave_REGISTRO":"string"},"knw0500Geral":{"COD_EMPRESA":0,"COD_FILIAL":0,"CD_PLANO_CONTA":"string","DT_INICIAL":"2022-06-14T17:08:27.047Z","DM_TIPO_CONTA":"string","CD_PLAN_CTA_TOT":"string","DS_PLANO_CONTA":"string","DM_NATUREZA":"string","DM_NIVEL":"string","DT_IMPORTACAO":"2022-06-14T17:08:27.047Z","DM_GERAL_AUX":"string","ID_ORDEM":0,"CD_REDUZIDA":"string","ID_USUARIO_IMP":"string","chave_REGISTRO":"string"},"notaFiscalObservacaoLancamentoFiscalList":[{"knwC195":{"COD_EMPRESA":0,"COD_FILIAL":0,"DM_EMITENTE":"string","DM_ENTRADA_SAIDA":"string","SERIE_SUBSERIE":"string","NR_DOCUMENTO":"string","DT_EMISSAO_DOC":"2022-06-14T17:08:27.047Z","ID_USUARIO_IMP":"string","chave_REGISTRO":"string","NR_ITEM":0,"CD_PESSOA_REM_DEST":"string","CD_0460":"string","DS_COMPLEMENTAR":"string"},"knw0460":{"ID":"string","COD_EMPRESA":0,"COD_FILIAL":0,"DT_INICIAL":"2022-06-14T17:08:27.047Z","DT_IMPORTACAO":"2022-06-14T17:08:27.047Z","ID_USUARIO_IMP":"string","chave_REGISTRO":"string","CD_OBS":"string","DS_OBS":"string","COD_GRUPOEMPRESA":"string","DT_MOVIMENTO":"2022-06-14T17:08:27.047Z"},"integracaoNotaFiscalAjusteList":[{"knw0190":{"COD_EMPRESA":0,"COD_FILIAL":0,"DT_INICIAL":"2022-06-14T17:08:27.047Z","DT_IMPORTACAO":"2022-06-14T17:08:27.047Z","ID_USUARIO_IMP":"string","chave_REGISTRO":"string","DS_DESCRICAO":"string","DS_UNIDADE":"string"},"knw0200":{"COD_EMPRESA":0,"COD_FILIAL":0,"CD_PLANO_CONTA":"string","DT_INICIAL":"2022-06-14T17:08:27.047Z","DT_IMPORTACAO":"2022-06-14T17:08:27.047Z","ID_USUARIO_IMP":"string","chave_REGISTRO":"string","CD_PRODUTO_SERV":"string","DS_PRODUTO_SERV":"string","UNIDADE":"string","CD_SIT_TRIBUTAR_ICMS":"string","ALIQ_ICMS":0,"PERC_RED_BA_ICMS":0,"DM_PRODUTO_VENDA":"string","CD_LST":"string","CD_NCM":"string","CD_GENERO":"string","DM_TIPO_ITEM":"string","CD_331_EX_IPI":"string","CD_BARRA":"string","NR_CEST":"string","DM_ORIGEM_PRODUTO":"string","CD_CENTRO_CUSTO":"string","CD_SIT_TRIB_IPI":"string","CD_SIT_TRIB_PIS":"string","CD_SIT_TRIB_COFINS":"string","CD_NAT_OPERACAO":"string","ALIQ_PIS":0,"ALIQ_COFINS":0},"knwC197":{"COD_EMPRESA":0,"COD_FILIAL":0,"DM_EMITENTE":"string","DM_ENTRADA_SAIDA":"string","SERIE_SUBSERIE":"string","NR_DOCUMENTO":"string","DT_EMISSAO_DOC":"2022-06-14T17:08:27.047Z","ID_USUARIO_IMP":"string","chave_REGISTRO":"string","NR_ITEM":0,"CD_PESSOA_REM_DEST":"string","DS_COMPLEMENTAR":"string","CD_REF_53":"string","CD_PROD_SERV":"string","VL_BC_ICMS":0,"VL_ICMS":0,"VL_ICMS_OUTRAS":0,"ALIQ_ICMS":0}}]}]}]} 
 </msg>
<msg timestamp="20220824 09:33:14.047" level="INFO">POST Response : url=http://www.hom.sped.cloudfiscal.com/SPED_WEB/api/knw/v2/atualizarDadosNotaFiscal 
 status=200, reason=OK 
 headers={'Date': 'Wed, 24 Aug 2022 12:33:13 GMT', 'Content-Type': 'application/json', 'Transfer-Encoding': 'chunked', 'Connection': 'keep-alive', 'Set-Cookie': 'AWSALB=AFtfuv082FdmXZKp+eKj96a8wuSvRfC4Ck1HW3Cbsvx+8XaMoCLL4u6lYC4egO0n24udppG/YEWlgkD3ASFLeSD3hyUs24Vp7Jq3pwGQrb5h3qK1NZQY2AqtNd7/; Expires=Wed, 31 Aug 2022 12:33:13 GMT; Path=/, AWSALBCORS=AFtfuv082FdmXZKp+eKj96a8wuSvRfC4Ck1HW3Cbsvx+8XaMoCLL4u6lYC4egO0n24udppG/YEWlgkD3ASFLeSD3hyUs24Vp7Jq3pwGQrb5h3qK1NZQY2AqtNd7/; Expires=Wed, 31 Aug 2022 12:33:13 GMT; Path=/; SameSite=None', 'Server': 'Apache-Coyote/1.1', 'Access-Control-Allow-Origin': '*', 'Access-Control-Allow-Headers': 'Access-Control-Allow-Origin, Access-Control-Allow-Headers, Access-Control-Request-Method, Access-Control-Request-Headers, origin, accept, authorization, X-Requested-With, content-type, x-fit-auth-token, x-fit-refresh-token, X-Usuario, X-Senha, X-Licenca', 'Access-Control-Allow-Methods': 'GET, OPTIONS, HEAD, PUT, POST', 'Access-Control-Request-Method': '*', 'X-Frame-Options': 'DENY'} 
 body={"sucesso":false,"erro":"Integração processada com erros.","mensagens":["38 - DT_PERIODO: 14/06/2022, NR_CHAVE_ELETR: string: IntegracaoAtualizarNotaFiscal.notaFiscalObservacaoLancamentoFiscalList[0].integracaoNotaFiscalAjusteList[0].knw0200.CD_SIT_TRIB_PIS: size must be between 1 and 2","39 - DT_PERIODO: 14/06/2022, NR_CHAVE_ELETR: string: IntegracaoAtualizarNotaFiscal.knwC100.DM_FINALIDADE: Valor invalido: string. Valores permitidos: 1, 2, 3","40 - DT_PERIODO: 14/06/2022, NR_CHAVE_ELETR: string: IntegracaoAtualizarNotaFiscal.notaFiscalObservacaoLancamentoFiscalList[0].integracaoNotaFiscalAjusteList[0].knw0200.CD_NAT_OPERACAO: size must be between 1 and 3","41 - DT_PERIODO: 14/06/2022, NR_CHAVE_ELETR: string: IntegracaoAtualizarNotaFiscal.notaFiscalObservacaoLancamentoFiscalList[0].integracaoNotaFiscalAjusteList[0].knw0200.CD_LST: size must be between 0 and 5","42 - DT_PERIODO: 14/06/2022, NR_CHAVE_ELETR: string: IntegracaoAtualizarNotaFiscal.notaFiscalObservacaoLancamentoFiscalList[0].integracaoNotaFiscalAjusteList[0].knw0200.DM_PRODUTO_VENDA: size must be between 1 and 1","43 - DT_PERIODO: 14/06/2022, NR_CHAVE_ELETR: string: IntegracaoAtualizarNotaFiscal.knwC100.DM_ENTRADA_SAIDA: Valor invalido: string. Valores permitidos: E, S","44 - DT_PERIODO: 14/06/2022, NR_CHAVE_ELETR: string: IntegracaoAtualizarNotaFiscal.notaFiscalObservacaoLancamentoFiscalList[0].integracaoNotaFiscalAjusteList[0].knwC197.DM_ENTRADA_SAIDA: Valor invalido: string. Valores permitidos: E, S","45 - DT_PERIODO: 14/06/2022, NR_CHAVE_ELETR: string: IntegracaoAtualizarNotaFiscal.notaFiscalObservacaoLancamentoFiscalList[0].integracaoNotaFiscalAjusteList[0].knw0200.DM_ORIGEM_PRODUTO: size must be between 1 and 1","46 - DT_PERIODO: 14/06/2022, NR_CHAVE_ELETR: string: IntegracaoAtualizarNotaFiscal.notaFiscalObservacaoLancamentoFiscalList[0].knwC195.DM_ENTRADA_SAIDA: Valor invalido: string. Valores permitidos: E, S","47 - DT_PERIODO: 14/06/2022, NR_CHAVE_ELETR: string: IntegracaoAtualizarNotaFiscal.knwC100.NR_CHAVE_ELETR: size must be between 44 and 44","48 - DT_PERIODO: 14/06/2022, NR_CHAVE_ELETR: string: IntegracaoAtualizarNotaFiscal.notaFiscalObservacaoLancamentoFiscalList[0].knwC195.SERIE_SUBSERIE: size must be between 1 and 5","49 - DT_PERIODO: 14/06/2022, NR_CHAVE_ELETR: string: IntegracaoAtualizarNotaFiscal.knwC100.CD_MODELO_DOC: size must be between 2 and 2","50 - DT_PERIODO: 14/06/2022, NR_CHAVE_ELETR: string: IntegracaoAtualizarNotaFiscal.knw0500Geral.DM_NIVEL: size must be between 1 and 2","51 - DT_PERIODO: 14/06/2022, NR_CHAVE_ELETR: string: IntegracaoAtualizarNotaFiscal.knwC100.DS_RESSARCIMENTO: size must be between 0 and 1","52 - DT_PERIODO: 14/06/2022, NR_CHAVE_ELETR: string: IntegracaoAtualizarNotaFiscal.knwC100.SERIE_SUBSERIE: size must be between 0 and 5","53 - DT_PERIODO: 14/06/2022, NR_CHAVE_ELETR: string: IntegracaoAtualizarNotaFiscal.knw0500Geral.DM_GERAL_AUX: Valor invalido: string. Valores permitidos: G, A","54 - DT_PERIODO: 14/06/2022, NR_CHAVE_ELETR: string: IntegracaoAtualizarNotaFiscal.knwC100.CD_MUN_SERV_PREST: size must be between 7 and 7","55 - DT_PERIODO: 14/06/2022, NR_CHAVE_ELETR: string: IntegracaoAtualizarNotaFiscal.notaFiscalObservacaoLancamentoFiscalList[0].integracaoNotaFiscalAjusteList[0].knwC197.SERIE_SUBSERIE: size must be between 1 and 5","56 - DT_PERIODO: 14/06/2022, NR_CHAVE_ELETR: string: IntegracaoAtualizarNotaFiscal.notaFiscalObservacaoLancamentoFiscalList[0].integracaoNotaFiscalAjusteList[0].knw0200.CD_331_EX_IPI: size must be between 1 and 3","57 - DT_PERIODO: 14/06/2022, NR_CHAVE_ELETR: string: IntegracaoAtualizarNotaFiscal.notaFiscalObservacaoLancamentoFiscalList[0].integracaoNotaFiscalAjusteList[0].knwC197.DM_EMITENTE: Valor invalido: string. Valores permitidos: 0, 1","58 - DT_PERIODO: 14/06/2022, NR_CHAVE_ELETR: string: IntegracaoAtualizarNotaFiscal.notaFiscalObservacaoLancamentoFiscalList[0].integracaoNotaFiscalAjusteList[0].knw0200.DM_TIPO_ITEM: Valor invalido: string. Valores permitidos: 00, 01, 02, 03, 04, 05, 06, 07, 08, 09, 10, 99, XX","59 - DT_PERIODO: 14/06/2022, NR_CHAVE_ELETR: string: IntegracaoAtualizarNotaFiscal.knwC100.DM_ENTRADA_SAIDA: size must be between 1 and 1","60 - DT_PERIODO: 14/06/2022, NR_CHAVE_ELETR: string: IntegracaoAtualizarNotaFiscal.knwC100.CD_SIT_DOCUMENTO: Valor invalido: string. Valores permitidos: 00, 01, 02, 03, 04, 05, 06, 07, 08","61 - DT_PERIODO: 14/06/2022, NR_CHAVE_ELETR: string: IntegracaoAtualizarNotaFiscal.notaFiscalObservacaoLancamentoFiscalList[0].integracaoNotaFiscalAjusteList[0].knw0200.CD_GENERO: size must be between 1 and 2","62 - DT_PERIODO: 14/06/2022, NR_CHAVE_ELETR: string: IntegracaoAtualizarNotaFiscal.knw0500Geral.DM_NATUREZA: Valor invalido: string. Valores permitidos: 1, 2, 3, 4, 5, 9","63 - DT_PERIODO: 14/06/2022, NR_CHAVE_ELETR: string: IntegracaoAtualizarNotaFiscal.knwC100.DM_MODAL_FRETE: Valor invalido: string. Valores permitidos: 0, 1, 2, 3, 4, 9","64 - DT_PERIODO: 14/06/2022, NR_CHAVE_ELETR: string: IntegracaoAtualizarNotaFiscal.notaFiscalObservacaoLancamentoFiscalList[0].integracaoNotaFiscalAjusteList[0].knw0200.CD_SIT_TRIB_IPI: size must be between 1 and 2","65 - DT_PERIODO: 14/06/2022, NR_CHAVE_ELETR: string: IntegracaoAtualizarNotaFiscal.notaFiscalObservacaoLancamentoFiscalList[0].integracaoNotaFiscalAjusteList[0].knwC197.NR_ITEM: must be greater than or equal to 1","66 - DT_PERIODO: 14/06/2022, NR_CHAVE_ELETR: string: IntegracaoAtualizarNotaFiscal.knwC100.DM_EMITENTE: Valor invalido: string. Valores permitidos: 0, 1","67 - DT_PERIODO: 14/06/2022, NR_CHAVE_ELETR: string: IntegracaoAtualizarNotaFiscal.notaFiscalObservacaoLancamentoFiscalList[0].knwC195.DM_EMITENTE: Valor invalido: string. Valores permitidos: 0, 1","68 - DT_PERIODO: 14/06/2022, NR_CHAVE_ELETR: string: IntegracaoAtualizarNotaFiscal.knwC100.DM_DESTINATARIO: Valor invalido: string. Valores permitidos: 1, 2, 9","69 - DT_PERIODO: 14/06/2022, NR_CHAVE_ELETR: string: IntegracaoAtualizarNotaFiscal.notaFiscalObservacaoLancamentoFiscalList[0].integracaoNotaFiscalAjusteList[0].knw0200.CD_SIT_TRIB_COFINS: size must be between 1 and 2","70 - DT_PERIODO: 14/06/2022, NR_CHAVE_ELETR: string: IntegracaoAtualizarNotaFiscal.knwC100.DM_TIPO_FATURA: Valor invalido: string. Valores permitidos: 0, 1, 2, 9","71 - DT_PERIODO: 14/06/2022, NR_CHAVE_ELETR: string: IntegracaoAtualizarNotaFiscal.knwC100.DS_UF_DEST_EMIT: size must be between 0 and 2","72 - DT_PERIODO: 14/06/2022, NR_CHAVE_ELETR: string: IntegracaoAtualizarNotaFiscal.knw0500Geral.DM_TIPO_CONTA: Valor invalido: string. Valores permitidos: A, S","73 - DT_PERIODO: 14/06/2022, NR_CHAVE_ELETR: string: IntegracaoAtualizarNotaFiscal.notaFiscalObservacaoLancamentoFiscalList[0].knwC195.NR_ITEM: must be greater than or equal to 1","74 - DT_PERIODO: 14/06/2022, NR_CHAVE_ELETR: string: IntegracaoAtualizarNotaFiscal.notaFiscalObservacaoLancamentoFiscalList[0].integracaoNotaFiscalAjusteList[0].knw0200.CD_SIT_TRIBUTAR_ICMS: size must be between 1 and 3"],"payload":null} 
 </msg>
<msg timestamp="20220824 09:33:14.047" level="INFO">${response} = &lt;Response [200]&gt;</msg>
<status status="PASS" starttime="20220824 09:33:13.340" endtime="20220824 09:33:14.047"/>
</kw>
<msg timestamp="20220824 09:33:14.047" level="INFO">${response} = &lt;Response [200]&gt;</msg>
<status status="PASS" starttime="20220824 09:33:13.340" endtime="20220824 09:33:14.047"/>
</kw>
<kw name="Status Should Be" library="RequestsLibrary">
<arg>200</arg>
<arg>${response}</arg>
<doc>Fails if response status code is different than the expected.</doc>
<status status="PASS" starttime="20220824 09:33:14.048" endtime="20220824 09:33:14.048"/>
</kw>
<status status="PASS" starttime="20220824 09:33:13.338" endtime="20220824 09:33:14.048"/>
</test>
<doc>Suite de testes atualização das NFs</doc>
<status status="PASS" starttime="20220824 09:33:13.315" endtime="20220824 09:33:14.049"/>
</suite>
<suite id="s1-s3" name="Consultar Empresas" source="C:\Sovos\cloud_fiscal\API_KNW\tests\Consultar_Empresas.robot">
<test id="s1-s3-t1" name="Consultar Empresas" line="7">
<kw name="Create Dictionary" library="BuiltIn">
<var>${payload}</var>
<doc>Creates and returns a dictionary based on the given ``items``.</doc>
<msg timestamp="20220824 09:33:14.086" level="INFO">${payload} = {}</msg>
<status status="PASS" starttime="20220824 09:33:14.085" endtime="20220824 09:33:14.086"/>
</kw>
<kw name="GET Empresas" library="Empresas_Route">
<var>${response}</var>
<arg>json=${payload}</arg>
<kw name="Create Dictionary" library="BuiltIn">
<var>${headers}</var>
<arg>X-Token=01032007</arg>
<arg>X-Cnpj=11272927000105</arg>
<doc>Creates and returns a dictionary based on the given ``items``.</doc>
<msg timestamp="20220824 09:33:14.088" level="INFO">${headers} = {'X-Token': '01032007', 'X-Cnpj': '11272927000105'}</msg>
<status status="PASS" starttime="20220824 09:33:14.087" endtime="20220824 09:33:14.088"/>
</kw>
<kw name="GET" library="RequestsLibrary">
<var>${response}</var>
<arg>${API_USERS}/dadosEmpresas</arg>
<arg>headers=${headers}</arg>
<arg>expected_status=any</arg>
<doc>Sends a GET request.</doc>
<msg timestamp="20220824 09:33:14.585" level="INFO">GET Request : url=http://www.hom.sped.cloudfiscal.com/SPED_WEB/api/knw/v2/dadosEmpresas 
 path_url=/SPED_WEB/api/knw/v2/dadosEmpresas 
 headers={'User-Agent': 'python-requests/2.27.1', 'Accept-Encoding': 'gzip, deflate', 'Accept': '*/*', 'Connection': 'keep-alive', 'X-Token': '01032007', 'X-Cnpj': '11272927000105'} 
 body=None 
 </msg>
<msg timestamp="20220824 09:33:14.585" level="INFO">GET Response : url=http://www.hom.sped.cloudfiscal.com/SPED_WEB/api/knw/v2/dadosEmpresas 
 status=200, reason=OK 
 headers={'Date': 'Wed, 24 Aug 2022 12:33:13 GMT', 'Content-Type': 'application/json', 'Transfer-Encoding': 'chunked', 'Connection': 'keep-alive', 'Set-Cookie': 'AWSALB=ntOtGfv8n2NUFYhme9+RyrDHMqsLJe9ZHzAnKZFE+FIootB5T4J0uHGWwWWTijEkuxRR54CkQ3jBfsxny6Q561LnHgcWr44NJTi8WbDfqHLYnJIQxdXkWDc2RIUp; Expires=Wed, 31 Aug 2022 12:33:13 GMT; Path=/, AWSALBCORS=ntOtGfv8n2NUFYhme9+RyrDHMqsLJe9ZHzAnKZFE+FIootB5T4J0uHGWwWWTijEkuxRR54CkQ3jBfsxny6Q561LnHgcWr44NJTi8WbDfqHLYnJIQxdXkWDc2RIUp; Expires=Wed, 31 Aug 2022 12:33:13 GMT; Path=/; SameSite=None', 'Server': 'Apache-Coyote/1.1', 'Access-Control-Allow-Origin': '*', 'Access-Control-Allow-Headers': 'Access-Control-Allow-Origin, Access-Control-Allow-Headers, Access-Control-Request-Method, Access-Control-Request-Headers, origin, accept, authorization, X-Requested-With, content-type, x-fit-auth-token, x-fit-refresh-token, X-Usuario, X-Senha, X-Licenca', 'Access-Control-Allow-Methods': 'GET, OPTIONS, HEAD, PUT, POST', 'Access-Control-Request-Method': '*', 'X-Frame-Options': 'DENY'} 
 body={"sucesso":true,"erro":null,"mensagens":null,"payload":{"empresas":[{"licenca":"0995","cnpj":"11272927000105","cdEmpresa":1,"cdUnidade":1,"usuarioWS":"0995","senhaWS":"01032007"}]}} 
 </msg>
<msg timestamp="20220824 09:33:14.586" level="INFO">${response} = &lt;Response [200]&gt;</msg>
<status status="PASS" starttime="20220824 09:33:14.088" endtime="20220824 09:33:14.586"/>
</kw>
<msg timestamp="20220824 09:33:14.586" level="INFO">${response} = &lt;Response [200]&gt;</msg>
<status status="PASS" starttime="20220824 09:33:14.087" endtime="20220824 09:33:14.586"/>
</kw>
<kw name="Status Should Be" library="RequestsLibrary">
<arg>200</arg>
<arg>${response}</arg>
<doc>Fails if response status code is different than the expected.</doc>
<status status="PASS" starttime="20220824 09:33:14.586" endtime="20220824 09:33:14.586"/>
</kw>
<kw name="Should Be Equal" library="BuiltIn">
<arg>${response.json()}[sucesso]</arg>
<arg>${true}</arg>
<doc>Fails if the given objects are unequal.</doc>
<status status="PASS" starttime="20220824 09:33:14.587" endtime="20220824 09:33:14.587"/>
</kw>
<kw name="Should Be Equal" library="BuiltIn">
<arg>${response.json()}[erro]</arg>
<arg>${null}</arg>
<doc>Fails if the given objects are unequal.</doc>
<status status="PASS" starttime="20220824 09:33:14.588" endtime="20220824 09:33:14.588"/>
</kw>
<status status="PASS" starttime="20220824 09:33:14.084" endtime="20220824 09:33:14.588"/>
</test>
<doc>Consulta de dados da Empresa</doc>
<status status="PASS" starttime="20220824 09:33:14.051" endtime="20220824 09:33:14.589"/>
</suite>
<suite id="s1-s4" name="Controle Creditos Suite" source="C:\Sovos\cloud_fiscal\API_KNW\tests\Controle_Creditos_Suite.robot">
<test id="s1-s4-t1" name="Atualizar NF C100" line="10">
<kw name="Create Dictionary" library="BuiltIn">
<var>${payload}</var>
<arg>Content-Type=application/json</arg>
<doc>Creates and returns a dictionary based on the given ``items``.</doc>
<msg timestamp="20220824 09:33:14.616" level="INFO">${payload} = {'Content-Type': 'application/json'}</msg>
<status status="PASS" starttime="20220824 09:33:14.615" endtime="20220824 09:33:14.616"/>
</kw>
<kw name="POST Controle Creditos" library="Controle_Creditos">
<var>${response}</var>
<arg>${payload}</arg>
<kw name="Create Dictionary" library="BuiltIn">
<var>${headers}</var>
<arg>X-Token=01032007</arg>
<arg>X-Cnpj=11272927000105</arg>
<arg>content-type=application/json</arg>
<doc>Creates and returns a dictionary based on the given ``items``.</doc>
<msg timestamp="20220824 09:33:14.617" level="INFO">${headers} = {'X-Token': '01032007', 'X-Cnpj': '11272927000105', 'content-type': 'application/json'}</msg>
<status status="PASS" starttime="20220824 09:33:14.617" endtime="20220824 09:33:14.617"/>
</kw>
<kw name="POST" library="RequestsLibrary">
<var>${response}</var>
<arg>${API_USERS}/controleCreditos</arg>
<arg>json=${payload}</arg>
<arg>expected_status=any</arg>
<arg>data={"objetos":[{"knw1200":{"COD_EMPRESA":0,"COD_FILIAL":0,"ID_USUARIO_IMP":"string","DT_IMPORTACAO":"2022-03-23T14:58:41.539Z","COD_GRUPOEMPRESA":"string","DT_PERIODO":"2022-03-23T14:58:41.539Z","CD_REF_511":"string","VL_SALDO_CRED":0,"VL_CRED_APROP":0,"VL_CRED_RECEB":0,"VL_SALDO_TRANSP":0,"VL_CRED_UTIL":0,"ID":"string"},"knw1210List":[{"NR_DOCUMENTO":"string","COD_EMPRESA":0,"COD_FILIAL":0,"ID_USUARIO_IMP":"string","DT_IMPORTACAO":"2022-03-23T14:58:41.539Z","CD_REF_55":"string","NR_ITEM":"string","COD_GRUPOEMPRESA":"string","NR_CHAVE_ACESSO":"string","DT_PERIODO":"2022-03-23T14:58:41.539Z","CD_REF_511":"string","VL_CRED_UTIL":0,"ID":"string"}]}]}</arg>
<arg>headers=${ headers }</arg>
<doc>Sends a POST request.</doc>
<msg timestamp="20220824 09:33:15.002" level="INFO">POST Request : url=http://www.hom.sped.cloudfiscal.com/SPED_WEB/api/knw/v2/controleCreditos 
 path_url=/SPED_WEB/api/knw/v2/controleCreditos 
 headers={'User-Agent': 'python-requests/2.27.1', 'Accept-Encoding': 'gzip, deflate', 'Accept': '*/*', 'Connection': 'keep-alive', 'X-Token': '01032007', 'X-Cnpj': '11272927000105', 'content-type': 'application/json', 'Content-Length': '652'} 
 body={"objetos":[{"knw1200":{"COD_EMPRESA":0,"COD_FILIAL":0,"ID_USUARIO_IMP":"string","DT_IMPORTACAO":"2022-03-23T14:58:41.539Z","COD_GRUPOEMPRESA":"string","DT_PERIODO":"2022-03-23T14:58:41.539Z","CD_REF_511":"string","VL_SALDO_CRED":0,"VL_CRED_APROP":0,"VL_CRED_RECEB":0,"VL_SALDO_TRANSP":0,"VL_CRED_UTIL":0,"ID":"string"},"knw1210List":[{"NR_DOCUMENTO":"string","COD_EMPRESA":0,"COD_FILIAL":0,"ID_USUARIO_IMP":"string","DT_IMPORTACAO":"2022-03-23T14:58:41.539Z","CD_REF_55":"string","NR_ITEM":"string","COD_GRUPOEMPRESA":"string","NR_CHAVE_ACESSO":"string","DT_PERIODO":"2022-03-23T14:58:41.539Z","CD_REF_511":"string","VL_CRED_UTIL":0,"ID":"string"}]}]} 
 </msg>
<msg timestamp="20220824 09:33:15.002" level="INFO">POST Response : url=http://www.hom.sped.cloudfiscal.com/SPED_WEB/api/knw/v2/controleCreditos 
 status=200, reason=OK 
 headers={'Date': 'Wed, 24 Aug 2022 12:33:14 GMT', 'Content-Type': 'application/json', 'Transfer-Encoding': 'chunked', 'Connection': 'keep-alive', 'Set-Cookie': 'AWSALB=bV0Z6FZCDgS/IfFKFcZEzBrUN2qb2iopPsBgRP7viZQRhj8d+6sJywyqdGRmFlt/obRvgXJziMEV7+CguRyrzopE69yVi+uLuW3XInf2YVsY3Pgi5IqDEgHHFyJV; Expires=Wed, 31 Aug 2022 12:33:14 GMT; Path=/, AWSALBCORS=bV0Z6FZCDgS/IfFKFcZEzBrUN2qb2iopPsBgRP7viZQRhj8d+6sJywyqdGRmFlt/obRvgXJziMEV7+CguRyrzopE69yVi+uLuW3XInf2YVsY3Pgi5IqDEgHHFyJV; Expires=Wed, 31 Aug 2022 12:33:14 GMT; Path=/; SameSite=None', 'Server': 'Apache-Coyote/1.1', 'Access-Control-Allow-Origin': '*', 'Access-Control-Allow-Headers': 'Access-Control-Allow-Origin, Access-Control-Allow-Headers, Access-Control-Request-Method, Access-Control-Request-Headers, origin, accept, authorization, X-Requested-With, content-type, x-fit-auth-token, x-fit-refresh-token, X-Usuario, X-Senha, X-Licenca', 'Access-Control-Allow-Methods': 'GET, OPTIONS, HEAD, PUT, POST', 'Access-Control-Request-Method': '*', 'X-Frame-Options': 'DENY'} 
 body={"sucesso":false,"erro":"Integração processada com erros.","mensagens":["2 - DT_PERIODO: 23/03/2022, CD_REF_511: string: Empresa não encontrada: CD_EMPRESA: 0, CD_FILIAL: 0"],"payload":null} 
 </msg>
<msg timestamp="20220824 09:33:15.002" level="INFO">${response} = &lt;Response [200]&gt;</msg>
<status status="PASS" starttime="20220824 09:33:14.617" endtime="20220824 09:33:15.002"/>
</kw>
<msg timestamp="20220824 09:33:15.002" level="INFO">${response} = &lt;Response [200]&gt;</msg>
<status status="PASS" starttime="20220824 09:33:14.616" endtime="20220824 09:33:15.002"/>
</kw>
<kw name="Status Should Be" library="RequestsLibrary">
<arg>200</arg>
<arg>${response}</arg>
<doc>Fails if response status code is different than the expected.</doc>
<status status="PASS" starttime="20220824 09:33:15.003" endtime="20220824 09:33:15.003"/>
</kw>
<status status="PASS" starttime="20220824 09:33:14.614" endtime="20220824 09:33:15.003"/>
</test>
<doc>Suite de testes Contorle de Creditos</doc>
<status status="PASS" starttime="20220824 09:33:14.591" endtime="20220824 09:33:15.004"/>
</suite>
<suite id="s1-s5" name="Doc Gerador Credito Suite" source="C:\Sovos\cloud_fiscal\API_KNW\tests\Doc_Gerador_Credito_Suite.robot">
<test id="s1-s5-t1" name="Gerador de Credito" line="10">
<kw name="Create Dictionary" library="BuiltIn">
<var>${payload}</var>
<arg>Content-Type=application/json</arg>
<doc>Creates and returns a dictionary based on the given ``items``.</doc>
<msg timestamp="20220824 09:33:15.033" level="INFO">${payload} = {'Content-Type': 'application/json'}</msg>
<status status="PASS" starttime="20220824 09:33:15.033" endtime="20220824 09:33:15.033"/>
</kw>
<kw name="POST Gerador Credito" library="Doc_Gerador_Credito">
<var>${response}</var>
<arg>${payload}</arg>
<kw name="Create Dictionary" library="BuiltIn">
<var>${headers}</var>
<arg>X-Token=01032007</arg>
<arg>X-Cnpj=11272927000105</arg>
<arg>content-type=application/json</arg>
<doc>Creates and returns a dictionary based on the given ``items``.</doc>
<msg timestamp="20220824 09:33:15.034" level="INFO">${headers} = {'X-Token': '01032007', 'X-Cnpj': '11272927000105', 'content-type': 'application/json'}</msg>
<status status="PASS" starttime="20220824 09:33:15.034" endtime="20220824 09:33:15.034"/>
</kw>
<kw name="POST" library="RequestsLibrary">
<var>${response}</var>
<arg>${API_USERS}/demaisDocGeradorCredito</arg>
<arg>json=${payload}</arg>
<arg>expected_status=any</arg>
<arg>data={"objetos":[{"knwScF100":{"COD_EMPRESA":0,"COD_FILIAL":0,"ID_USUARIO_IMP":"string","CD_PLANO_CONTA":"string","chave_REGISTRO":"string","DS_COMPLEMENTAR":"string","CD_PROD_SERV":"string","ALIQ_PIS":0,"ALIQ_COFINS":0,"DT_OPERACAO":"2022-03-22T14:55:38.905Z","CD_437":"string","DM_ORIGEM_CRED":"string","VL_OPERACAO":0,"CD_433":"string","VL_BC_PIS":0,"VL_PIS":0,"CD_434":"string","VL_BC_COFINS":0,"VL_COFINS":0,"CD_CCUSTO_DESP":"string","DM_OPERACAO":"string","CD_PESSOA":"string"}}]}</arg>
<arg>headers=${ headers }</arg>
<doc>Sends a POST request.</doc>
<msg timestamp="20220824 09:33:15.528" level="INFO">POST Request : url=http://www.hom.sped.cloudfiscal.com/SPED_WEB/api/knw/v2/demaisDocGeradorCredito 
 path_url=/SPED_WEB/api/knw/v2/demaisDocGeradorCredito 
 headers={'User-Agent': 'python-requests/2.27.1', 'Accept-Encoding': 'gzip, deflate', 'Accept': '*/*', 'Connection': 'keep-alive', 'X-Token': '01032007', 'X-Cnpj': '11272927000105', 'content-type': 'application/json', 'Content-Length': '481'} 
 body={"objetos":[{"knwScF100":{"COD_EMPRESA":0,"COD_FILIAL":0,"ID_USUARIO_IMP":"string","CD_PLANO_CONTA":"string","chave_REGISTRO":"string","DS_COMPLEMENTAR":"string","CD_PROD_SERV":"string","ALIQ_PIS":0,"ALIQ_COFINS":0,"DT_OPERACAO":"2022-03-22T14:55:38.905Z","CD_437":"string","DM_ORIGEM_CRED":"string","VL_OPERACAO":0,"CD_433":"string","VL_BC_PIS":0,"VL_PIS":0,"CD_434":"string","VL_BC_COFINS":0,"VL_COFINS":0,"CD_CCUSTO_DESP":"string","DM_OPERACAO":"string","CD_PESSOA":"string"}}]} 
 </msg>
<msg timestamp="20220824 09:33:15.529" level="INFO">POST Response : url=http://www.hom.sped.cloudfiscal.com/SPED_WEB/api/knw/v2/demaisDocGeradorCredito 
 status=200, reason=OK 
 headers={'Date': 'Wed, 24 Aug 2022 12:33:15 GMT', 'Content-Type': 'application/json', 'Transfer-Encoding': 'chunked', 'Connection': 'keep-alive', 'Set-Cookie': 'AWSALB=mWA0lOKZIJFY1mQ0TkLGbIjlvfYlYMEBI+XHoZoHve0tF8IxKQ1+jsh+pqAd2OfMpiEeCsU9Fdp6rdaOYNESTqS19TMo9IryW5Ih4yGa1QylfFXg5I25z4zQoHan; Expires=Wed, 31 Aug 2022 12:33:15 GMT; Path=/, AWSALBCORS=mWA0lOKZIJFY1mQ0TkLGbIjlvfYlYMEBI+XHoZoHve0tF8IxKQ1+jsh+pqAd2OfMpiEeCsU9Fdp6rdaOYNESTqS19TMo9IryW5Ih4yGa1QylfFXg5I25z4zQoHan; Expires=Wed, 31 Aug 2022 12:33:15 GMT; Path=/; SameSite=None', 'Server': 'Apache-Coyote/1.1', 'Access-Control-Allow-Origin': '*', 'Access-Control-Allow-Headers': 'Access-Control-Allow-Origin, Access-Control-Allow-Headers, Access-Control-Request-Method, Access-Control-Request-Headers, origin, accept, authorization, X-Requested-With, content-type, x-fit-auth-token, x-fit-refresh-token, X-Usuario, X-Senha, X-Licenca', 'Access-Control-Allow-Methods': 'GET, OPTIONS, HEAD, PUT, POST', 'Access-Control-Request-Method': '*', 'X-Frame-Options': 'DENY'} 
 body={"sucesso":false,"erro":"Integração processada com erros.","mensagens":["2 - Empresa não encontrada: 0 - 0"],"payload":null} 
 </msg>
<msg timestamp="20220824 09:33:15.529" level="INFO">${response} = &lt;Response [200]&gt;</msg>
<status status="PASS" starttime="20220824 09:33:15.034" endtime="20220824 09:33:15.529"/>
</kw>
<msg timestamp="20220824 09:33:15.529" level="INFO">${response} = &lt;Response [200]&gt;</msg>
<status status="PASS" starttime="20220824 09:33:15.034" endtime="20220824 09:33:15.529"/>
</kw>
<kw name="Status Should Be" library="RequestsLibrary">
<arg>200</arg>
<arg>${response}</arg>
<doc>Fails if response status code is different than the expected.</doc>
<status status="PASS" starttime="20220824 09:33:15.529" endtime="20220824 09:33:15.530"/>
</kw>
<status status="PASS" starttime="20220824 09:33:15.032" endtime="20220824 09:33:15.530"/>
</test>
<doc>Suite de testes Gerador de Credito</doc>
<status status="PASS" starttime="20220824 09:33:15.006" endtime="20220824 09:33:15.531"/>
</suite>
<suite id="s1-s6" name="Estoque Escriturado Suite" source="C:\Sovos\cloud_fiscal\API_KNW\tests\Estoque_Escriturado_Suite.robot">
<test id="s1-s6-t1" name="Atualizar NF C100" line="10">
<kw name="Create Dictionary" library="BuiltIn">
<var>${payload}</var>
<arg>Content-Type=application/json</arg>
<doc>Creates and returns a dictionary based on the given ``items``.</doc>
<msg timestamp="20220824 09:33:15.556" level="INFO">${payload} = {'Content-Type': 'application/json'}</msg>
<status status="PASS" starttime="20220824 09:33:15.556" endtime="20220824 09:33:15.556"/>
</kw>
<kw name="POST Estoque Escriturado" library="Estoque_Escriturado">
<var>${response}</var>
<arg>${payload}</arg>
<kw name="Create Dictionary" library="BuiltIn">
<var>${headers}</var>
<arg>X-Token=01032007</arg>
<arg>X-Cnpj=11272927000105</arg>
<arg>content-type=application/json</arg>
<doc>Creates and returns a dictionary based on the given ``items``.</doc>
<msg timestamp="20220824 09:33:15.557" level="INFO">${headers} = {'X-Token': '01032007', 'X-Cnpj': '11272927000105', 'content-type': 'application/json'}</msg>
<status status="PASS" starttime="20220824 09:33:15.557" endtime="20220824 09:33:15.557"/>
</kw>
<kw name="POST" library="RequestsLibrary">
<var>${response}</var>
<arg>${API_USERS}/estoqueEscriturado</arg>
<arg>json=${payload}</arg>
<arg>expected_status=any</arg>
<arg>data="{"objetos":[{"knwK200":{"COD_EMPRESA":0,"COD_FILIAL":0,"ID_USUARIO_IMP":"string","CD_PESSOA":"string","CD_PRODUTO_SERVICO":"string","QTDE":0,"DM_ESTOQUE":"string","DT_EST_FINAL":"2022-04-26T18:59:14.686Z"},"knw0150":{"COD_EMPRESA":0,"COD_FILIAL":0,"ID_USUARIO_IMP":"string","DT_INICIAL":"2022-04-26T18:59:14.686Z","DT_IMPORTACAO":"2022-04-26T18:59:14.686Z","chave_REGISTRO":"string","CD_PESSOA":"string","NM_RAZAO_SOCIAL":"string","DS_ENDERECO":"string","DS_BAIRRO":"string","NR_CEP":"string","NR_CNPJ_CPF":"string","NR_INSCR_EST":"string","NR_INSCR_MUNIC":"string","NR_CEI":"string","NR_INSCR_SUBST":"string","CD_SUFRAMA":"string","NR_NUMERO":"string","NR_CEP_CP":"string","DS_COMPLEMENTO":"string","NR_CP":"string","NR_FONE":"string","NR_FAX":"string","DM_RELACIONADO":"string","DT_INI_REL":"2022-04-26T18:59:14.686Z","DT_FIN_REL":"2022-04-26T18:59:14.686Z","NR_NIT":"string","CD_CNAE":"string","NR_CATEGORIA":"string","CD_MUNICIPIO":"string","CD_PAIS":"string","DS_EMAIL":"string","DM_NATUREZA_EMPRESA":"string","DM_REGIME_TRIBUTARIO":"string","NM_TP_LOGRADOURO":"string","NM_TITULO_LOGRADOURO":"string","DM_CONTRIBUINTE":"string"},"knw0190":{"COD_EMPRESA":0,"COD_FILIAL":0,"ID_USUARIO_IMP":"string","DT_INICIAL":"2022-04-26T18:59:14.686Z","DT_IMPORTACAO":"2022-04-26T18:59:14.686Z","chave_REGISTRO":"string","DS_UNIDADE":"string","DS_DESCRICAO":"string"},"knw0200":{"COD_EMPRESA":0,"COD_FILIAL":0,"ID_USUARIO_IMP":"string","CD_PLANO_CONTA":"string","DT_INICIAL":"2022-04-26T18:59:14.686Z","DT_IMPORTACAO":"2022-04-26T18:59:14.686Z","chave_REGISTRO":"string","CD_PRODUTO_SERV":"string","DS_PRODUTO_SERV":"string","UNIDADE":"string","CD_SIT_TRIBUTAR_ICMS":"string","ALIQ_ICMS":0,"PERC_RED_BA_ICMS":0,"DM_PRODUTO_VENDA":"string","CD_LST":"string","CD_NCM":"string","CD_GENERO":"string","DM_TIPO_ITEM":"string","CD_331_EX_IPI":"string","CD_BARRA":"string","NR_CEST":"string","DM_ORIGEM_PRODUTO":"string","CD_CENTRO_CUSTO":"string","CD_SIT_TRIB_IPI":"string","CD_SIT_TRIB_PIS":"string","CD_SIT_TRIB_COFINS":"string","CD_NAT_OPERACAO":"string","ALIQ_PIS":0,"ALIQ_COFINS":0},"integracaoSFUnidadeConversaoList":[{"knw0220":{"COD_EMPRESA":0,"COD_FILIAL":0,"ID_USUARIO_IMP":"string","chave_REGISTRO":"string","CD_PROD_SERV":"string","UN_CONVERTIDA":"string","VL_FATOR_CONV":0},"knw0190":{"COD_EMPRESA":0,"COD_FILIAL":0,"ID_USUARIO_IMP":"string","DT_INICIAL":"2022-04-26T18:59:14.686Z","DT_IMPORTACAO":"2022-04-26T18:59:14.686Z","chave_REGISTRO":"string","DS_UNIDADE":"string","DS_DESCRICAO":"string"}}]}]}"</arg>
<doc>Sends a POST request.</doc>
<msg timestamp="20220824 09:33:16.132" level="INFO">POST Request : url=http://www.hom.sped.cloudfiscal.com/SPED_WEB/api/knw/v2/estoqueEscriturado 
 path_url=/SPED_WEB/api/knw/v2/estoqueEscriturado 
 headers={'User-Agent': 'python-requests/2.27.1', 'Accept-Encoding': 'gzip, deflate', 'Accept': '*/*', 'Connection': 'keep-alive', 'Content-Length': '2501'} 
 body="{"objetos":[{"knwK200":{"COD_EMPRESA":0,"COD_FILIAL":0,"ID_USUARIO_IMP":"string","CD_PESSOA":"string","CD_PRODUTO_SERVICO":"string","QTDE":0,"DM_ESTOQUE":"string","DT_EST_FINAL":"2022-04-26T18:59:14.686Z"},"knw0150":{"COD_EMPRESA":0,"COD_FILIAL":0,"ID_USUARIO_IMP":"string","DT_INICIAL":"2022-04-26T18:59:14.686Z","DT_IMPORTACAO":"2022-04-26T18:59:14.686Z","chave_REGISTRO":"string","CD_PESSOA":"string","NM_RAZAO_SOCIAL":"string","DS_ENDERECO":"string","DS_BAIRRO":"string","NR_CEP":"string","NR_CNPJ_CPF":"string","NR_INSCR_EST":"string","NR_INSCR_MUNIC":"string","NR_CEI":"string","NR_INSCR_SUBST":"string","CD_SUFRAMA":"string","NR_NUMERO":"string","NR_CEP_CP":"string","DS_COMPLEMENTO":"string","NR_CP":"string","NR_FONE":"string","NR_FAX":"string","DM_RELACIONADO":"string","DT_INI_REL":"2022-04-26T18:59:14.686Z","DT_FIN_REL":"2022-04-26T18:59:14.686Z","NR_NIT":"string","CD_CNAE":"string","NR_CATEGORIA":"string","CD_MUNICIPIO":"string","CD_PAIS":"string","DS_EMAIL":"string","DM_NATUREZA_EMPRESA":"string","DM_REGIME_TRIBUTARIO":"string","NM_TP_LOGRADOURO":"string","NM_TITULO_LOGRADOURO":"string","DM_CONTRIBUINTE":"string"},"knw0190":{"COD_EMPRESA":0,"COD_FILIAL":0,"ID_USUARIO_IMP":"string","DT_INICIAL":"2022-04-26T18:59:14.686Z","DT_IMPORTACAO":"2022-04-26T18:59:14.686Z","chave_REGISTRO":"string","DS_UNIDADE":"string","DS_DESCRICAO":"string"},"knw0200":{"COD_EMPRESA":0,"COD_FILIAL":0,"ID_USUARIO_IMP":"string","CD_PLANO_CONTA":"string","DT_INICIAL":"2022-04-26T18:59:14.686Z","DT_IMPORTACAO":"2022-04-26T18:59:14.686Z","chave_REGISTRO":"string","CD_PRODUTO_SERV":"string","DS_PRODUTO_SERV":"string","UNIDADE":"string","CD_SIT_TRIBUTAR_ICMS":"string","ALIQ_ICMS":0,"PERC_RED_BA_ICMS":0,"DM_PRODUTO_VENDA":"string","CD_LST":"string","CD_NCM":"string","CD_GENERO":"string","DM_TIPO_ITEM":"string","CD_331_EX_IPI":"string","CD_BARRA":"string","NR_CEST":"string","DM_ORIGEM_PRODUTO":"string","CD_CENTRO_CUSTO":"string","CD_SIT_TRIB_IPI":"string","CD_SIT_TRIB_PIS":"string","CD_SIT_TRIB_COFINS":"string","CD_NAT_OPERACAO":"string","ALIQ_PIS":0,"ALIQ_COFINS":0},"integracaoSFUnidadeConversaoList":[{"knw0220":{"COD_EMPRESA":0,"COD_FILIAL":0,"ID_USUARIO_IMP":"string","chave_REGISTRO":"string","CD_PROD_SERV":"string","UN_CONVERTIDA":"string","VL_FATOR_CONV":0},"knw0190":{"COD_EMPRESA":0,"COD_FILIAL":0,"ID_USUARIO_IMP":"string","DT_INICIAL":"2022-04-26T18:59:14.686Z","DT_IMPORTACAO":"2022-04-26T18:59:14.686Z","chave_REGISTRO":"string","DS_UNIDADE":"string","DS_DESCRICAO":"string"}}]}]}" 
 </msg>
<msg timestamp="20220824 09:33:16.133" level="INFO">POST Response : url=http://www.hom.sped.cloudfiscal.com/SPED_WEB/api/knw/v2/estoqueEscriturado 
 status=400, reason=Bad Request 
 headers={'Date': 'Wed, 24 Aug 2022 12:33:15 GMT', 'Content-Type': 'text/html;charset=utf-8', 'Content-Length': '1038', 'Connection': 'keep-alive', 'Set-Cookie': 'AWSALB=rpFCZ68QXACVHeeOk3TGQHFnwuoSETFj3rx0M7uMOzb9bv4e7R1ADWIl8JCO7tU31xJwIdsiIZoG1+vmJN1P+OYnfKxJWAfZHKmqfCPWd2h8iEwL+5mpk6Y3t88a; Expires=Wed, 31 Aug 2022 12:33:15 GMT; Path=/, AWSALBCORS=rpFCZ68QXACVHeeOk3TGQHFnwuoSETFj3rx0M7uMOzb9bv4e7R1ADWIl8JCO7tU31xJwIdsiIZoG1+vmJN1P+OYnfKxJWAfZHKmqfCPWd2h8iEwL+5mpk6Y3t88a; Expires=Wed, 31 Aug 2022 12:33:15 GMT; Path=/; SameSite=None', 'Server': 'Apache-Coyote/1.1', 'Access-Control-Allow-Origin': '*', 'Access-Control-Allow-Headers': 'Access-Control-Allow-Origin, Access-Control-Allow-Headers, Access-Control-Request-Method, Access-Control-Request-Headers, origin, accept, authorization, X-Requested-With, content-type, x-fit-auth-token, x-fit-refresh-token, X-Usuario, X-Senha, X-Licenca', 'Access-Control-Allow-Methods': 'GET, OPTIONS, HEAD, PUT, POST', 'Access-Control-Request-Method': '*', 'X-Frame-Options': 'DENY'} 
 body=&lt;html&gt;&lt;head&gt;&lt;title&gt;JBoss Web/7.0.13.Final - Error report&lt;/title&gt;&lt;style&gt;&lt;!--H1 {font-family:Tahoma,Arial,sans-serif;color:white;background-color:#525D76;font-size:22px;} H2 {font-family:Tahoma,Arial,sans-serif;color:white;background-color:#525D76;font-size:16px;} H3 {font-family:Tahoma,Arial,sans-serif;color:white;background-color:#525D76;font-size:14px;} BODY {font-family:Tahoma,Arial,sans-serif;color:black;background-color:white;} B {font-family:Tahoma,Arial,sans-serif;color:white;background-color:#525D76;} P {font-family:Tahoma,Arial,sans-serif;background:white;color:black;font-size:12px;}A {color : black;}A.name {color : black;}HR {color : #525D76;}--&gt;&lt;/style&gt; &lt;/head&gt;&lt;body&gt;&lt;h1&gt;HTTP Status 400 - Failed to decode Yaml&lt;/h1&gt;&lt;HR size="1" noshade="noshade"&gt;&lt;p&gt;&lt;b&gt;type&lt;/b&gt; Status report&lt;/p&gt;&lt;p&gt;&lt;b&gt;message&lt;/b&gt; &lt;u&gt;Failed to decode Yaml&lt;/u&gt;&lt;/p&gt;&lt;p&gt;&lt;b&gt;description&lt;/b&gt; &lt;u&gt;The request sent by the client was syntactically incorrect (Failed to decode Yaml).&lt;/u&gt;&lt;/p&gt;&lt;HR size="1" noshade="noshade"&gt;&lt;h3&gt;JBoss Web/7.0.13.Final&lt;/h3&gt;&lt;/body&gt;&lt;/html&gt; 
 </msg>
<msg timestamp="20220824 09:33:16.133" level="INFO">${response} = &lt;Response [400]&gt;</msg>
<status status="PASS" starttime="20220824 09:33:15.558" endtime="20220824 09:33:16.133"/>
</kw>
<msg timestamp="20220824 09:33:16.133" level="INFO">${response} = &lt;Response [400]&gt;</msg>
<status status="PASS" starttime="20220824 09:33:15.557" endtime="20220824 09:33:16.133"/>
</kw>
<kw name="Status Should Be" library="RequestsLibrary">
<arg>200</arg>
<arg>${response}</arg>
<doc>Fails if response status code is different than the expected.</doc>
<msg timestamp="20220824 09:33:16.134" level="FAIL">Url: http://www.hom.sped.cloudfiscal.com/SPED_WEB/api/knw/v2/estoqueEscriturado Expected status: 400 != 200</msg>
<status status="FAIL" starttime="20220824 09:33:16.133" endtime="20220824 09:33:16.137"/>
</kw>
<status status="FAIL" starttime="20220824 09:33:15.555" endtime="20220824 09:33:16.138">Url: http://www.hom.sped.cloudfiscal.com/SPED_WEB/api/knw/v2/estoqueEscriturado Expected status: 400 != 200</status>
</test>
<doc>Suite de testes Estoque Escriturado</doc>
<status status="FAIL" starttime="20220824 09:33:15.532" endtime="20220824 09:33:16.139"/>
</suite>
<suite id="s1-s7" name="Exportacoes Suite" source="C:\Sovos\cloud_fiscal\API_KNW\tests\Exportacoes_Suite.robot">
<test id="s1-s7-t1" name="Exportacoes" line="10">
<kw name="Create Dictionary" library="BuiltIn">
<var>${payload}</var>
<arg>Content-Type=application/json</arg>
<doc>Creates and returns a dictionary based on the given ``items``.</doc>
<msg timestamp="20220824 09:33:16.164" level="INFO">${payload} = {'Content-Type': 'application/json'}</msg>
<status status="PASS" starttime="20220824 09:33:16.164" endtime="20220824 09:33:16.164"/>
</kw>
<kw name="POST Exportacao" library="Exportacoes">
<var>${response}</var>
<arg>${payload}</arg>
<kw name="Create Dictionary" library="BuiltIn">
<var>${headers}</var>
<arg>X-Token=01032007</arg>
<arg>X-Cnpj=11272927000105</arg>
<arg>content-type=application/json</arg>
<doc>Creates and returns a dictionary based on the given ``items``.</doc>
<msg timestamp="20220824 09:33:16.165" level="INFO">${headers} = {'X-Token': '01032007', 'X-Cnpj': '11272927000105', 'content-type': 'application/json'}</msg>
<status status="PASS" starttime="20220824 09:33:16.165" endtime="20220824 09:33:16.165"/>
</kw>
<kw name="POST" library="RequestsLibrary">
<var>${response}</var>
<arg>${API_USERS}/exportacoes</arg>
<arg>json=${payload}</arg>
<arg>expected_status=any</arg>
<arg>data={"objetos":[{"knwSf1100":{"COD_EMPRESA":0,"COD_FILIAL":0,"ID_USUARIO_IMP":"string","DT_IMPORTACAO":"2022-03-21T21:22:44.331Z","DM_TIPO_DOC":"string","NR_DECLARACAO":"string","NR_REG_EXPORT":"string","DT_DECLARACAO":"2022-03-21T21:22:44.331Z","DM_AVERBACAO":"string","DT_REGISTRO":"2022-03-21T21:22:44.331Z","NR_CON_EMBARQUE":"string","DT_CONHECIMENTO":"2022-03-21T21:22:44.331Z","DT_AVERBACAO":"2022-03-21T21:22:44.331Z","DM_TP_CONHECIME":"string","CD_PAIS":"string"}}]}</arg>
<arg>headers=${ headers }</arg>
<doc>Sends a POST request.</doc>
<msg timestamp="20220824 09:33:16.566" level="INFO">POST Request : url=http://www.hom.sped.cloudfiscal.com/SPED_WEB/api/knw/v2/exportacoes 
 path_url=/SPED_WEB/api/knw/v2/exportacoes 
 headers={'User-Agent': 'python-requests/2.27.1', 'Accept-Encoding': 'gzip, deflate', 'Accept': '*/*', 'Connection': 'keep-alive', 'X-Token': '01032007', 'X-Cnpj': '11272927000105', 'content-type': 'application/json', 'Content-Length': '470'} 
 body={"objetos":[{"knwSf1100":{"COD_EMPRESA":0,"COD_FILIAL":0,"ID_USUARIO_IMP":"string","DT_IMPORTACAO":"2022-03-21T21:22:44.331Z","DM_TIPO_DOC":"string","NR_DECLARACAO":"string","NR_REG_EXPORT":"string","DT_DECLARACAO":"2022-03-21T21:22:44.331Z","DM_AVERBACAO":"string","DT_REGISTRO":"2022-03-21T21:22:44.331Z","NR_CON_EMBARQUE":"string","DT_CONHECIMENTO":"2022-03-21T21:22:44.331Z","DT_AVERBACAO":"2022-03-21T21:22:44.331Z","DM_TP_CONHECIME":"string","CD_PAIS":"string"}}]} 
 </msg>
<msg timestamp="20220824 09:33:16.566" level="INFO">POST Response : url=http://www.hom.sped.cloudfiscal.com/SPED_WEB/api/knw/v2/exportacoes 
 status=200, reason=OK 
 headers={'Date': 'Wed, 24 Aug 2022 12:33:16 GMT', 'Content-Type': 'application/json', 'Transfer-Encoding': 'chunked', 'Connection': 'keep-alive', 'Set-Cookie': 'AWSALB=ZuzfdZkfVkTTDxIGKnkO8s4n3XQitWEj1DCn83dzpP6D1UK8VL9pim2547jKkrsiqxtingFtce6Kh0JtlEO0RzMtu9EvjS5dyixrfdJrrjS3mSHEhD7ncyKOSZnY; Expires=Wed, 31 Aug 2022 12:33:16 GMT; Path=/, AWSALBCORS=ZuzfdZkfVkTTDxIGKnkO8s4n3XQitWEj1DCn83dzpP6D1UK8VL9pim2547jKkrsiqxtingFtce6Kh0JtlEO0RzMtu9EvjS5dyixrfdJrrjS3mSHEhD7ncyKOSZnY; Expires=Wed, 31 Aug 2022 12:33:16 GMT; Path=/; SameSite=None', 'Server': 'Apache-Coyote/1.1', 'Access-Control-Allow-Origin': '*', 'Access-Control-Allow-Headers': 'Access-Control-Allow-Origin, Access-Control-Allow-Headers, Access-Control-Request-Method, Access-Control-Request-Headers, origin, accept, authorization, X-Requested-With, content-type, x-fit-auth-token, x-fit-refresh-token, X-Usuario, X-Senha, X-Licenca', 'Access-Control-Allow-Methods': 'GET, OPTIONS, HEAD, PUT, POST', 'Access-Control-Request-Method': '*', 'X-Frame-Options': 'DENY'} 
 body={"sucesso":false,"erro":"Integração processada com erros.","mensagens":["2 - NullPointerException"],"payload":null} 
 </msg>
<msg timestamp="20220824 09:33:16.566" level="INFO">${response} = &lt;Response [200]&gt;</msg>
<status status="PASS" starttime="20220824 09:33:16.165" endtime="20220824 09:33:16.566"/>
</kw>
<msg timestamp="20220824 09:33:16.566" level="INFO">${response} = &lt;Response [200]&gt;</msg>
<status status="PASS" starttime="20220824 09:33:16.165" endtime="20220824 09:33:16.566"/>
</kw>
<kw name="Status Should Be" library="RequestsLibrary">
<arg>200</arg>
<arg>${response}</arg>
<doc>Fails if response status code is different than the expected.</doc>
<status status="PASS" starttime="20220824 09:33:16.566" endtime="20220824 09:33:16.567"/>
</kw>
<status status="PASS" starttime="20220824 09:33:16.164" endtime="20220824 09:33:16.567"/>
</test>
<doc>Suite de testes Exportações</doc>
<status status="PASS" starttime="20220824 09:33:16.140" endtime="20220824 09:33:16.568"/>
</suite>
<suite id="s1-s8" name="Import BlocoM Suite" source="C:\Sovos\cloud_fiscal\API_KNW\tests\Import_BlocoM_Suite.robot">
<test id="s1-s8-t1" name="Import Bloco M110" line="7">
<kw name="Create Dictionary" library="BuiltIn">
<var>${payload}</var>
<arg>Content-Type=application/json</arg>
<doc>Creates and returns a dictionary based on the given ``items``.</doc>
<msg timestamp="20220824 09:33:16.594" level="INFO">${payload} = {'Content-Type': 'application/json'}</msg>
<status status="PASS" starttime="20220824 09:33:16.593" endtime="20220824 09:33:16.594"/>
</kw>
<kw name="POST M110" library="Import_Bloco_M">
<var>${response}</var>
<arg>${payload}</arg>
<kw name="Create Dictionary" library="BuiltIn">
<var>${headers}</var>
<arg>X-Token=01032007</arg>
<arg>X-Cnpj=11272927000105</arg>
<arg>content-type=application/json</arg>
<doc>Creates and returns a dictionary based on the given ``items``.</doc>
<msg timestamp="20220824 09:33:16.595" level="INFO">${headers} = {'X-Token': '01032007', 'X-Cnpj': '11272927000105', 'content-type': 'application/json'}</msg>
<status status="PASS" starttime="20220824 09:33:16.595" endtime="20220824 09:33:16.595"/>
</kw>
<kw name="POST" library="RequestsLibrary">
<var>${response}</var>
<arg>${API_USERS}/blocoM/M110</arg>
<arg>json=${payload}</arg>
<arg>expected_status=any</arg>
<arg>data={"objetos":[{"knwM110":{"cod_EMPRESA":0,"cod_FILIAL":0,"id_USUARIO_IMP":"string","dt_IMPORTACAO":"2022-06-20T20:04:33.214Z","aliq_PIS":0,"dt_REFERENCIA":"2022-06-20T20:04:33.214Z","cd_436":"string","dm_AJUSTE":"string","vl_AJUSTE":0,"cd_438":"string","ds_AJUSTE":"string","dt_AJUSTE":"2022-06-20T20:04:33.214Z","nr_PROCESSO":"string","vl_ALIQ_PIS":0}}]}</arg>
<arg>headers=${ headers }</arg>
<doc>Sends a POST request.</doc>
<msg timestamp="20220824 09:33:16.995" level="INFO">POST Request : url=http://www.hom.sped.cloudfiscal.com/SPED_WEB/api/knw/v2/blocoM/M110 
 path_url=/SPED_WEB/api/knw/v2/blocoM/M110 
 headers={'User-Agent': 'python-requests/2.27.1', 'Accept-Encoding': 'gzip, deflate', 'Accept': '*/*', 'Connection': 'keep-alive', 'X-Token': '01032007', 'X-Cnpj': '11272927000105', 'content-type': 'application/json', 'Content-Length': '353'} 
 body={"objetos":[{"knwM110":{"cod_EMPRESA":0,"cod_FILIAL":0,"id_USUARIO_IMP":"string","dt_IMPORTACAO":"2022-06-20T20:04:33.214Z","aliq_PIS":0,"dt_REFERENCIA":"2022-06-20T20:04:33.214Z","cd_436":"string","dm_AJUSTE":"string","vl_AJUSTE":0,"cd_438":"string","ds_AJUSTE":"string","dt_AJUSTE":"2022-06-20T20:04:33.214Z","nr_PROCESSO":"string","vl_ALIQ_PIS":0}}]} 
 </msg>
<msg timestamp="20220824 09:33:16.995" level="INFO">POST Response : url=http://www.hom.sped.cloudfiscal.com/SPED_WEB/api/knw/v2/blocoM/M110 
 status=200, reason=OK 
 headers={'Date': 'Wed, 24 Aug 2022 12:33:16 GMT', 'Content-Type': 'application/json', 'Transfer-Encoding': 'chunked', 'Connection': 'keep-alive', 'Set-Cookie': 'AWSALB=mZsub5a75v8WAcHOGlmVq5DvArhsKSuS/19/jvdXWCR9gcPj6hQBeVPAhkMh2Fy5ek+tvlK9sXmCa6g7VbylTkbhepoatJvoIF4PveBjGG8X+Jd7K5zYq2LaMOL+; Expires=Wed, 31 Aug 2022 12:33:16 GMT; Path=/, AWSALBCORS=mZsub5a75v8WAcHOGlmVq5DvArhsKSuS/19/jvdXWCR9gcPj6hQBeVPAhkMh2Fy5ek+tvlK9sXmCa6g7VbylTkbhepoatJvoIF4PveBjGG8X+Jd7K5zYq2LaMOL+; Expires=Wed, 31 Aug 2022 12:33:16 GMT; Path=/; SameSite=None', 'Server': 'Apache-Coyote/1.1', 'Access-Control-Allow-Origin': '*', 'Access-Control-Allow-Headers': 'Access-Control-Allow-Origin, Access-Control-Allow-Headers, Access-Control-Request-Method, Access-Control-Request-Headers, origin, accept, authorization, X-Requested-With, content-type, x-fit-auth-token, x-fit-refresh-token, X-Usuario, X-Senha, X-Licenca', 'Access-Control-Allow-Methods': 'GET, OPTIONS, HEAD, PUT, POST', 'Access-Control-Request-Method': '*', 'X-Frame-Options': 'DENY'} 
 body={"sucesso":false,"erro":"Integração processada com erros.","mensagens":["2 - NullPointerException"],"payload":null} 
 </msg>
<msg timestamp="20220824 09:33:16.995" level="INFO">${response} = &lt;Response [200]&gt;</msg>
<status status="PASS" starttime="20220824 09:33:16.595" endtime="20220824 09:33:16.995"/>
</kw>
<msg timestamp="20220824 09:33:16.995" level="INFO">${response} = &lt;Response [200]&gt;</msg>
<status status="PASS" starttime="20220824 09:33:16.594" endtime="20220824 09:33:16.995"/>
</kw>
<kw name="Status Should Be" library="RequestsLibrary">
<arg>200</arg>
<arg>${response}</arg>
<doc>Fails if response status code is different than the expected.</doc>
<status status="PASS" starttime="20220824 09:33:16.996" endtime="20220824 09:33:16.996"/>
</kw>
<status status="PASS" starttime="20220824 09:33:16.593" endtime="20220824 09:33:16.996"/>
</test>
<test id="s1-s8-t2" name="Import Bloco M410" line="15">
<kw name="Create Dictionary" library="BuiltIn">
<var>${payload}</var>
<arg>Content-Type=application/json</arg>
<doc>Creates and returns a dictionary based on the given ``items``.</doc>
<msg timestamp="20220824 09:33:16.998" level="INFO">${payload} = {'Content-Type': 'application/json'}</msg>
<status status="PASS" starttime="20220824 09:33:16.998" endtime="20220824 09:33:16.998"/>
</kw>
<kw name="POST M410" library="Import_Bloco_M">
<var>${response}</var>
<arg>${payload}</arg>
<kw name="Create Dictionary" library="BuiltIn">
<var>${headers}</var>
<arg>X-Token=01032007</arg>
<arg>X-Cnpj=11272927000105</arg>
<arg>content-type=application/json</arg>
<doc>Creates and returns a dictionary based on the given ``items``.</doc>
<msg timestamp="20220824 09:33:16.999" level="INFO">${headers} = {'X-Token': '01032007', 'X-Cnpj': '11272927000105', 'content-type': 'application/json'}</msg>
<status status="PASS" starttime="20220824 09:33:16.999" endtime="20220824 09:33:16.999"/>
</kw>
<kw name="POST" library="RequestsLibrary">
<var>${response}</var>
<arg>${API_USERS}/blocoM/M410</arg>
<arg>json=${payload}</arg>
<arg>expected_status=any</arg>
<arg>data={"objetos":[{"knwM410":{"cod_EMPRESA":0,"cod_FILIAL":0,"id_USUARIO_IMP":"string","cd_PLANO_CONTA":"string","dt_IMPORTACAO":"2022-03-21T21:22:44.322Z","ds_COMPLEMENTAR":"string","cd_SIT_TRIB_PIS":"string","dt_REFERENCIA":"2022-03-21T21:22:44.322Z","cd_NATUREZA_RECEITA":"string","vl_RECEITA":0},"knw0500":{"COD_EMPRESA":0,"COD_FILIAL":0,"ID_USUARIO_IMP":"string","CD_PLANO_CONTA":"string","DT_INICIAL":"2022-03-21T21:22:44.322Z","DM_TIPO_CONTA":"string","CD_PLAN_CTA_TOT":"string","DS_PLANO_CONTA":"string","DM_NATUREZA":"string","DM_NIVEL":"string","DT_IMPORTACAO":"2022-03-21T21:22:44.322Z","DM_GERAL_AUX":"string","ID_ORDEM":0,"CD_REDUZIDA":"string","chave_REGISTRO":"string"}}]}</arg>
<arg>headers=${ headers }</arg>
<doc>Sends a POST request.</doc>
<msg timestamp="20220824 09:33:17.458" level="INFO">POST Request : url=http://www.hom.sped.cloudfiscal.com/SPED_WEB/api/knw/v2/blocoM/M410 
 path_url=/SPED_WEB/api/knw/v2/blocoM/M410 
 headers={'User-Agent': 'python-requests/2.27.1', 'Accept-Encoding': 'gzip, deflate', 'Accept': '*/*', 'Connection': 'keep-alive', 'X-Token': '01032007', 'X-Cnpj': '11272927000105', 'content-type': 'application/json', 'Content-Length': '681'} 
 body={"objetos":[{"knwM410":{"cod_EMPRESA":0,"cod_FILIAL":0,"id_USUARIO_IMP":"string","cd_PLANO_CONTA":"string","dt_IMPORTACAO":"2022-03-21T21:22:44.322Z","ds_COMPLEMENTAR":"string","cd_SIT_TRIB_PIS":"string","dt_REFERENCIA":"2022-03-21T21:22:44.322Z","cd_NATUREZA_RECEITA":"string","vl_RECEITA":0},"knw0500":{"COD_EMPRESA":0,"COD_FILIAL":0,"ID_USUARIO_IMP":"string","CD_PLANO_CONTA":"string","DT_INICIAL":"2022-03-21T21:22:44.322Z","DM_TIPO_CONTA":"string","CD_PLAN_CTA_TOT":"string","DS_PLANO_CONTA":"string","DM_NATUREZA":"string","DM_NIVEL":"string","DT_IMPORTACAO":"2022-03-21T21:22:44.322Z","DM_GERAL_AUX":"string","ID_ORDEM":0,"CD_REDUZIDA":"string","chave_REGISTRO":"string"}}]} 
 </msg>
<msg timestamp="20220824 09:33:17.458" level="INFO">POST Response : url=http://www.hom.sped.cloudfiscal.com/SPED_WEB/api/knw/v2/blocoM/M410 
 status=200, reason=OK 
 headers={'Date': 'Wed, 24 Aug 2022 12:33:17 GMT', 'Content-Type': 'application/json', 'Transfer-Encoding': 'chunked', 'Connection': 'keep-alive', 'Set-Cookie': 'AWSALB=SC8gGrCQiyZF0Bju/eUxvnXJP6IGyiQK2UDIu95fbpoBoVeUfz3TAkIzim8PwifjnKUSL4QXGjGcIKI9n6q8D8CpGfaqulLONlwYO4l9QYp4BgXWG1yRdqry5lTC; Expires=Wed, 31 Aug 2022 12:33:16 GMT; Path=/, AWSALBCORS=SC8gGrCQiyZF0Bju/eUxvnXJP6IGyiQK2UDIu95fbpoBoVeUfz3TAkIzim8PwifjnKUSL4QXGjGcIKI9n6q8D8CpGfaqulLONlwYO4l9QYp4BgXWG1yRdqry5lTC; Expires=Wed, 31 Aug 2022 12:33:16 GMT; Path=/; SameSite=None', 'Server': 'Apache-Coyote/1.1', 'Access-Control-Allow-Origin': '*', 'Access-Control-Allow-Headers': 'Access-Control-Allow-Origin, Access-Control-Allow-Headers, Access-Control-Request-Method, Access-Control-Request-Headers, origin, accept, authorization, X-Requested-With, content-type, x-fit-auth-token, x-fit-refresh-token, X-Usuario, X-Senha, X-Licenca', 'Access-Control-Allow-Methods': 'GET, OPTIONS, HEAD, PUT, POST', 'Access-Control-Request-Method': '*', 'X-Frame-Options': 'DENY'} 
 body={"sucesso":false,"erro":"Integração processada com erros.","mensagens":["1 - NullPointerException"],"payload":null} 
 </msg>
<msg timestamp="20220824 09:33:17.458" level="INFO">${response} = &lt;Response [200]&gt;</msg>
<status status="PASS" starttime="20220824 09:33:16.999" endtime="20220824 09:33:17.458"/>
</kw>
<msg timestamp="20220824 09:33:17.458" level="INFO">${response} = &lt;Response [200]&gt;</msg>
<status status="PASS" starttime="20220824 09:33:16.998" endtime="20220824 09:33:17.458"/>
</kw>
<kw name="Status Should Be" library="RequestsLibrary">
<arg>200</arg>
<arg>${response}</arg>
<doc>Fails if response status code is different than the expected.</doc>
<status status="PASS" starttime="20220824 09:33:17.459" endtime="20220824 09:33:17.459"/>
</kw>
<status status="PASS" starttime="20220824 09:33:16.997" endtime="20220824 09:33:17.459"/>
</test>
<test id="s1-s8-t3" name="Import Bloco M510" line="22">
<kw name="Create Dictionary" library="BuiltIn">
<var>${payload}</var>
<arg>Content-Type=application/json</arg>
<doc>Creates and returns a dictionary based on the given ``items``.</doc>
<msg timestamp="20220824 09:33:17.461" level="INFO">${payload} = {'Content-Type': 'application/json'}</msg>
<status status="PASS" starttime="20220824 09:33:17.460" endtime="20220824 09:33:17.461"/>
</kw>
<kw name="POST M510" library="Import_Bloco_M">
<var>${response}</var>
<arg>${payload}</arg>
<kw name="Create Dictionary" library="BuiltIn">
<var>${headers}</var>
<arg>X-Token=01032007</arg>
<arg>X-Cnpj=11272927000105</arg>
<arg>content-type=application/json</arg>
<doc>Creates and returns a dictionary based on the given ``items``.</doc>
<msg timestamp="20220824 09:33:17.462" level="INFO">${headers} = {'X-Token': '01032007', 'X-Cnpj': '11272927000105', 'content-type': 'application/json'}</msg>
<status status="PASS" starttime="20220824 09:33:17.461" endtime="20220824 09:33:17.462"/>
</kw>
<kw name="POST" library="RequestsLibrary">
<var>${response}</var>
<arg>${API_USERS}/blocoM/M510</arg>
<arg>json=${payload}</arg>
<arg>expected_status=any</arg>
<arg>data={"objetos":[{"knwM510":{"cod_EMPRESA":0,"cod_FILIAL":0,"id_USUARIO_IMP":"string","dt_IMPORTACAO":"2022-03-21T21:22:44.323Z","aliq_COFINS":0,"dt_REFERENCIA":"2022-03-21T21:22:44.323Z","nr_PROCESSO":"string","vl_ALIQ_COFINS":0,"cd_436":"string","dm_AJUSTE":"string","vl_AJUSTE":0,"cd_438":"string","ds_AJUSTE":"string","dt_AJUSTE":"2022-03-21T21:22:44.323Z"}}]}</arg>
<arg>headers=${ headers }</arg>
<doc>Sends a POST request.</doc>
<msg timestamp="20220824 09:33:17.886" level="INFO">POST Request : url=http://www.hom.sped.cloudfiscal.com/SPED_WEB/api/knw/v2/blocoM/M510 
 path_url=/SPED_WEB/api/knw/v2/blocoM/M510 
 headers={'User-Agent': 'python-requests/2.27.1', 'Accept-Encoding': 'gzip, deflate', 'Accept': '*/*', 'Connection': 'keep-alive', 'X-Token': '01032007', 'X-Cnpj': '11272927000105', 'content-type': 'application/json', 'Content-Length': '359'} 
 body={"objetos":[{"knwM510":{"cod_EMPRESA":0,"cod_FILIAL":0,"id_USUARIO_IMP":"string","dt_IMPORTACAO":"2022-03-21T21:22:44.323Z","aliq_COFINS":0,"dt_REFERENCIA":"2022-03-21T21:22:44.323Z","nr_PROCESSO":"string","vl_ALIQ_COFINS":0,"cd_436":"string","dm_AJUSTE":"string","vl_AJUSTE":0,"cd_438":"string","ds_AJUSTE":"string","dt_AJUSTE":"2022-03-21T21:22:44.323Z"}}]} 
 </msg>
<msg timestamp="20220824 09:33:17.886" level="INFO">POST Response : url=http://www.hom.sped.cloudfiscal.com/SPED_WEB/api/knw/v2/blocoM/M510 
 status=200, reason=OK 
 headers={'Date': 'Wed, 24 Aug 2022 12:33:17 GMT', 'Content-Type': 'application/json', 'Transfer-Encoding': 'chunked', 'Connection': 'keep-alive', 'Set-Cookie': 'AWSALB=OQkL/hCgbybaA8446nq+MdEPmnBCZJQnJz1vhKjKX/1tWjGpxUH8GhP1szB7vyeFj1u3C4deTrwI2olbhA8FidvZahAJBa1RMCSpuQMtSO7DmpN/hPsyI6vlcA21; Expires=Wed, 31 Aug 2022 12:33:17 GMT; Path=/, AWSALBCORS=OQkL/hCgbybaA8446nq+MdEPmnBCZJQnJz1vhKjKX/1tWjGpxUH8GhP1szB7vyeFj1u3C4deTrwI2olbhA8FidvZahAJBa1RMCSpuQMtSO7DmpN/hPsyI6vlcA21; Expires=Wed, 31 Aug 2022 12:33:17 GMT; Path=/; SameSite=None', 'Server': 'Apache-Coyote/1.1', 'Access-Control-Allow-Origin': '*', 'Access-Control-Allow-Headers': 'Access-Control-Allow-Origin, Access-Control-Allow-Headers, Access-Control-Request-Method, Access-Control-Request-Headers, origin, accept, authorization, X-Requested-With, content-type, x-fit-auth-token, x-fit-refresh-token, X-Usuario, X-Senha, X-Licenca', 'Access-Control-Allow-Methods': 'GET, OPTIONS, HEAD, PUT, POST', 'Access-Control-Request-Method': '*', 'X-Frame-Options': 'DENY'} 
 body={"sucesso":false,"erro":"Integração processada com erros.","mensagens":["1 - NullPointerException"],"payload":null} 
 </msg>
<msg timestamp="20220824 09:33:17.886" level="INFO">${response} = &lt;Response [200]&gt;</msg>
<status status="PASS" starttime="20220824 09:33:17.462" endtime="20220824 09:33:17.886"/>
</kw>
<msg timestamp="20220824 09:33:17.886" level="INFO">${response} = &lt;Response [200]&gt;</msg>
<status status="PASS" starttime="20220824 09:33:17.461" endtime="20220824 09:33:17.886"/>
</kw>
<kw name="Status Should Be" library="RequestsLibrary">
<arg>200</arg>
<arg>${response}</arg>
<doc>Fails if response status code is different than the expected.</doc>
<status status="PASS" starttime="20220824 09:33:17.887" endtime="20220824 09:33:17.887"/>
</kw>
<status status="PASS" starttime="20220824 09:33:17.460" endtime="20220824 09:33:17.887"/>
</test>
<test id="s1-s8-t4" name="Import Bloco M810" line="29">
<kw name="Create Dictionary" library="BuiltIn">
<var>${payload}</var>
<arg>Content-Type=application/json</arg>
<doc>Creates and returns a dictionary based on the given ``items``.</doc>
<msg timestamp="20220824 09:33:17.889" level="INFO">${payload} = {'Content-Type': 'application/json'}</msg>
<status status="PASS" starttime="20220824 09:33:17.888" endtime="20220824 09:33:17.889"/>
</kw>
<kw name="POST M810" library="Import_Bloco_M">
<var>${response}</var>
<arg>${payload}</arg>
<kw name="Create Dictionary" library="BuiltIn">
<var>${headers}</var>
<arg>X-Token=01032007</arg>
<arg>X-Cnpj=11272927000105</arg>
<arg>content-type=application/json</arg>
<doc>Creates and returns a dictionary based on the given ``items``.</doc>
<msg timestamp="20220824 09:33:17.890" level="INFO">${headers} = {'X-Token': '01032007', 'X-Cnpj': '11272927000105', 'content-type': 'application/json'}</msg>
<status status="PASS" starttime="20220824 09:33:17.889" endtime="20220824 09:33:17.890"/>
</kw>
<kw name="POST" library="RequestsLibrary">
<var>${response}</var>
<arg>${API_USERS}/blocoM/M810</arg>
<arg>json=${payload}</arg>
<arg>expected_status=any</arg>
<arg>data={"objetos":[{"knwM810":{"cod_EMPRESA":0,"cod_FILIAL":0,"id_USUARIO_IMP":"string","cd_PLANO_CONTA":"string","dt_IMPORTACAO":"2022-03-21T21:22:44.324Z","ds_COMPLEMENTAR":"string","cd_SIT_TRIB_COFINS":"string","dt_REFERENCIA":"2022-03-21T21:22:44.324Z","cd_NATUREZA_RECEITA":"string","vl_RECEITA":0},"knw0500":{"COD_EMPRESA":0,"COD_FILIAL":0,"ID_USUARIO_IMP":"string","CD_PLANO_CONTA":"string","DT_INICIAL":"2022-03-21T21:22:44.324Z","DM_TIPO_CONTA":"string","CD_PLAN_CTA_TOT":"string","DS_PLANO_CONTA":"string","DM_NATUREZA":"string","DM_NIVEL":"string","DT_IMPORTACAO":"2022-03-21T21:22:44.324Z","DM_GERAL_AUX":"string","ID_ORDEM":0,"CD_REDUZIDA":"string","chave_REGISTRO":"string"}}]}</arg>
<arg>headers=${ headers }</arg>
<doc>Sends a POST request.</doc>
<msg timestamp="20220824 09:33:18.591" level="INFO">POST Request : url=http://www.hom.sped.cloudfiscal.com/SPED_WEB/api/knw/v2/blocoM/M810 
 path_url=/SPED_WEB/api/knw/v2/blocoM/M810 
 headers={'User-Agent': 'python-requests/2.27.1', 'Accept-Encoding': 'gzip, deflate', 'Accept': '*/*', 'Connection': 'keep-alive', 'X-Token': '01032007', 'X-Cnpj': '11272927000105', 'content-type': 'application/json', 'Content-Length': '684'} 
 body={"objetos":[{"knwM810":{"cod_EMPRESA":0,"cod_FILIAL":0,"id_USUARIO_IMP":"string","cd_PLANO_CONTA":"string","dt_IMPORTACAO":"2022-03-21T21:22:44.324Z","ds_COMPLEMENTAR":"string","cd_SIT_TRIB_COFINS":"string","dt_REFERENCIA":"2022-03-21T21:22:44.324Z","cd_NATUREZA_RECEITA":"string","vl_RECEITA":0},"knw0500":{"COD_EMPRESA":0,"COD_FILIAL":0,"ID_USUARIO_IMP":"string","CD_PLANO_CONTA":"string","DT_INICIAL":"2022-03-21T21:22:44.324Z","DM_TIPO_CONTA":"string","CD_PLAN_CTA_TOT":"string","DS_PLANO_CONTA":"string","DM_NATUREZA":"string","DM_NIVEL":"string","DT_IMPORTACAO":"2022-03-21T21:22:44.324Z","DM_GERAL_AUX":"string","ID_ORDEM":0,"CD_REDUZIDA":"string","chave_REGISTRO":"string"}}]} 
 </msg>
<msg timestamp="20220824 09:33:18.591" level="INFO">POST Response : url=http://www.hom.sped.cloudfiscal.com/SPED_WEB/api/knw/v2/blocoM/M810 
 status=200, reason=OK 
 headers={'Date': 'Wed, 24 Aug 2022 12:33:18 GMT', 'Content-Type': 'application/json', 'Transfer-Encoding': 'chunked', 'Connection': 'keep-alive', 'Set-Cookie': 'AWSALB=SoqtK6BW/JYZNJdT9+GKe2GZCXpL5rIqqBIwEjiMUQfIbZmiIqb5WpfLuM23bAJj0Fs3I8pFkq4fjsLass0YnqASv6O/mGTtkkyiGK4s2xCEpA/nkKs6+ANETSrU; Expires=Wed, 31 Aug 2022 12:33:18 GMT; Path=/, AWSALBCORS=SoqtK6BW/JYZNJdT9+GKe2GZCXpL5rIqqBIwEjiMUQfIbZmiIqb5WpfLuM23bAJj0Fs3I8pFkq4fjsLass0YnqASv6O/mGTtkkyiGK4s2xCEpA/nkKs6+ANETSrU; Expires=Wed, 31 Aug 2022 12:33:18 GMT; Path=/; SameSite=None', 'Server': 'Apache-Coyote/1.1', 'Access-Control-Allow-Origin': '*', 'Access-Control-Allow-Headers': 'Access-Control-Allow-Origin, Access-Control-Allow-Headers, Access-Control-Request-Method, Access-Control-Request-Headers, origin, accept, authorization, X-Requested-With, content-type, x-fit-auth-token, x-fit-refresh-token, X-Usuario, X-Senha, X-Licenca', 'Access-Control-Allow-Methods': 'GET, OPTIONS, HEAD, PUT, POST', 'Access-Control-Request-Method': '*', 'X-Frame-Options': 'DENY'} 
 body={"sucesso":false,"erro":"Integração processada com erros.","mensagens":["1 - NullPointerException"],"payload":null} 
 </msg>
<msg timestamp="20220824 09:33:18.591" level="INFO">${response} = &lt;Response [200]&gt;</msg>
<status status="PASS" starttime="20220824 09:33:17.890" endtime="20220824 09:33:18.591"/>
</kw>
<msg timestamp="20220824 09:33:18.591" level="INFO">${response} = &lt;Response [200]&gt;</msg>
<status status="PASS" starttime="20220824 09:33:17.889" endtime="20220824 09:33:18.591"/>
</kw>
<kw name="Status Should Be" library="RequestsLibrary">
<arg>200</arg>
<arg>${response}</arg>
<doc>Fails if response status code is different than the expected.</doc>
<status status="PASS" starttime="20220824 09:33:18.592" endtime="20220824 09:33:18.592"/>
</kw>
<status status="PASS" starttime="20220824 09:33:17.888" endtime="20220824 09:33:18.592"/>
</test>
<doc>Suite de testes de API's de importação do Bloco M</doc>
<status status="PASS" starttime="20220824 09:33:16.569" endtime="20220824 09:33:18.593"/>
</suite>
<suite id="s1-s9" name="Import Geral Suite" source="C:\Sovos\cloud_fiscal\API_KNW\tests\Import_Geral_Suite.robot">
<test id="s1-s9-t1" name="Import Pessoas" line="11">
<kw name="Create Dictionary" library="BuiltIn">
<var>${payload}</var>
<arg>Content-Type=application/json</arg>
<doc>Creates and returns a dictionary based on the given ``items``.</doc>
<msg timestamp="20220824 09:33:18.620" level="INFO">${payload} = {'Content-Type': 'application/json'}</msg>
<status status="PASS" starttime="20220824 09:33:18.620" endtime="20220824 09:33:18.620"/>
</kw>
<kw name="POST Import Pessoas" library="Import_Geral">
<var>${response}</var>
<arg>${payload}</arg>
<kw name="Create Dictionary" library="BuiltIn">
<var>${headers}</var>
<arg>X-Token=01032007</arg>
<arg>X-Cnpj=11272927000105</arg>
<arg>content-type=application/json</arg>
<doc>Creates and returns a dictionary based on the given ``items``.</doc>
<msg timestamp="20220824 09:33:18.621" level="INFO">${headers} = {'X-Token': '01032007', 'X-Cnpj': '11272927000105', 'content-type': 'application/json'}</msg>
<status status="PASS" starttime="20220824 09:33:18.621" endtime="20220824 09:33:18.621"/>
</kw>
<kw name="POST" library="RequestsLibrary">
<var>${response}</var>
<arg>${API_USERS}/pessoas</arg>
<arg>json=${payload}</arg>
<arg>expected_status=any</arg>
<arg>data={"objetos":[{"knw0150":{"COD_EMPRESA":"1","COD_FILIAL":"1","CD_PESSOA":"P8489572","DT_INICIAL":"2022-03-29T20:02:35.771Z","DT_IMPORTACAO":"2022-03-29T20:02:35.771Z","DS_ENDERECO":"Rua Brigadeiro Faria Lima","NM_RAZAO_SOCIAL":"Juarez G Mariano","DS_BAIRRO":"Canto do Forte","NR_CEP":"11700630","NR_CNPJ_CPF":"43405835887","NR_INSCR_MUNIC":"001861883","CD_CNAE":"0123","NR_NUMERO":"79","CD_MUNICIPIO":"3541000","DS_EMAIL":"jgmar.construcoes@gmail.com","CD_PAIS":"1058"}}]}</arg>
<arg>headers=${ headers }</arg>
<doc>Sends a POST request.</doc>
<msg timestamp="20220824 09:33:19.164" level="INFO">POST Request : url=http://www.hom.sped.cloudfiscal.com/SPED_WEB/api/knw/v2/pessoas 
 path_url=/SPED_WEB/api/knw/v2/pessoas 
 headers={'User-Agent': 'python-requests/2.27.1', 'Accept-Encoding': 'gzip, deflate', 'Accept': '*/*', 'Connection': 'keep-alive', 'X-Token': '01032007', 'X-Cnpj': '11272927000105', 'content-type': 'application/json', 'Content-Length': '470'} 
 body={"objetos":[{"knw0150":{"COD_EMPRESA":"1","COD_FILIAL":"1","CD_PESSOA":"P8489572","DT_INICIAL":"2022-03-29T20:02:35.771Z","DT_IMPORTACAO":"2022-03-29T20:02:35.771Z","DS_ENDERECO":"Rua Brigadeiro Faria Lima","NM_RAZAO_SOCIAL":"Juarez G Mariano","DS_BAIRRO":"Canto do Forte","NR_CEP":"11700630","NR_CNPJ_CPF":"43405835887","NR_INSCR_MUNIC":"001861883","CD_CNAE":"0123","NR_NUMERO":"79","CD_MUNICIPIO":"3541000","DS_EMAIL":"jgmar.construcoes@gmail.com","CD_PAIS":"1058"}}]} 
 </msg>
<msg timestamp="20220824 09:33:19.164" level="INFO">POST Response : url=http://www.hom.sped.cloudfiscal.com/SPED_WEB/api/knw/v2/pessoas 
 status=200, reason=OK 
 headers={'Date': 'Wed, 24 Aug 2022 12:33:18 GMT', 'Content-Type': 'application/json', 'Transfer-Encoding': 'chunked', 'Connection': 'keep-alive', 'Set-Cookie': 'AWSALB=6Fq2hh1FfVEmoG07pIzb5ISDqDYRIfUYFDflHydx0h+Ti7Ow1aTsA3mfUnPl0f34NnNIr5Gi+sClQg4YXCEJKZcEh+gs1Ec7ESR+pT00dECn/rNQnEtwBAOcEUXG; Expires=Wed, 31 Aug 2022 12:33:18 GMT; Path=/, AWSALBCORS=6Fq2hh1FfVEmoG07pIzb5ISDqDYRIfUYFDflHydx0h+Ti7Ow1aTsA3mfUnPl0f34NnNIr5Gi+sClQg4YXCEJKZcEh+gs1Ec7ESR+pT00dECn/rNQnEtwBAOcEUXG; Expires=Wed, 31 Aug 2022 12:33:18 GMT; Path=/; SameSite=None', 'Server': 'Apache-Coyote/1.1', 'Access-Control-Allow-Origin': '*', 'Access-Control-Allow-Headers': 'Access-Control-Allow-Origin, Access-Control-Allow-Headers, Access-Control-Request-Method, Access-Control-Request-Headers, origin, accept, authorization, X-Requested-With, content-type, x-fit-auth-token, x-fit-refresh-token, X-Usuario, X-Senha, X-Licenca', 'Access-Control-Allow-Methods': 'GET, OPTIONS, HEAD, PUT, POST', 'Access-Control-Request-Method': '*', 'X-Frame-Options': 'DENY'} 
 body={"sucesso":true,"erro":null,"mensagens":null,"payload":null} 
 </msg>
<msg timestamp="20220824 09:33:19.164" level="INFO">${response} = &lt;Response [200]&gt;</msg>
<status status="PASS" starttime="20220824 09:33:18.621" endtime="20220824 09:33:19.164"/>
</kw>
<msg timestamp="20220824 09:33:19.164" level="INFO">${response} = &lt;Response [200]&gt;</msg>
<status status="PASS" starttime="20220824 09:33:18.620" endtime="20220824 09:33:19.164"/>
</kw>
<kw name="Status Should Be" library="RequestsLibrary">
<arg>200</arg>
<arg>${response}</arg>
<doc>Fails if response status code is different than the expected.</doc>
<status status="PASS" starttime="20220824 09:33:19.165" endtime="20220824 09:33:19.165"/>
</kw>
<kw name="Should Be Equal" library="BuiltIn">
<arg>${response.json()}[sucesso]</arg>
<arg>${true}</arg>
<doc>Fails if the given objects are unequal.</doc>
<status status="PASS" starttime="20220824 09:33:19.165" endtime="20220824 09:33:19.166"/>
</kw>
<status status="PASS" starttime="20220824 09:33:18.619" endtime="20220824 09:33:19.166"/>
</test>
<doc>Suite de testes de API's de importações</doc>
<status status="PASS" starttime="20220824 09:33:18.594" endtime="20220824 09:33:19.167"/>
</suite>
<suite id="s1-s10" name="Import NF Suite" source="C:\Sovos\cloud_fiscal\API_KNW\tests\Import_NF_Suite.robot">
<test id="s1-s10-t1" name="POST Import NF Servico" line="8">
<kw name="Create Dictionary" library="BuiltIn">
[...]
<test id="s1-s14-t1" name="Post Progresso Integracao" line="10">
<kw name="Create Dictionary" library="BuiltIn">
<var>${payload}</var>
<arg>Content-Type=application/json</arg>
<doc>Creates and returns a dictionary based on the given ``items``.</doc>
<msg timestamp="20220824 09:33:22.027" level="INFO">${payload} = {'Content-Type': 'application/json'}</msg>
<status status="PASS" starttime="20220824 09:33:22.027" endtime="20220824 09:33:22.027"/>
</kw>
<kw name="POST Progresso Integracao" library="ProgressoIntegracao">
<var>${response}</var>
<arg>${payload}</arg>
<kw name="Create Dictionary" library="BuiltIn">
<var>${headers}</var>
<arg>X-Token=01032007</arg>
<arg>X-Cnpj=11272927000105</arg>
<arg>content-type=application/json</arg>
<doc>Creates and returns a dictionary based on the given ``items``.</doc>
<msg timestamp="20220824 09:33:22.028" level="INFO">${headers} = {'X-Token': '01032007', 'X-Cnpj': '11272927000105', 'content-type': 'application/json'}</msg>
<status status="PASS" starttime="20220824 09:33:22.028" endtime="20220824 09:33:22.028"/>
</kw>
<kw name="POST" library="RequestsLibrary">
<var>${response}</var>
<arg>${API_USERS}/atualizaProgressoIntegracao</arg>
<arg>json=${payload}</arg>
<arg>expected_status=any</arg>
<arg>headers=${ headers }</arg>
<doc>Sends a POST request.</doc>
<msg timestamp="20220824 09:33:22.441" level="INFO">POST Request : url=http://www.hom.sped.cloudfiscal.com/SPED_WEB/api/knw/v2/atualizaProgressoIntegracao 
 path_url=/SPED_WEB/api/knw/v2/atualizaProgressoIntegracao 
 headers={'User-Agent': 'python-requests/2.27.1', 'Accept-Encoding': 'gzip, deflate', 'Accept': '*/*', 'Connection': 'keep-alive', 'X-Token': '01032007', 'X-Cnpj': '11272927000105', 'content-type': 'application/json', 'Content-Length': '36'} 
 body=b'{"Content-Type": "application/json"}' 
 </msg>
<msg timestamp="20220824 09:33:22.441" level="INFO">POST Response : url=http://www.hom.sped.cloudfiscal.com/SPED_WEB/api/knw/v2/atualizaProgressoIntegracao 
 status=200, reason=OK 
 headers={'Date': 'Wed, 24 Aug 2022 12:33:22 GMT', 'Content-Type': 'application/json', 'Transfer-Encoding': 'chunked', 'Connection': 'keep-alive', 'Set-Cookie': 'AWSALB=u4kbkzsuVuHyFRXbmsSzLhu9IZ9Wc0+FfTQPv3EftZKIgh5hiTxLNf4eZC9izB9HQo2F3igj+zkmqgTy0IJ1dP4gGimqHilf/3opy54k9ZfBQCUNRfr/AMKvcAJp; Expires=Wed, 31 Aug 2022 12:33:22 GMT; Path=/, AWSALBCORS=u4kbkzsuVuHyFRXbmsSzLhu9IZ9Wc0+FfTQPv3EftZKIgh5hiTxLNf4eZC9izB9HQo2F3igj+zkmqgTy0IJ1dP4gGimqHilf/3opy54k9ZfBQCUNRfr/AMKvcAJp; Expires=Wed, 31 Aug 2022 12:33:22 GMT; Path=/; SameSite=None', 'Server': 'Apache-Coyote/1.1', 'Access-Control-Allow-Origin': '*', 'Access-Control-Allow-Headers': 'Access-Control-Allow-Origin, Access-Control-Allow-Headers, Access-Control-Request-Method, Access-Control-Request-Headers, origin, accept, authorization, X-Requested-With, content-type, x-fit-auth-token, x-fit-refresh-token, X-Usuario, X-Senha, X-Licenca', 'Access-Control-Allow-Methods': 'GET, OPTIONS, HEAD, PUT, POST', 'Access-Control-Request-Method': '*', 'X-Frame-Options': 'DENY'} 
 body={"sucesso":true,"erro":null,"mensagens":null,"payload":null} 
 </msg>
<msg timestamp="20220824 09:33:22.441" level="INFO">${response} = &lt;Response [200]&gt;</msg>
<status status="PASS" starttime="20220824 09:33:22.028" endtime="20220824 09:33:22.441"/>
</kw>
<msg timestamp="20220824 09:33:22.442" level="INFO">${response} = &lt;Response [200]&gt;</msg>
<status status="PASS" starttime="20220824 09:33:22.028" endtime="20220824 09:33:22.442"/>
</kw>
<kw name="Status Should Be" library="RequestsLibrary">
<arg>200</arg>
<arg>${response}</arg>
<doc>Fails if response status code is different than the expected.</doc>
<status status="PASS" starttime="20220824 09:33:22.442" endtime="20220824 09:33:22.443"/>
</kw>
<kw name="Should Be Equal" library="BuiltIn">
<arg>${response.json()}[sucesso]</arg>
<arg>${true}</arg>
<doc>Fails if the given objects are unequal.</doc>
<status status="PASS" starttime="20220824 09:33:22.443" endtime="20220824 09:33:22.443"/>
</kw>
<status status="PASS" starttime="20220824 09:33:22.026" endtime="20220824 09:33:22.444"/>
</test>
<doc>Session route test suite</doc>
<status status="PASS" starttime="20220824 09:33:21.999" endtime="20220824 09:33:22.445"/>
</suite>
<suite id="s1-s15" name="Retida Fonte Suite" source="C:\Sovos\cloud_fiscal\API_KNW\tests\Retida_Fonte_Suite.robot">
<test id="s1-s15-t1" name="KNW F600 Retida Fonte" line="10">
<kw name="Create Dictionary" library="BuiltIn">
<var>${payload}</var>
<arg>Content-Type=application/json</arg>
<doc>Creates and returns a dictionary based on the given ``items``.</doc>
<msg timestamp="20220824 09:33:22.469" level="INFO">${payload} = {'Content-Type': 'application/json'}</msg>
<status status="PASS" starttime="20220824 09:33:22.469" endtime="20220824 09:33:22.469"/>
</kw>
<kw name="POST Retida Fonte" library="Retida_Fonte">
<var>${response}</var>
<arg>json=${payload}</arg>
<kw name="Create Dictionary" library="BuiltIn">
<var>${headers}</var>
<arg>X-Token=01032007</arg>
<arg>X-Cnpj=11272927000105</arg>
<arg>content-type=application/json</arg>
<doc>Creates and returns a dictionary based on the given ``items``.</doc>
<msg timestamp="20220824 09:33:22.470" level="INFO">${headers} = {'X-Token': '01032007', 'X-Cnpj': '11272927000105', 'content-type': 'application/json'}</msg>
<status status="PASS" starttime="20220824 09:33:22.470" endtime="20220824 09:33:22.470"/>
</kw>
<kw name="POST" library="RequestsLibrary">
<var>${response}</var>
<arg>${API_USERS}/contribuicaoRetidaFonte</arg>
<arg>json=${payload}</arg>
<arg>expected_status=any</arg>
<arg>data={"objetos":[{"knwScF600":{"COD_EMPRESA":1,"COD_FILIAL":1,"ID_USUARIO_IMP":"NETSUITE NFSE ITG","chave_REGISTRO":"5952","DT_REFERENCIA":"2022-06-1T15:02:50.764Z","DM_NAT_RETENCAO":"1","DT_REC_RETENCAO":"2021-09-25T07:00:00.000Z","VL_BC_RETENCAO":100.00,"VL_RETIDO_FONT":1922.3600000000001,"CD_RECEITA":"5952","DM_NAT_RECEITA":"1","NR_CNPJ_FONTE":"02359572000455","VL_RETIDO_PIS":706.06,"VL_RETIDO_COFINS":3515.64,"DM_DECLARANTE":"0"}}]}</arg>
<arg>headers=${ headers }</arg>
<doc>Sends a POST request.</doc>
<msg timestamp="20220824 09:33:22.869" level="INFO">POST Request : url=http://www.hom.sped.cloudfiscal.com/SPED_WEB/api/knw/v2/contribuicaoRetidaFonte 
 path_url=/SPED_WEB/api/knw/v2/contribuicaoRetidaFonte 
 headers={'User-Agent': 'python-requests/2.27.1', 'Accept-Encoding': 'gzip, deflate', 'Accept': '*/*', 'Connection': 'keep-alive', 'X-Token': '01032007', 'X-Cnpj': '11272927000105', 'content-type': 'application/json', 'Content-Length': '434'} 
 body={"objetos":[{"knwScF600":{"COD_EMPRESA":1,"COD_FILIAL":1,"ID_USUARIO_IMP":"NETSUITE NFSE ITG","chave_REGISTRO":"5952","DT_REFERENCIA":"2022-06-1T15:02:50.764Z","DM_NAT_RETENCAO":"1","DT_REC_RETENCAO":"2021-09-25T07:00:00.000Z","VL_BC_RETENCAO":100.00,"VL_RETIDO_FONT":1922.3600000000001,"CD_RECEITA":"5952","DM_NAT_RECEITA":"1","NR_CNPJ_FONTE":"02359572000455","VL_RETIDO_PIS":706.06,"VL_RETIDO_COFINS":3515.64,"DM_DECLARANTE":"0"}}]} 
 </msg>
<msg timestamp="20220824 09:33:22.869" level="INFO">POST Response : url=http://www.hom.sped.cloudfiscal.com/SPED_WEB/api/knw/v2/contribuicaoRetidaFonte 
 status=200, reason=OK 
 headers={'Date': 'Wed, 24 Aug 2022 12:33:22 GMT', 'Content-Type': 'application/json', 'Transfer-Encoding': 'chunked', 'Connection': 'keep-alive', 'Set-Cookie': 'AWSALB=Hc8WFj/AvWpsnFHEyx2vxE6AaR9nw3rgJsQvzQfBM4jPweuosbw/z85TQUZWdY+iNaQzW/oXJsWOdDsKbfyaIDyYZTKbBOS0jQq/fX5BtE3Lieix7eT91yCoz+f7; Expires=Wed, 31 Aug 2022 12:33:22 GMT; Path=/, AWSALBCORS=Hc8WFj/AvWpsnFHEyx2vxE6AaR9nw3rgJsQvzQfBM4jPweuosbw/z85TQUZWdY+iNaQzW/oXJsWOdDsKbfyaIDyYZTKbBOS0jQq/fX5BtE3Lieix7eT91yCoz+f7; Expires=Wed, 31 Aug 2022 12:33:22 GMT; Path=/; SameSite=None', 'Server': 'Apache-Coyote/1.1', 'Access-Control-Allow-Origin': '*', 'Access-Control-Allow-Headers': 'Access-Control-Allow-Origin, Access-Control-Allow-Headers, Access-Control-Request-Method, Access-Control-Request-Headers, origin, accept, authorization, X-Requested-With, content-type, x-fit-auth-token, x-fit-refresh-token, X-Usuario, X-Senha, X-Licenca', 'Access-Control-Allow-Methods': 'GET, OPTIONS, HEAD, PUT, POST', 'Access-Control-Request-Method': '*', 'X-Frame-Options': 'DENY'} 
 body={"sucesso":true,"erro":null,"mensagens":null,"payload":null} 
 </msg>
<msg timestamp="20220824 09:33:22.869" level="INFO">${response} = &lt;Response [200]&gt;</msg>
<status status="PASS" starttime="20220824 09:33:22.470" endtime="20220824 09:33:22.869"/>
</kw>
<msg timestamp="20220824 09:33:22.869" level="INFO">${response} = &lt;Response [200]&gt;</msg>
<status status="PASS" starttime="20220824 09:33:22.469" endtime="20220824 09:33:22.869"/>
</kw>
<kw name="Status Should Be" library="RequestsLibrary">
<arg>200</arg>
<arg>${response}</arg>
<doc>Fails if response status code is different than the expected.</doc>
<status status="PASS" starttime="20220824 09:33:22.870" endtime="20220824 09:33:22.870"/>
</kw>
<kw name="Should Be Equal" library="BuiltIn">
<arg>${response.json()}[sucesso]</arg>
<arg>${true}</arg>
<doc>Fails if the given objects are unequal.</doc>
<status status="PASS" starttime="20220824 09:33:22.870" endtime="20220824 09:33:22.870"/>
</kw>
<status status="PASS" starttime="20220824 09:33:22.468" endtime="20220824 09:33:22.871"/>
</test>
<doc>Session route test suite</doc>
<status status="PASS" starttime="20220824 09:33:22.446" endtime="20220824 09:33:22.872"/>
</suite>
<suite id="s1-s16" name="Saldos Periodicos" source="C:\Sovos\cloud_fiscal\API_KNW\tests\Saldos_Periodicos.robot">
<test id="s1-s16-t1" name="POST Saldos Periodicos" line="10">
<kw name="Create Dictionary" library="BuiltIn">
<var>${payload}</var>
<arg>Content-Type=application/json</arg>
<doc>Creates and returns a dictionary based on the given ``items``.</doc>
<msg timestamp="20220824 09:33:22.900" level="INFO">${payload} = {'Content-Type': 'application/json'}</msg>
<status status="PASS" starttime="20220824 09:33:22.900" endtime="20220824 09:33:22.900"/>
</kw>
<kw name="POST Saldos Periodicos" library="Saldos_Periodicos">
<var>${response}</var>
<arg>${payload}</arg>
<kw name="Create Dictionary" library="BuiltIn">
<var>${headers}</var>
<arg>X-Token=01032007</arg>
<arg>X-Cnpj=11272927000105</arg>
<arg>content-type=application/json</arg>
<doc>Creates and returns a dictionary based on the given ``items``.</doc>
<msg timestamp="20220824 09:33:22.902" level="INFO">${headers} = {'X-Token': '01032007', 'X-Cnpj': '11272927000105', 'content-type': 'application/json'}</msg>
<status status="PASS" starttime="20220824 09:33:22.902" endtime="20220824 09:33:22.903"/>
</kw>
<kw name="POST" library="RequestsLibrary">
<var>${response}</var>
<arg>${API_USERS}/saldosPeriodicos</arg>
<arg>json=${payload}</arg>
<arg>expected_status=any</arg>
<arg>data="{"objetos":[{"knw0500":{"COD_EMPRESA":0,"COD_FILIAL":0,"ID_USUARIO_IMP":"string","CD_PLANO_CONTA":"string","DT_INICIAL":"2022-04-27T18:31:06.292Z","DM_TIPO_CONTA":"string","CD_PLAN_CTA_TOT":"string","DS_PLANO_CONTA":"string","DM_NATUREZA":"string","DM_NIVEL":"string","DT_IMPORTACAO":"2022-04-27T18:31:06.292Z","DM_GERAL_AUX":"string","ID_ORDEM":0,"CD_REDUZIDA":"string","chave_REGISTRO":"string"},"knw0600":{"COD_EMPRESA":0,"COD_FILIAL":0,"ID_USUARIO_IMP":"string","DT_INICIAL":"2022-04-27T18:31:06.292Z","chave_REGISTRO":"string","CD_CENTRO_CUSTO":"string","DS_CENTRO_CUSTO":"string"},"knwSctbI155":{"COD_EMPRESA":0,"COD_FILIAL":0,"ID_USUARIO_IMP":"string","CD_PLANO_CONTA":"string","chave_REGISTRO":"string","CD_CENTRO_CUSTO":"string","DT_SALDO":"2022-04-27T18:31:06.292Z","VL_SALDO_INICIAL":0,"DM_DC_INICIAL":"string","VL_DEBITO":0,"VL_CREDITO":0,"VL_SALDO_FINAL":0,"DM_DC_FINAL":"string","VL_SALDO_INICIAL_MF":0,"DM_DC_INICIAL_MF":"string","VL_DEBITO_MF":0,"VL_CREDITO_MF":0,"VL_SALDO_FINAL_MF":0,"DM_DC_FINAL_MF":"string","DM_TIPO_SALDO":"string","DS_REGRA":"string","DS_JUSTIFICATIVA":"string"}}]}"</arg>
<arg>headers=${ headers }</arg>
<doc>Sends a POST request.</doc>
<msg timestamp="20220824 09:33:23.303" level="INFO">POST Request : url=http://www.hom.sped.cloudfiscal.com/SPED_WEB/api/knw/v2/saldosPeriodicos 
 path_url=/SPED_WEB/api/knw/v2/saldosPeriodicos 
 headers={'User-Agent': 'python-requests/2.27.1', 'Accept-Encoding': 'gzip, deflate', 'Accept': '*/*', 'Connection': 'keep-alive', 'X-Token': '01032007', 'X-Cnpj': '11272927000105', 'content-type': 'application/json', 'Content-Length': '1106'} 
 body="{"objetos":[{"knw0500":{"COD_EMPRESA":0,"COD_FILIAL":0,"ID_USUARIO_IMP":"string","CD_PLANO_CONTA":"string","DT_INICIAL":"2022-04-27T18:31:06.292Z","DM_TIPO_CONTA":"string","CD_PLAN_CTA_TOT":"string","DS_PLANO_CONTA":"string","DM_NATUREZA":"string","DM_NIVEL":"string","DT_IMPORTACAO":"2022-04-27T18:31:06.292Z","DM_GERAL_AUX":"string","ID_ORDEM":0,"CD_REDUZIDA":"string","chave_REGISTRO":"string"},"knw0600":{"COD_EMPRESA":0,"COD_FILIAL":0,"ID_USUARIO_IMP":"string","DT_INICIAL":"2022-04-27T18:31:06.292Z","chave_REGISTRO":"string","CD_CENTRO_CUSTO":"string","DS_CENTRO_CUSTO":"string"},"knwSctbI155":{"COD_EMPRESA":0,"COD_FILIAL":0,"ID_USUARIO_IMP":"string","CD_PLANO_CONTA":"string","chave_REGISTRO":"string","CD_CENTRO_CUSTO":"string","DT_SALDO":"2022-04-27T18:31:06.292Z","VL_SALDO_INICIAL":0,"DM_DC_INICIAL":"string","VL_DEBITO":0,"VL_CREDITO":0,"VL_SALDO_FINAL":0,"DM_DC_FINAL":"string","VL_SALDO_INICIAL_MF":0,"DM_DC_INICIAL_MF":"string","VL_DEBITO_MF":0,"VL_CREDITO_MF":0,"VL_SALDO_FINAL_MF":0,"DM_DC_FINAL_MF":"string","DM_TIPO_SALDO":"string","DS_REGRA":"string","DS_JUSTIFICATIVA":"string"}}]}" 
 </msg>
<msg timestamp="20220824 09:33:23.304" level="INFO">POST Response : url=http://www.hom.sped.cloudfiscal.com/SPED_WEB/api/knw/v2/saldosPeriodicos 
 status=400, reason=Bad Request 
 headers={'Date': 'Wed, 24 Aug 2022 12:33:22 GMT', 'Content-Type': 'text/html;charset=utf-8', 'Content-Length': '1659', 'Connection': 'keep-alive', 'Set-Cookie': 'AWSALB=v0EgePCRN/oYs3AHHdZ1bgcEGy13s6IqGI2con14JO3O5xDNZ07YjCn4nG7luzVN0R1ZMV0zQlXKZM0RbGxiQ/uaSpD/orygLTYOi0kSZplzj+Txvr7gzKaQGEje; Expires=Wed, 31 Aug 2022 12:33:22 GMT; Path=/, AWSALBCORS=v0EgePCRN/oYs3AHHdZ1bgcEGy13s6IqGI2con14JO3O5xDNZ07YjCn4nG7luzVN0R1ZMV0zQlXKZM0RbGxiQ/uaSpD/orygLTYOi0kSZplzj+Txvr7gzKaQGEje; Expires=Wed, 31 Aug 2022 12:33:22 GMT; Path=/; SameSite=None', 'Server': 'Apache-Coyote/1.1', 'Access-Control-Allow-Origin': '*', 'Access-Control-Allow-Headers': 'Access-Control-Allow-Origin, Access-Control-Allow-Headers, Access-Control-Request-Method, Access-Control-Request-Headers, origin, accept, authorization, X-Requested-With, content-type, x-fit-auth-token, x-fit-refresh-token, X-Usuario, X-Senha, X-Licenca', 'Access-Control-Allow-Methods': 'GET, OPTIONS, HEAD, PUT, POST', 'Access-Control-Request-Method': '*', 'X-Frame-Options': 'DENY'} 
 body=&lt;html&gt;&lt;head&gt;&lt;title&gt;JBoss Web/7.0.13.Final - Error report&lt;/title&gt;&lt;style&gt;&lt;!--H1 {font-family:Tahoma,Arial,sans-serif;color:white;background-color:#525D76;font-size:22px;} H2 {font-family:Tahoma,Arial,sans-serif;color:white;background-color:#525D76;font-size:16px;} H3 {font-family:Tahoma,Arial,sans-serif;color:white;background-color:#525D76;font-size:14px;} BODY {font-family:Tahoma,Arial,sans-serif;color:black;background-color:white;} B {font-family:Tahoma,Arial,sans-serif;color:white;background-color:#525D76;} P {font-family:Tahoma,Arial,sans-serif;background:white;color:black;font-size:12px;}A {color : black;}A.name {color : black;}HR {color : #525D76;}--&gt;&lt;/style&gt; &lt;/head&gt;&lt;body&gt;&lt;h1&gt;HTTP Status 400 - org.codehaus.jackson.map.JsonMappingException: Can not instantiate value of type [simple type, class com.cloudfiscal.integracao.blocoIContabil.IntegracaoSCTBI155List] from JSON String; no single-String constructor/factory method&lt;/h1&gt;&lt;HR size="1" noshade="noshade"&gt;&lt;p&gt;&lt;b&gt;type&lt;/b&gt; Status report&lt;/p&gt;&lt;p&gt;&lt;b&gt;message&lt;/b&gt; &lt;u&gt;org.codehaus.jackson.map.JsonMappingException: Can not instantiate value of type [simple type, class com.cloudfiscal.integracao.blocoIContabil.IntegracaoSCTBI155List] from JSON String; no single-String constructor/factory method&lt;/u&gt;&lt;/p&gt;&lt;p&gt;&lt;b&gt;description&lt;/b&gt; &lt;u&gt;The request sent by the client was syntactically incorrect (org.codehaus.jackson.map.JsonMappingException: Can not instantiate value of type [simple type, class com.cloudfiscal.integracao.blocoIContabil.IntegracaoSCTBI155List] from JSON String; no single-String constructor/factory method).&lt;/u&gt;&lt;/p&gt;&lt;HR size="1" noshade="noshade"&gt;&lt;h3&gt;JBoss Web/7.0.13.Final&lt;/h3&gt;&lt;/body&gt;&lt;/html&gt; 
 </msg>
<msg timestamp="20220824 09:33:23.304" level="INFO">${response} = &lt;Response [400]&gt;</msg>
<status status="PASS" starttime="20220824 09:33:22.903" endtime="20220824 09:33:23.304"/>
</kw>
<msg timestamp="20220824 09:33:23.304" level="INFO">${response} = &lt;Response [400]&gt;</msg>
<status status="PASS" starttime="20220824 09:33:22.902" endtime="20220824 09:33:23.304"/>
</kw>
<kw name="Status Should Be" library="RequestsLibrary">
<arg>200</arg>
<arg>${response}</arg>
<doc>Fails if response status code is different than the expected.</doc>
<msg timestamp="20220824 09:33:23.305" level="FAIL">Url: http://www.hom.sped.cloudfiscal.com/SPED_WEB/api/knw/v2/saldosPeriodicos Expected status: 400 != 200</msg>
<status status="FAIL" starttime="20220824 09:33:23.304" endtime="20220824 09:33:23.306"/>
</kw>
<kw name="Should Be Equal" library="BuiltIn">
<arg>${response.json()}[sucesso]</arg>
<arg>${true}</arg>
<doc>Fails if the given objects are unequal.</doc>
<status status="NOT RUN" starttime="20220824 09:33:23.306" endtime="20220824 09:33:23.306"/>
</kw>
<status status="FAIL" starttime="20220824 09:33:22.899" endtime="20220824 09:33:23.307">Url: http://www.hom.sped.cloudfiscal.com/SPED_WEB/api/knw/v2/saldosPeriodicos Expected status: 400 != 200</status>
</test>
<doc>Session route test suite</doc>
<status status="FAIL" starttime="20220824 09:33:22.873" endtime="20220824 09:33:23.308"/>
</suite>
<status status="FAIL" starttime="20220824 09:33:12.129" endtime="20220824 09:33:23.309"/>
</suite>
<statistics>
<total>
<stat pass="14" fail="5" skip="0">All Tests</stat>
</total>
<tag>
</tag>
<suite>
<stat pass="14" fail="5" skip="0" id="s1" name="Tests">Tests</stat>
<stat pass="1" fail="0" skip="0" id="s1-s1" name="Ativo Imobilizado">Tests.Ativo Imobilizado</stat>
<stat pass="1" fail="0" skip="0" id="s1-s2" name="Atualizacao NF Suite">Tests.Atualizacao NF Suite</stat>
<stat pass="1" fail="0" skip="0" id="s1-s3" name="Consultar Empresas">Tests.Consultar Empresas</stat>
<stat pass="1" fail="0" skip="0" id="s1-s4" name="Controle Creditos Suite">Tests.Controle Creditos Suite</stat>
<stat pass="1" fail="0" skip="0" id="s1-s5" name="Doc Gerador Credito Suite">Tests.Doc Gerador Credito Suite</stat>
<stat pass="0" fail="1" skip="0" id="s1-s6" name="Estoque Escriturado Suite">Tests.Estoque Escriturado Suite</stat>
<stat pass="1" fail="0" skip="0" id="s1-s7" name="Exportacoes Suite">Tests.Exportacoes Suite</stat>
<stat pass="4" fail="0" skip="0" id="s1-s8" name="Import BlocoM Suite">Tests.Import BlocoM Suite</stat>
<stat pass="1" fail="0" skip="0" id="s1-s9" name="Import Geral Suite">Tests.Import Geral Suite</stat>
<stat pass="0" fail="1" skip="0" id="s1-s10" name="Import NF Suite">Tests.Import NF Suite</stat>
<stat pass="1" fail="0" skip="0" id="s1-s11" name="Integracao sistema terceiros">Tests.Integracao sistema terceiros</stat>
<stat pass="0" fail="1" skip="0" id="s1-s12" name="Lancamentos Contabeis">Tests.Lancamentos Contabeis</stat>
<stat pass="0" fail="1" skip="0" id="s1-s13" name="Plano conta">Tests.Plano conta</stat>
<stat pass="1" fail="0" skip="0" id="s1-s14" name="Progresso Integracao">Tests.Progresso Integracao</stat>
<stat pass="1" fail="0" skip="0" id="s1-s15" name="Retida Fonte Suite">Tests.Retida Fonte Suite</stat>
<stat pass="0" fail="1" skip="0" id="s1-s16" name="Saldos Periodicos">Tests.Saldos Periodicos</stat>
</suite>
</statistics>
<errors>
</errors>
</robot>
