<?xml version="1.0" encoding="UTF-8"?>
<robot generator="Robot 5.0.1 (Python 3.10.0 on win32)" generated="20220914 11:26:17.723" rpa="false" schemaversion="3">
<suite id="s1" name="Import Nf Suite" source="C:\Sovos\cloud_fiscal\api_knw\features\import_nf_suite.robot">
<test id="s1-t1" name="POST Import NF Servico" line="8">
<kw name="Create Dictionary" library="BuiltIn">
<var>${payload}</var>
<arg>Content-Type=application/json</arg>
<doc>Creates and returns a dictionary based on the given ``items``.</doc>
<msg timestamp="20220914 11:26:17.961" level="INFO">${payload} = {'Content-Type': 'application/json'}</msg>
<status status="PASS" starttime="20220914 11:26:17.961" endtime="20220914 11:26:17.961"/>
</kw>
<kw name="POST Import NF Servico" library="Import_NF">
<var>${response}</var>
<arg>${payload}</arg>
<kw name="Create Dictionary" library="BuiltIn">
<var>${headers}</var>
<arg>X-Token=01032007</arg>
<arg>X-Cnpj=11272927000105</arg>
<arg>content-type=application/json</arg>
<doc>Creates and returns a dictionary based on the given ``items``.</doc>
<msg timestamp="20220914 11:26:17.962" level="INFO">${headers} = {'X-Token': '01032007', 'X-Cnpj': '11272927000105', 'content-type': 'application/json'}</msg>
<status status="PASS" starttime="20220914 11:26:17.962" endtime="20220914 11:26:17.962"/>
</kw>
<kw name="POST" library="RequestsLibrary">
<var>${response}</var>
<arg>${API_USERS}/notaServico</arg>
<arg>json=${payload}</arg>
<arg>expected_status=any</arg>
<arg>data=${JSON_NF_SERVICO}</arg>
<arg>headers=${ headers }</arg>
<doc>Sends a POST request.</doc>
<msg timestamp="20220914 11:26:18.354" level="INFO">POST Request : url=http://www.hom.sped.cloudfiscal.com/SPED_WEB/api/knw/v2/notaServico 
 path_url=/SPED_WEB/api/knw/v2/notaServico 
 headers={'User-Agent': 'python-requests/2.27.1', 'Accept-Encoding': 'gzip, deflate', 'Accept': '*/*', 'Connection': 'keep-alive', 'X-Token': '01032007', 'X-Cnpj': '11272927000105', 'content-type': 'application/json', 'Content-Length': '3183'} 
 body={"objetos":[{"knw0150":{"COD_EMPRESA":"1","COD_FILIAL":"1","CD_PESSOA":"T3662","DT_INICIAL":"2022-09-12T17:14:57.776Z","DT_IMPORTACAO":"2022-09-12T17:14:57.776Z","DS_ENDERECO":"Rua ABELARDO ANDRADE DE CARVALHO","NM_RAZAO_SOCIAL":"AJS SERVICOS MEDICOS LTDA","DS_BAIRRO":"BOCA DO RIO","NR_CEP":"41706710","NR_CNPJ_CPF":"26444343000139","NR_INSCR_MUNIC":"2486260018","NR_NUMERO":"2","DS_COMPLEMENTO":"ANDAR 01","CD_MUNICIPIO":"3106200","CD_PAIS":"1058","ID_USUARIO_IMP":"NETSUITE NFSE ITG"},"knw0500":{"COD_EMPRESA":"1","COD_FILIAL":"1","DT_IMPORTACAO":"2022-09-12T17:14:57.776Z","DT_INICIAL":"2022-09-12T17:14:57.776Z","DM_TIPO_CONTA":"S","CD_PLANO_CONTA":"20110010000001","DS_PLANO_CONTA":"Fornecedores Diversos","ID_USUARIO_IMP":"NETSUITE NFSE ITG"},"knwA100":{"COD_EMPRESA":"1","COD_FILIAL":"1","DM_EMITENTE":"0","NR_DOCUMENTO":"752","CD_PLANO_CONTA":"20110010000001","NR_SERIE":"2","DT_EMISSAO":"2022-03-02T03:00:00","DT_EXECUCAO":"2022-03-02T03:00:00","DM_CANCELAMENTO":"00","VL_DESCONTO":"0.00","VL_DOCUMENTO":"15000.00","CD_MUNICIPIO_PRESTACAO":"3106200","DM_PGTO":"0","VL_MATERIAL_PROPRIO":0,"VL_MATERIAL_TERCEIRO":0,"VL_OUTRAS_DESPESAS":0,"CD_SERVICO":"SERVIÇO","DT_PAGAMENTO":"2022-06-15T07:00:00"},"integracaoNotaFiscalServicoItemList":[{"knwA170":{"COD_EMPRESA":"1","COD_FILIAL":"1","DM_EMITENTE":"0","NR_DOCUMENTO":"752","NR_SERIE":"2","VL_DESCONTO":0,"CD_PLANO_CONTA":"20110010000001","NR_ITEM":1,"CD_PROD_SERV":"252","CD_LST":"34.01","DS_COMPLEMENTAR":"Assess. imprensa c/ retenções (PIS, COFINS, I","CD_SIT_TRIB_PIS":"70","VL_BC_PIS":0,"ALIQ_PIS":0,"VL_PIS":0,"CD_SIT_TRIB_COFINS":"70","VL_BC_COFINS":0,"ALIQ_COFINS":0,"VL_COFINS":0,"CD_SIT_TRIB_ISS":"","VL_BC_ISS":0,"ALIQ_ISS":0,"VL_ISS":0,"VL_BC_INSS":15000,"VL_BC_ISS_RET":15000,"VL_ISS_RET":750,"DT_EMISSAO":"2022-03-02T03:00:00","DT_EXECUCAO":"2022-03-02T03:00:00","VL_SERVICO":15000,"CD_SERV_MUN":"34.01","DM_TRIBUTACAO":"T"},"knw0200":{"COD_EMPRESA":"1","COD_FILIAL":"1","CD_PLANO_CONTA":"20110010000001","DT_INICIAL":"2022-09-12T17:14:57.776Z","DT_IMPORTACAO":"2022-09-12T17:14:57.776Z","CD_PRODUTO_SERV":"252","DS_PRODUTO_SERV":"Assess. imprensa c/ retenções (PIS, COFINS, IR, CSLL, ISS, INSS) - F600","UNIDADE":"UN","ALIQ_ICMS":0,"CD_LST":"34.01","DM_TIPO_ITEM":"09","CD_SIT_TRIB_PIS":"70","CD_SIT_TRIB_COFINS":"70","ALIQ_PIS":0,"ALIQ_COFINS":0,"ID_USUARIO_IMP":"NETSUITE NFSE ITG"},"knw0190":{"COD_EMPRESA":"1","COD_FILIAL":"1","DT_INICIAL":"2022-09-12T17:14:57.776Z","DT_IMPORTACAO":"2022-09-12T17:14:57.776Z","DS_UNIDADE":"UN","DS_DESCRICAO":"UN","ID_USUARIO_IMP":"NETSUITE NFSE ITG"}}],"knwScRetencaoList":[{"COD_EMPRESA":"1","COD_FILIAL":"1","DM_EMITENTE":"0","NR_DOCUMENTO":"752","NR_ITEM":"1","DT_EMISSAO":"2022-03-02T03:00:00","VL_BC_IRRF":15000,"ALIQ_IRRF":1.5,"VL_RETENCAO_IRRF":225,"VL_BC_RET_PIS":15000,"ALIQ_PIS":0.65,"VL_PIS":97.5,"VL_BC_RET_COFINS":15000,"ALIQ_COFINS":3,"VL_COFINS":450,"VL_BC_RET_CSLL":15000,"ALIQ_CSLL":1,"VL_CSLL":150,"ID_USUARIO_IMP":"NETSUITE NFSE ITG","VL_PARCELA":0,"NR_PARCELA":1,"VL_BASE_INSS":15000,"VL_RETEN_INSS":1650,"ALIQ_INSS":11,"VL_BASE_ISS":15000,"VL_RETEN_ISS":750,"ALIQ_ISS":3,"DT_PAGAMENTO":"2022-06-15T07:00:00","DT_VENCIMENTO":"2022-04-20T07:00:00"}]}]} 
 </msg>
<msg timestamp="20220914 11:26:18.354" level="INFO">POST Response : url=http://www.hom.sped.cloudfiscal.com/SPED_WEB/api/knw/v2/notaServico 
 status=400, reason=Bad Request 
 headers={'Date': 'Wed, 14 Sep 2022 14:26:18 GMT', 'Content-Type': 'text/html;charset=utf-8', 'Content-Length': '1470', 'Connection': 'keep-alive', 'Set-Cookie': 'AWSALB=a04X0YaU48v0vJvANElv091GPk1o7MIF+K5FCqMfb/3YWf8L8MiVJzTZMq2WzkI/cQMUe8ISjU+FUHNIIYpLXi7bCSiCqo7ZdR1Bxlwtel51vc8S7191jvyZf3QL; Expires=Wed, 21 Sep 2022 14:26:18 GMT; Path=/, AWSALBCORS=a04X0YaU48v0vJvANElv091GPk1o7MIF+K5FCqMfb/3YWf8L8MiVJzTZMq2WzkI/cQMUe8ISjU+FUHNIIYpLXi7bCSiCqo7ZdR1Bxlwtel51vc8S7191jvyZf3QL; Expires=Wed, 21 Sep 2022 14:26:18 GMT; Path=/; SameSite=None', 'Server': 'Apache-Coyote/1.1', 'Access-Control-Allow-Origin': '*', 'Access-Control-Allow-Headers': 'Access-Control-Allow-Origin, Access-Control-Allow-Headers, Access-Control-Request-Method, Access-Control-Request-Headers, origin, accept, authorization, X-Requested-With, content-type, x-fit-auth-token, x-fit-refresh-token, X-Usuario, X-Senha, X-Licenca', 'Access-Control-Allow-Methods': 'GET, OPTIONS, HEAD, PUT, POST', 'Access-Control-Request-Method': '*', 'X-Frame-Options': 'DENY'} 
 body=&lt;html&gt;&lt;head&gt;&lt;title&gt;JBoss Web/7.0.13.Final - Error report&lt;/title&gt;&lt;style&gt;&lt;!--H1 {font-family:Tahoma,Arial,sans-serif;color:white;background-color:#525D76;font-size:22px;} H2 {font-family:Tahoma,Arial,sans-serif;color:white;background-color:#525D76;font-size:16px;} H3 {font-family:Tahoma,Arial,sans-serif;color:white;background-color:#525D76;font-size:14px;} BODY {font-family:Tahoma,Arial,sans-serif;color:black;background-color:white;} B {font-family:Tahoma,Arial,sans-serif;color:white;background-color:#525D76;} P {font-family:Tahoma,Arial,sans-serif;background:white;color:black;font-size:12px;}A {color : black;}A.name {color : black;}HR {color : #525D76;}--&gt;&lt;/style&gt; &lt;/head&gt;&lt;body&gt;&lt;h1&gt;HTTP Status 400 - org.codehaus.jackson.JsonParseException: Invalid UTF-8 middle byte 0x4f
 at [Source: org.apache.catalina.connector.CoyoteInputStream@5237e636; line: 1, column: 1168]&lt;/h1&gt;&lt;HR size="1" noshade="noshade"&gt;&lt;p&gt;&lt;b&gt;type&lt;/b&gt; Status report&lt;/p&gt;&lt;p&gt;&lt;b&gt;message&lt;/b&gt; &lt;u&gt;org.codehaus.jackson.JsonParseException: Invalid UTF-8 middle byte 0x4f
 at [Source: org.apache.catalina.connector.CoyoteInputStream@5237e636; line: 1, column: 1168]&lt;/u&gt;&lt;/p&gt;&lt;p&gt;&lt;b&gt;description&lt;/b&gt; &lt;u&gt;The request sent by the client was syntactically incorrect (org.codehaus.jackson.JsonParseException: Invalid UTF-8 middle byte 0x4f
 at [Source: org.apache.catalina.connector.CoyoteInputStream@5237e636; line: 1, column: 1168]).&lt;/u&gt;&lt;/p&gt;&lt;HR size="1" noshade="noshade"&gt;&lt;h3&gt;JBoss Web/7.0.13.Final&lt;/h3&gt;&lt;/body&gt;&lt;/html&gt; 
 </msg>
<msg timestamp="20220914 11:26:18.354" level="INFO">${response} = &lt;Response [400]&gt;</msg>
<status status="PASS" starttime="20220914 11:26:17.962" endtime="20220914 11:26:18.354"/>
</kw>
<msg timestamp="20220914 11:26:18.354" level="INFO">${response} = &lt;Response [400]&gt;</msg>
<status status="PASS" starttime="20220914 11:26:17.961" endtime="20220914 11:26:18.354"/>
</kw>
<kw name="Status Should Be" library="RequestsLibrary">
<arg>200</arg>
<arg>${response}</arg>
<doc>Fails if response status code is different than the expected.</doc>
<msg timestamp="20220914 11:26:18.356" level="FAIL">Url: http://www.hom.sped.cloudfiscal.com/SPED_WEB/api/knw/v2/notaServico Expected status: 400 != 200</msg>
<status status="FAIL" starttime="20220914 11:26:18.355" endtime="20220914 11:26:18.360"/>
</kw>
<kw name="Should Be Equal" library="BuiltIn">
<arg>${response.json()}[sucesso]</arg>
<arg>${true}</arg>
<doc>Fails if the given objects are unequal.</doc>
<status status="NOT RUN" starttime="20220914 11:26:18.360" endtime="20220914 11:26:18.360"/>
</kw>
<status status="FAIL" starttime="20220914 11:26:17.960" endtime="20220914 11:26:18.361">Url: http://www.hom.sped.cloudfiscal.com/SPED_WEB/api/knw/v2/notaServico Expected status: 400 != 200</status>
</test>
<doc>Suite de testes de API's de importação de Notas Fiscais</doc>
<status status="FAIL" starttime="20220914 11:26:17.726" endtime="20220914 11:26:18.362"/>
</suite>
<statistics>
<total>
<stat pass="0" fail="1" skip="0">All Tests</stat>
</total>
<tag>
</tag>
<suite>
<stat pass="0" fail="1" skip="0" id="s1" name="Import Nf Suite">Import Nf Suite</stat>
</suite>
</statistics>
<errors>
</errors>
</robot>
