<?xml version="1.0" encoding="UTF-8"?>
<robot generator="Robot 4.1.2 (Python 3.10.0 on win32)" generated="20220318 17:42:31.463" rpa="false" schemaversion="2">
<suite id="s1" name="Knw" source="C:\Sovos\cloud_fiscal\cloud_fiscal\API_KNW\tests\knw.robot">
<test id="s1-t1" name="KNW F600 Retida Fonte">
<kw name="Create Dictionary" library="BuiltIn">
<var>${payload}</var>
<arg>Content-Type=application/json</arg>
<doc>Creates and returns a dictionary based on the given ``items``.</doc>
<msg timestamp="20220318 17:42:31.702" level="INFO">${payload} = {'Content-Type': 'application/json'}</msg>
<status status="PASS" starttime="20220318 17:42:31.702" endtime="20220318 17:42:31.703"/>
</kw>
<kw name="POST Retida Fonte" library="RetidaFonte">
<var>${response}</var>
<arg>${payload}</arg>
<kw name="Create Dictionary" library="BuiltIn">
<var>${headers}</var>
<arg>X-Token=01032007</arg>
<arg>X-Cnpj=11272927000105</arg>
<arg>content-type=application/json</arg>
<doc>Creates and returns a dictionary based on the given ``items``.</doc>
<msg timestamp="20220318 17:42:31.703" level="INFO">${headers} = {'X-Token': '01032007', 'X-Cnpj': '11272927000105', 'content-type': 'application/json'}</msg>
<status status="PASS" starttime="20220318 17:42:31.703" endtime="20220318 17:42:31.703"/>
</kw>
<kw name="POST" library="RequestsLibrary">
<var>${response}</var>
<arg>${API_USERS}/contribuicaoRetidaFonte</arg>
<arg>json=${payload}</arg>
<arg>expected_status=any</arg>
<arg>data={"objetos":[{"knwScF600":{"COD_EMPRESA":1,"COD_FILIAL":1,"ID_USUARIO_IMP":"NETSUITE NFSE ITG","chave_REGISTRO":"5952","DT_REFERENCIA":"2022-06-1T15:02:50.764Z","DM_NAT_RETENCAO":"1","DT_REC_RETENCAO":"2021-09-25T07:00:00.000Z","VL_BC_RETENCAO":100.00,"VL_RETIDO_FONT":1922.3600000000001,"CD_RECEITA":"5952","DM_NAT_RECEITA":"1","NR_CNPJ_FONTE":"02359572000455","VL_RETIDO_PIS":706.06,"VL_RETIDO_COFINS":3515.64,"DM_DECLARANTE":"0"}}]}</arg>
<arg>headers=${ headers }</arg>
<doc>Sends a POST request.</doc>
<msg timestamp="20220318 17:42:32.062" level="INFO">POST Request : url=http://www.hom.sped.cloudfiscal.com/SPED_WEB/api/knw/v2/contribuicaoRetidaFonte 
 path_url=/SPED_WEB/api/knw/v2/contribuicaoRetidaFonte 
 headers={'User-Agent': 'python-requests/2.27.1', 'Accept-Encoding': 'gzip, deflate', 'Accept': '*/*', 'Connection': 'keep-alive', 'X-Token': '01032007', 'X-Cnpj': '11272927000105', 'content-type': 'application/json', 'Content-Length': '434'} 
 body={"objetos":[{"knwScF600":{"COD_EMPRESA":1,"COD_FILIAL":1,"ID_USUARIO_IMP":"NETSUITE NFSE ITG","chave_REGISTRO":"5952","DT_REFERENCIA":"2022-06-1T15:02:50.764Z","DM_NAT_RETENCAO":"1","DT_REC_RETENCAO":"2021-09-25T07:00:00.000Z","VL_BC_RETENCAO":100.00,"VL_RETIDO_FONT":1922.3600000000001,"CD_RECEITA":"5952","DM_NAT_RECEITA":"1","NR_CNPJ_FONTE":"02359572000455","VL_RETIDO_PIS":706.06,"VL_RETIDO_COFINS":3515.64,"DM_DECLARANTE":"0"}}]} 
 </msg>
<msg timestamp="20220318 17:42:32.062" level="INFO">POST Response : url=http://www.hom.sped.cloudfiscal.com/SPED_WEB/api/knw/v2/contribuicaoRetidaFonte 
 status=200, reason=OK 
 headers={'Date': 'Fri, 18 Mar 2022 20:42:31 GMT', 'Content-Type': 'application/json', 'Transfer-Encoding': 'chunked', 'Connection': 'keep-alive', 'Set-Cookie': 'AWSALB=NVpYapUyqHTbAEIYbuvi7DUukBNT7BCui8eKiuUTqC8SHERPi5o5NP2N/icO2v2h98nPQ8LgGkGFEDSU/PntbXdRfDMEr+nVsYihLvQwK6bAtikjxBNnUFKCN1Ph; Expires=Fri, 25 Mar 2022 20:42:31 GMT; Path=/, AWSALBCORS=NVpYapUyqHTbAEIYbuvi7DUukBNT7BCui8eKiuUTqC8SHERPi5o5NP2N/icO2v2h98nPQ8LgGkGFEDSU/PntbXdRfDMEr+nVsYihLvQwK6bAtikjxBNnUFKCN1Ph; Expires=Fri, 25 Mar 2022 20:42:31 GMT; Path=/; SameSite=None', 'Server': 'Apache-Coyote/1.1', 'Access-Control-Allow-Origin': '*', 'Access-Control-Allow-Headers': 'Access-Control-Allow-Origin, Access-Control-Allow-Headers, Access-Control-Request-Method, Access-Control-Request-Headers, origin, accept, authorization, X-Requested-With, content-type, x-fit-auth-token, x-fit-refresh-token, X-Usuario, X-Senha, X-Licenca', 'Access-Control-Allow-Methods': 'GET, OPTIONS, HEAD, PUT, POST', 'Access-Control-Request-Method': '*', 'X-Frame-Options': 'DENY'} 
 body={"sucesso":true,"erro":null,"mensagens":null,"payload":null} 
 </msg>
<msg timestamp="20220318 17:42:32.062" level="INFO">${response} = &lt;Response [200]&gt;</msg>
<status status="PASS" starttime="20220318 17:42:31.703" endtime="20220318 17:42:32.063"/>
</kw>
<msg timestamp="20220318 17:42:32.063" level="INFO">${response} = &lt;Response [200]&gt;</msg>
<status status="PASS" starttime="20220318 17:42:31.703" endtime="20220318 17:42:32.063"/>
</kw>
<kw name="Status Should Be" library="RequestsLibrary">
<arg>200</arg>
<arg>${response}</arg>
<doc>Fails if response status code is different than the expected.</doc>
<status status="PASS" starttime="20220318 17:42:32.063" endtime="20220318 17:42:32.064"/>
</kw>
<status status="PASS" starttime="20220318 17:42:31.702" endtime="20220318 17:42:32.064"/>
</test>
<doc>Session route test suite</doc>
<status status="PASS" starttime="20220318 17:42:31.468" endtime="20220318 17:42:32.065"/>
</suite>
<statistics>
<total>
<stat pass="1" fail="0" skip="0">All Tests</stat>
</total>
<tag>
</tag>
<suite>
<stat pass="1" fail="0" skip="0" id="s1" name="Knw">Knw</stat>
</suite>
</statistics>
<errors>
</errors>
</robot>
