<?xml version="1.0" encoding="UTF-8"?>
<robot generator="Robot 5.0.1 (Python 3.10.0 on win32)" generated="20221006 14:39:33.618" rpa="false" schemaversion="3">
<suite id="s1" name="Consultar Empresas" source="C:\Sovos\cloud_fiscal\API_KNW\features\consultar_empresas.robot">
<test id="s1-t1" name="Cenário 01: Consultar dados da empresa com sucesso" line="7">
<kw name="Create Dictionary" library="BuiltIn">
<var>${payload}</var>
<doc>Creates and returns a dictionary based on the given ``items``.</doc>
<msg timestamp="20221006 14:39:33.845" level="INFO">${payload} = {}</msg>
<status status="PASS" starttime="20221006 14:39:33.844" endtime="20221006 14:39:33.845"/>
</kw>
<kw name="GET Empresas" library="Empresas_Route">
<var>${response}</var>
<arg>json=${payload}</arg>
<kw name="Create Dictionary" library="BuiltIn">
<var>${headers}</var>
<arg>X-Token=01032007</arg>
<arg>X-Cnpj=11272927000105</arg>
<doc>Creates and returns a dictionary based on the given ``items``.</doc>
<msg timestamp="20221006 14:39:33.846" level="INFO">${headers} = {'X-Token': '01032007', 'X-Cnpj': '11272927000105'}</msg>
<status status="PASS" starttime="20221006 14:39:33.845" endtime="20221006 14:39:33.846"/>
</kw>
<kw name="GET" library="RequestsLibrary">
<var>${response}</var>
<arg>${API_USERS}/dadosEmpresas</arg>
<arg>headers=${headers}</arg>
<arg>expected_status=any</arg>
<doc>Sends a GET request.</doc>
<msg timestamp="20221006 14:39:34.133" level="INFO">GET Request : url=http://www.hom.sped.cloudfiscal.com/SPED_WEB/api/knw/v2/dadosEmpresas 
 path_url=/SPED_WEB/api/knw/v2/dadosEmpresas 
 headers={'User-Agent': 'python-requests/2.27.1', 'Accept-Encoding': 'gzip, deflate', 'Accept': '*/*', 'Connection': 'keep-alive', 'X-Token': '01032007', 'X-Cnpj': '11272927000105'} 
 body=None 
 </msg>
<msg timestamp="20221006 14:39:34.133" level="INFO">GET Response : url=http://www.hom.sped.cloudfiscal.com/SPED_WEB/api/knw/v2/dadosEmpresas 
 status=200, reason=OK 
 headers={'Date': 'Thu, 06 Oct 2022 17:39:34 GMT', 'Content-Type': 'application/json', 'Transfer-Encoding': 'chunked', 'Connection': 'keep-alive', 'Set-Cookie': 'AWSALB=ARYzX4ymRmWCmwGVHAFslHXdtafnXxvakCHSkn4hoOJ1PcupX+mOVS6q1fNBfwhKXZFPj0FgTF2IuA4rA3LXzJRcnkKreI7alLF5fIxADPtgrcpCgy9/A/988uZi; Expires=Thu, 13 Oct 2022 17:39:34 GMT; Path=/, AWSALBCORS=ARYzX4ymRmWCmwGVHAFslHXdtafnXxvakCHSkn4hoOJ1PcupX+mOVS6q1fNBfwhKXZFPj0FgTF2IuA4rA3LXzJRcnkKreI7alLF5fIxADPtgrcpCgy9/A/988uZi; Expires=Thu, 13 Oct 2022 17:39:34 GMT; Path=/; SameSite=None', 'Server': 'Apache-Coyote/1.1', 'Access-Control-Allow-Origin': '*', 'Access-Control-Allow-Headers': 'Access-Control-Allow-Origin, Access-Control-Allow-Headers, Access-Control-Request-Method, Access-Control-Request-Headers, origin, accept, authorization, X-Requested-With, content-type, x-fit-auth-token, x-fit-refresh-token, X-Usuario, X-Senha, X-Licenca', 'Access-Control-Allow-Methods': 'GET, OPTIONS, HEAD, PUT, POST', 'Access-Control-Request-Method': '*', 'X-Frame-Options': 'DENY'} 
 body={"sucesso":true,"erro":null,"mensagens":null,"payload":{"empresas":[{"licenca":"0995","cnpj":"11272927000105","cdEmpresa":1,"cdUnidade":1,"usuarioWS":"0995","senhaWS":"01032007"}]}} 
 </msg>
<msg timestamp="20221006 14:39:34.133" level="INFO">${response} = &lt;Response [200]&gt;</msg>
<status status="PASS" starttime="20221006 14:39:33.846" endtime="20221006 14:39:34.133"/>
</kw>
<kw name="Set Test Variable" library="BuiltIn">
<arg>${response}</arg>
<doc>Makes a variable available everywhere within the scope of the current test.</doc>
<msg timestamp="20221006 14:39:34.134" level="INFO">${response} = &lt;Response [200]&gt;</msg>
<status status="PASS" starttime="20221006 14:39:34.134" endtime="20221006 14:39:34.134"/>
</kw>
<kw name="Status Should Be" library="RequestsLibrary">
<arg>200</arg>
<arg>${response}</arg>
<doc>Fails if response status code is different than the expected.</doc>
<status status="PASS" starttime="20221006 14:39:34.134" endtime="20221006 14:39:34.134"/>
</kw>
<kw name="Should Be Equal" library="BuiltIn">
<arg>${response.json()}[sucesso]</arg>
<arg>${true}</arg>
<doc>Fails if the given objects are unequal.</doc>
<status status="PASS" starttime="20221006 14:39:34.134" endtime="20221006 14:39:34.135"/>
</kw>
<kw name="Should Be Equal" library="BuiltIn">
<arg>${response.json()}[erro]</arg>
<arg>${null}</arg>
<doc>Fails if the given objects are unequal.</doc>
<status status="PASS" starttime="20221006 14:39:34.135" endtime="20221006 14:39:34.135"/>
</kw>
<msg timestamp="20221006 14:39:34.135" level="INFO">${response} = &lt;Response [200]&gt;</msg>
<status status="PASS" starttime="20221006 14:39:33.845" endtime="20221006 14:39:34.136"/>
</kw>
<kw name="Verificar se o status foi recebido com sucesso" library="Bens_Ativo_Imobilizado">
<kw name="Status Should Be" library="RequestsLibrary">
<arg>200</arg>
<arg>${response}</arg>
<doc>Fails if response status code is different than the expected.</doc>
<status status="PASS" starttime="20221006 14:39:34.136" endtime="20221006 14:39:34.136"/>
</kw>
<status status="PASS" starttime="20221006 14:39:34.136" endtime="20221006 14:39:34.137"/>
</kw>
<status status="PASS" starttime="20221006 14:39:33.844" endtime="20221006 14:39:34.137"/>
</test>
<doc>Consulta de dados da Empresa</doc>
<status status="PASS" starttime="20221006 14:39:33.621" endtime="20221006 14:39:34.138"/>
</suite>
<statistics>
<total>
<stat pass="1" fail="0" skip="0">All Tests</stat>
</total>
<tag>
</tag>
<suite>
<stat pass="1" fail="0" skip="0" id="s1" name="Consultar Empresas">Consultar Empresas</stat>
</suite>
</statistics>
<errors>
</errors>
</robot>
