<?xml version="1.0" encoding="UTF-8"?>
<robot generator="Robot 5.0.1 (Python 3.10.0 on win32)" generated="20220620 11:01:29.507" rpa="false" schemaversion="3">
<suite id="s1" name="Tests" source="C:\Sovos\cloud_fiscal\API_KNW\tests">
<suite id="s1-s1" name="Ativo Imobilizado" source="C:\Sovos\cloud_fiscal\API_KNW\tests\Ativo_Imobilizado.robot">
<test id="s1-s1-t1" name="Atualizar NF C100" line="10">
<kw name="Create Dictionary" library="BuiltIn">
<var>${payload}</var>
<arg>Content-Type=application/json</arg>
<doc>Creates and returns a dictionary based on the given ``items``.</doc>
<msg timestamp="20220620 11:01:29.732" level="INFO">${payload} = {'Content-Type': 'application/json'}</msg>
<status status="PASS" starttime="20220620 11:01:29.731" endtime="20220620 11:01:29.732"/>
</kw>
<kw name="POST Ativo Imobilizado" library="Bens_Ativo_Imobilizado">
<var>${response}</var>
<arg>${payload}</arg>
<kw name="Create Dictionary" library="BuiltIn">
<var>${headers}</var>
<arg>X-Token=01032007</arg>
<arg>X-Cnpj=11272927000105</arg>
<arg>content-type=application/json</arg>
<doc>Creates and returns a dictionary based on the given ``items``.</doc>
<msg timestamp="20220620 11:01:29.732" level="INFO">${headers} = {'X-Token': '01032007', 'X-Cnpj': '11272927000105', 'content-type': 'application/json'}</msg>
<status status="PASS" starttime="20220620 11:01:29.732" endtime="20220620 11:01:29.732"/>
</kw>
<kw name="POST" library="RequestsLibrary">
<var>${response}</var>
<arg>${API_USERS}/bensIncorporadosAtivoImobilizado</arg>
<arg>json=${payload}</arg>
<arg>expected_status=any</arg>
<arg>data={"objetos":[{"knwScF120":{"COD_EMPRESA":0,"COD_FILIAL":0,"ID_USUARIO_IMP":"string","CD_PLANO_CONTA":"string","chave_REGISTRO":"string","NR_ITEM":0,"DS_COMPLEMENTAR":"string","ALIQ_PIS":0,"ALIQ_COFINS":0,"DT_REFERENCIA":"2022-03-22T14:55:38.721Z","CD_437":"string","DM_BEM_IMOB":"string","DM_ORIGEM_CRED":"string","DM_UTILIZ_BEM":"string","NR_MES_ANO_AQUISICAO":"string","VL_OPERACAO":0,"VL_PARCELA":0,"VL_BASE_CALCULO_CRED":0,"NR_PARCELA":0,"CD_433":"string","VL_BC_PIS":0,"VL_PIS":0,"CD_434":"string","VL_BC_COFINS":0,"VL_COFINS":0,"CD_CCUSTO_DESP":"string"},"knw0500":{"COD_EMPRESA":0,"COD_FILIAL":0,"ID_USUARIO_IMP":"string","CD_PLANO_CONTA":"string","DT_INICIAL":"2022-03-22T14:55:38.721Z","DM_TIPO_CONTA":"string","CD_PLAN_CTA_TOT":"string","DS_PLANO_CONTA":"string","DM_NATUREZA":"string","DM_NIVEL":"string","DT_IMPORTACAO":"2022-03-22T14:55:38.721Z","DM_GERAL_AUX":"string","ID_ORDEM":0,"CD_REDUZIDA":"string","chave_REGISTRO":"string"},"knw0600":{"COD_EMPRESA":0,"COD_FILIAL":0,"ID_USUARIO_IMP":"string","DT_INICIAL":"2022-03-22T14:55:38.721Z","chave_REGISTRO":"string","CD_CENTRO_CUSTO":"string","DS_CENTRO_CUSTO":"string"}}]}</arg>
<arg>headers=${ headers }</arg>
<doc>Sends a POST request.</doc>
<msg timestamp="20220620 11:01:30.169" level="INFO">POST Request : url=http://www.hom.sped.cloudfiscal.com/SPED_WEB/api/knw/v2/bensIncorporadosAtivoImobilizado 
 path_url=/SPED_WEB/api/knw/v2/bensIncorporadosAtivoImobilizado 
 headers={'User-Agent': 'python-requests/2.27.1', 'Accept-Encoding': 'gzip, deflate', 'Accept': '*/*', 'Connection': 'keep-alive', 'X-Token': '01032007', 'X-Cnpj': '11272927000105', 'content-type': 'application/json', 'Content-Length': '1136'} 
 body={"objetos":[{"knwScF120":{"COD_EMPRESA":0,"COD_FILIAL":0,"ID_USUARIO_IMP":"string","CD_PLANO_CONTA":"string","chave_REGISTRO":"string","NR_ITEM":0,"DS_COMPLEMENTAR":"string","ALIQ_PIS":0,"ALIQ_COFINS":0,"DT_REFERENCIA":"2022-03-22T14:55:38.721Z","CD_437":"string","DM_BEM_IMOB":"string","DM_ORIGEM_CRED":"string","DM_UTILIZ_BEM":"string","NR_MES_ANO_AQUISICAO":"string","VL_OPERACAO":0,"VL_PARCELA":0,"VL_BASE_CALCULO_CRED":0,"NR_PARCELA":0,"CD_433":"string","VL_BC_PIS":0,"VL_PIS":0,"CD_434":"string","VL_BC_COFINS":0,"VL_COFINS":0,"CD_CCUSTO_DESP":"string"},"knw0500":{"COD_EMPRESA":0,"COD_FILIAL":0,"ID_USUARIO_IMP":"string","CD_PLANO_CONTA":"string","DT_INICIAL":"2022-03-22T14:55:38.721Z","DM_TIPO_CONTA":"string","CD_PLAN_CTA_TOT":"string","DS_PLANO_CONTA":"string","DM_NATUREZA":"string","DM_NIVEL":"string","DT_IMPORTACAO":"2022-03-22T14:55:38.721Z","DM_GERAL_AUX":"string","ID_ORDEM":0,"CD_REDUZIDA":"string","chave_REGISTRO":"string"},"knw0600":{"COD_EMPRESA":0,"COD_FILIAL":0,"ID_USUARIO_IMP":"string","DT_INICIAL":"2022-03-22T14:55:38.721Z","chave_REGISTRO":"string","CD_CENTRO_CUSTO":"string","DS_CENTRO_CUSTO":"string"}}]} 
 </msg>
<msg timestamp="20220620 11:01:30.169" level="INFO">POST Response : url=http://www.hom.sped.cloudfiscal.com/SPED_WEB/api/knw/v2/bensIncorporadosAtivoImobilizado 
 status=200, reason=OK 
 headers={'Date': 'Mon, 20 Jun 2022 14:01:28 GMT', 'Content-Type': 'application/json', 'Transfer-Encoding': 'chunked', 'Connection': 'keep-alive', 'Set-Cookie': 'AWSALB=xHqLXN/DEH0At5XF5+MDaTYx25ACxCTLla3LybriuyjEByp1e8hkTF0wNcIlhkITXnKIcwBf5mp2zkLhjcueO+v0Ob8QknI5GaatV0fucxH+LoOEvS17Q9YrRK/8; Expires=Mon, 27 Jun 2022 14:01:28 GMT; Path=/, AWSALBCORS=xHqLXN/DEH0At5XF5+MDaTYx25ACxCTLla3LybriuyjEByp1e8hkTF0wNcIlhkITXnKIcwBf5mp2zkLhjcueO+v0Ob8QknI5GaatV0fucxH+LoOEvS17Q9YrRK/8; Expires=Mon, 27 Jun 2022 14:01:28 GMT; Path=/; SameSite=None', 'Server': 'Apache-Coyote/1.1', 'Access-Control-Allow-Origin': '*', 'Access-Control-Allow-Headers': 'Access-Control-Allow-Origin, Access-Control-Allow-Headers, Access-Control-Request-Method, Access-Control-Request-Headers, origin, accept, authorization, X-Requested-With, content-type, x-fit-auth-token, x-fit-refresh-token, X-Usuario, X-Senha, X-Licenca', 'Access-Control-Allow-Methods': 'GET, OPTIONS, HEAD, PUT, POST', 'Access-Control-Request-Method': '*', 'X-Frame-Options': 'DENY'} 
 body={"sucesso":false,"erro":"Integração processada com erros.","mensagens":["4 - Empresa não encontrada: 0 - 0"],"payload":null} 
 </msg>
<msg timestamp="20220620 11:01:30.169" level="INFO">${response} = &lt;Response [200]&gt;</msg>
<status status="PASS" starttime="20220620 11:01:29.732" endtime="20220620 11:01:30.169"/>
</kw>
<msg timestamp="20220620 11:01:30.170" level="INFO">${response} = &lt;Response [200]&gt;</msg>
<status status="PASS" starttime="20220620 11:01:29.732" endtime="20220620 11:01:30.170"/>
</kw>
<kw name="Status Should Be" library="RequestsLibrary">
<arg>200</arg>
<arg>${response}</arg>
<doc>Fails if response status code is different than the expected.</doc>
<status status="PASS" starttime="20220620 11:01:30.170" endtime="20220620 11:01:30.170"/>
</kw>
<status status="PASS" starttime="20220620 11:01:29.731" endtime="20220620 11:01:30.171"/>
</test>
<doc>Suite de testes Bens Incorporados Ativos Imobilizados</doc>
<status status="PASS" starttime="20220620 11:01:29.536" endtime="20220620 11:01:30.172"/>
</suite>
<suite id="s1-s2" name="Atualizacao NF Suite" source="C:\Sovos\cloud_fiscal\API_KNW\tests\Atualizacao_NF_Suite.robot">
<test id="s1-s2-t1" name="Atualizacao NF C100" line="8">
<kw name="Create Dictionary" library="BuiltIn">
<var>${payload}</var>
<arg>Content-Type=application/json</arg>
<doc>Creates and returns a dictionary based on the given ``items``.</doc>
<msg timestamp="20220620 11:01:30.197" level="INFO">${payload} = {'Content-Type': 'application/json'}</msg>
<status status="PASS" starttime="20220620 11:01:30.197" endtime="20220620 11:01:30.198"/>
</kw>
<kw name="POST Atualizar NF C100" library="Atualizacao_NF">
<var>${response}</var>
<arg>${payload}</arg>
<kw name="Create Dictionary" library="BuiltIn">
<var>${headers}</var>
<arg>X-Token=01032007</arg>
<arg>X-Cnpj=11272927000105</arg>
<arg>content-type=application/json</arg>
<doc>Creates and returns a dictionary based on the given ``items``.</doc>
<msg timestamp="20220620 11:01:30.198" level="INFO">${headers} = {'X-Token': '01032007', 'X-Cnpj': '11272927000105', 'content-type': 'application/json'}</msg>
<status status="PASS" starttime="20220620 11:01:30.198" endtime="20220620 11:01:30.198"/>
</kw>
<kw name="POST" library="RequestsLibrary">
<var>${response}</var>
<arg>${API_USERS}/atualizarDadosNotaFiscal</arg>
<arg>json=${payload}</arg>
<arg>expected_status=any</arg>
<arg>data={"objetos":[{"knwC100":{"VL_TOTAL_MERCAD":0,"VL_DESCONTO":0,"VL_FRETE":0,"VL_SEGURO":0,"VL_OUTRAS_DESP":0,"VL_IPI":0,"VL_ICMS_SUBSTIT":0,"VL_TOT_N_FISCAL":0,"NR_INSC_EST_SUB":"string","DM_TIPO_FATURA":"string","DS_OBSERVACAO":"string","COD_EMPRESA":0,"COD_FILIAL":0,"CD_MODELO_DOC":"string","CD_PESSOA_REMET_DEST":"string","DM_MODAL_FRETE":"string","CD_SIT_DOCUMENTO":"string","NR_CHAVE_ELETR":"string","VL_ABAT_N_TRIB":0,"NR_REFERENCIA":"string","DS_ADE":"string","COD_MUN_ORIG":"string","COD_MUN_DES":"string","NR_CNPJ_CPF_VENDA_CONS":"string","DS_NATUREZA":"string","DM_EMITENTE":"string","DM_ENTRADA_SAIDA":"string","SERIE_SUBSERIE":"string","NR_DOCUMENTO":"string","DT_EMISSAO_DOC":"2022-06-14T17:08:27.046Z","DT_ENTRADA":"2022-06-14T17:08:27.046Z","DS_UF_DEST_EMIT":"string","DS_RESSARCIMENTO":"string","ID_USUARIO_IMP":"string","VL_SERV_NT":0,"VL_BC_IRRF":0,"VL_IRRF":0,"VL_BC_PREV":0,"VL_PREV":0,"CD_MUN_SERV_PREST":"string","VL_MATERIAL_TERC":0,"VL_SUB_EMPR":0,"DM_FINALIDADE":"string","DM_DESTINATARIO":"string","chave_REGISTRO":"string"},"knw0500Geral":{"COD_EMPRESA":0,"COD_FILIAL":0,"CD_PLANO_CONTA":"string","DT_INICIAL":"2022-06-14T17:08:27.047Z","DM_TIPO_CONTA":"string","CD_PLAN_CTA_TOT":"string","DS_PLANO_CONTA":"string","DM_NATUREZA":"string","DM_NIVEL":"string","DT_IMPORTACAO":"2022-06-14T17:08:27.047Z","DM_GERAL_AUX":"string","ID_ORDEM":0,"CD_REDUZIDA":"string","ID_USUARIO_IMP":"string","chave_REGISTRO":"string"},"notaFiscalObservacaoLancamentoFiscalList":[{"knwC195":{"COD_EMPRESA":0,"COD_FILIAL":0,"DM_EMITENTE":"string","DM_ENTRADA_SAIDA":"string","SERIE_SUBSERIE":"string","NR_DOCUMENTO":"string","DT_EMISSAO_DOC":"2022-06-14T17:08:27.047Z","ID_USUARIO_IMP":"string","chave_REGISTRO":"string","NR_ITEM":0,"CD_PESSOA_REM_DEST":"string","CD_0460":"string","DS_COMPLEMENTAR":"string"},"knw0460":{"ID":"string","COD_EMPRESA":0,"COD_FILIAL":0,"DT_INICIAL":"2022-06-14T17:08:27.047Z","DT_IMPORTACAO":"2022-06-14T17:08:27.047Z","ID_USUARIO_IMP":"string","chave_REGISTRO":"string","CD_OBS":"string","DS_OBS":"string","COD_GRUPOEMPRESA":"string","DT_MOVIMENTO":"2022-06-14T17:08:27.047Z"},"integracaoNotaFiscalAjusteList":[{"knw0190":{"COD_EMPRESA":0,"COD_FILIAL":0,"DT_INICIAL":"2022-06-14T17:08:27.047Z","DT_IMPORTACAO":"2022-06-14T17:08:27.047Z","ID_USUARIO_IMP":"string","chave_REGISTRO":"string","DS_DESCRICAO":"string","DS_UNIDADE":"string"},"knw0200":{"COD_EMPRESA":0,"COD_FILIAL":0,"CD_PLANO_CONTA":"string","DT_INICIAL":"2022-06-14T17:08:27.047Z","DT_IMPORTACAO":"2022-06-14T17:08:27.047Z","ID_USUARIO_IMP":"string","chave_REGISTRO":"string","CD_PRODUTO_SERV":"string","DS_PRODUTO_SERV":"string","UNIDADE":"string","CD_SIT_TRIBUTAR_ICMS":"string","ALIQ_ICMS":0,"PERC_RED_BA_ICMS":0,"DM_PRODUTO_VENDA":"string","CD_LST":"string","CD_NCM":"string","CD_GENERO":"string","DM_TIPO_ITEM":"string","CD_331_EX_IPI":"string","CD_BARRA":"string","NR_CEST":"string","DM_ORIGEM_PRODUTO":"string","CD_CENTRO_CUSTO":"string","CD_SIT_TRIB_IPI":"string","CD_SIT_TRIB_PIS":"string","CD_SIT_TRIB_COFINS":"string","CD_NAT_OPERACAO":"string","ALIQ_PIS":0,"ALIQ_COFINS":0},"knwC197":{"COD_EMPRESA":0,"COD_FILIAL":0,"DM_EMITENTE":"string","DM_ENTRADA_SAIDA":"string","SERIE_SUBSERIE":"string","NR_DOCUMENTO":"string","DT_EMISSAO_DOC":"2022-06-14T17:08:27.047Z","ID_USUARIO_IMP":"string","chave_REGISTRO":"string","NR_ITEM":0,"CD_PESSOA_REM_DEST":"string","DS_COMPLEMENTAR":"string","CD_REF_53":"string","CD_PROD_SERV":"string","VL_BC_ICMS":0,"VL_ICMS":0,"VL_ICMS_OUTRAS":0,"ALIQ_ICMS":0}}]}]}]}</arg>
<arg>headers=${ headers }</arg>
<doc>Sends a POST request.</doc>
<msg timestamp="20220620 11:01:30.581" level="INFO">POST Request : url=http://www.hom.sped.cloudfiscal.com/SPED_WEB/api/knw/v2/atualizarDadosNotaFiscal 
 path_url=/SPED_WEB/api/knw/v2/atualizarDadosNotaFiscal 
 headers={'User-Agent': 'python-requests/2.27.1', 'Accept-Encoding': 'gzip, deflate', 'Accept': '*/*', 'Connection': 'keep-alive', 'X-Token': '01032007', 'X-Cnpj': '11272927000105', 'content-type': 'application/json', 'Content-Length': '3502'} 
 body={"objetos":[{"knwC100":{"VL_TOTAL_MERCAD":0,"VL_DESCONTO":0,"VL_FRETE":0,"VL_SEGURO":0,"VL_OUTRAS_DESP":0,"VL_IPI":0,"VL_ICMS_SUBSTIT":0,"VL_TOT_N_FISCAL":0,"NR_INSC_EST_SUB":"string","DM_TIPO_FATURA":"string","DS_OBSERVACAO":"string","COD_EMPRESA":0,"COD_FILIAL":0,"CD_MODELO_DOC":"string","CD_PESSOA_REMET_DEST":"string","DM_MODAL_FRETE":"string","CD_SIT_DOCUMENTO":"string","NR_CHAVE_ELETR":"string","VL_ABAT_N_TRIB":0,"NR_REFERENCIA":"string","DS_ADE":"string","COD_MUN_ORIG":"string","COD_MUN_DES":"string","NR_CNPJ_CPF_VENDA_CONS":"string","DS_NATUREZA":"string","DM_EMITENTE":"string","DM_ENTRADA_SAIDA":"string","SERIE_SUBSERIE":"string","NR_DOCUMENTO":"string","DT_EMISSAO_DOC":"2022-06-14T17:08:27.046Z","DT_ENTRADA":"2022-06-14T17:08:27.046Z","DS_UF_DEST_EMIT":"string","DS_RESSARCIMENTO":"string","ID_USUARIO_IMP":"string","VL_SERV_NT":0,"VL_BC_IRRF":0,"VL_IRRF":0,"VL_BC_PREV":0,"VL_PREV":0,"CD_MUN_SERV_PREST":"string","VL_MATERIAL_TERC":0,"VL_SUB_EMPR":0,"DM_FINALIDADE":"string","DM_DESTINATARIO":"string","chave_REGISTRO":"string"},"knw0500Geral":{"COD_EMPRESA":0,"COD_FILIAL":0,"CD_PLANO_CONTA":"string","DT_INICIAL":"2022-06-14T17:08:27.047Z","DM_TIPO_CONTA":"string","CD_PLAN_CTA_TOT":"string","DS_PLANO_CONTA":"string","DM_NATUREZA":"string","DM_NIVEL":"string","DT_IMPORTACAO":"2022-06-14T17:08:27.047Z","DM_GERAL_AUX":"string","ID_ORDEM":0,"CD_REDUZIDA":"string","ID_USUARIO_IMP":"string","chave_REGISTRO":"string"},"notaFiscalObservacaoLancamentoFiscalList":[{"knwC195":{"COD_EMPRESA":0,"COD_FILIAL":0,"DM_EMITENTE":"string","DM_ENTRADA_SAIDA":"string","SERIE_SUBSERIE":"string","NR_DOCUMENTO":"string","DT_EMISSAO_DOC":"2022-06-14T17:08:27.047Z","ID_USUARIO_IMP":"string","chave_REGISTRO":"string","NR_ITEM":0,"CD_PESSOA_REM_DEST":"string","CD_0460":"string","DS_COMPLEMENTAR":"string"},"knw0460":{"ID":"string","COD_EMPRESA":0,"COD_FILIAL":0,"DT_INICIAL":"2022-06-14T17:08:27.047Z","DT_IMPORTACAO":"2022-06-14T17:08:27.047Z","ID_USUARIO_IMP":"string","chave_REGISTRO":"string","CD_OBS":"string","DS_OBS":"string","COD_GRUPOEMPRESA":"string","DT_MOVIMENTO":"2022-06-14T17:08:27.047Z"},"integracaoNotaFiscalAjusteList":[{"knw0190":{"COD_EMPRESA":0,"COD_FILIAL":0,"DT_INICIAL":"2022-06-14T17:08:27.047Z","DT_IMPORTACAO":"2022-06-14T17:08:27.047Z","ID_USUARIO_IMP":"string","chave_REGISTRO":"string","DS_DESCRICAO":"string","DS_UNIDADE":"string"},"knw0200":{"COD_EMPRESA":0,"COD_FILIAL":0,"CD_PLANO_CONTA":"string","DT_INICIAL":"2022-06-14T17:08:27.047Z","DT_IMPORTACAO":"2022-06-14T17:08:27.047Z","ID_USUARIO_IMP":"string","chave_REGISTRO":"string","CD_PRODUTO_SERV":"string","DS_PRODUTO_SERV":"string","UNIDADE":"string","CD_SIT_TRIBUTAR_ICMS":"string","ALIQ_ICMS":0,"PERC_RED_BA_ICMS":0,"DM_PRODUTO_VENDA":"string","CD_LST":"string","CD_NCM":"string","CD_GENERO":"string","DM_TIPO_ITEM":"string","CD_331_EX_IPI":"string","CD_BARRA":"string","NR_CEST":"string","DM_ORIGEM_PRODUTO":"string","CD_CENTRO_CUSTO":"string","CD_SIT_TRIB_IPI":"string","CD_SIT_TRIB_PIS":"string","CD_SIT_TRIB_COFINS":"string","CD_NAT_OPERACAO":"string","ALIQ_PIS":0,"ALIQ_COFINS":0},"knwC197":{"COD_EMPRESA":0,"COD_FILIAL":0,"DM_EMITENTE":"string","DM_ENTRADA_SAIDA":"string","SERIE_SUBSERIE":"string","NR_DOCUMENTO":"string","DT_EMISSAO_DOC":"2022-06-14T17:08:27.047Z","ID_USUARIO_IMP":"string","chave_REGISTRO":"string","NR_ITEM":0,"CD_PESSOA_REM_DEST":"string","DS_COMPLEMENTAR":"string","CD_REF_53":"string","CD_PROD_SERV":"string","VL_BC_ICMS":0,"VL_ICMS":0,"VL_ICMS_OUTRAS":0,"ALIQ_ICMS":0}}]}]}]} 
 </msg>
<msg timestamp="20220620 11:01:30.581" level="INFO">POST Response : url=http://www.hom.sped.cloudfiscal.com/SPED_WEB/api/knw/v2/atualizarDadosNotaFiscal 
 status=200, reason=OK 
 headers={'Date': 'Mon, 20 Jun 2022 14:01:28 GMT', 'Content-Type': 'application/json', 'Transfer-Encoding': 'chunked', 'Connection': 'keep-alive', 'Set-Cookie': 'AWSALB=F/NPdP30Py5VuvOw3JLJETMeh5qKgW/XAgWzGVLRNAMIt5aLT8yEUmZ4pdF7XfA+/htSBg6Iq/40XWXhh7VLqrWqEl3IxWyFtG/bV3mJfJH6LoXuphOh3+iNA+ER; Expires=Mon, 27 Jun 2022 14:01:28 GMT; Path=/, AWSALBCORS=F/NPdP30Py5VuvOw3JLJETMeh5qKgW/XAgWzGVLRNAMIt5aLT8yEUmZ4pdF7XfA+/htSBg6Iq/40XWXhh7VLqrWqEl3IxWyFtG/bV3mJfJH6LoXuphOh3+iNA+ER; Expires=Mon, 27 Jun 2022 14:01:28 GMT; Path=/; SameSite=None', 'Server': 'Apache-Coyote/1.1', 'Access-Control-Allow-Origin': '*', 'Access-Control-Allow-Headers': 'Access-Control-Allow-Origin, Access-Control-Allow-Headers, Access-Control-Request-Method, Access-Control-Request-Headers, origin, accept, authorization, X-Requested-With, content-type, x-fit-auth-token, x-fit-refresh-token, X-Usuario, X-Senha, X-Licenca', 'Access-Control-Allow-Methods': 'GET, OPTIONS, HEAD, PUT, POST', 'Access-Control-Request-Method': '*', 'X-Frame-Options': 'DENY'} 
 body={"sucesso":false,"erro":"Integração processada com erros.","mensagens":["112 - DT_PERIODO: 14/06/2022, NR_CHAVE_ELETR: string: IntegracaoAtualizarNotaFiscal.knwC100.DM_DESTINATARIO: Valor invalido: string. Valores permitidos: 1, 2, 9","113 - DT_PERIODO: 14/06/2022, NR_CHAVE_ELETR: string: IntegracaoAtualizarNotaFiscal.notaFiscalObservacaoLancamentoFiscalList[0].integracaoNotaFiscalAjusteList[0].knw0200.CD_SIT_TRIBUTAR_ICMS: tamanho deve estar entre 1 e 3","114 - DT_PERIODO: 14/06/2022, NR_CHAVE_ELETR: string: IntegracaoAtualizarNotaFiscal.notaFiscalObservacaoLancamentoFiscalList[0].integracaoNotaFiscalAjusteList[0].knwC197.DM_ENTRADA_SAIDA: Valor invalido: string. Valores permitidos: E, S","115 - DT_PERIODO: 14/06/2022, NR_CHAVE_ELETR: string: IntegracaoAtualizarNotaFiscal.knw0500Geral.DM_NATUREZA: Valor invalido: string. Valores permitidos: 1, 2, 3, 4, 5, 9","116 - DT_PERIODO: 14/06/2022, NR_CHAVE_ELETR: string: IntegracaoAtualizarNotaFiscal.knwC100.DM_FINALIDADE: Valor invalido: string. Valores permitidos: 1, 2, 3","117 - DT_PERIODO: 14/06/2022, NR_CHAVE_ELETR: string: IntegracaoAtualizarNotaFiscal.notaFiscalObservacaoLancamentoFiscalList[0].integracaoNotaFiscalAjusteList[0].knw0200.DM_ORIGEM_PRODUTO: tamanho deve estar entre 1 e 1","118 - DT_PERIODO: 14/06/2022, NR_CHAVE_ELETR: string: IntegracaoAtualizarNotaFiscal.notaFiscalObservacaoLancamentoFiscalList[0].integracaoNotaFiscalAjusteList[0].knw0200.CD_331_EX_IPI: tamanho deve estar entre 1 e 3","119 - DT_PERIODO: 14/06/2022, NR_CHAVE_ELETR: string: IntegracaoAtualizarNotaFiscal.knwC100.DS_UF_DEST_EMIT: tamanho deve estar entre 0 e 2","120 - DT_PERIODO: 14/06/2022, NR_CHAVE_ELETR: string: IntegracaoAtualizarNotaFiscal.notaFiscalObservacaoLancamentoFiscalList[0].integracaoNotaFiscalAjusteList[0].knw0200.CD_NAT_OPERACAO: tamanho deve estar entre 1 e 3","121 - DT_PERIODO: 14/06/2022, NR_CHAVE_ELETR: string: IntegracaoAtualizarNotaFiscal.notaFiscalObservacaoLancamentoFiscalList[0].integracaoNotaFiscalAjusteList[0].knw0200.CD_SIT_TRIB_IPI: tamanho deve estar entre 1 e 2","122 - DT_PERIODO: 14/06/2022, NR_CHAVE_ELETR: string: IntegracaoAtualizarNotaFiscal.knwC100.CD_MODELO_DOC: tamanho deve estar entre 2 e 2","123 - DT_PERIODO: 14/06/2022, NR_CHAVE_ELETR: string: IntegracaoAtualizarNotaFiscal.knwC100.CD_MUN_SERV_PREST: tamanho deve estar entre 7 e 7","124 - DT_PERIODO: 14/06/2022, NR_CHAVE_ELETR: string: IntegracaoAtualizarNotaFiscal.notaFiscalObservacaoLancamentoFiscalList[0].integracaoNotaFiscalAjusteList[0].knwC197.SERIE_SUBSERIE: tamanho deve estar entre 1 e 5","125 - DT_PERIODO: 14/06/2022, NR_CHAVE_ELETR: string: IntegracaoAtualizarNotaFiscal.knwC100.DM_ENTRADA_SAIDA: Valor invalido: string. Valores permitidos: E, S","126 - DT_PERIODO: 14/06/2022, NR_CHAVE_ELETR: string: IntegracaoAtualizarNotaFiscal.notaFiscalObservacaoLancamentoFiscalList[0].integracaoNotaFiscalAjusteList[0].knw0200.CD_SIT_TRIB_PIS: tamanho deve estar entre 1 e 2","127 - DT_PERIODO: 14/06/2022, NR_CHAVE_ELETR: string: IntegracaoAtualizarNotaFiscal.notaFiscalObservacaoLancamentoFiscalList[0].integracaoNotaFiscalAjusteList[0].knw0200.CD_GENERO: tamanho deve estar entre 1 e 2","128 - DT_PERIODO: 14/06/2022, NR_CHAVE_ELETR: string: IntegracaoAtualizarNotaFiscal.knwC100.SERIE_SUBSERIE: tamanho deve estar entre 0 e 5","129 - DT_PERIODO: 14/06/2022, NR_CHAVE_ELETR: string: IntegracaoAtualizarNotaFiscal.notaFiscalObservacaoLancamentoFiscalList[0].knwC195.SERIE_SUBSERIE: tamanho deve estar entre 1 e 5","130 - DT_PERIODO: 14/06/2022, NR_CHAVE_ELETR: string: IntegracaoAtualizarNotaFiscal.knwC100.CD_SIT_DOCUMENTO: Valor invalido: string. Valores permitidos: 00, 01, 02, 03, 04, 05, 06, 07, 08","131 - DT_PERIODO: 14/06/2022, NR_CHAVE_ELETR: string: IntegracaoAtualizarNotaFiscal.notaFiscalObservacaoLancamentoFiscalList[0].integracaoNotaFiscalAjusteList[0].knw0200.DM_PRODUTO_VENDA: tamanho deve estar entre 1 e 1","132 - DT_PERIODO: 14/06/2022, NR_CHAVE_ELETR: string: IntegracaoAtualizarNotaFiscal.notaFiscalObservacaoLancamentoFiscalList[0].integracaoNotaFiscalAjusteList[0].knw0200.CD_LST: tamanho deve estar entre 0 e 4","133 - DT_PERIODO: 14/06/2022, NR_CHAVE_ELETR: string: IntegracaoAtualizarNotaFiscal.notaFiscalObservacaoLancamentoFiscalList[0].knwC195.DM_EMITENTE: Valor invalido: string. Valores permitidos: 0, 1","134 - DT_PERIODO: 14/06/2022, NR_CHAVE_ELETR: string: IntegracaoAtualizarNotaFiscal.knw0500Geral.DM_NIVEL: tamanho deve estar entre 1 e 2","135 - DT_PERIODO: 14/06/2022, NR_CHAVE_ELETR: string: IntegracaoAtualizarNotaFiscal.knwC100.DM_MODAL_FRETE: Valor invalido: string. Valores permitidos: 0, 1, 2, 3, 4, 9","136 - DT_PERIODO: 14/06/2022, NR_CHAVE_ELETR: string: IntegracaoAtualizarNotaFiscal.notaFiscalObservacaoLancamentoFiscalList[0].knwC195.DM_ENTRADA_SAIDA: Valor invalido: string. Valores permitidos: E, S","137 - DT_PERIODO: 14/06/2022, NR_CHAVE_ELETR: string: IntegracaoAtualizarNotaFiscal.knwC100.DS_RESSARCIMENTO: tamanho deve estar entre 0 e 1","138 - DT_PERIODO: 14/06/2022, NR_CHAVE_ELETR: string: IntegracaoAtualizarNotaFiscal.knw0500Geral.DM_GERAL_AUX: Valor invalido: string. Valores permitidos: G, A","139 - DT_PERIODO: 14/06/2022, NR_CHAVE_ELETR: string: IntegracaoAtualizarNotaFiscal.notaFiscalObservacaoLancamentoFiscalList[0].integracaoNotaFiscalAjusteList[0].knw0200.CD_SIT_TRIB_COFINS: tamanho deve estar entre 1 e 2","140 - DT_PERIODO: 14/06/2022, NR_CHAVE_ELETR: string: IntegracaoAtualizarNotaFiscal.notaFiscalObservacaoLancamentoFiscalList[0].integracaoNotaFiscalAjusteList[0].knwC197.NR_ITEM: deve ser maior ou igual a 1","141 - DT_PERIODO: 14/06/2022, NR_CHAVE_ELETR: string: IntegracaoAtualizarNotaFiscal.notaFiscalObservacaoLancamentoFiscalList[0].integracaoNotaFiscalAjusteList[0].knwC197.DM_EMITENTE: Valor invalido: string. Valores permitidos: 0, 1","142 - DT_PERIODO: 14/06/2022, NR_CHAVE_ELETR: string: IntegracaoAtualizarNotaFiscal.knwC100.DM_TIPO_FATURA: Valor invalido: string. Valores permitidos: 0, 1, 2, 9","143 - DT_PERIODO: 14/06/2022, NR_CHAVE_ELETR: string: IntegracaoAtualizarNotaFiscal.knw0500Geral.DM_TIPO_CONTA: Valor invalido: string. Valores permitidos: A, S","144 - DT_PERIODO: 14/06/2022, NR_CHAVE_ELETR: string: IntegracaoAtualizarNotaFiscal.notaFiscalObservacaoLancamentoFiscalList[0].integracaoNotaFiscalAjusteList[0].knw0200.DM_TIPO_ITEM: Valor invalido: string. Valores permitidos: 00, 01, 02, 03, 04, 05, 06, 07, 08, 09, 10, 99, XX","145 - DT_PERIODO: 14/06/2022, NR_CHAVE_ELETR: string: IntegracaoAtualizarNotaFiscal.knwC100.NR_CHAVE_ELETR: tamanho deve estar entre 44 e 44","146 - DT_PERIODO: 14/06/2022, NR_CHAVE_ELETR: string: IntegracaoAtualizarNotaFiscal.knwC100.DM_EMITENTE: Valor invalido: string. Valores permitidos: 0, 1","147 - DT_PERIODO: 14/06/2022, NR_CHAVE_ELETR: string: IntegracaoAtualizarNotaFiscal.notaFiscalObservacaoLancamentoFiscalList[0].knwC195.NR_ITEM: deve ser maior ou igual a 1","148 - DT_PERIODO: 14/06/2022, NR_CHAVE_ELETR: string: IntegracaoAtualizarNotaFiscal.knwC100.DM_ENTRADA_SAIDA: tamanho deve estar entre 1 e 1"],"payload":null} 
 </msg>
<msg timestamp="20220620 11:01:30.582" level="INFO">${response} = &lt;Response [200]&gt;</msg>
<status status="PASS" starttime="20220620 11:01:30.199" endtime="20220620 11:01:30.582"/>
</kw>
<msg timestamp="20220620 11:01:30.582" level="INFO">${response} = &lt;Response [200]&gt;</msg>
<status status="PASS" starttime="20220620 11:01:30.198" endtime="20220620 11:01:30.582"/>
</kw>
<kw name="Status Should Be" library="RequestsLibrary">
<arg>200</arg>
<arg>${response}</arg>
<doc>Fails if response status code is different than the expected.</doc>
<status status="PASS" starttime="20220620 11:01:30.583" endtime="20220620 11:01:30.583"/>
</kw>
<status status="PASS" starttime="20220620 11:01:30.196" endtime="20220620 11:01:30.584"/>
</test>
<doc>Suite de testes atualização das NFs</doc>
<status status="PASS" starttime="20220620 11:01:30.173" endtime="20220620 11:01:30.585"/>
</suite>
<suite id="s1-s3" name="Consultar Empresas" source="C:\Sovos\cloud_fiscal\API_KNW\tests\Consultar_Empresas.robot">
<test id="s1-s3-t1" name="Consultar Empresas" line="7">
<kw name="Create Dictionary" library="BuiltIn">
<var>${payload}</var>
<doc>Creates and returns a dictionary based on the given ``items``.</doc>
<msg timestamp="20220620 11:01:30.608" level="INFO">${payload} = {}</msg>
<status status="PASS" starttime="20220620 11:01:30.608" endtime="20220620 11:01:30.608"/>
</kw>
<kw name="GET Empresas" library="Empresas_Route">
<var>${response}</var>
<arg>json=${payload}</arg>
<kw name="Create Dictionary" library="BuiltIn">
<var>${headers}</var>
<arg>X-Token=01032007</arg>
<arg>X-Cnpj=11272927000105</arg>
<doc>Creates and returns a dictionary based on the given ``items``.</doc>
<msg timestamp="20220620 11:01:30.610" level="INFO">${headers} = {'X-Token': '01032007', 'X-Cnpj': '11272927000105'}</msg>
<status status="PASS" starttime="20220620 11:01:30.610" endtime="20220620 11:01:30.610"/>
</kw>
<kw name="GET" library="RequestsLibrary">
<var>${response}</var>
<arg>${API_USERS}/dadosEmpresas</arg>
<arg>headers=${headers}</arg>
<arg>expected_status=any</arg>
<doc>Sends a GET request.</doc>
<msg timestamp="20220620 11:01:30.909" level="INFO">GET Request : url=http://www.hom.sped.cloudfiscal.com/SPED_WEB/api/knw/v2/dadosEmpresas 
 path_url=/SPED_WEB/api/knw/v2/dadosEmpresas 
 headers={'User-Agent': 'python-requests/2.27.1', 'Accept-Encoding': 'gzip, deflate', 'Accept': '*/*', 'Connection': 'keep-alive', 'X-Token': '01032007', 'X-Cnpj': '11272927000105'} 
 body=None 
 </msg>
<msg timestamp="20220620 11:01:30.909" level="INFO">GET Response : url=http://www.hom.sped.cloudfiscal.com/SPED_WEB/api/knw/v2/dadosEmpresas 
 status=200, reason=OK 
 headers={'Date': 'Mon, 20 Jun 2022 14:01:28 GMT', 'Content-Type': 'application/json', 'Transfer-Encoding': 'chunked', 'Connection': 'keep-alive', 'Set-Cookie': 'AWSALB=qb/rTmPAjVU0BAZ7kRKmwDvqNFiIhJErz06ZbF4wZE135Z4tcXaG0I5+hYPZirraWYuJ2q1LOWtPGNycS6bd+6YBVijMnCJ5Yw4VA8FFqzLoaHmOCWGu1r4Rdsej; Expires=Mon, 27 Jun 2022 14:01:28 GMT; Path=/, AWSALBCORS=qb/rTmPAjVU0BAZ7kRKmwDvqNFiIhJErz06ZbF4wZE135Z4tcXaG0I5+hYPZirraWYuJ2q1LOWtPGNycS6bd+6YBVijMnCJ5Yw4VA8FFqzLoaHmOCWGu1r4Rdsej; Expires=Mon, 27 Jun 2022 14:01:28 GMT; Path=/; SameSite=None', 'Server': 'Apache-Coyote/1.1', 'Access-Control-Allow-Origin': '*', 'Access-Control-Allow-Headers': 'Access-Control-Allow-Origin, Access-Control-Allow-Headers, Access-Control-Request-Method, Access-Control-Request-Headers, origin, accept, authorization, X-Requested-With, content-type, x-fit-auth-token, x-fit-refresh-token, X-Usuario, X-Senha, X-Licenca', 'Access-Control-Allow-Methods': 'GET, OPTIONS, HEAD, PUT, POST', 'Access-Control-Request-Method': '*', 'X-Frame-Options': 'DENY'} 
 body={"sucesso":true,"erro":null,"mensagens":null,"payload":{"empresas":[{"licenca":"0995","cnpj":"11272927000105","cdEmpresa":1,"cdUnidade":1,"usuarioWS":"0995","senhaWS":"01032007"}]}} 
 </msg>
<msg timestamp="20220620 11:01:30.909" level="INFO">${response} = &lt;Response [200]&gt;</msg>
<status status="PASS" starttime="20220620 11:01:30.610" endtime="20220620 11:01:30.909"/>
</kw>
<msg timestamp="20220620 11:01:30.910" level="INFO">${response} = &lt;Response [200]&gt;</msg>
<status status="PASS" starttime="20220620 11:01:30.609" endtime="20220620 11:01:30.910"/>
</kw>
<kw name="Status Should Be" library="RequestsLibrary">
<arg>200</arg>
<arg>${response}</arg>
<doc>Fails if response status code is different than the expected.</doc>
<status status="PASS" starttime="20220620 11:01:30.910" endtime="20220620 11:01:30.910"/>
</kw>
<kw name="Should Be Equal" library="BuiltIn">
<arg>${response.json()}[sucesso]</arg>
<arg>${true}</arg>
<doc>Fails if the given objects are unequal.</doc>
<status status="PASS" starttime="20220620 11:01:30.911" endtime="20220620 11:01:30.912"/>
</kw>
<kw name="Should Be Equal" library="BuiltIn">
<arg>${response.json()}[erro]</arg>
<arg>${null}</arg>
<doc>Fails if the given objects are unequal.</doc>
<status status="PASS" starttime="20220620 11:01:30.912" endtime="20220620 11:01:30.912"/>
</kw>
<status status="PASS" starttime="20220620 11:01:30.607" endtime="20220620 11:01:30.913"/>
</test>
<doc>Consulta de dados da Empresa</doc>
<status status="PASS" starttime="20220620 11:01:30.586" endtime="20220620 11:01:30.914"/>
</suite>
<suite id="s1-s4" name="Controle Creditos Suite" source="C:\Sovos\cloud_fiscal\API_KNW\tests\Controle_Creditos_Suite.robot">
<test id="s1-s4-t1" name="Atualizar NF C100" line="10">
<kw name="Create Dictionary" library="BuiltIn">
<var>${payload}</var>
<arg>Content-Type=application/json</arg>
<doc>Creates and returns a dictionary based on the given ``items``.</doc>
<msg timestamp="20220620 11:01:30.941" level="INFO">${payload} = {'Content-Type': 'application/json'}</msg>
<status status="PASS" starttime="20220620 11:01:30.941" endtime="20220620 11:01:30.941"/>
</kw>
<kw name="POST Controle Creditos" library="Controle_Creditos">
<var>${response}</var>
<arg>${payload}</arg>
<kw name="Create Dictionary" library="BuiltIn">
<var>${headers}</var>
<arg>X-Token=01032007</arg>
<arg>X-Cnpj=11272927000105</arg>
<arg>content-type=application/json</arg>
<doc>Creates and returns a dictionary based on the given ``items``.</doc>
<msg timestamp="20220620 11:01:30.942" level="INFO">${headers} = {'X-Token': '01032007', 'X-Cnpj': '11272927000105', 'content-type': 'application/json'}</msg>
<status status="PASS" starttime="20220620 11:01:30.941" endtime="20220620 11:01:30.942"/>
</kw>
<kw name="POST" library="RequestsLibrary">
<var>${response}</var>
<arg>${API_USERS}/controleCreditos</arg>
<arg>json=${payload}</arg>
<arg>expected_status=any</arg>
<arg>data={"objetos":[{"knw1200":{"COD_EMPRESA":0,"COD_FILIAL":0,"ID_USUARIO_IMP":"string","DT_IMPORTACAO":"2022-03-23T14:58:41.539Z","COD_GRUPOEMPRESA":"string","DT_PERIODO":"2022-03-23T14:58:41.539Z","CD_REF_511":"string","VL_SALDO_CRED":0,"VL_CRED_APROP":0,"VL_CRED_RECEB":0,"VL_SALDO_TRANSP":0,"VL_CRED_UTIL":0,"ID":"string"},"knw1210List":[{"NR_DOCUMENTO":"string","COD_EMPRESA":0,"COD_FILIAL":0,"ID_USUARIO_IMP":"string","DT_IMPORTACAO":"2022-03-23T14:58:41.539Z","CD_REF_55":"string","NR_ITEM":"string","COD_GRUPOEMPRESA":"string","NR_CHAVE_ACESSO":"string","DT_PERIODO":"2022-03-23T14:58:41.539Z","CD_REF_511":"string","VL_CRED_UTIL":0,"ID":"string"}]}]}</arg>
<arg>headers=${ headers }</arg>
<doc>Sends a POST request.</doc>
<msg timestamp="20220620 11:01:31.357" level="INFO">POST Request : url=http://www.hom.sped.cloudfiscal.com/SPED_WEB/api/knw/v2/controleCreditos 
 path_url=/SPED_WEB/api/knw/v2/controleCreditos 
 headers={'User-Agent': 'python-requests/2.27.1', 'Accept-Encoding': 'gzip, deflate', 'Accept': '*/*', 'Connection': 'keep-alive', 'X-Token': '01032007', 'X-Cnpj': '11272927000105', 'content-type': 'application/json', 'Content-Length': '652'} 
 body={"objetos":[{"knw1200":{"COD_EMPRESA":0,"COD_FILIAL":0,"ID_USUARIO_IMP":"string","DT_IMPORTACAO":"2022-03-23T14:58:41.539Z","COD_GRUPOEMPRESA":"string","DT_PERIODO":"2022-03-23T14:58:41.539Z","CD_REF_511":"string","VL_SALDO_CRED":0,"VL_CRED_APROP":0,"VL_CRED_RECEB":0,"VL_SALDO_TRANSP":0,"VL_CRED_UTIL":0,"ID":"string"},"knw1210List":[{"NR_DOCUMENTO":"string","COD_EMPRESA":0,"COD_FILIAL":0,"ID_USUARIO_IMP":"string","DT_IMPORTACAO":"2022-03-23T14:58:41.539Z","CD_REF_55":"string","NR_ITEM":"string","COD_GRUPOEMPRESA":"string","NR_CHAVE_ACESSO":"string","DT_PERIODO":"2022-03-23T14:58:41.539Z","CD_REF_511":"string","VL_CRED_UTIL":0,"ID":"string"}]}]} 
 </msg>
<msg timestamp="20220620 11:01:31.357" level="INFO">POST Response : url=http://www.hom.sped.cloudfiscal.com/SPED_WEB/api/knw/v2/controleCreditos 
 status=200, reason=OK 
 headers={'Date': 'Mon, 20 Jun 2022 14:01:29 GMT', 'Content-Type': 'application/json', 'Transfer-Encoding': 'chunked', 'Connection': 'keep-alive', 'Set-Cookie': 'AWSALB=KeeoY2OAAhbQdcgFySx/u7KMcKcwMZVF9e5eJ/l8diEz+r2svKQpCynj/z2cn7jmVep+DxQpxUmRaR0HTgcv/b70cyL45eWmQGQhaeE+XYWbY8rjmxu2rmR48AP3; Expires=Mon, 27 Jun 2022 14:01:29 GMT; Path=/, AWSALBCORS=KeeoY2OAAhbQdcgFySx/u7KMcKcwMZVF9e5eJ/l8diEz+r2svKQpCynj/z2cn7jmVep+DxQpxUmRaR0HTgcv/b70cyL45eWmQGQhaeE+XYWbY8rjmxu2rmR48AP3; Expires=Mon, 27 Jun 2022 14:01:29 GMT; Path=/; SameSite=None', 'Server': 'Apache-Coyote/1.1', 'Access-Control-Allow-Origin': '*', 'Access-Control-Allow-Headers': 'Access-Control-Allow-Origin, Access-Control-Allow-Headers, Access-Control-Request-Method, Access-Control-Request-Headers, origin, accept, authorization, X-Requested-With, content-type, x-fit-auth-token, x-fit-refresh-token, X-Usuario, X-Senha, X-Licenca', 'Access-Control-Allow-Methods': 'GET, OPTIONS, HEAD, PUT, POST', 'Access-Control-Request-Method': '*', 'X-Frame-Options': 'DENY'} 
 body={"sucesso":false,"erro":"Integração processada com erros.","mensagens":["4 - DT_PERIODO: 23/03/2022, CD_REF_511: string: Empresa não encontrada: CD_EMPRESA: 0, CD_FILIAL: 0"],"payload":null} 
 </msg>
<msg timestamp="20220620 11:01:31.357" level="INFO">${response} = &lt;Response [200]&gt;</msg>
<status status="PASS" starttime="20220620 11:01:30.942" endtime="20220620 11:01:31.357"/>
</kw>
<msg timestamp="20220620 11:01:31.357" level="INFO">${response} = &lt;Response [200]&gt;</msg>
<status status="PASS" starttime="20220620 11:01:30.941" endtime="20220620 11:01:31.357"/>
</kw>
<kw name="Status Should Be" library="RequestsLibrary">
<arg>200</arg>
<arg>${response}</arg>
<doc>Fails if response status code is different than the expected.</doc>
<status status="PASS" starttime="20220620 11:01:31.358" endtime="20220620 11:01:31.358"/>
</kw>
<status status="PASS" starttime="20220620 11:01:30.940" endtime="20220620 11:01:31.358"/>
</test>
<doc>Suite de testes Contorle de Creditos</doc>
<status status="PASS" starttime="20220620 11:01:30.915" endtime="20220620 11:01:31.359"/>
</suite>
<suite id="s1-s5" name="Doc Gerador Credito Suite" source="C:\Sovos\cloud_fiscal\API_KNW\tests\Doc_Gerador_Credito_Suite.robot">
<test id="s1-s5-t1" name="Gerador de Credito" line="10">
<kw name="Create Dictionary" library="BuiltIn">
<var>${payload}</var>
<arg>Content-Type=application/json</arg>
<doc>Creates and returns a dictionary based on the given ``items``.</doc>
<msg timestamp="20220620 11:01:31.385" level="INFO">${payload} = {'Content-Type': 'application/json'}</msg>
<status status="PASS" starttime="20220620 11:01:31.385" endtime="20220620 11:01:31.385"/>
</kw>
<kw name="POST Gerador Credito" library="Doc_Gerador_Credito">
<var>${response}</var>
<arg>${payload}</arg>
<kw name="Create Dictionary" library="BuiltIn">
<var>${headers}</var>
<arg>X-Token=01032007</arg>
<arg>X-Cnpj=11272927000105</arg>
<arg>content-type=application/json</arg>
<doc>Creates and returns a dictionary based on the given ``items``.</doc>
<msg timestamp="20220620 11:01:31.386" level="INFO">${headers} = {'X-Token': '01032007', 'X-Cnpj': '11272927000105', 'content-type': 'application/json'}</msg>
<status status="PASS" starttime="20220620 11:01:31.386" endtime="20220620 11:01:31.386"/>
</kw>
<kw name="POST" library="RequestsLibrary">
<var>${response}</var>
<arg>${API_USERS}/demaisDocGeradorCredito</arg>
<arg>json=${payload}</arg>
<arg>expected_status=any</arg>
<arg>data={"objetos":[{"knwScF100":{"COD_EMPRESA":0,"COD_FILIAL":0,"ID_USUARIO_IMP":"string","CD_PLANO_CONTA":"string","chave_REGISTRO":"string","DS_COMPLEMENTAR":"string","CD_PROD_SERV":"string","ALIQ_PIS":0,"ALIQ_COFINS":0,"DT_OPERACAO":"2022-03-22T14:55:38.905Z","CD_437":"string","DM_ORIGEM_CRED":"string","VL_OPERACAO":0,"CD_433":"string","VL_BC_PIS":0,"VL_PIS":0,"CD_434":"string","VL_BC_COFINS":0,"VL_COFINS":0,"CD_CCUSTO_DESP":"string","DM_OPERACAO":"string","CD_PESSOA":"string"}}]}</arg>
<arg>headers=${ headers }</arg>
<doc>Sends a POST request.</doc>
<msg timestamp="20220620 11:01:31.767" level="INFO">POST Request : url=http://www.hom.sped.cloudfiscal.com/SPED_WEB/api/knw/v2/demaisDocGeradorCredito 
 path_url=/SPED_WEB/api/knw/v2/demaisDocGeradorCredito 
 headers={'User-Agent': 'python-requests/2.27.1', 'Accept-Encoding': 'gzip, deflate', 'Accept': '*/*', 'Connection': 'keep-alive', 'X-Token': '01032007', 'X-Cnpj': '11272927000105', 'content-type': 'application/json', 'Content-Length': '481'} 
 body={"objetos":[{"knwScF100":{"COD_EMPRESA":0,"COD_FILIAL":0,"ID_USUARIO_IMP":"string","CD_PLANO_CONTA":"string","chave_REGISTRO":"string","DS_COMPLEMENTAR":"string","CD_PROD_SERV":"string","ALIQ_PIS":0,"ALIQ_COFINS":0,"DT_OPERACAO":"2022-03-22T14:55:38.905Z","CD_437":"string","DM_ORIGEM_CRED":"string","VL_OPERACAO":0,"CD_433":"string","VL_BC_PIS":0,"VL_PIS":0,"CD_434":"string","VL_BC_COFINS":0,"VL_COFINS":0,"CD_CCUSTO_DESP":"string","DM_OPERACAO":"string","CD_PESSOA":"string"}}]} 
 </msg>
<msg timestamp="20220620 11:01:31.767" level="INFO">POST Response : url=http://www.hom.sped.cloudfiscal.com/SPED_WEB/api/knw/v2/demaisDocGeradorCredito 
 status=200, reason=OK 
 headers={'Date': 'Mon, 20 Jun 2022 14:01:29 GMT', 'Content-Type': 'application/json', 'Transfer-Encoding': 'chunked', 'Connection': 'keep-alive', 'Set-Cookie': 'AWSALB=FKUqmOFEL5xxazGmx71tBqOQuABWAhxJD1nUd7cwIgAZi2d0288SrEuZCfSh3NZcbA2/+wFCA/XCdUGTErHniw6abc65g8vle3RqKmKnmmdSMJH57fVHpvDKc1/a; Expires=Mon, 27 Jun 2022 14:01:29 GMT; Path=/, AWSALBCORS=FKUqmOFEL5xxazGmx71tBqOQuABWAhxJD1nUd7cwIgAZi2d0288SrEuZCfSh3NZcbA2/+wFCA/XCdUGTErHniw6abc65g8vle3RqKmKnmmdSMJH57fVHpvDKc1/a; Expires=Mon, 27 Jun 2022 14:01:29 GMT; Path=/; SameSite=None', 'Server': 'Apache-Coyote/1.1', 'Access-Control-Allow-Origin': '*', 'Access-Control-Allow-Headers': 'Access-Control-Allow-Origin, Access-Control-Allow-Headers, Access-Control-Request-Method, Access-Control-Request-Headers, origin, accept, authorization, X-Requested-With, content-type, x-fit-auth-token, x-fit-refresh-token, X-Usuario, X-Senha, X-Licenca', 'Access-Control-Allow-Methods': 'GET, OPTIONS, HEAD, PUT, POST', 'Access-Control-Request-Method': '*', 'X-Frame-Options': 'DENY'} 
 body={"sucesso":false,"erro":"Integração processada com erros.","mensagens":["4 - Empresa não encontrada: 0 - 0"],"payload":null} 
 </msg>
<msg timestamp="20220620 11:01:31.767" level="INFO">${response} = &lt;Response [200]&gt;</msg>
<status status="PASS" starttime="20220620 11:01:31.386" endtime="20220620 11:01:31.767"/>
</kw>
<msg timestamp="20220620 11:01:31.767" level="INFO">${response} = &lt;Response [200]&gt;</msg>
<status status="PASS" starttime="20220620 11:01:31.385" endtime="20220620 11:01:31.767"/>
</kw>
<kw name="Status Should Be" library="RequestsLibrary">
<arg>200</arg>
<arg>${response}</arg>
<doc>Fails if response status code is different than the expected.</doc>
<status status="PASS" starttime="20220620 11:01:31.768" endtime="20220620 11:01:31.768"/>
</kw>
<status status="PASS" starttime="20220620 11:01:31.384" endtime="20220620 11:01:31.768"/>
</test>
<doc>Suite de testes Gerador de Credito</doc>
<status status="PASS" starttime="20220620 11:01:31.361" endtime="20220620 11:01:31.769"/>
</suite>
<suite id="s1-s6" name="Estoque Escriturado Suite" source="C:\Sovos\cloud_fiscal\API_KNW\tests\Estoque_Escriturado_Suite.robot">
<test id="s1-s6-t1" name="Atualizar NF C100" line="10">
<kw name="Create Dictionary" library="BuiltIn">
<var>${payload}</var>
<arg>Content-Type=application/json</arg>
<doc>Creates and returns a dictionary based on the given ``items``.</doc>
<msg timestamp="20220620 11:01:31.793" level="INFO">${payload} = {'Content-Type': 'application/json'}</msg>
<status status="PASS" starttime="20220620 11:01:31.793" endtime="20220620 11:01:31.793"/>
</kw>
<kw name="POST Estoque Escriturado" library="Estoque_Escriturado">
<var>${response}</var>
<arg>${payload}</arg>
<kw name="Create Dictionary" library="BuiltIn">
<var>${headers}</var>
<arg>X-Token=01032007</arg>
<arg>X-Cnpj=11272927000105</arg>
<arg>content-type=application/json</arg>
<doc>Creates and returns a dictionary based on the given ``items``.</doc>
<msg timestamp="20220620 11:01:31.794" level="INFO">${headers} = {'X-Token': '01032007', 'X-Cnpj': '11272927000105', 'content-type': 'application/json'}</msg>
<status status="PASS" starttime="20220620 11:01:31.794" endtime="20220620 11:01:31.794"/>
</kw>
<kw name="POST" library="RequestsLibrary">
<var>${response}</var>
<arg>${API_USERS}/estoqueEscriturado</arg>
<arg>json=${payload}</arg>
<arg>expected_status=any</arg>
<arg>data="{"objetos":[{"knwK200":{"COD_EMPRESA":0,"COD_FILIAL":0,"ID_USUARIO_IMP":"string","CD_PESSOA":"string","CD_PRODUTO_SERVICO":"string","QTDE":0,"DM_ESTOQUE":"string","DT_EST_FINAL":"2022-04-26T18:59:14.686Z"},"knw0150":{"COD_EMPRESA":0,"COD_FILIAL":0,"ID_USUARIO_IMP":"string","DT_INICIAL":"2022-04-26T18:59:14.686Z","DT_IMPORTACAO":"2022-04-26T18:59:14.686Z","chave_REGISTRO":"string","CD_PESSOA":"string","NM_RAZAO_SOCIAL":"string","DS_ENDERECO":"string","DS_BAIRRO":"string","NR_CEP":"string","NR_CNPJ_CPF":"string","NR_INSCR_EST":"string","NR_INSCR_MUNIC":"string","NR_CEI":"string","NR_INSCR_SUBST":"string","CD_SUFRAMA":"string","NR_NUMERO":"string","NR_CEP_CP":"string","DS_COMPLEMENTO":"string","NR_CP":"string","NR_FONE":"string","NR_FAX":"string","DM_RELACIONADO":"string","DT_INI_REL":"2022-04-26T18:59:14.686Z","DT_FIN_REL":"2022-04-26T18:59:14.686Z","NR_NIT":"string","CD_CNAE":"string","NR_CATEGORIA":"string","CD_MUNICIPIO":"string","CD_PAIS":"string","DS_EMAIL":"string","DM_NATUREZA_EMPRESA":"string","DM_REGIME_TRIBUTARIO":"string","NM_TP_LOGRADOURO":"string","NM_TITULO_LOGRADOURO":"string","DM_CONTRIBUINTE":"string"},"knw0190":{"COD_EMPRESA":0,"COD_FILIAL":0,"ID_USUARIO_IMP":"string","DT_INICIAL":"2022-04-26T18:59:14.686Z","DT_IMPORTACAO":"2022-04-26T18:59:14.686Z","chave_REGISTRO":"string","DS_UNIDADE":"string","DS_DESCRICAO":"string"},"knw0200":{"COD_EMPRESA":0,"COD_FILIAL":0,"ID_USUARIO_IMP":"string","CD_PLANO_CONTA":"string","DT_INICIAL":"2022-04-26T18:59:14.686Z","DT_IMPORTACAO":"2022-04-26T18:59:14.686Z","chave_REGISTRO":"string","CD_PRODUTO_SERV":"string","DS_PRODUTO_SERV":"string","UNIDADE":"string","CD_SIT_TRIBUTAR_ICMS":"string","ALIQ_ICMS":0,"PERC_RED_BA_ICMS":0,"DM_PRODUTO_VENDA":"string","CD_LST":"string","CD_NCM":"string","CD_GENERO":"string","DM_TIPO_ITEM":"string","CD_331_EX_IPI":"string","CD_BARRA":"string","NR_CEST":"string","DM_ORIGEM_PRODUTO":"string","CD_CENTRO_CUSTO":"string","CD_SIT_TRIB_IPI":"string","CD_SIT_TRIB_PIS":"string","CD_SIT_TRIB_COFINS":"string","CD_NAT_OPERACAO":"string","ALIQ_PIS":0,"ALIQ_COFINS":0},"integracaoSFUnidadeConversaoList":[{"knw0220":{"COD_EMPRESA":0,"COD_FILIAL":0,"ID_USUARIO_IMP":"string","chave_REGISTRO":"string","CD_PROD_SERV":"string","UN_CONVERTIDA":"string","VL_FATOR_CONV":0},"knw0190":{"COD_EMPRESA":0,"COD_FILIAL":0,"ID_USUARIO_IMP":"string","DT_INICIAL":"2022-04-26T18:59:14.686Z","DT_IMPORTACAO":"2022-04-26T18:59:14.686Z","chave_REGISTRO":"string","DS_UNIDADE":"string","DS_DESCRICAO":"string"}}]}]}"</arg>
<doc>Sends a POST request.</doc>
<msg timestamp="20220620 11:01:32.201" level="INFO">POST Request : url=http://www.hom.sped.cloudfiscal.com/SPED_WEB/api/knw/v2/estoqueEscriturado 
 path_url=/SPED_WEB/api/knw/v2/estoqueEscriturado 
 headers={'User-Agent': 'python-requests/2.27.1', 'Accept-Encoding': 'gzip, deflate', 'Accept': '*/*', 'Connection': 'keep-alive', 'Content-Length': '2501'} 
 body="{"objetos":[{"knwK200":{"COD_EMPRESA":0,"COD_FILIAL":0,"ID_USUARIO_IMP":"string","CD_PESSOA":"string","CD_PRODUTO_SERVICO":"string","QTDE":0,"DM_ESTOQUE":"string","DT_EST_FINAL":"2022-04-26T18:59:14.686Z"},"knw0150":{"COD_EMPRESA":0,"COD_FILIAL":0,"ID_USUARIO_IMP":"string","DT_INICIAL":"2022-04-26T18:59:14.686Z","DT_IMPORTACAO":"2022-04-26T18:59:14.686Z","chave_REGISTRO":"string","CD_PESSOA":"string","NM_RAZAO_SOCIAL":"string","DS_ENDERECO":"string","DS_BAIRRO":"string","NR_CEP":"string","NR_CNPJ_CPF":"string","NR_INSCR_EST":"string","NR_INSCR_MUNIC":"string","NR_CEI":"string","NR_INSCR_SUBST":"string","CD_SUFRAMA":"string","NR_NUMERO":"string","NR_CEP_CP":"string","DS_COMPLEMENTO":"string","NR_CP":"string","NR_FONE":"string","NR_FAX":"string","DM_RELACIONADO":"string","DT_INI_REL":"2022-04-26T18:59:14.686Z","DT_FIN_REL":"2022-04-26T18:59:14.686Z","NR_NIT":"string","CD_CNAE":"string","NR_CATEGORIA":"string","CD_MUNICIPIO":"string","CD_PAIS":"string","DS_EMAIL":"string","DM_NATUREZA_EMPRESA":"string","DM_REGIME_TRIBUTARIO":"string","NM_TP_LOGRADOURO":"string","NM_TITULO_LOGRADOURO":"string","DM_CONTRIBUINTE":"string"},"knw0190":{"COD_EMPRESA":0,"COD_FILIAL":0,"ID_USUARIO_IMP":"string","DT_INICIAL":"2022-04-26T18:59:14.686Z","DT_IMPORTACAO":"2022-04-26T18:59:14.686Z","chave_REGISTRO":"string","DS_UNIDADE":"string","DS_DESCRICAO":"string"},"knw0200":{"COD_EMPRESA":0,"COD_FILIAL":0,"ID_USUARIO_IMP":"string","CD_PLANO_CONTA":"string","DT_INICIAL":"2022-04-26T18:59:14.686Z","DT_IMPORTACAO":"2022-04-26T18:59:14.686Z","chave_REGISTRO":"string","CD_PRODUTO_SERV":"string","DS_PRODUTO_SERV":"string","UNIDADE":"string","CD_SIT_TRIBUTAR_ICMS":"string","ALIQ_ICMS":0,"PERC_RED_BA_ICMS":0,"DM_PRODUTO_VENDA":"string","CD_LST":"string","CD_NCM":"string","CD_GENERO":"string","DM_TIPO_ITEM":"string","CD_331_EX_IPI":"string","CD_BARRA":"string","NR_CEST":"string","DM_ORIGEM_PRODUTO":"string","CD_CENTRO_CUSTO":"string","CD_SIT_TRIB_IPI":"string","CD_SIT_TRIB_PIS":"string","CD_SIT_TRIB_COFINS":"string","CD_NAT_OPERACAO":"string","ALIQ_PIS":0,"ALIQ_COFINS":0},"integracaoSFUnidadeConversaoList":[{"knw0220":{"COD_EMPRESA":0,"COD_FILIAL":0,"ID_USUARIO_IMP":"string","chave_REGISTRO":"string","CD_PROD_SERV":"string","UN_CONVERTIDA":"string","VL_FATOR_CONV":0},"knw0190":{"COD_EMPRESA":0,"COD_FILIAL":0,"ID_USUARIO_IMP":"string","DT_INICIAL":"2022-04-26T18:59:14.686Z","DT_IMPORTACAO":"2022-04-26T18:59:14.686Z","chave_REGISTRO":"string","DS_UNIDADE":"string","DS_DESCRICAO":"string"}}]}]}" 
 </msg>
<msg timestamp="20220620 11:01:32.201" level="INFO">POST Response : url=http://www.hom.sped.cloudfiscal.com/SPED_WEB/api/knw/v2/estoqueEscriturado 
 status=400, reason=Bad Request 
 headers={'Date': 'Mon, 20 Jun 2022 14:01:30 GMT', 'Content-Type': 'text/html;charset=utf-8', 'Content-Length': '1038', 'Connection': 'keep-alive', 'Set-Cookie': 'AWSALB=GPwuHxGFO4B3XtnNyRsHql7Og6kJlonf49X3o8/0ufGEP04Xj40/7nS7J4yXP7hfSL6qX65x2JfOXH9UePshbdeTwzF6JGQKJN2NBwT8dzGfEbeZp1xS4OkR2A85; Expires=Mon, 27 Jun 2022 14:01:30 GMT; Path=/, AWSALBCORS=GPwuHxGFO4B3XtnNyRsHql7Og6kJlonf49X3o8/0ufGEP04Xj40/7nS7J4yXP7hfSL6qX65x2JfOXH9UePshbdeTwzF6JGQKJN2NBwT8dzGfEbeZp1xS4OkR2A85; Expires=Mon, 27 Jun 2022 14:01:30 GMT; Path=/; SameSite=None', 'Server': 'Apache-Coyote/1.1', 'Access-Control-Allow-Origin': '*', 'Access-Control-Allow-Headers': 'Access-Control-Allow-Origin, Access-Control-Allow-Headers, Access-Control-Request-Method, Access-Control-Request-Headers, origin, accept, authorization, X-Requested-With, content-type, x-fit-auth-token, x-fit-refresh-token, X-Usuario, X-Senha, X-Licenca', 'Access-Control-Allow-Methods': 'GET, OPTIONS, HEAD, PUT, POST', 'Access-Control-Request-Method': '*', 'X-Frame-Options': 'DENY'} 
 body=&lt;html&gt;&lt;head&gt;&lt;title&gt;JBoss Web/7.0.13.Final - Error report&lt;/title&gt;&lt;style&gt;&lt;!--H1 {font-family:Tahoma,Arial,sans-serif;color:white;background-color:#525D76;font-size:22px;} H2 {font-family:Tahoma,Arial,sans-serif;color:white;background-color:#525D76;font-size:16px;} H3 {font-family:Tahoma,Arial,sans-serif;color:white;background-color:#525D76;font-size:14px;} BODY {font-family:Tahoma,Arial,sans-serif;color:black;background-color:white;} B {font-family:Tahoma,Arial,sans-serif;color:white;background-color:#525D76;} P {font-family:Tahoma,Arial,sans-serif;background:white;color:black;font-size:12px;}A {color : black;}A.name {color : black;}HR {color : #525D76;}--&gt;&lt;/style&gt; &lt;/head&gt;&lt;body&gt;&lt;h1&gt;HTTP Status 400 - Failed to decode Yaml&lt;/h1&gt;&lt;HR size="1" noshade="noshade"&gt;&lt;p&gt;&lt;b&gt;type&lt;/b&gt; Status report&lt;/p&gt;&lt;p&gt;&lt;b&gt;message&lt;/b&gt; &lt;u&gt;Failed to decode Yaml&lt;/u&gt;&lt;/p&gt;&lt;p&gt;&lt;b&gt;description&lt;/b&gt; &lt;u&gt;The request sent by the client was syntactically incorrect (Failed to decode Yaml).&lt;/u&gt;&lt;/p&gt;&lt;HR size="1" noshade="noshade"&gt;&lt;h3&gt;JBoss Web/7.0.13.Final&lt;/h3&gt;&lt;/body&gt;&lt;/html&gt; 
 </msg>
<msg timestamp="20220620 11:01:32.202" level="INFO">${response} = &lt;Response [400]&gt;</msg>
<status status="PASS" starttime="20220620 11:01:31.795" endtime="20220620 11:01:32.202"/>
</kw>
<msg timestamp="20220620 11:01:32.202" level="INFO">${response} = &lt;Response [400]&gt;</msg>
<status status="PASS" starttime="20220620 11:01:31.794" endtime="20220620 11:01:32.202"/>
</kw>
<kw name="Status Should Be" library="RequestsLibrary">
<arg>200</arg>
<arg>${response}</arg>
<doc>Fails if response status code is different than the expected.</doc>
<msg timestamp="20220620 11:01:32.203" level="FAIL">Url: http://www.hom.sped.cloudfiscal.com/SPED_WEB/api/knw/v2/estoqueEscriturado Expected status: 400 != 200</msg>
<status status="FAIL" starttime="20220620 11:01:32.202" endtime="20220620 11:01:32.207"/>
</kw>
<status status="FAIL" starttime="20220620 11:01:31.793" endtime="20220620 11:01:32.208">Url: http://www.hom.sped.cloudfiscal.com/SPED_WEB/api/knw/v2/estoqueEscriturado Expected status: 400 != 200</status>
</test>
<doc>Suite de testes Estoque Escriturado</doc>
<status status="FAIL" starttime="20220620 11:01:31.771" endtime="20220620 11:01:32.209"/>
</suite>
<suite id="s1-s7" name="Exportacoes Suite" source="C:\Sovos\cloud_fiscal\API_KNW\tests\Exportacoes_Suite.robot">
<test id="s1-s7-t1" name="Exportacoes" line="10">
<kw name="Create Dictionary" library="BuiltIn">
<var>${payload}</var>
<arg>Content-Type=application/json</arg>
<doc>Creates and returns a dictionary based on the given ``items``.</doc>
<msg timestamp="20220620 11:01:32.233" level="INFO">${payload} = {'Content-Type': 'application/json'}</msg>
<status status="PASS" starttime="20220620 11:01:32.232" endtime="20220620 11:01:32.233"/>
</kw>
<kw name="POST Exportacao" library="Exportacoes">
<var>${response}</var>
<arg>${payload}</arg>
<kw name="Create Dictionary" library="BuiltIn">
<var>${headers}</var>
<arg>X-Token=01032007</arg>
<arg>X-Cnpj=11272927000105</arg>
<arg>content-type=application/json</arg>
<doc>Creates and returns a dictionary based on the given ``items``.</doc>
<msg timestamp="20220620 11:01:32.234" level="INFO">${headers} = {'X-Token': '01032007', 'X-Cnpj': '11272927000105', 'content-type': 'application/json'}</msg>
<status status="PASS" starttime="20220620 11:01:32.234" endtime="20220620 11:01:32.234"/>
</kw>
<kw name="POST" library="RequestsLibrary">
<var>${response}</var>
<arg>${API_USERS}/exportacoes</arg>
<arg>json=${payload}</arg>
<arg>expected_status=any</arg>
<arg>data={"objetos":[{"knwSf1100":{"COD_EMPRESA":0,"COD_FILIAL":0,"ID_USUARIO_IMP":"string","DT_IMPORTACAO":"2022-03-21T21:22:44.331Z","DM_TIPO_DOC":"string","NR_DECLARACAO":"string","NR_REG_EXPORT":"string","DT_DECLARACAO":"2022-03-21T21:22:44.331Z","DM_AVERBACAO":"string","DT_REGISTRO":"2022-03-21T21:22:44.331Z","NR_CON_EMBARQUE":"string","DT_CONHECIMENTO":"2022-03-21T21:22:44.331Z","DT_AVERBACAO":"2022-03-21T21:22:44.331Z","DM_TP_CONHECIME":"string","CD_PAIS":"string"}}]}</arg>
<arg>headers=${ headers }</arg>
<doc>Sends a POST request.</doc>
<msg timestamp="20220620 11:01:32.635" level="INFO">POST Request : url=http://www.hom.sped.cloudfiscal.com/SPED_WEB/api/knw/v2/exportacoes 
 path_url=/SPED_WEB/api/knw/v2/exportacoes 
 headers={'User-Agent': 'python-requests/2.27.1', 'Accept-Encoding': 'gzip, deflate', 'Accept': '*/*', 'Connection': 'keep-alive', 'X-Token': '01032007', 'X-Cnpj': '11272927000105', 'content-type': 'application/json', 'Content-Length': '470'} 
 body={"objetos":[{"knwSf1100":{"COD_EMPRESA":0,"COD_FILIAL":0,"ID_USUARIO_IMP":"string","DT_IMPORTACAO":"2022-03-21T21:22:44.331Z","DM_TIPO_DOC":"string","NR_DECLARACAO":"string","NR_REG_EXPORT":"string","DT_DECLARACAO":"2022-03-21T21:22:44.331Z","DM_AVERBACAO":"string","DT_REGISTRO":"2022-03-21T21:22:44.331Z","NR_CON_EMBARQUE":"string","DT_CONHECIMENTO":"2022-03-21T21:22:44.331Z","DT_AVERBACAO":"2022-03-21T21:22:44.331Z","DM_TP_CONHECIME":"string","CD_PAIS":"string"}}]} 
 </msg>
<msg timestamp="20220620 11:01:32.635" level="INFO">POST Response : url=http://www.hom.sped.cloudfiscal.com/SPED_WEB/api/knw/v2/exportacoes 
 status=200, reason=OK 
 headers={'Date': 'Mon, 20 Jun 2022 14:01:30 GMT', 'Content-Type': 'application/json', 'Transfer-Encoding': 'chunked', 'Connection': 'keep-alive', 'Set-Cookie': 'AWSALB=nMoBIH8gdVq3QKN1JbYoD2wvoeyFX00CsXbwPyjzZOKlq/cmZJtIQis2uckY/z3bbHeY9A8lksV7HTnF1nBLZ3bPEG+uVVjMcyYHrATwvPYsZ4ymNhBhMeeq+/25; Expires=Mon, 27 Jun 2022 14:01:30 GMT; Path=/, AWSALBCORS=nMoBIH8gdVq3QKN1JbYoD2wvoeyFX00CsXbwPyjzZOKlq/cmZJtIQis2uckY/z3bbHeY9A8lksV7HTnF1nBLZ3bPEG+uVVjMcyYHrATwvPYsZ4ymNhBhMeeq+/25; Expires=Mon, 27 Jun 2022 14:01:30 GMT; Path=/; SameSite=None', 'Server': 'Apache-Coyote/1.1', 'Access-Control-Allow-Origin': '*', 'Access-Control-Allow-Headers': 'Access-Control-Allow-Origin, Access-Control-Allow-Headers, Access-Control-Request-Method, Access-Control-Request-Headers, origin, accept, authorization, X-Requested-With, content-type, x-fit-auth-token, x-fit-refresh-token, X-Usuario, X-Senha, X-Licenca', 'Access-Control-Allow-Methods': 'GET, OPTIONS, HEAD, PUT, POST', 'Access-Control-Request-Method': '*', 'X-Frame-Options': 'DENY'} 
 body={"sucesso":false,"erro":"Integração processada com erros.","mensagens":["4 - NullPointerException"],"payload":null} 
 </msg>
<msg timestamp="20220620 11:01:32.635" level="INFO">${response} = &lt;Response [200]&gt;</msg>
<status status="PASS" starttime="20220620 11:01:32.234" endtime="20220620 11:01:32.635"/>
</kw>
<msg timestamp="20220620 11:01:32.635" level="INFO">${response} = &lt;Response [200]&gt;</msg>
<status status="PASS" starttime="20220620 11:01:32.233" endtime="20220620 11:01:32.635"/>
</kw>
<kw name="Status Should Be" library="RequestsLibrary">
<arg>200</arg>
<arg>${response}</arg>
<doc>Fails if response status code is different than the expected.</doc>
<status status="PASS" starttime="20220620 11:01:32.636" endtime="20220620 11:01:32.636"/>
</kw>
<status status="PASS" starttime="20220620 11:01:32.232" endtime="20220620 11:01:32.637"/>
</test>
<doc>Suite de testes Exportações</doc>
<status status="PASS" starttime="20220620 11:01:32.210" endtime="20220620 11:01:32.638"/>
</suite>
<suite id="s1-s8" name="Import BlocoM Suite" source="C:\Sovos\cloud_fiscal\API_KNW\tests\Import_BlocoM_Suite.robot">
<test id="s1-s8-t1" name="Import Bloco M110" line="7">
<kw name="Create Dictionary" library="BuiltIn">
<var>${payload}</var>
<arg>Content-Type=application/json</arg>
<doc>Creates and returns a dictionary based on the given ``items``.</doc>
<msg timestamp="20220620 11:01:32.661" level="INFO">${payload} = {'Content-Type': 'application/json'}</msg>
<status status="PASS" starttime="20220620 11:01:32.661" endtime="20220620 11:01:32.661"/>
</kw>
<kw name="POST M110">
<var>${response}</var>
<arg>${payload}</arg>
<msg timestamp="20220620 11:01:32.663" level="FAIL">No keyword with name 'POST M110' found. Did you mean:
    Import_Bloco_M.POST M810
    Import_Bloco_M.POST M510
    Import_Bloco_M.POST M410</msg>
<status status="FAIL" starttime="20220620 11:01:32.663" endtime="20220620 11:01:32.663"/>
</kw>
<kw name="Status Should Be" library="RequestsLibrary">
<arg>200</arg>
<arg>${response}</arg>
<doc>Fails if response status code is different than the expected.</doc>
<status status="NOT RUN" starttime="20220620 11:01:32.663" endtime="20220620 11:01:32.663"/>
</kw>
<status status="FAIL" starttime="20220620 11:01:32.660" endtime="20220620 11:01:32.664">No keyword with name 'POST M110' found. Did you mean:
    Import_Bloco_M.POST M810
    Import_Bloco_M.POST M510
    Import_Bloco_M.POST M410</status>
</test>
<test id="s1-s8-t2" name="Import Bloco M410" line="15">
<kw name="Create Dictionary" library="BuiltIn">
<var>${payload}</var>
<arg>Content-Type=application/json</arg>
<doc>Creates and returns a dictionary based on the given ``items``.</doc>
<msg timestamp="20220620 11:01:32.666" level="INFO">${payload} = {'Content-Type': 'application/json'}</msg>
<status status="PASS" starttime="20220620 11:01:32.666" endtime="20220620 11:01:32.666"/>
</kw>
<kw name="POST M410" library="Import_Bloco_M">
<var>${response}</var>
<arg>${payload}</arg>
<kw name="Create Dictionary" library="BuiltIn">
<var>${headers}</var>
<arg>X-Token=01032007</arg>
<arg>X-Cnpj=11272927000105</arg>
<arg>content-type=application/json</arg>
<doc>Creates and returns a dictionary based on the given ``items``.</doc>
<msg timestamp="20220620 11:01:32.667" level="INFO">${headers} = {'X-Token': '01032007', 'X-Cnpj': '11272927000105', 'content-type': 'application/json'}</msg>
<status status="PASS" starttime="20220620 11:01:32.667" endtime="20220620 11:01:32.667"/>
</kw>
<kw name="POST" library="RequestsLibrary">
<var>${response}</var>
<arg>${API_USERS}/blocoM/M410</arg>
<arg>json=${payload}</arg>
<arg>expected_status=any</arg>
<arg>data={"objetos":[{"knwM410":{"cod_EMPRESA":0,"cod_FILIAL":0,"id_USUARIO_IMP":"string","cd_PLANO_CONTA":"string","dt_IMPORTACAO":"2022-03-21T21:22:44.322Z","ds_COMPLEMENTAR":"string","cd_SIT_TRIB_PIS":"string","dt_REFERENCIA":"2022-03-21T21:22:44.322Z","cd_NATUREZA_RECEITA":"string","vl_RECEITA":0},"knw0500":{"COD_EMPRESA":0,"COD_FILIAL":0,"ID_USUARIO_IMP":"string","CD_PLANO_CONTA":"string","DT_INICIAL":"2022-03-21T21:22:44.322Z","DM_TIPO_CONTA":"string","CD_PLAN_CTA_TOT":"string","DS_PLANO_CONTA":"string","DM_NATUREZA":"string","DM_NIVEL":"string","DT_IMPORTACAO":"2022-03-21T21:22:44.322Z","DM_GERAL_AUX":"string","ID_ORDEM":0,"CD_REDUZIDA":"string","chave_REGISTRO":"string"}}]}</arg>
<arg>headers=${ headers }</arg>
<doc>Sends a POST request.</doc>
<msg timestamp="20220620 11:01:33.030" level="INFO">POST Request : url=http://www.hom.sped.cloudfiscal.com/SPED_WEB/api/knw/v2/blocoM/M410 
 path_url=/SPED_WEB/api/knw/v2/blocoM/M410 
 headers={'User-Agent': 'python-requests/2.27.1', 'Accept-Encoding': 'gzip, deflate', 'Accept': '*/*', 'Connection': 'keep-alive', 'X-Token': '01032007', 'X-Cnpj': '11272927000105', 'content-type': 'application/json', 'Content-Length': '681'} 
 body={"objetos":[{"knwM410":{"cod_EMPRESA":0,"cod_FILIAL":0,"id_USUARIO_IMP":"string","cd_PLANO_CONTA":"string","dt_IMPORTACAO":"2022-03-21T21:22:44.322Z","ds_COMPLEMENTAR":"string","cd_SIT_TRIB_PIS":"string","dt_REFERENCIA":"2022-03-21T21:22:44.322Z","cd_NATUREZA_RECEITA":"string","vl_RECEITA":0},"knw0500":{"COD_EMPRESA":0,"COD_FILIAL":0,"ID_USUARIO_IMP":"string","CD_PLANO_CONTA":"string","DT_INICIAL":"2022-03-21T21:22:44.322Z","DM_TIPO_CONTA":"string","CD_PLAN_CTA_TOT":"string","DS_PLANO_CONTA":"string","DM_NATUREZA":"string","DM_NIVEL":"string","DT_IMPORTACAO":"2022-03-21T21:22:44.322Z","DM_GERAL_AUX":"string","ID_ORDEM":0,"CD_REDUZIDA":"string","chave_REGISTRO":"string"}}]} 
 </msg>
<msg timestamp="20220620 11:01:33.030" level="INFO">POST Response : url=http://www.hom.sped.cloudfiscal.com/SPED_WEB/api/knw/v2/blocoM/M410 
 status=200, reason=OK 
 headers={'Date': 'Mon, 20 Jun 2022 14:01:31 GMT', 'Content-Type': 'application/json', 'Transfer-Encoding': 'chunked', 'Connection': 'keep-alive', 'Set-Cookie': 'AWSALB=uENoI7wnz2DqtCEtM5VEa2h68RAWWaNWBh6J/4lAATohH2h87Amqg1LAUKwGgIV+RCyYeAr5cKbDLfcB6JlXwYuwVttU8aRDUA0GPnIqXj6wtDgnXOO/cPn2MTBh; Expires=Mon, 27 Jun 2022 14:01:30 GMT; Path=/, AWSALBCORS=uENoI7wnz2DqtCEtM5VEa2h68RAWWaNWBh6J/4lAATohH2h87Amqg1LAUKwGgIV+RCyYeAr5cKbDLfcB6JlXwYuwVttU8aRDUA0GPnIqXj6wtDgnXOO/cPn2MTBh; Expires=Mon, 27 Jun 2022 14:01:30 GMT; Path=/; SameSite=None', 'Server': 'Apache-Coyote/1.1', 'Access-Control-Allow-Origin': '*', 'Access-Control-Allow-Headers': 'Access-Control-Allow-Origin, Access-Control-Allow-Headers, Access-Control-Request-Method, Access-Control-Request-Headers, origin, accept, authorization, X-Requested-With, content-type, x-fit-auth-token, x-fit-refresh-token, X-Usuario, X-Senha, X-Licenca', 'Access-Control-Allow-Methods': 'GET, OPTIONS, HEAD, PUT, POST', 'Access-Control-Request-Method': '*', 'X-Frame-Options': 'DENY'} 
 body={"sucesso":false,"erro":"Integração processada com erros.","mensagens":["4 - NullPointerException"],"payload":null} 
 </msg>
<msg timestamp="20220620 11:01:33.030" level="INFO">${response} = &lt;Response [200]&gt;</msg>
<status status="PASS" starttime="20220620 11:01:32.668" endtime="20220620 11:01:33.030"/>
</kw>
<msg timestamp="20220620 11:01:33.030" level="INFO">${response} = &lt;Response [200]&gt;</msg>
<status status="PASS" starttime="20220620 11:01:32.666" endtime="20220620 11:01:33.030"/>
</kw>
<kw name="Status Should Be" library="RequestsLibrary">
<arg>200</arg>
<arg>${response}</arg>
<doc>Fails if response status code is different than the expected.</doc>
<status status="PASS" starttime="20220620 11:01:33.031" endtime="20220620 11:01:33.031"/>
</kw>
<status status="PASS" starttime="20220620 11:01:32.665" endtime="20220620 11:01:33.031"/>
</test>
<test id="s1-s8-t3" name="Import Bloco M510" line="22">
<kw name="Create Dictionary" library="BuiltIn">
<var>${payload}</var>
<arg>Content-Type=application/json</arg>
<doc>Creates and returns a dictionary based on the given ``items``.</doc>
<msg timestamp="20220620 11:01:33.033" level="INFO">${payload} = {'Content-Type': 'application/json'}</msg>
<status status="PASS" starttime="20220620 11:01:33.033" endtime="20220620 11:01:33.033"/>
</kw>
<kw name="POST M510" library="Import_Bloco_M">
<var>${response}</var>
<arg>${payload}</arg>
<kw name="Create Dictionary" library="BuiltIn">
<var>${headers}</var>
<arg>X-Token=01032007</arg>
<arg>X-Cnpj=11272927000105</arg>
<arg>content-type=application/json</arg>
<doc>Creates and returns a dictionary based on the given ``items``.</doc>
<msg timestamp="20220620 11:01:33.034" level="INFO">${headers} = {'X-Token': '01032007', 'X-Cnpj': '11272927000105', 'content-type': 'application/json'}</msg>
<status status="PASS" starttime="20220620 11:01:33.034" endtime="20220620 11:01:33.034"/>
</kw>
<kw name="POST" library="RequestsLibrary">
<var>${response}</var>
<arg>${API_USERS}/blocoM/M510</arg>
<arg>json=${payload}</arg>
<arg>expected_status=any</arg>
<arg>data={"objetos":[{"knwM510":{"cod_EMPRESA":0,"cod_FILIAL":0,"id_USUARIO_IMP":"string","dt_IMPORTACAO":"2022-03-21T21:22:44.323Z","aliq_COFINS":0,"dt_REFERENCIA":"2022-03-21T21:22:44.323Z","nr_PROCESSO":"string","vl_ALIQ_COFINS":0,"cd_436":"string","dm_AJUSTE":"string","vl_AJUSTE":0,"cd_438":"string","ds_AJUSTE":"string","dt_AJUSTE":"2022-03-21T21:22:44.323Z"}}]}</arg>
<arg>headers=${ headers }</arg>
<doc>Sends a POST request.</doc>
<msg timestamp="20220620 11:01:33.497" level="INFO">POST Request : url=http://www.hom.sped.cloudfiscal.com/SPED_WEB/api/knw/v2/blocoM/M510 
 path_url=/SPED_WEB/api/knw/v2/blocoM/M510 
 headers={'User-Agent': 'python-requests/2.27.1', 'Accept-Encoding': 'gzip, deflate', 'Accept': '*/*', 'Connection': 'keep-alive', 'X-Token': '01032007', 'X-Cnpj': '11272927000105', 'content-type': 'application/json', 'Content-Length': '359'} 
 body={"objetos":[{"knwM510":{"cod_EMPRESA":0,"cod_FILIAL":0,"id_USUARIO_IMP":"string","dt_IMPORTACAO":"2022-03-21T21:22:44.323Z","aliq_COFINS":0,"dt_REFERENCIA":"2022-03-21T21:22:44.323Z","nr_PROCESSO":"string","vl_ALIQ_COFINS":0,"cd_436":"string","dm_AJUSTE":"string","vl_AJUSTE":0,"cd_438":"string","ds_AJUSTE":"string","dt_AJUSTE":"2022-03-21T21:22:44.323Z"}}]} 
 </msg>
<msg timestamp="20220620 11:01:33.497" level="INFO">POST Response : url=http://www.hom.sped.cloudfiscal.com/SPED_WEB/api/knw/v2/blocoM/M510 
 status=200, reason=OK 
 headers={'Date': 'Mon, 20 Jun 2022 14:01:31 GMT', 'Content-Type': 'application/json', 'Transfer-Encoding': 'chunked', 'Connection': 'keep-alive', 'Set-Cookie': 'AWSALB=00BpDar0K2nCN5OP3dc4mA2CakdYzve33Xnced8Y00eCdxHmO7Qvqi8uWhWxC+OLB1JgTw9JGhABfAKc0WnMr6jmsfDeYGap7I7+EiSRb/Ra45U7bEm9XFmNm71P; Expires=Mon, 27 Jun 2022 14:01:31 GMT; Path=/, AWSALBCORS=00BpDar0K2nCN5OP3dc4mA2CakdYzve33Xnced8Y00eCdxHmO7Qvqi8uWhWxC+OLB1JgTw9JGhABfAKc0WnMr6jmsfDeYGap7I7+EiSRb/Ra45U7bEm9XFmNm71P; Expires=Mon, 27 Jun 2022 14:01:31 GMT; Path=/; SameSite=None', 'Server': 'Apache-Coyote/1.1', 'Access-Control-Allow-Origin': '*', 'Access-Control-Allow-Headers': 'Access-Control-Allow-Origin, Access-Control-Allow-Headers, Access-Control-Request-Method, Access-Control-Request-Headers, origin, accept, authorization, X-Requested-With, content-type, x-fit-auth-token, x-fit-refresh-token, X-Usuario, X-Senha, X-Licenca', 'Access-Control-Allow-Methods': 'GET, OPTIONS, HEAD, PUT, POST', 'Access-Control-Request-Method': '*', 'X-Frame-Options': 'DENY'} 
 body={"sucesso":false,"erro":"Integração processada com erros.","mensagens":["4 - NullPointerException"],"payload":null} 
 </msg>
<msg timestamp="20220620 11:01:33.497" level="INFO">${response} = &lt;Response [200]&gt;</msg>
<status status="PASS" starttime="20220620 11:01:33.034" endtime="20220620 11:01:33.497"/>
</kw>
<msg timestamp="20220620 11:01:33.497" level="INFO">${response} = &lt;Response [200]&gt;</msg>
<status status="PASS" starttime="20220620 11:01:33.033" endtime="20220620 11:01:33.497"/>
</kw>
<kw name="Status Should Be" library="RequestsLibrary">
<arg>200</arg>
<arg>${response}</arg>
<doc>Fails if response status code is different than the expected.</doc>
<status status="PASS" starttime="20220620 11:01:33.498" endtime="20220620 11:01:33.498"/>
</kw>
<status status="PASS" starttime="20220620 11:01:33.032" endtime="20220620 11:01:33.498"/>
</test>
<test id="s1-s8-t4" name="Import Bloco M810" line="29">
<kw name="Create Dictionary" library="BuiltIn">
<var>${payload}</var>
<arg>Content-Type=application/json</arg>
<doc>Creates and returns a dictionary based on the given ``items``.</doc>
<msg timestamp="20220620 11:01:33.500" level="INFO">${payload} = {'Content-Type': 'application/json'}</msg>
<status status="PASS" starttime="20220620 11:01:33.500" endtime="20220620 11:01:33.500"/>
</kw>
<kw name="POST M810" library="Import_Bloco_M">
<var>${response}</var>
<arg>${payload}</arg>
<kw name="Create Dictionary" library="BuiltIn">
<var>${headers}</var>
<arg>X-Token=01032007</arg>
<arg>X-Cnpj=11272927000105</arg>
<arg>content-type=application/json</arg>
<doc>Creates and returns a dictionary based on the given ``items``.</doc>
<msg timestamp="20220620 11:01:33.501" level="INFO">${headers} = {'X-Token': '01032007', 'X-Cnpj': '11272927000105', 'content-type': 'application/json'}</msg>
<status status="PASS" starttime="20220620 11:01:33.501" endtime="20220620 11:01:33.501"/>
</kw>
<kw name="POST" library="RequestsLibrary">
<var>${response}</var>
<arg>${API_USERS}/blocoM/M810</arg>
<arg>json=${payload}</arg>
<arg>expected_status=any</arg>
<arg>data={"objetos":[{"knwM810":{"cod_EMPRESA":0,"cod_FILIAL":0,"id_USUARIO_IMP":"string","cd_PLANO_CONTA":"string","dt_IMPORTACAO":"2022-03-21T21:22:44.324Z","ds_COMPLEMENTAR":"string","cd_SIT_TRIB_COFINS":"string","dt_REFERENCIA":"2022-03-21T21:22:44.324Z","cd_NATUREZA_RECEITA":"string","vl_RECEITA":0},"knw0500":{"COD_EMPRESA":0,"COD_FILIAL":0,"ID_USUARIO_IMP":"string","CD_PLANO_CONTA":"string","DT_INICIAL":"2022-03-21T21:22:44.324Z","DM_TIPO_CONTA":"string","CD_PLAN_CTA_TOT":"string","DS_PLANO_CONTA":"string","DM_NATUREZA":"string","DM_NIVEL":"string","DT_IMPORTACAO":"2022-03-21T21:22:44.324Z","DM_GERAL_AUX":"string","ID_ORDEM":0,"CD_REDUZIDA":"string","chave_REGISTRO":"string"}}]}</arg>
<arg>headers=${ headers }</arg>
<doc>Sends a POST request.</doc>
<msg timestamp="20220620 11:01:34.147" level="INFO">POST Request : url=http://www.hom.sped.cloudfiscal.com/SPED_WEB/api/knw/v2/blocoM/M810 
 path_url=/SPED_WEB/api/knw/v2/blocoM/M810 
 headers={'User-Agent': 'python-requests/2.27.1', 'Accept-Encoding': 'gzip, deflate', 'Accept': '*/*', 'Connection': 'keep-alive', 'X-Token': '01032007', 'X-Cnpj': '11272927000105', 'content-type': 'application/json', 'Content-Length': '684'} 
 body={"objetos":[{"knwM810":{"cod_EMPRESA":0,"cod_FILIAL":0,"id_USUARIO_IMP":"string","cd_PLANO_CONTA":"string","dt_IMPORTACAO":"2022-03-21T21:22:44.324Z","ds_COMPLEMENTAR":"string","cd_SIT_TRIB_COFINS":"string","dt_REFERENCIA":"2022-03-21T21:22:44.324Z","cd_NATUREZA_RECEITA":"string","vl_RECEITA":0},"knw0500":{"COD_EMPRESA":0,"COD_FILIAL":0,"ID_USUARIO_IMP":"string","CD_PLANO_CONTA":"string","DT_INICIAL":"2022-03-21T21:22:44.324Z","DM_TIPO_CONTA":"string","CD_PLAN_CTA_TOT":"string","DS_PLANO_CONTA":"string","DM_NATUREZA":"string","DM_NIVEL":"string","DT_IMPORTACAO":"2022-03-21T21:22:44.324Z","DM_GERAL_AUX":"string","ID_ORDEM":0,"CD_REDUZIDA":"string","chave_REGISTRO":"string"}}]} 
 </msg>
<msg timestamp="20220620 11:01:34.147" level="INFO">POST Response : url=http://www.hom.sped.cloudfiscal.com/SPED_WEB/api/knw/v2/blocoM/M810 
 status=200, reason=OK 
 headers={'Date': 'Mon, 20 Jun 2022 14:01:32 GMT', 'Content-Type': 'application/json', 'Transfer-Encoding': 'chunked', 'Connection': 'keep-alive', 'Set-Cookie': 'AWSALB=ram7sNsCA156AchzfKQGiYIT7qCIRJG7IP4hT4iLHLas3G7xTMTl9E/y/BP5JBjvaXGIXtogcbKIQ2jMGvO8/t4SRx81YbamhS2MxT+/utvhrHTfEp2PlAyfSwoQ; Expires=Mon, 27 Jun 2022 14:01:32 GMT; Path=/, AWSALBCORS=ram7sNsCA156AchzfKQGiYIT7qCIRJG7IP4hT4iLHLas3G7xTMTl9E/y/BP5JBjvaXGIXtogcbKIQ2jMGvO8/t4SRx81YbamhS2MxT+/utvhrHTfEp2PlAyfSwoQ; Expires=Mon, 27 Jun 2022 14:01:32 GMT; Path=/; SameSite=None', 'Server': 'Apache-Coyote/1.1', 'Access-Control-Allow-Origin': '*', 'Access-Control-Allow-Headers': 'Access-Control-Allow-Origin, Access-Control-Allow-Headers, Access-Control-Request-Method, Access-Control-Request-Headers, origin, accept, authorization, X-Requested-With, content-type, x-fit-auth-token, x-fit-refresh-token, X-Usuario, X-Senha, X-Licenca', 'Access-Control-Allow-Methods': 'GET, OPTIONS, HEAD, PUT, POST', 'Access-Control-Request-Method': '*', 'X-Frame-Options': 'DENY'} 
 body={"sucesso":false,"erro":"Integração processada com erros.","mensagens":["4 - NullPointerException"],"payload":null} 
 </msg>
<msg timestamp="20220620 11:01:34.147" level="INFO">${response} = &lt;Response [200]&gt;</msg>
<status status="PASS" starttime="20220620 11:01:33.501" endtime="20220620 11:01:34.147"/>
</kw>
<msg timestamp="20220620 11:01:34.148" level="INFO">${response} = &lt;Response [200]&gt;</msg>
<status status="PASS" starttime="20220620 11:01:33.501" endtime="20220620 11:01:34.148"/>
</kw>
<kw name="Status Should Be" library="RequestsLibrary">
<arg>200</arg>
<arg>${response}</arg>
<doc>Fails if response status code is different than the expected.</doc>
<status status="PASS" starttime="20220620 11:01:34.148" endtime="20220620 11:01:34.148"/>
</kw>
<status status="PASS" starttime="20220620 11:01:33.499" endtime="20220620 11:01:34.149"/>
</test>
<doc>Suite de testes de API's de importação do Bloco M</doc>
<status status="FAIL" starttime="20220620 11:01:32.639" endtime="20220620 11:01:34.150"/>
</suite>
<suite id="s1-s9" name="Import Geral Suite" source="C:\Sovos\cloud_fiscal\API_KNW\tests\Import_Geral_Suite.robot">
<test id="s1-s9-t1" name="Import Pessoas" line="11">
<kw name="Create Dictionary" library="BuiltIn">
<var>${payload}</var>
<arg>Content-Type=application/json</arg>
<doc>Creates and returns a dictionary based on the given ``items``.</doc>
<msg timestamp="20220620 11:01:34.173" level="INFO">${payload} = {'Content-Type': 'application/json'}</msg>
<status status="PASS" starttime="20220620 11:01:34.172" endtime="20220620 11:01:34.173"/>
</kw>
<kw name="POST Import Pessoas" library="Import_Geral">
<var>${response}</var>
<arg>${payload}</arg>
<kw name="Create Dictionary" library="BuiltIn">
<var>${headers}</var>
<arg>X-Token=01032007</arg>
<arg>X-Cnpj=11272927000105</arg>
<arg>content-type=application/json</arg>
<doc>Creates and returns a dictionary based on the given ``items``.</doc>
<msg timestamp="20220620 11:01:34.173" level="INFO">${headers} = {'X-Token': '01032007', 'X-Cnpj': '11272927000105', 'content-type': 'application/json'}</msg>
<status status="PASS" starttime="20220620 11:01:34.173" endtime="20220620 11:01:34.173"/>
</kw>
<kw name="POST" library="RequestsLibrary">
<var>${response}</var>
<arg>${API_USERS}/pessoas</arg>
<arg>json=${payload}</arg>
<arg>expected_status=any</arg>
<arg>data={"objetos":[{"knw0150":{"COD_EMPRESA":"1","COD_FILIAL":"1","CD_PESSOA":"P8489572","DT_INICIAL":"2022-03-29T20:02:35.771Z","DT_IMPORTACAO":"2022-03-29T20:02:35.771Z","DS_ENDERECO":"Rua Brigadeiro Faria Lima","NM_RAZAO_SOCIAL":"Juarez G Mariano","DS_BAIRRO":"Canto do Forte","NR_CEP":"11700630","NR_CNPJ_CPF":"43405835887","NR_INSCR_MUNIC":"001861883","CD_CNAE":"0123","NR_NUMERO":"79","CD_MUNICIPIO":"3541000","DS_EMAIL":"jgmar.construcoes@gmail.com","CD_PAIS":"1058"}}]}</arg>
<arg>headers=${ headers }</arg>
<doc>Sends a POST request.</doc>
<msg timestamp="20220620 11:01:34.521" level="INFO">POST Request : url=http://www.hom.sped.cloudfiscal.com/SPED_WEB/api/knw/v2/pessoas 
 path_url=/SPED_WEB/api/knw/v2/pessoas 
 headers={'User-Agent': 'python-requests/2.27.1', 'Accept-Encoding': 'gzip, deflate', 'Accept': '*/*', 'Connection': 'keep-alive', 'X-Token': '01032007', 'X-Cnpj': '11272927000105', 'content-type': 'application/json', 'Content-Length': '470'} 
 body={"objetos":[{"knw0150":{"COD_EMPRESA":"1","COD_FILIAL":"1","CD_PESSOA":"P8489572","DT_INICIAL":"2022-03-29T20:02:35.771Z","DT_IMPORTACAO":"2022-03-29T20:02:35.771Z","DS_ENDERECO":"Rua Brigadeiro Faria Lima","NM_RAZAO_SOCIAL":"Juarez G Mariano","DS_BAIRRO":"Canto do Forte","NR_CEP":"11700630","NR_CNPJ_CPF":"43405835887","NR_INSCR_MUNIC":"001861883","CD_CNAE":"0123","NR_NUMERO":"79","CD_MUNICIPIO":"3541000","DS_EMAIL":"jgmar.construcoes@gmail.com","CD_PAIS":"1058"}}]} 
 </msg>
<msg timestamp="20220620 11:01:34.521" level="INFO">POST Response : url=http://www.hom.sped.cloudfiscal.com/SPED_WEB/api/knw/v2/pessoas 
 status=200, reason=OK 
 headers={'Date': 'Mon, 20 Jun 2022 14:01:32 GMT', 'Content-Type': 'application/json', 'Transfer-Encoding': 'chunked', 'Connection': 'keep-alive', 'Set-Cookie': 'AWSALB=Dw10x1NoSYjHs/aV/vbaoV6143j1spfH1Q3AA4ie2sGBekJJz/lvz4wdywlxrKYj/NM31tz/GMQEIYX5qso8ZqIANGJoVVbJMewt9MYtrS4/WlrtB3p+3n1qYRgk; Expires=Mon, 27 Jun 2022 14:01:32 GMT; Path=/, AWSALBCORS=Dw10x1NoSYjHs/aV/vbaoV6143j1spfH1Q3AA4ie2sGBekJJz/lvz4wdywlxrKYj/NM31tz/GMQEIYX5qso8ZqIANGJoVVbJMewt9MYtrS4/WlrtB3p+3n1qYRgk; Expires=Mon, 27 Jun 2022 14:01:32 GMT; Path=/; SameSite=None', 'Server': 'Apache-Coyote/1.1', 'Access-Control-Allow-Origin': '*', 'Access-Control-Allow-Headers': 'Access-Control-Allow-Origin, Access-Control-Allow-Headers, Access-Control-Request-Method, Access-Control-Request-Headers, origin, accept, authorization, X-Requested-With, content-type, x-fit-auth-token, x-fit-refresh-token, X-Usuario, X-Senha, X-Licenca', 'Access-Control-Allow-Methods': 'GET, OPTIONS, HEAD, PUT, POST', 'Access-Control-Request-Method': '*', 'X-Frame-Options': 'DENY'} 
 body={"sucesso":true,"erro":null,"mensagens":null,"payload":null} 
 </msg>
<msg timestamp="20220620 11:01:34.521" level="INFO">${response} = &lt;Response [200]&gt;</msg>
<status status="PASS" starttime="20220620 11:01:34.173" endtime="20220620 11:01:34.521"/>
</kw>
<msg timestamp="20220620 11:01:34.521" level="INFO">${response} = &lt;Response [200]&gt;</msg>
<status status="PASS" starttime="20220620 11:01:34.173" endtime="20220620 11:01:34.521"/>
</kw>
<kw name="Status Should Be" library="RequestsLibrary">
<arg>200</arg>
<arg>${response}</arg>
<doc>Fails if response status code is different than the expected.</doc>
<status status="PASS" starttime="20220620 11:01:34.522" endtime="20220620 11:01:34.522"/>
</kw>
<kw name="Should Be Equal" library="BuiltIn">
<arg>${response.json()}[sucesso]</arg>
<arg>${true}</arg>
<doc>Fails if the given objects are unequal.</doc>
<status status="PASS" starttime="20220620 11:01:34.522" endtime="20220620 11:01:34.523"/>
</kw>
<status status="PASS" starttime="20220620 11:01:34.172" endtime="20220620 11:01:34.523"/>
</test>
<doc>Suite de testes de API's de importações</doc>
<status status="PASS" starttime="20220620 11:01:34.152" endtime="20220620 11:01:34.524"/>
</suite>
<suite id="s1-s10" name="Import NF Suite" source="C:\Sovos\cloud_fiscal\API_KNW\tests\Import_NF_Suite.robot">
<test id="s1-s10-t1" name="POST Import NF Servico" line="17">
<kw name="Create Dictionary" library="BuiltIn">
<var>${payload}</var>
<arg>Content-Type=application/json</arg>
<doc>Creates and returns a dictionary based on the given ``items``.</doc>
<msg timestamp="20220620 11:01:34.548" level="INFO">${payload} = {'Content-Type': 'application/json'}</msg>
<status status="PASS" starttime="20220620 11:01:34.548" endtime="20220620 11:01:34.548"/>
</kw>
<kw name="POST Plano Contas" library="Plano_contas">
<var>${response}</var>
<arg>${payload}</arg>
<kw name="Create Dictionary" library="BuiltIn">
<var>${headers}</var>
<arg>X-Token=01032007</arg>
<arg>X-Cnpj=11272927000105</arg>
<arg>content-type=application/json</arg>
<doc>Creates and returns a dictionary based on the given ``items``.</doc>
<msg timestamp="20220620 11:01:34.549" level="INFO">${headers} = {'X-Token': '01032007', 'X-Cnpj': '11272927000105', 'content-type': 'application/json'}</msg>
<status status="PASS" starttime="20220620 11:01:34.549" endtime="20220620 11:01:34.549"/>
</kw>
<kw name="POST" library="RequestsLibrary">
<var>${response}</var>
<arg>${API_USERS}/planoconta</arg>
<arg>json=${payload}</arg>
<arg>expected_status=any</arg>
<arg>data="{"objetos":[{"knw0500":{"COD_EMPRESA":1,"COD_FILIAL":1,"ID_USUARIO_IMP":"string","CD_PLANO_CONTA":"string","DT_INICIAL":"2022-04-27T18:31:06.291Z","DM_TIPO_CONTA":"string","CD_PLAN_CTA_TOT":"string","DS_PLANO_CONTA":"string","DM_NATUREZA":"string","DM_NIVEL":"string","DT_IMPORTACAO":"2022-04-27T18:31:06.291Z","DM_GERAL_AUX":"string","ID_ORDEM":0,"CD_REDUZIDA":"string","chave_REGISTRO":"string"},"knwSctbI051List":[{"knw0600":{"COD_EMPRESA":0,"COD_FILIAL":0,"ID_USUARIO_IMP":"string","DT_INICIAL":"2022-04-27T18:31:06.291Z","chave_REGISTRO":"string","CD_CENTRO_CUSTO":"string","DS_CENTRO_CUSTO":"string"},"knwSctbI051":{"COD_EMPRESA":0,"COD_FILIAL":0,"ID_USUARIO_IMP":"string","CD_PLANO_CONTA":"string","CD_CENTRO_CUSTO":"string","CD_PLANO_CONTA_REF":"string"}}]}]}"</arg>
<arg>headers=${ headers }</arg>
<doc>Sends a POST request.</doc>
<msg timestamp="20220620 11:01:34.993" level="INFO">POST Request : url=http://www.hom.sped.cloudfiscal.com/SPED_WEB/api/knw/v2/planoconta 
 path_url=/SPED_WEB/api/knw/v2/planoconta 
 headers={'User-Agent': 'python-requests/2.27.1', 'Accept-Encoding': 'gzip, deflate', 'Accept': '*/*', 'Connection': 'keep-alive', 'X-Token': '01032007', 'X-Cnpj': '11272927000105', 'content-type': 'application/json', 'Content-Length': '769'} 
[...]
<msg timestamp="20220620 11:01:36.281" level="INFO">${payload} = {'Content-Type': 'application/json'}</msg>
<status status="PASS" starttime="20220620 11:01:36.281" endtime="20220620 11:01:36.281"/>
</kw>
<kw name="POST Progresso Integracao" library="ProgressoIntegracao">
<var>${response}</var>
<arg>${payload}</arg>
<kw name="Create Dictionary" library="BuiltIn">
<var>${headers}</var>
<arg>X-Token=01032007</arg>
<arg>X-Cnpj=11272927000105</arg>
<arg>content-type=application/json</arg>
<doc>Creates and returns a dictionary based on the given ``items``.</doc>
<msg timestamp="20220620 11:01:36.282" level="INFO">${headers} = {'X-Token': '01032007', 'X-Cnpj': '11272927000105', 'content-type': 'application/json'}</msg>
<status status="PASS" starttime="20220620 11:01:36.282" endtime="20220620 11:01:36.282"/>
</kw>
<kw name="POST" library="RequestsLibrary">
<var>${response}</var>
<arg>${API_USERS}/atualizaProgressoIntegracao</arg>
<arg>json=${payload}</arg>
<arg>expected_status=any</arg>
<arg>headers=${ headers }</arg>
<doc>Sends a POST request.</doc>
<msg timestamp="20220620 11:01:36.604" level="INFO">POST Request : url=http://www.hom.sped.cloudfiscal.com/SPED_WEB/api/knw/v2/atualizaProgressoIntegracao 
 path_url=/SPED_WEB/api/knw/v2/atualizaProgressoIntegracao 
 headers={'User-Agent': 'python-requests/2.27.1', 'Accept-Encoding': 'gzip, deflate', 'Accept': '*/*', 'Connection': 'keep-alive', 'X-Token': '01032007', 'X-Cnpj': '11272927000105', 'content-type': 'application/json', 'Content-Length': '36'} 
 body=b'{"Content-Type": "application/json"}' 
 </msg>
<msg timestamp="20220620 11:01:36.604" level="INFO">POST Response : url=http://www.hom.sped.cloudfiscal.com/SPED_WEB/api/knw/v2/atualizaProgressoIntegracao 
 status=200, reason=OK 
 headers={'Date': 'Mon, 20 Jun 2022 14:01:34 GMT', 'Content-Type': 'application/json', 'Transfer-Encoding': 'chunked', 'Connection': 'keep-alive', 'Set-Cookie': 'AWSALB=yi3v7Ei4rztFpaYj9/XZRZoHIAaGosrL207j0T2rXk3JXEqJd+GXUAToVxHGGpC4AYDqQzmOb/LlcM8jhgLkYYTR7/32JVad+N1GZaU+Dp7t6k4xcgRtP36RDJ/P; Expires=Mon, 27 Jun 2022 14:01:34 GMT; Path=/, AWSALBCORS=yi3v7Ei4rztFpaYj9/XZRZoHIAaGosrL207j0T2rXk3JXEqJd+GXUAToVxHGGpC4AYDqQzmOb/LlcM8jhgLkYYTR7/32JVad+N1GZaU+Dp7t6k4xcgRtP36RDJ/P; Expires=Mon, 27 Jun 2022 14:01:34 GMT; Path=/; SameSite=None', 'Server': 'Apache-Coyote/1.1', 'Access-Control-Allow-Origin': '*', 'Access-Control-Allow-Headers': 'Access-Control-Allow-Origin, Access-Control-Allow-Headers, Access-Control-Request-Method, Access-Control-Request-Headers, origin, accept, authorization, X-Requested-With, content-type, x-fit-auth-token, x-fit-refresh-token, X-Usuario, X-Senha, X-Licenca', 'Access-Control-Allow-Methods': 'GET, OPTIONS, HEAD, PUT, POST', 'Access-Control-Request-Method': '*', 'X-Frame-Options': 'DENY'} 
 body={"sucesso":true,"erro":null,"mensagens":null,"payload":null} 
 </msg>
<msg timestamp="20220620 11:01:36.604" level="INFO">${response} = &lt;Response [200]&gt;</msg>
<status status="PASS" starttime="20220620 11:01:36.282" endtime="20220620 11:01:36.604"/>
</kw>
<msg timestamp="20220620 11:01:36.605" level="INFO">${response} = &lt;Response [200]&gt;</msg>
<status status="PASS" starttime="20220620 11:01:36.281" endtime="20220620 11:01:36.605"/>
</kw>
<kw name="Status Should Be" library="RequestsLibrary">
<arg>200</arg>
<arg>${response}</arg>
<doc>Fails if response status code is different than the expected.</doc>
<status status="PASS" starttime="20220620 11:01:36.605" endtime="20220620 11:01:36.605"/>
</kw>
<kw name="Should Be Equal" library="BuiltIn">
<arg>${response.json()}[sucesso]</arg>
<arg>${true}</arg>
<doc>Fails if the given objects are unequal.</doc>
<status status="PASS" starttime="20220620 11:01:36.606" endtime="20220620 11:01:36.606"/>
</kw>
<status status="PASS" starttime="20220620 11:01:36.279" endtime="20220620 11:01:36.606"/>
</test>
<doc>Session route test suite</doc>
<status status="PASS" starttime="20220620 11:01:36.257" endtime="20220620 11:01:36.608"/>
</suite>
<suite id="s1-s15" name="Retida Fonte Suite" source="C:\Sovos\cloud_fiscal\API_KNW\tests\Retida_Fonte_Suite.robot">
<test id="s1-s15-t1" name="KNW F600 Retida Fonte" line="10">
<kw name="Create Dictionary" library="BuiltIn">
<var>${payload}</var>
<arg>Content-Type=application/json</arg>
<doc>Creates and returns a dictionary based on the given ``items``.</doc>
<msg timestamp="20220620 11:01:36.630" level="INFO">${payload} = {'Content-Type': 'application/json'}</msg>
<status status="PASS" starttime="20220620 11:01:36.630" endtime="20220620 11:01:36.630"/>
</kw>
<kw name="POST Retida Fonte" library="Retida_Fonte">
<var>${response}</var>
<arg>json=${payload}</arg>
<kw name="Create Dictionary" library="BuiltIn">
<var>${headers}</var>
<arg>X-Token=01032007</arg>
<arg>X-Cnpj=11272927000105</arg>
<arg>content-type=application/json</arg>
<doc>Creates and returns a dictionary based on the given ``items``.</doc>
<msg timestamp="20220620 11:01:36.631" level="INFO">${headers} = {'X-Token': '01032007', 'X-Cnpj': '11272927000105', 'content-type': 'application/json'}</msg>
<status status="PASS" starttime="20220620 11:01:36.631" endtime="20220620 11:01:36.631"/>
</kw>
<kw name="POST" library="RequestsLibrary">
<var>${response}</var>
<arg>${API_USERS}/contribuicaoRetidaFonte</arg>
<arg>json=${payload}</arg>
<arg>expected_status=any</arg>
<arg>data={"objetos":[{"knwScF600":{"COD_EMPRESA":1,"COD_FILIAL":1,"ID_USUARIO_IMP":"NETSUITE NFSE ITG","chave_REGISTRO":"5952","DT_REFERENCIA":"2022-06-1T15:02:50.764Z","DM_NAT_RETENCAO":"1","DT_REC_RETENCAO":"2021-09-25T07:00:00.000Z","VL_BC_RETENCAO":100.00,"VL_RETIDO_FONT":1922.3600000000001,"CD_RECEITA":"5952","DM_NAT_RECEITA":"1","NR_CNPJ_FONTE":"02359572000455","VL_RETIDO_PIS":706.06,"VL_RETIDO_COFINS":3515.64,"DM_DECLARANTE":"0"}}]}</arg>
<arg>headers=${ headers }</arg>
<doc>Sends a POST request.</doc>
<msg timestamp="20220620 11:01:36.986" level="INFO">POST Request : url=http://www.hom.sped.cloudfiscal.com/SPED_WEB/api/knw/v2/contribuicaoRetidaFonte 
 path_url=/SPED_WEB/api/knw/v2/contribuicaoRetidaFonte 
 headers={'User-Agent': 'python-requests/2.27.1', 'Accept-Encoding': 'gzip, deflate', 'Accept': '*/*', 'Connection': 'keep-alive', 'X-Token': '01032007', 'X-Cnpj': '11272927000105', 'content-type': 'application/json', 'Content-Length': '434'} 
 body={"objetos":[{"knwScF600":{"COD_EMPRESA":1,"COD_FILIAL":1,"ID_USUARIO_IMP":"NETSUITE NFSE ITG","chave_REGISTRO":"5952","DT_REFERENCIA":"2022-06-1T15:02:50.764Z","DM_NAT_RETENCAO":"1","DT_REC_RETENCAO":"2021-09-25T07:00:00.000Z","VL_BC_RETENCAO":100.00,"VL_RETIDO_FONT":1922.3600000000001,"CD_RECEITA":"5952","DM_NAT_RECEITA":"1","NR_CNPJ_FONTE":"02359572000455","VL_RETIDO_PIS":706.06,"VL_RETIDO_COFINS":3515.64,"DM_DECLARANTE":"0"}}]} 
 </msg>
<msg timestamp="20220620 11:01:36.987" level="INFO">POST Response : url=http://www.hom.sped.cloudfiscal.com/SPED_WEB/api/knw/v2/contribuicaoRetidaFonte 
 status=200, reason=OK 
 headers={'Date': 'Mon, 20 Jun 2022 14:01:34 GMT', 'Content-Type': 'application/json', 'Transfer-Encoding': 'chunked', 'Connection': 'keep-alive', 'Set-Cookie': 'AWSALB=w5oFLBThAruE0BHtt20S6zl4aZ4+gxrKj2aS25nX0Hv2UNEug+/kXi/psR0Ny3Db4Fs40IakZuQ9uf7G/yzFhRhy/YkbTzAardtNzJMR5iOlkWv3kfwWNs8Oot89; Expires=Mon, 27 Jun 2022 14:01:34 GMT; Path=/, AWSALBCORS=w5oFLBThAruE0BHtt20S6zl4aZ4+gxrKj2aS25nX0Hv2UNEug+/kXi/psR0Ny3Db4Fs40IakZuQ9uf7G/yzFhRhy/YkbTzAardtNzJMR5iOlkWv3kfwWNs8Oot89; Expires=Mon, 27 Jun 2022 14:01:34 GMT; Path=/; SameSite=None', 'Server': 'Apache-Coyote/1.1', 'Access-Control-Allow-Origin': '*', 'Access-Control-Allow-Headers': 'Access-Control-Allow-Origin, Access-Control-Allow-Headers, Access-Control-Request-Method, Access-Control-Request-Headers, origin, accept, authorization, X-Requested-With, content-type, x-fit-auth-token, x-fit-refresh-token, X-Usuario, X-Senha, X-Licenca', 'Access-Control-Allow-Methods': 'GET, OPTIONS, HEAD, PUT, POST', 'Access-Control-Request-Method': '*', 'X-Frame-Options': 'DENY'} 
 body={"sucesso":true,"erro":null,"mensagens":null,"payload":null} 
 </msg>
<msg timestamp="20220620 11:01:36.987" level="INFO">${response} = &lt;Response [200]&gt;</msg>
<status status="PASS" starttime="20220620 11:01:36.631" endtime="20220620 11:01:36.987"/>
</kw>
<msg timestamp="20220620 11:01:36.987" level="INFO">${response} = &lt;Response [200]&gt;</msg>
<status status="PASS" starttime="20220620 11:01:36.631" endtime="20220620 11:01:36.987"/>
</kw>
<kw name="Status Should Be" library="RequestsLibrary">
<arg>200</arg>
<arg>${response}</arg>
<doc>Fails if response status code is different than the expected.</doc>
<status status="PASS" starttime="20220620 11:01:36.988" endtime="20220620 11:01:36.988"/>
</kw>
<kw name="Should Be Equal" library="BuiltIn">
<arg>${response.json()}[sucesso]</arg>
<arg>${true}</arg>
<doc>Fails if the given objects are unequal.</doc>
<status status="PASS" starttime="20220620 11:01:36.988" endtime="20220620 11:01:36.989"/>
</kw>
<status status="PASS" starttime="20220620 11:01:36.630" endtime="20220620 11:01:36.989"/>
</test>
<doc>Session route test suite</doc>
<status status="PASS" starttime="20220620 11:01:36.609" endtime="20220620 11:01:36.991"/>
</suite>
<suite id="s1-s16" name="Saldos Periodicos" source="C:\Sovos\cloud_fiscal\API_KNW\tests\Saldos_Periodicos.robot">
<test id="s1-s16-t1" name="POST Saldos Periodicos" line="10">
<kw name="Create Dictionary" library="BuiltIn">
<var>${payload}</var>
<arg>Content-Type=application/json</arg>
<doc>Creates and returns a dictionary based on the given ``items``.</doc>
<msg timestamp="20220620 11:01:37.014" level="INFO">${payload} = {'Content-Type': 'application/json'}</msg>
<status status="PASS" starttime="20220620 11:01:37.013" endtime="20220620 11:01:37.014"/>
</kw>
<kw name="POST Saldos Periodicos" library="Saldos_Periodicos">
<var>${response}</var>
<arg>${payload}</arg>
<kw name="Create Dictionary" library="BuiltIn">
<var>${headers}</var>
<arg>X-Token=01032007</arg>
<arg>X-Cnpj=11272927000105</arg>
<arg>content-type=application/json</arg>
<doc>Creates and returns a dictionary based on the given ``items``.</doc>
<msg timestamp="20220620 11:01:37.015" level="INFO">${headers} = {'X-Token': '01032007', 'X-Cnpj': '11272927000105', 'content-type': 'application/json'}</msg>
<status status="PASS" starttime="20220620 11:01:37.014" endtime="20220620 11:01:37.015"/>
</kw>
<kw name="POST" library="RequestsLibrary">
<var>${response}</var>
<arg>${API_USERS}/saldosPeriodicos</arg>
<arg>json=${payload}</arg>
<arg>expected_status=any</arg>
<arg>data="{"objetos":[{"knw0500":{"COD_EMPRESA":0,"COD_FILIAL":0,"ID_USUARIO_IMP":"string","CD_PLANO_CONTA":"string","DT_INICIAL":"2022-04-27T18:31:06.292Z","DM_TIPO_CONTA":"string","CD_PLAN_CTA_TOT":"string","DS_PLANO_CONTA":"string","DM_NATUREZA":"string","DM_NIVEL":"string","DT_IMPORTACAO":"2022-04-27T18:31:06.292Z","DM_GERAL_AUX":"string","ID_ORDEM":0,"CD_REDUZIDA":"string","chave_REGISTRO":"string"},"knw0600":{"COD_EMPRESA":0,"COD_FILIAL":0,"ID_USUARIO_IMP":"string","DT_INICIAL":"2022-04-27T18:31:06.292Z","chave_REGISTRO":"string","CD_CENTRO_CUSTO":"string","DS_CENTRO_CUSTO":"string"},"knwSctbI155":{"COD_EMPRESA":0,"COD_FILIAL":0,"ID_USUARIO_IMP":"string","CD_PLANO_CONTA":"string","chave_REGISTRO":"string","CD_CENTRO_CUSTO":"string","DT_SALDO":"2022-04-27T18:31:06.292Z","VL_SALDO_INICIAL":0,"DM_DC_INICIAL":"string","VL_DEBITO":0,"VL_CREDITO":0,"VL_SALDO_FINAL":0,"DM_DC_FINAL":"string","VL_SALDO_INICIAL_MF":0,"DM_DC_INICIAL_MF":"string","VL_DEBITO_MF":0,"VL_CREDITO_MF":0,"VL_SALDO_FINAL_MF":0,"DM_DC_FINAL_MF":"string","DM_TIPO_SALDO":"string","DS_REGRA":"string","DS_JUSTIFICATIVA":"string"}}]}"</arg>
<arg>headers=${ headers }</arg>
<doc>Sends a POST request.</doc>
<msg timestamp="20220620 11:01:37.379" level="INFO">POST Request : url=http://www.hom.sped.cloudfiscal.com/SPED_WEB/api/knw/v2/saldosPeriodicos 
 path_url=/SPED_WEB/api/knw/v2/saldosPeriodicos 
 headers={'User-Agent': 'python-requests/2.27.1', 'Accept-Encoding': 'gzip, deflate', 'Accept': '*/*', 'Connection': 'keep-alive', 'X-Token': '01032007', 'X-Cnpj': '11272927000105', 'content-type': 'application/json', 'Content-Length': '1106'} 
 body="{"objetos":[{"knw0500":{"COD_EMPRESA":0,"COD_FILIAL":0,"ID_USUARIO_IMP":"string","CD_PLANO_CONTA":"string","DT_INICIAL":"2022-04-27T18:31:06.292Z","DM_TIPO_CONTA":"string","CD_PLAN_CTA_TOT":"string","DS_PLANO_CONTA":"string","DM_NATUREZA":"string","DM_NIVEL":"string","DT_IMPORTACAO":"2022-04-27T18:31:06.292Z","DM_GERAL_AUX":"string","ID_ORDEM":0,"CD_REDUZIDA":"string","chave_REGISTRO":"string"},"knw0600":{"COD_EMPRESA":0,"COD_FILIAL":0,"ID_USUARIO_IMP":"string","DT_INICIAL":"2022-04-27T18:31:06.292Z","chave_REGISTRO":"string","CD_CENTRO_CUSTO":"string","DS_CENTRO_CUSTO":"string"},"knwSctbI155":{"COD_EMPRESA":0,"COD_FILIAL":0,"ID_USUARIO_IMP":"string","CD_PLANO_CONTA":"string","chave_REGISTRO":"string","CD_CENTRO_CUSTO":"string","DT_SALDO":"2022-04-27T18:31:06.292Z","VL_SALDO_INICIAL":0,"DM_DC_INICIAL":"string","VL_DEBITO":0,"VL_CREDITO":0,"VL_SALDO_FINAL":0,"DM_DC_FINAL":"string","VL_SALDO_INICIAL_MF":0,"DM_DC_INICIAL_MF":"string","VL_DEBITO_MF":0,"VL_CREDITO_MF":0,"VL_SALDO_FINAL_MF":0,"DM_DC_FINAL_MF":"string","DM_TIPO_SALDO":"string","DS_REGRA":"string","DS_JUSTIFICATIVA":"string"}}]}" 
 </msg>
<msg timestamp="20220620 11:01:37.379" level="INFO">POST Response : url=http://www.hom.sped.cloudfiscal.com/SPED_WEB/api/knw/v2/saldosPeriodicos 
 status=400, reason=Bad Request 
 headers={'Date': 'Mon, 20 Jun 2022 14:01:35 GMT', 'Content-Type': 'text/html;charset=utf-8', 'Content-Length': '1659', 'Connection': 'keep-alive', 'Set-Cookie': 'AWSALB=/kEPhd5oSq+O5vHCueqth1AJVndIIzUNcgjfXVZKQvRafVwsThvlkJynHIepOz2ns1YN7MOUUD4rHPpB0E6qt4xodjcAwte5H+M2I0SZBf/Ks2v8CA0mTsG3AriO; Expires=Mon, 27 Jun 2022 14:01:35 GMT; Path=/, AWSALBCORS=/kEPhd5oSq+O5vHCueqth1AJVndIIzUNcgjfXVZKQvRafVwsThvlkJynHIepOz2ns1YN7MOUUD4rHPpB0E6qt4xodjcAwte5H+M2I0SZBf/Ks2v8CA0mTsG3AriO; Expires=Mon, 27 Jun 2022 14:01:35 GMT; Path=/; SameSite=None', 'Server': 'Apache-Coyote/1.1', 'Access-Control-Allow-Origin': '*', 'Access-Control-Allow-Headers': 'Access-Control-Allow-Origin, Access-Control-Allow-Headers, Access-Control-Request-Method, Access-Control-Request-Headers, origin, accept, authorization, X-Requested-With, content-type, x-fit-auth-token, x-fit-refresh-token, X-Usuario, X-Senha, X-Licenca', 'Access-Control-Allow-Methods': 'GET, OPTIONS, HEAD, PUT, POST', 'Access-Control-Request-Method': '*', 'X-Frame-Options': 'DENY'} 
 body=&lt;html&gt;&lt;head&gt;&lt;title&gt;JBoss Web/7.0.13.Final - Error report&lt;/title&gt;&lt;style&gt;&lt;!--H1 {font-family:Tahoma,Arial,sans-serif;color:white;background-color:#525D76;font-size:22px;} H2 {font-family:Tahoma,Arial,sans-serif;color:white;background-color:#525D76;font-size:16px;} H3 {font-family:Tahoma,Arial,sans-serif;color:white;background-color:#525D76;font-size:14px;} BODY {font-family:Tahoma,Arial,sans-serif;color:black;background-color:white;} B {font-family:Tahoma,Arial,sans-serif;color:white;background-color:#525D76;} P {font-family:Tahoma,Arial,sans-serif;background:white;color:black;font-size:12px;}A {color : black;}A.name {color : black;}HR {color : #525D76;}--&gt;&lt;/style&gt; &lt;/head&gt;&lt;body&gt;&lt;h1&gt;HTTP Status 400 - org.codehaus.jackson.map.JsonMappingException: Can not instantiate value of type [simple type, class com.cloudfiscal.integracao.blocoIContabil.IntegracaoSCTBI155List] from JSON String; no single-String constructor/factory method&lt;/h1&gt;&lt;HR size="1" noshade="noshade"&gt;&lt;p&gt;&lt;b&gt;type&lt;/b&gt; Status report&lt;/p&gt;&lt;p&gt;&lt;b&gt;message&lt;/b&gt; &lt;u&gt;org.codehaus.jackson.map.JsonMappingException: Can not instantiate value of type [simple type, class com.cloudfiscal.integracao.blocoIContabil.IntegracaoSCTBI155List] from JSON String; no single-String constructor/factory method&lt;/u&gt;&lt;/p&gt;&lt;p&gt;&lt;b&gt;description&lt;/b&gt; &lt;u&gt;The request sent by the client was syntactically incorrect (org.codehaus.jackson.map.JsonMappingException: Can not instantiate value of type [simple type, class com.cloudfiscal.integracao.blocoIContabil.IntegracaoSCTBI155List] from JSON String; no single-String constructor/factory method).&lt;/u&gt;&lt;/p&gt;&lt;HR size="1" noshade="noshade"&gt;&lt;h3&gt;JBoss Web/7.0.13.Final&lt;/h3&gt;&lt;/body&gt;&lt;/html&gt; 
 </msg>
<msg timestamp="20220620 11:01:37.380" level="INFO">${response} = &lt;Response [400]&gt;</msg>
<status status="PASS" starttime="20220620 11:01:37.015" endtime="20220620 11:01:37.380"/>
</kw>
<msg timestamp="20220620 11:01:37.380" level="INFO">${response} = &lt;Response [400]&gt;</msg>
<status status="PASS" starttime="20220620 11:01:37.014" endtime="20220620 11:01:37.380"/>
</kw>
<kw name="Status Should Be" library="RequestsLibrary">
<arg>200</arg>
<arg>${response}</arg>
<doc>Fails if response status code is different than the expected.</doc>
<msg timestamp="20220620 11:01:37.381" level="FAIL">Url: http://www.hom.sped.cloudfiscal.com/SPED_WEB/api/knw/v2/saldosPeriodicos Expected status: 400 != 200</msg>
<status status="FAIL" starttime="20220620 11:01:37.380" endtime="20220620 11:01:37.381"/>
</kw>
<kw name="Should Be Equal" library="BuiltIn">
<arg>${response.json()}[sucesso]</arg>
<arg>${true}</arg>
<doc>Fails if the given objects are unequal.</doc>
<status status="NOT RUN" starttime="20220620 11:01:37.382" endtime="20220620 11:01:37.382"/>
</kw>
<status status="FAIL" starttime="20220620 11:01:37.013" endtime="20220620 11:01:37.382">Url: http://www.hom.sped.cloudfiscal.com/SPED_WEB/api/knw/v2/saldosPeriodicos Expected status: 400 != 200</status>
</test>
<doc>Session route test suite</doc>
<status status="FAIL" starttime="20220620 11:01:36.992" endtime="20220620 11:01:37.383"/>
</suite>
<status status="FAIL" starttime="20220620 11:01:29.510" endtime="20220620 11:01:37.385"/>
</suite>
<statistics>
<total>
<stat pass="13" fail="6" skip="0">All Tests</stat>
</total>
<tag>
</tag>
<suite>
<stat pass="13" fail="6" skip="0" id="s1" name="Tests">Tests</stat>
<stat pass="1" fail="0" skip="0" id="s1-s1" name="Ativo Imobilizado">Tests.Ativo Imobilizado</stat>
<stat pass="1" fail="0" skip="0" id="s1-s2" name="Atualizacao NF Suite">Tests.Atualizacao NF Suite</stat>
<stat pass="1" fail="0" skip="0" id="s1-s3" name="Consultar Empresas">Tests.Consultar Empresas</stat>
<stat pass="1" fail="0" skip="0" id="s1-s4" name="Controle Creditos Suite">Tests.Controle Creditos Suite</stat>
<stat pass="1" fail="0" skip="0" id="s1-s5" name="Doc Gerador Credito Suite">Tests.Doc Gerador Credito Suite</stat>
<stat pass="0" fail="1" skip="0" id="s1-s6" name="Estoque Escriturado Suite">Tests.Estoque Escriturado Suite</stat>
<stat pass="1" fail="0" skip="0" id="s1-s7" name="Exportacoes Suite">Tests.Exportacoes Suite</stat>
<stat pass="3" fail="1" skip="0" id="s1-s8" name="Import BlocoM Suite">Tests.Import BlocoM Suite</stat>
<stat pass="1" fail="0" skip="0" id="s1-s9" name="Import Geral Suite">Tests.Import Geral Suite</stat>
<stat pass="0" fail="1" skip="0" id="s1-s10" name="Import NF Suite">Tests.Import NF Suite</stat>
<stat pass="1" fail="0" skip="0" id="s1-s11" name="Integracao sistema terceiros">Tests.Integracao sistema terceiros</stat>
<stat pass="0" fail="1" skip="0" id="s1-s12" name="Lancamentos Contabeis">Tests.Lancamentos Contabeis</stat>
<stat pass="0" fail="1" skip="0" id="s1-s13" name="Plano conta">Tests.Plano conta</stat>
<stat pass="1" fail="0" skip="0" id="s1-s14" name="Progresso Integracao">Tests.Progresso Integracao</stat>
<stat pass="1" fail="0" skip="0" id="s1-s15" name="Retida Fonte Suite">Tests.Retida Fonte Suite</stat>
<stat pass="0" fail="1" skip="0" id="s1-s16" name="Saldos Periodicos">Tests.Saldos Periodicos</stat>
</suite>
</statistics>
<errors>
<msg timestamp="20220620 11:01:29.487" level="ERROR">Error in file 'C:\Sovos\cloud_fiscal\API_KNW\tests\Import_NF_Suite.robot' on line 9: Setting 'Documentation' is allowed only once. Only the first value is used.</msg>
</errors>
</robot>
