<?xml version="1.0" encoding="UTF-8"?>
<robot generator="Robot 5.0.1 (Python 3.10.0 on win32)" generated="20220914 10:50:05.019" rpa="false" schemaversion="3">
<suite id="s1" name="Features" source="C:\Sovos\cloud_fiscal\api_knw\features">
<suite id="s1-s1" name="Ativo Imobilizado" source="C:\Sovos\cloud_fiscal\api_knw\features\Ativo_Imobilizado.robot">
<test id="s1-s1-t1" name="Cenário 01: Efetuar chamada na API Ativo Imobilizado" line="8">
<kw name="Create Dictionary" library="BuiltIn">
<var>${payload}</var>
<arg>Content-Type=application/json</arg>
<doc>Creates and returns a dictionary based on the given ``items``.</doc>
<msg timestamp="20220914 10:50:05.277" level="INFO">${payload} = {'Content-Type': 'application/json'}</msg>
<status status="PASS" starttime="20220914 10:50:05.276" endtime="20220914 10:50:05.277"/>
</kw>
<kw name="Enviar o json do Bens_Ativo_Imobilizado" library="Bens_Ativo_Imobilizado">
<var>${response}</var>
<arg>${payload}</arg>
<kw name="Create Dictionary" library="BuiltIn">
<var>${headers}</var>
<arg>X-Token=01032007</arg>
<arg>X-Cnpj=11272927000105</arg>
<arg>content-type=application/json</arg>
<doc>Creates and returns a dictionary based on the given ``items``.</doc>
<msg timestamp="20220914 10:50:05.277" level="INFO">${headers} = {'X-Token': '01032007', 'X-Cnpj': '11272927000105', 'content-type': 'application/json'}</msg>
<status status="PASS" starttime="20220914 10:50:05.277" endtime="20220914 10:50:05.277"/>
</kw>
<kw name="POST" library="RequestsLibrary">
<var>${response}</var>
<arg>${API_USERS}/bensIncorporadosAtivoImobilizado</arg>
<arg>json=${payload}</arg>
<arg>expected_status=any</arg>
<arg>data=${JSON_ATIVO}</arg>
<arg>headers=${ headers }</arg>
<doc>Sends a POST request.</doc>
<msg timestamp="20220914 10:50:06.682" level="INFO">POST Request : url=http://www.hom.sped.cloudfiscal.com/SPED_WEB/api/knw/v2/bensIncorporadosAtivoImobilizado 
 path_url=/SPED_WEB/api/knw/v2/bensIncorporadosAtivoImobilizado 
 headers={'User-Agent': 'python-requests/2.27.1', 'Accept-Encoding': 'gzip, deflate', 'Accept': '*/*', 'Connection': 'keep-alive', 'X-Token': '01032007', 'X-Cnpj': '11272927000105', 'content-type': 'application/json', 'Content-Length': '1136'} 
 body={"objetos":[{"knwScF120":{"COD_EMPRESA":1,"COD_FILIAL":1,"ID_USUARIO_IMP":"string","CD_PLANO_CONTA":"string","chave_REGISTRO":"string","NR_ITEM":0,"DS_COMPLEMENTAR":"string","ALIQ_PIS":0,"ALIQ_COFINS":0,"DT_REFERENCIA":"2022-03-22T14:55:38.721Z","CD_437":"string","DM_BEM_IMOB":"string","DM_ORIGEM_CRED":"string","DM_UTILIZ_BEM":"string","NR_MES_ANO_AQUISICAO":"string","VL_OPERACAO":0,"VL_PARCELA":0,"VL_BASE_CALCULO_CRED":0,"NR_PARCELA":0,"CD_433":"string","VL_BC_PIS":0,"VL_PIS":0,"CD_434":"string","VL_BC_COFINS":0,"VL_COFINS":0,"CD_CCUSTO_DESP":"string"},"knw0500":{"COD_EMPRESA":0,"COD_FILIAL":0,"ID_USUARIO_IMP":"string","CD_PLANO_CONTA":"string","DT_INICIAL":"2022-03-22T14:55:38.721Z","DM_TIPO_CONTA":"string","CD_PLAN_CTA_TOT":"string","DS_PLANO_CONTA":"string","DM_NATUREZA":"string","DM_NIVEL":"string","DT_IMPORTACAO":"2022-03-22T14:55:38.721Z","DM_GERAL_AUX":"string","ID_ORDEM":0,"CD_REDUZIDA":"string","chave_REGISTRO":"string"},"knw0600":{"COD_EMPRESA":0,"COD_FILIAL":0,"ID_USUARIO_IMP":"string","DT_INICIAL":"2022-03-22T14:55:38.721Z","chave_REGISTRO":"string","CD_CENTRO_CUSTO":"string","DS_CENTRO_CUSTO":"string"}}]} 
 </msg>
<msg timestamp="20220914 10:50:06.682" level="INFO">POST Response : url=http://www.hom.sped.cloudfiscal.com/SPED_WEB/api/knw/v2/bensIncorporadosAtivoImobilizado 
 status=200, reason=OK 
 headers={'Date': 'Wed, 14 Sep 2022 13:50:06 GMT', 'Content-Type': 'application/json', 'Transfer-Encoding': 'chunked', 'Connection': 'keep-alive', 'Set-Cookie': 'AWSALB=D5+CAlMp8AmpFzJnm4YB22+ZrziqsEu1C//VX55pK7NijwNC38hDywU0O+cRq/mQVDuJmtKkdvntTWqz0RIKzP+calFdhfGWyhDC92OKT9hLlw1DZL6rJ5QE9NP8; Expires=Wed, 21 Sep 2022 13:50:06 GMT; Path=/, AWSALBCORS=D5+CAlMp8AmpFzJnm4YB22+ZrziqsEu1C//VX55pK7NijwNC38hDywU0O+cRq/mQVDuJmtKkdvntTWqz0RIKzP+calFdhfGWyhDC92OKT9hLlw1DZL6rJ5QE9NP8; Expires=Wed, 21 Sep 2022 13:50:06 GMT; Path=/; SameSite=None', 'Server': 'Apache-Coyote/1.1', 'Access-Control-Allow-Origin': '*', 'Access-Control-Allow-Headers': 'Access-Control-Allow-Origin, Access-Control-Allow-Headers, Access-Control-Request-Method, Access-Control-Request-Headers, origin, accept, authorization, X-Requested-With, content-type, x-fit-auth-token, x-fit-refresh-token, X-Usuario, X-Senha, X-Licenca', 'Access-Control-Allow-Methods': 'GET, OPTIONS, HEAD, PUT, POST', 'Access-Control-Request-Method': '*', 'X-Frame-Options': 'DENY'} 
 body={"sucesso":false,"erro":"Integração processada com erros.","mensagens":["4 - DT_OPERACAO: 22/03/2022, CD_PLANO_CONTA: string: For input string: \"string\""],"payload":null} 
 </msg>
<msg timestamp="20220914 10:50:06.682" level="INFO">${response} = &lt;Response [200]&gt;</msg>
<status status="PASS" starttime="20220914 10:50:05.277" endtime="20220914 10:50:06.682"/>
</kw>
<kw name="Set Test Variable" library="BuiltIn">
<arg>${response}</arg>
<doc>Makes a variable available everywhere within the scope of the current test.</doc>
<msg timestamp="20220914 10:50:06.683" level="INFO">${response} = &lt;Response [200]&gt;</msg>
<status status="PASS" starttime="20220914 10:50:06.682" endtime="20220914 10:50:06.683"/>
</kw>
<msg timestamp="20220914 10:50:06.683" level="INFO">${response} = &lt;Response [200]&gt;</msg>
<status status="PASS" starttime="20220914 10:50:05.277" endtime="20220914 10:50:06.683"/>
</kw>
<kw name="Verificar se o status foi recebido com sucesso" library="Bens_Ativo_Imobilizado">
<kw name="Status Should Be" library="RequestsLibrary">
<arg>200</arg>
<arg>${response}</arg>
<doc>Fails if response status code is different than the expected.</doc>
<status status="PASS" starttime="20220914 10:50:06.684" endtime="20220914 10:50:06.684"/>
</kw>
<status status="PASS" starttime="20220914 10:50:06.683" endtime="20220914 10:50:06.684"/>
</kw>
<status status="PASS" starttime="20220914 10:50:05.275" endtime="20220914 10:50:06.684"/>
</test>
<doc>Documentação da API: http://www.hom.sped.cloudfiscal.com/SPED_WEB/api/knw/v2/bensIncorporadosAtivoImobilizado</doc>
<status status="PASS" starttime="20220914 10:50:05.050" endtime="20220914 10:50:06.685"/>
</suite>
<suite id="s1-s2" name="Atualizacao NF Suite" source="C:\Sovos\cloud_fiscal\api_knw\features\Atualizacao_NF_Suite.robot">
<test id="s1-s2-t1" name="Atualizacao NF C100" line="8">
<kw name="Create Dictionary" library="BuiltIn">
<var>${payload}</var>
<arg>Content-Type=application/json</arg>
<doc>Creates and returns a dictionary based on the given ``items``.</doc>
<msg timestamp="20220914 10:50:06.714" level="INFO">${payload} = {'Content-Type': 'application/json'}</msg>
<status status="PASS" starttime="20220914 10:50:06.714" endtime="20220914 10:50:06.714"/>
</kw>
<kw name="POST Atualizar NF C100" library="Atualizacao_NF">
<var>${response}</var>
<arg>${payload}</arg>
<kw name="Create Dictionary" library="BuiltIn">
<var>${headers}</var>
<arg>X-Token=01032007</arg>
<arg>X-Cnpj=11272927000105</arg>
<arg>content-type=application/json</arg>
<doc>Creates and returns a dictionary based on the given ``items``.</doc>
<msg timestamp="20220914 10:50:06.715" level="INFO">${headers} = {'X-Token': '01032007', 'X-Cnpj': '11272927000105', 'content-type': 'application/json'}</msg>
<status status="PASS" starttime="20220914 10:50:06.715" endtime="20220914 10:50:06.715"/>
</kw>
<kw name="POST" library="RequestsLibrary">
<var>${response}</var>
<arg>${API_USERS}/atualizarDadosNotaFiscal</arg>
<arg>json=${payload}</arg>
<arg>expected_status=any</arg>
<arg>data={"objetos":[{"knwC100":{"VL_TOTAL_MERCAD":0,"VL_DESCONTO":0,"VL_FRETE":0,"VL_SEGURO":0,"VL_OUTRAS_DESP":0,"VL_IPI":0,"VL_ICMS_SUBSTIT":0,"VL_TOT_N_FISCAL":0,"NR_INSC_EST_SUB":"string","DM_TIPO_FATURA":"string","DS_OBSERVACAO":"string","COD_EMPRESA":0,"COD_FILIAL":0,"CD_MODELO_DOC":"string","CD_PESSOA_REMET_DEST":"string","DM_MODAL_FRETE":"string","CD_SIT_DOCUMENTO":"string","NR_CHAVE_ELETR":"string","VL_ABAT_N_TRIB":0,"NR_REFERENCIA":"string","DS_ADE":"string","COD_MUN_ORIG":"string","COD_MUN_DES":"string","NR_CNPJ_CPF_VENDA_CONS":"string","DS_NATUREZA":"string","DM_EMITENTE":"string","DM_ENTRADA_SAIDA":"string","SERIE_SUBSERIE":"string","NR_DOCUMENTO":"string","DT_EMISSAO_DOC":"2022-06-14T17:08:27.046Z","DT_ENTRADA":"2022-06-14T17:08:27.046Z","DS_UF_DEST_EMIT":"string","DS_RESSARCIMENTO":"string","ID_USUARIO_IMP":"string","VL_SERV_NT":0,"VL_BC_IRRF":0,"VL_IRRF":0,"VL_BC_PREV":0,"VL_PREV":0,"CD_MUN_SERV_PREST":"string","VL_MATERIAL_TERC":0,"VL_SUB_EMPR":0,"DM_FINALIDADE":"string","DM_DESTINATARIO":"string","chave_REGISTRO":"string"},"knw0500Geral":{"COD_EMPRESA":0,"COD_FILIAL":0,"CD_PLANO_CONTA":"string","DT_INICIAL":"2022-06-14T17:08:27.047Z","DM_TIPO_CONTA":"string","CD_PLAN_CTA_TOT":"string","DS_PLANO_CONTA":"string","DM_NATUREZA":"string","DM_NIVEL":"string","DT_IMPORTACAO":"2022-06-14T17:08:27.047Z","DM_GERAL_AUX":"string","ID_ORDEM":0,"CD_REDUZIDA":"string","ID_USUARIO_IMP":"string","chave_REGISTRO":"string"},"notaFiscalObservacaoLancamentoFiscalList":[{"knwC195":{"COD_EMPRESA":0,"COD_FILIAL":0,"DM_EMITENTE":"string","DM_ENTRADA_SAIDA":"string","SERIE_SUBSERIE":"string","NR_DOCUMENTO":"string","DT_EMISSAO_DOC":"2022-06-14T17:08:27.047Z","ID_USUARIO_IMP":"string","chave_REGISTRO":"string","NR_ITEM":0,"CD_PESSOA_REM_DEST":"string","CD_0460":"string","DS_COMPLEMENTAR":"string"},"knw0460":{"ID":"string","COD_EMPRESA":0,"COD_FILIAL":0,"DT_INICIAL":"2022-06-14T17:08:27.047Z","DT_IMPORTACAO":"2022-06-14T17:08:27.047Z","ID_USUARIO_IMP":"string","chave_REGISTRO":"string","CD_OBS":"string","DS_OBS":"string","COD_GRUPOEMPRESA":"string","DT_MOVIMENTO":"2022-06-14T17:08:27.047Z"},"integracaoNotaFiscalAjusteList":[{"knw0190":{"COD_EMPRESA":0,"COD_FILIAL":0,"DT_INICIAL":"2022-06-14T17:08:27.047Z","DT_IMPORTACAO":"2022-06-14T17:08:27.047Z","ID_USUARIO_IMP":"string","chave_REGISTRO":"string","DS_DESCRICAO":"string","DS_UNIDADE":"string"},"knw0200":{"COD_EMPRESA":0,"COD_FILIAL":0,"CD_PLANO_CONTA":"string","DT_INICIAL":"2022-06-14T17:08:27.047Z","DT_IMPORTACAO":"2022-06-14T17:08:27.047Z","ID_USUARIO_IMP":"string","chave_REGISTRO":"string","CD_PRODUTO_SERV":"string","DS_PRODUTO_SERV":"string","UNIDADE":"string","CD_SIT_TRIBUTAR_ICMS":"string","ALIQ_ICMS":0,"PERC_RED_BA_ICMS":0,"DM_PRODUTO_VENDA":"string","CD_LST":"string","CD_NCM":"string","CD_GENERO":"string","DM_TIPO_ITEM":"string","CD_331_EX_IPI":"string","CD_BARRA":"string","NR_CEST":"string","DM_ORIGEM_PRODUTO":"string","CD_CENTRO_CUSTO":"string","CD_SIT_TRIB_IPI":"string","CD_SIT_TRIB_PIS":"string","CD_SIT_TRIB_COFINS":"string","CD_NAT_OPERACAO":"string","ALIQ_PIS":0,"ALIQ_COFINS":0},"knwC197":{"COD_EMPRESA":0,"COD_FILIAL":0,"DM_EMITENTE":"string","DM_ENTRADA_SAIDA":"string","SERIE_SUBSERIE":"string","NR_DOCUMENTO":"string","DT_EMISSAO_DOC":"2022-06-14T17:08:27.047Z","ID_USUARIO_IMP":"string","chave_REGISTRO":"string","NR_ITEM":0,"CD_PESSOA_REM_DEST":"string","DS_COMPLEMENTAR":"string","CD_REF_53":"string","CD_PROD_SERV":"string","VL_BC_ICMS":0,"VL_ICMS":0,"VL_ICMS_OUTRAS":0,"ALIQ_ICMS":0}}]}]}]}</arg>
<arg>headers=${ headers }</arg>
<doc>Sends a POST request.</doc>
<msg timestamp="20220914 10:50:08.607" level="INFO">POST Request : url=http://www.hom.sped.cloudfiscal.com/SPED_WEB/api/knw/v2/atualizarDadosNotaFiscal 
 path_url=/SPED_WEB/api/knw/v2/atualizarDadosNotaFiscal 
 headers={'User-Agent': 'python-requests/2.27.1', 'Accept-Encoding': 'gzip, deflate', 'Accept': '*/*', 'Connection': 'keep-alive', 'X-Token': '01032007', 'X-Cnpj': '11272927000105', 'content-type': 'application/json', 'Content-Length': '3502'} 
 body={"objetos":[{"knwC100":{"VL_TOTAL_MERCAD":0,"VL_DESCONTO":0,"VL_FRETE":0,"VL_SEGURO":0,"VL_OUTRAS_DESP":0,"VL_IPI":0,"VL_ICMS_SUBSTIT":0,"VL_TOT_N_FISCAL":0,"NR_INSC_EST_SUB":"string","DM_TIPO_FATURA":"string","DS_OBSERVACAO":"string","COD_EMPRESA":0,"COD_FILIAL":0,"CD_MODELO_DOC":"string","CD_PESSOA_REMET_DEST":"string","DM_MODAL_FRETE":"string","CD_SIT_DOCUMENTO":"string","NR_CHAVE_ELETR":"string","VL_ABAT_N_TRIB":0,"NR_REFERENCIA":"string","DS_ADE":"string","COD_MUN_ORIG":"string","COD_MUN_DES":"string","NR_CNPJ_CPF_VENDA_CONS":"string","DS_NATUREZA":"string","DM_EMITENTE":"string","DM_ENTRADA_SAIDA":"string","SERIE_SUBSERIE":"string","NR_DOCUMENTO":"string","DT_EMISSAO_DOC":"2022-06-14T17:08:27.046Z","DT_ENTRADA":"2022-06-14T17:08:27.046Z","DS_UF_DEST_EMIT":"string","DS_RESSARCIMENTO":"string","ID_USUARIO_IMP":"string","VL_SERV_NT":0,"VL_BC_IRRF":0,"VL_IRRF":0,"VL_BC_PREV":0,"VL_PREV":0,"CD_MUN_SERV_PREST":"string","VL_MATERIAL_TERC":0,"VL_SUB_EMPR":0,"DM_FINALIDADE":"string","DM_DESTINATARIO":"string","chave_REGISTRO":"string"},"knw0500Geral":{"COD_EMPRESA":0,"COD_FILIAL":0,"CD_PLANO_CONTA":"string","DT_INICIAL":"2022-06-14T17:08:27.047Z","DM_TIPO_CONTA":"string","CD_PLAN_CTA_TOT":"string","DS_PLANO_CONTA":"string","DM_NATUREZA":"string","DM_NIVEL":"string","DT_IMPORTACAO":"2022-06-14T17:08:27.047Z","DM_GERAL_AUX":"string","ID_ORDEM":0,"CD_REDUZIDA":"string","ID_USUARIO_IMP":"string","chave_REGISTRO":"string"},"notaFiscalObservacaoLancamentoFiscalList":[{"knwC195":{"COD_EMPRESA":0,"COD_FILIAL":0,"DM_EMITENTE":"string","DM_ENTRADA_SAIDA":"string","SERIE_SUBSERIE":"string","NR_DOCUMENTO":"string","DT_EMISSAO_DOC":"2022-06-14T17:08:27.047Z","ID_USUARIO_IMP":"string","chave_REGISTRO":"string","NR_ITEM":0,"CD_PESSOA_REM_DEST":"string","CD_0460":"string","DS_COMPLEMENTAR":"string"},"knw0460":{"ID":"string","COD_EMPRESA":0,"COD_FILIAL":0,"DT_INICIAL":"2022-06-14T17:08:27.047Z","DT_IMPORTACAO":"2022-06-14T17:08:27.047Z","ID_USUARIO_IMP":"string","chave_REGISTRO":"string","CD_OBS":"string","DS_OBS":"string","COD_GRUPOEMPRESA":"string","DT_MOVIMENTO":"2022-06-14T17:08:27.047Z"},"integracaoNotaFiscalAjusteList":[{"knw0190":{"COD_EMPRESA":0,"COD_FILIAL":0,"DT_INICIAL":"2022-06-14T17:08:27.047Z","DT_IMPORTACAO":"2022-06-14T17:08:27.047Z","ID_USUARIO_IMP":"string","chave_REGISTRO":"string","DS_DESCRICAO":"string","DS_UNIDADE":"string"},"knw0200":{"COD_EMPRESA":0,"COD_FILIAL":0,"CD_PLANO_CONTA":"string","DT_INICIAL":"2022-06-14T17:08:27.047Z","DT_IMPORTACAO":"2022-06-14T17:08:27.047Z","ID_USUARIO_IMP":"string","chave_REGISTRO":"string","CD_PRODUTO_SERV":"string","DS_PRODUTO_SERV":"string","UNIDADE":"string","CD_SIT_TRIBUTAR_ICMS":"string","ALIQ_ICMS":0,"PERC_RED_BA_ICMS":0,"DM_PRODUTO_VENDA":"string","CD_LST":"string","CD_NCM":"string","CD_GENERO":"string","DM_TIPO_ITEM":"string","CD_331_EX_IPI":"string","CD_BARRA":"string","NR_CEST":"string","DM_ORIGEM_PRODUTO":"string","CD_CENTRO_CUSTO":"string","CD_SIT_TRIB_IPI":"string","CD_SIT_TRIB_PIS":"string","CD_SIT_TRIB_COFINS":"string","CD_NAT_OPERACAO":"string","ALIQ_PIS":0,"ALIQ_COFINS":0},"knwC197":{"COD_EMPRESA":0,"COD_FILIAL":0,"DM_EMITENTE":"string","DM_ENTRADA_SAIDA":"string","SERIE_SUBSERIE":"string","NR_DOCUMENTO":"string","DT_EMISSAO_DOC":"2022-06-14T17:08:27.047Z","ID_USUARIO_IMP":"string","chave_REGISTRO":"string","NR_ITEM":0,"CD_PESSOA_REM_DEST":"string","DS_COMPLEMENTAR":"string","CD_REF_53":"string","CD_PROD_SERV":"string","VL_BC_ICMS":0,"VL_ICMS":0,"VL_ICMS_OUTRAS":0,"ALIQ_ICMS":0}}]}]}]} 
 </msg>
<msg timestamp="20220914 10:50:08.608" level="INFO">POST Response : url=http://www.hom.sped.cloudfiscal.com/SPED_WEB/api/knw/v2/atualizarDadosNotaFiscal 
 status=200, reason=OK 
 headers={'Date': 'Wed, 14 Sep 2022 13:50:08 GMT', 'Content-Type': 'application/json', 'Transfer-Encoding': 'chunked', 'Connection': 'keep-alive', 'Set-Cookie': 'AWSALB=pcU6cxBlIZ66RkqfX5r/A5hx6V+q2SmJcTC4GI3AvKf6/qNJ8tuLWhZh5T2GzXfF79yUNfOaoJFB3gZANnKRTH2X3YrSfalGYq6sDTj5SZuQv/WLsbbUKwG78GZR; Expires=Wed, 21 Sep 2022 13:50:08 GMT; Path=/, AWSALBCORS=pcU6cxBlIZ66RkqfX5r/A5hx6V+q2SmJcTC4GI3AvKf6/qNJ8tuLWhZh5T2GzXfF79yUNfOaoJFB3gZANnKRTH2X3YrSfalGYq6sDTj5SZuQv/WLsbbUKwG78GZR; Expires=Wed, 21 Sep 2022 13:50:08 GMT; Path=/; SameSite=None', 'Server': 'Apache-Coyote/1.1', 'Access-Control-Allow-Origin': '*', 'Access-Control-Allow-Headers': 'Access-Control-Allow-Origin, Access-Control-Allow-Headers, Access-Control-Request-Method, Access-Control-Request-Headers, origin, accept, authorization, X-Requested-With, content-type, x-fit-auth-token, x-fit-refresh-token, X-Usuario, X-Senha, X-Licenca', 'Access-Control-Allow-Methods': 'GET, OPTIONS, HEAD, PUT, POST', 'Access-Control-Request-Method': '*', 'X-Frame-Options': 'DENY'} 
 body={"sucesso":false,"erro":"Integração processada com erros.","mensagens":["1 - DT_PERIODO: 14/06/2022, NR_CHAVE_ELETR: string: IntegracaoAtualizarNotaFiscal.knw0500Geral.DM_GERAL_AUX: Valor invalido: string. Valores permitidos: G, A","2 - DT_PERIODO: 14/06/2022, NR_CHAVE_ELETR: string: IntegracaoAtualizarNotaFiscal.knwC100.CD_SIT_DOCUMENTO: Valor invalido: string. Valores permitidos: 00, 01, 02, 03, 04, 05, 06, 07, 08","3 - DT_PERIODO: 14/06/2022, NR_CHAVE_ELETR: string: IntegracaoAtualizarNotaFiscal.knwC100.DM_MODAL_FRETE: Valor invalido: string. Valores permitidos: 0, 1, 2, 3, 4, 9","4 - DT_PERIODO: 14/06/2022, NR_CHAVE_ELETR: string: IntegracaoAtualizarNotaFiscal.notaFiscalObservacaoLancamentoFiscalList[0].integracaoNotaFiscalAjusteList[0].knwC197.SERIE_SUBSERIE: size must be between 1 and 5","5 - DT_PERIODO: 14/06/2022, NR_CHAVE_ELETR: string: IntegracaoAtualizarNotaFiscal.notaFiscalObservacaoLancamentoFiscalList[0].integracaoNotaFiscalAjusteList[0].knw0200.CD_NAT_OPERACAO: size must be between 1 and 3","6 - DT_PERIODO: 14/06/2022, NR_CHAVE_ELETR: string: IntegracaoAtualizarNotaFiscal.notaFiscalObservacaoLancamentoFiscalList[0].integracaoNotaFiscalAjusteList[0].knw0200.CD_LST: size must be between 0 and 5","7 - DT_PERIODO: 14/06/2022, NR_CHAVE_ELETR: string: IntegracaoAtualizarNotaFiscal.notaFiscalObservacaoLancamentoFiscalList[0].integracaoNotaFiscalAjusteList[0].knwC197.NR_ITEM: must be greater than or equal to 1","8 - DT_PERIODO: 14/06/2022, NR_CHAVE_ELETR: string: IntegracaoAtualizarNotaFiscal.notaFiscalObservacaoLancamentoFiscalList[0].integracaoNotaFiscalAjusteList[0].knwC197.DM_EMITENTE: Valor invalido: string. Valores permitidos: 0, 1","9 - DT_PERIODO: 14/06/2022, NR_CHAVE_ELETR: string: IntegracaoAtualizarNotaFiscal.notaFiscalObservacaoLancamentoFiscalList[0].integracaoNotaFiscalAjusteList[0].knw0200.CD_SIT_TRIBUTAR_ICMS: size must be between 1 and 3","10 - DT_PERIODO: 14/06/2022, NR_CHAVE_ELETR: string: IntegracaoAtualizarNotaFiscal.knw0500Geral.DM_TIPO_CONTA: Valor invalido: string. Valores permitidos: A, S","11 - DT_PERIODO: 14/06/2022, NR_CHAVE_ELETR: string: IntegracaoAtualizarNotaFiscal.knwC100.DM_ENTRADA_SAIDA: size must be between 1 and 1","12 - DT_PERIODO: 14/06/2022, NR_CHAVE_ELETR: string: IntegracaoAtualizarNotaFiscal.knwC100.DM_DESTINATARIO: Valor invalido: string. Valores permitidos: 1, 2, 9","13 - DT_PERIODO: 14/06/2022, NR_CHAVE_ELETR: string: IntegracaoAtualizarNotaFiscal.notaFiscalObservacaoLancamentoFiscalList[0].knwC195.NR_ITEM: must be greater than or equal to 1","14 - DT_PERIODO: 14/06/2022, NR_CHAVE_ELETR: string: IntegracaoAtualizarNotaFiscal.notaFiscalObservacaoLancamentoFiscalList[0].integracaoNotaFiscalAjusteList[0].knw0200.CD_SIT_TRIB_PIS: size must be between 1 and 2","15 - DT_PERIODO: 14/06/2022, NR_CHAVE_ELETR: string: IntegracaoAtualizarNotaFiscal.knwC100.DM_FINALIDADE: Valor invalido: string. Valores permitidos: 1, 2, 3","16 - DT_PERIODO: 14/06/2022, NR_CHAVE_ELETR: string: IntegracaoAtualizarNotaFiscal.notaFiscalObservacaoLancamentoFiscalList[0].integracaoNotaFiscalAjusteList[0].knw0200.CD_331_EX_IPI: size must be between 1 and 3","17 - DT_PERIODO: 14/06/2022, NR_CHAVE_ELETR: string: IntegracaoAtualizarNotaFiscal.knwC100.CD_MODELO_DOC: size must be between 2 and 2","18 - DT_PERIODO: 14/06/2022, NR_CHAVE_ELETR: string: IntegracaoAtualizarNotaFiscal.notaFiscalObservacaoLancamentoFiscalList[0].integracaoNotaFiscalAjusteList[0].knw0200.DM_ORIGEM_PRODUTO: size must be between 1 and 1","19 - DT_PERIODO: 14/06/2022, NR_CHAVE_ELETR: string: IntegracaoAtualizarNotaFiscal.knwC100.CD_MUN_SERV_PREST: size must be between 7 and 7","20 - DT_PERIODO: 14/06/2022, NR_CHAVE_ELETR: string: IntegracaoAtualizarNotaFiscal.knw0500Geral.DM_NATUREZA: Valor invalido: string. Valores permitidos: 1, 2, 3, 4, 5, 9","21 - DT_PERIODO: 14/06/2022, NR_CHAVE_ELETR: string: IntegracaoAtualizarNotaFiscal.knw0500Geral.DM_NIVEL: size must be between 1 and 2","22 - DT_PERIODO: 14/06/2022, NR_CHAVE_ELETR: string: IntegracaoAtualizarNotaFiscal.notaFiscalObservacaoLancamentoFiscalList[0].integracaoNotaFiscalAjusteList[0].knw0200.DM_TIPO_ITEM: Valor invalido: string. Valores permitidos: 00, 01, 02, 03, 04, 05, 06, 07, 08, 09, 10, 99, XX","23 - DT_PERIODO: 14/06/2022, NR_CHAVE_ELETR: string: IntegracaoAtualizarNotaFiscal.notaFiscalObservacaoLancamentoFiscalList[0].integracaoNotaFiscalAjusteList[0].knw0200.CD_GENERO: size must be between 1 and 2","24 - DT_PERIODO: 14/06/2022, NR_CHAVE_ELETR: string: IntegracaoAtualizarNotaFiscal.knwC100.DS_UF_DEST_EMIT: size must be between 0 and 2","25 - DT_PERIODO: 14/06/2022, NR_CHAVE_ELETR: string: IntegracaoAtualizarNotaFiscal.notaFiscalObservacaoLancamentoFiscalList[0].integracaoNotaFiscalAjusteList[0].knw0200.CD_SIT_TRIB_IPI: size must be between 1 and 2","26 - DT_PERIODO: 14/06/2022, NR_CHAVE_ELETR: string: IntegracaoAtualizarNotaFiscal.notaFiscalObservacaoLancamentoFiscalList[0].integracaoNotaFiscalAjusteList[0].knwC197.DM_ENTRADA_SAIDA: Valor invalido: string. Valores permitidos: E, S","27 - DT_PERIODO: 14/06/2022, NR_CHAVE_ELETR: string: IntegracaoAtualizarNotaFiscal.knwC100.NR_CHAVE_ELETR: size must be between 44 and 44","28 - DT_PERIODO: 14/06/2022, NR_CHAVE_ELETR: string: IntegracaoAtualizarNotaFiscal.knwC100.DM_TIPO_FATURA: Valor invalido: string. Valores permitidos: 0, 1, 2, 9","29 - DT_PERIODO: 14/06/2022, NR_CHAVE_ELETR: string: IntegracaoAtualizarNotaFiscal.knwC100.DM_EMITENTE: Valor invalido: string. Valores permitidos: 0, 1","30 - DT_PERIODO: 14/06/2022, NR_CHAVE_ELETR: string: IntegracaoAtualizarNotaFiscal.notaFiscalObservacaoLancamentoFiscalList[0].knwC195.DM_ENTRADA_SAIDA: Valor invalido: string. Valores permitidos: E, S","31 - DT_PERIODO: 14/06/2022, NR_CHAVE_ELETR: string: IntegracaoAtualizarNotaFiscal.notaFiscalObservacaoLancamentoFiscalList[0].knwC195.DM_EMITENTE: Valor invalido: string. Valores permitidos: 0, 1","32 - DT_PERIODO: 14/06/2022, NR_CHAVE_ELETR: string: IntegracaoAtualizarNotaFiscal.knwC100.DM_ENTRADA_SAIDA: Valor invalido: string. Valores permitidos: E, S","33 - DT_PERIODO: 14/06/2022, NR_CHAVE_ELETR: string: IntegracaoAtualizarNotaFiscal.knwC100.SERIE_SUBSERIE: size must be between 0 and 5","34 - DT_PERIODO: 14/06/2022, NR_CHAVE_ELETR: string: IntegracaoAtualizarNotaFiscal.notaFiscalObservacaoLancamentoFiscalList[0].integracaoNotaFiscalAjusteList[0].knw0200.DM_PRODUTO_VENDA: size must be between 1 and 1","35 - DT_PERIODO: 14/06/2022, NR_CHAVE_ELETR: string: IntegracaoAtualizarNotaFiscal.notaFiscalObservacaoLancamentoFiscalList[0].integracaoNotaFiscalAjusteList[0].knw0200.CD_SIT_TRIB_COFINS: size must be between 1 and 2","36 - DT_PERIODO: 14/06/2022, NR_CHAVE_ELETR: string: IntegracaoAtualizarNotaFiscal.knwC100.DS_RESSARCIMENTO: size must be between 0 and 1","37 - DT_PERIODO: 14/06/2022, NR_CHAVE_ELETR: string: IntegracaoAtualizarNotaFiscal.notaFiscalObservacaoLancamentoFiscalList[0].knwC195.SERIE_SUBSERIE: size must be between 1 and 5"],"payload":null} 
 </msg>
<msg timestamp="20220914 10:50:08.608" level="INFO">${response} = &lt;Response [200]&gt;</msg>
<status status="PASS" starttime="20220914 10:50:06.715" endtime="20220914 10:50:08.608"/>
</kw>
<msg timestamp="20220914 10:50:08.608" level="INFO">${response} = &lt;Response [200]&gt;</msg>
<status status="PASS" starttime="20220914 10:50:06.714" endtime="20220914 10:50:08.608"/>
</kw>
<kw name="Status Should Be" library="RequestsLibrary">
<arg>200</arg>
<arg>${response}</arg>
<doc>Fails if response status code is different than the expected.</doc>
<status status="PASS" starttime="20220914 10:50:08.609" endtime="20220914 10:50:08.609"/>
</kw>
<status status="PASS" starttime="20220914 10:50:06.713" endtime="20220914 10:50:08.610"/>
</test>
<doc>Suite de testes atualização das NFs</doc>
<status status="PASS" starttime="20220914 10:50:06.686" endtime="20220914 10:50:08.610"/>
</suite>
<suite id="s1-s3" name="Consultar Empresas" source="C:\Sovos\cloud_fiscal\api_knw\features\Consultar_Empresas.robot">
<test id="s1-s3-t1" name="Consultar Empresas" line="7">
<kw name="Create Dictionary" library="BuiltIn">
<var>${payload}</var>
<doc>Creates and returns a dictionary based on the given ``items``.</doc>
<msg timestamp="20220914 10:50:08.640" level="INFO">${payload} = {}</msg>
<status status="PASS" starttime="20220914 10:50:08.640" endtime="20220914 10:50:08.640"/>
</kw>
<kw name="GET Empresas" library="Empresas_Route">
<var>${response}</var>
<arg>json=${payload}</arg>
<kw name="Create Dictionary" library="BuiltIn">
<var>${headers}</var>
<arg>X-Token=01032007</arg>
<arg>X-Cnpj=11272927000105</arg>
<doc>Creates and returns a dictionary based on the given ``items``.</doc>
<msg timestamp="20220914 10:50:08.642" level="INFO">${headers} = {'X-Token': '01032007', 'X-Cnpj': '11272927000105'}</msg>
<status status="PASS" starttime="20220914 10:50:08.642" endtime="20220914 10:50:08.642"/>
</kw>
<kw name="GET" library="RequestsLibrary">
<var>${response}</var>
<arg>${API_USERS}/dadosEmpresas</arg>
<arg>headers=${headers}</arg>
<arg>expected_status=any</arg>
<doc>Sends a GET request.</doc>
<msg timestamp="20220914 10:50:11.254" level="INFO">GET Request : url=http://www.hom.sped.cloudfiscal.com/SPED_WEB/api/knw/v2/dadosEmpresas 
 path_url=/SPED_WEB/api/knw/v2/dadosEmpresas 
 headers={'User-Agent': 'python-requests/2.27.1', 'Accept-Encoding': 'gzip, deflate', 'Accept': '*/*', 'Connection': 'keep-alive', 'X-Token': '01032007', 'X-Cnpj': '11272927000105'} 
 body=None 
 </msg>
<msg timestamp="20220914 10:50:11.254" level="INFO">GET Response : url=http://www.hom.sped.cloudfiscal.com/SPED_WEB/api/knw/v2/dadosEmpresas 
 status=200, reason=OK 
 headers={'Date': 'Wed, 14 Sep 2022 13:50:08 GMT', 'Content-Type': 'application/json', 'Transfer-Encoding': 'chunked', 'Connection': 'keep-alive', 'Set-Cookie': 'AWSALB=9z+2lV4yKKWvLe3qXLVxZMmg7NLJ+g5tA1ZDmzxfiJG2c7HAbr7ClXWyo+abryc/QvsUhkU5ySyxP/Od6rhU1I6FpaRnxRAh2Yvi+r0NFtjQ/UeYVtCzLlGUDO2s; Expires=Wed, 21 Sep 2022 13:50:08 GMT; Path=/, AWSALBCORS=9z+2lV4yKKWvLe3qXLVxZMmg7NLJ+g5tA1ZDmzxfiJG2c7HAbr7ClXWyo+abryc/QvsUhkU5ySyxP/Od6rhU1I6FpaRnxRAh2Yvi+r0NFtjQ/UeYVtCzLlGUDO2s; Expires=Wed, 21 Sep 2022 13:50:08 GMT; Path=/; SameSite=None', 'Server': 'Apache-Coyote/1.1', 'Access-Control-Allow-Origin': '*', 'Access-Control-Allow-Headers': 'Access-Control-Allow-Origin, Access-Control-Allow-Headers, Access-Control-Request-Method, Access-Control-Request-Headers, origin, accept, authorization, X-Requested-With, content-type, x-fit-auth-token, x-fit-refresh-token, X-Usuario, X-Senha, X-Licenca', 'Access-Control-Allow-Methods': 'GET, OPTIONS, HEAD, PUT, POST', 'Access-Control-Request-Method': '*', 'X-Frame-Options': 'DENY'} 
 body={"sucesso":true,"erro":null,"mensagens":null,"payload":{"empresas":[{"licenca":"0995","cnpj":"11272927000105","cdEmpresa":1,"cdUnidade":1,"usuarioWS":"0995","senhaWS":"01032007"}]}} 
 </msg>
<msg timestamp="20220914 10:50:11.255" level="INFO">${response} = &lt;Response [200]&gt;</msg>
<status status="PASS" starttime="20220914 10:50:08.642" endtime="20220914 10:50:11.255"/>
</kw>
<msg timestamp="20220914 10:50:11.255" level="INFO">${response} = &lt;Response [200]&gt;</msg>
<status status="PASS" starttime="20220914 10:50:08.641" endtime="20220914 10:50:11.255"/>
</kw>
<kw name="Status Should Be" library="RequestsLibrary">
<arg>200</arg>
<arg>${response}</arg>
<doc>Fails if response status code is different than the expected.</doc>
<status status="PASS" starttime="20220914 10:50:11.255" endtime="20220914 10:50:11.256"/>
</kw>
<kw name="Should Be Equal" library="BuiltIn">
<arg>${response.json()}[sucesso]</arg>
<arg>${true}</arg>
<doc>Fails if the given objects are unequal.</doc>
<status status="PASS" starttime="20220914 10:50:11.256" endtime="20220914 10:50:11.257"/>
</kw>
<kw name="Should Be Equal" library="BuiltIn">
<arg>${response.json()}[erro]</arg>
<arg>${null}</arg>
<doc>Fails if the given objects are unequal.</doc>
<status status="PASS" starttime="20220914 10:50:11.257" endtime="20220914 10:50:11.258"/>
</kw>
<status status="PASS" starttime="20220914 10:50:08.639" endtime="20220914 10:50:11.258"/>
</test>
<doc>Consulta de dados da Empresa</doc>
<status status="PASS" starttime="20220914 10:50:08.612" endtime="20220914 10:50:11.259"/>
</suite>
<suite id="s1-s4" name="Controle Creditos Suite" source="C:\Sovos\cloud_fiscal\api_knw\features\Controle_Creditos_Suite.robot">
<test id="s1-s4-t1" name="Atualizar NF C100" line="10">
<kw name="Create Dictionary" library="BuiltIn">
<var>${payload}</var>
<arg>Content-Type=application/json</arg>
<doc>Creates and returns a dictionary based on the given ``items``.</doc>
<msg timestamp="20220914 10:50:11.287" level="INFO">${payload} = {'Content-Type': 'application/json'}</msg>
<status status="PASS" starttime="20220914 10:50:11.287" endtime="20220914 10:50:11.288"/>
</kw>
<kw name="POST Controle Creditos" library="Controle_Creditos">
<var>${response}</var>
<arg>${payload}</arg>
<kw name="Create Dictionary" library="BuiltIn">
<var>${headers}</var>
<arg>X-Token=01032007</arg>
<arg>X-Cnpj=11272927000105</arg>
<arg>content-type=application/json</arg>
<doc>Creates and returns a dictionary based on the given ``items``.</doc>
<msg timestamp="20220914 10:50:11.288" level="INFO">${headers} = {'X-Token': '01032007', 'X-Cnpj': '11272927000105', 'content-type': 'application/json'}</msg>
<status status="PASS" starttime="20220914 10:50:11.288" endtime="20220914 10:50:11.288"/>
</kw>
<kw name="POST" library="RequestsLibrary">
<var>${response}</var>
<arg>${API_USERS}/controleCreditos</arg>
<arg>json=${payload}</arg>
<arg>expected_status=any</arg>
<arg>data={"objetos":[{"knw1200":{"COD_EMPRESA":0,"COD_FILIAL":0,"ID_USUARIO_IMP":"string","DT_IMPORTACAO":"2022-03-23T14:58:41.539Z","COD_GRUPOEMPRESA":"string","DT_PERIODO":"2022-03-23T14:58:41.539Z","CD_REF_511":"string","VL_SALDO_CRED":0,"VL_CRED_APROP":0,"VL_CRED_RECEB":0,"VL_SALDO_TRANSP":0,"VL_CRED_UTIL":0,"ID":"string"},"knw1210List":[{"NR_DOCUMENTO":"string","COD_EMPRESA":0,"COD_FILIAL":0,"ID_USUARIO_IMP":"string","DT_IMPORTACAO":"2022-03-23T14:58:41.539Z","CD_REF_55":"string","NR_ITEM":"string","COD_GRUPOEMPRESA":"string","NR_CHAVE_ACESSO":"string","DT_PERIODO":"2022-03-23T14:58:41.539Z","CD_REF_511":"string","VL_CRED_UTIL":0,"ID":"string"}]}]}</arg>
<arg>headers=${ headers }</arg>
<doc>Sends a POST request.</doc>
<msg timestamp="20220914 10:50:12.776" level="INFO">POST Request : url=http://www.hom.sped.cloudfiscal.com/SPED_WEB/api/knw/v2/controleCreditos 
 path_url=/SPED_WEB/api/knw/v2/controleCreditos 
 headers={'User-Agent': 'python-requests/2.27.1', 'Accept-Encoding': 'gzip, deflate', 'Accept': '*/*', 'Connection': 'keep-alive', 'X-Token': '01032007', 'X-Cnpj': '11272927000105', 'content-type': 'application/json', 'Content-Length': '652'} 
 body={"objetos":[{"knw1200":{"COD_EMPRESA":0,"COD_FILIAL":0,"ID_USUARIO_IMP":"string","DT_IMPORTACAO":"2022-03-23T14:58:41.539Z","COD_GRUPOEMPRESA":"string","DT_PERIODO":"2022-03-23T14:58:41.539Z","CD_REF_511":"string","VL_SALDO_CRED":0,"VL_CRED_APROP":0,"VL_CRED_RECEB":0,"VL_SALDO_TRANSP":0,"VL_CRED_UTIL":0,"ID":"string"},"knw1210List":[{"NR_DOCUMENTO":"string","COD_EMPRESA":0,"COD_FILIAL":0,"ID_USUARIO_IMP":"string","DT_IMPORTACAO":"2022-03-23T14:58:41.539Z","CD_REF_55":"string","NR_ITEM":"string","COD_GRUPOEMPRESA":"string","NR_CHAVE_ACESSO":"string","DT_PERIODO":"2022-03-23T14:58:41.539Z","CD_REF_511":"string","VL_CRED_UTIL":0,"ID":"string"}]}]} 
 </msg>
<msg timestamp="20220914 10:50:12.776" level="INFO">POST Response : url=http://www.hom.sped.cloudfiscal.com/SPED_WEB/api/knw/v2/controleCreditos 
 status=200, reason=OK 
 headers={'Date': 'Wed, 14 Sep 2022 13:50:12 GMT', 'Content-Type': 'application/json', 'Transfer-Encoding': 'chunked', 'Connection': 'keep-alive', 'Set-Cookie': 'AWSALB=3xxVsAJGje4UYGcBpfylTSl7zaai4/C0L5lBwthG+XIeefKS8HoO0Cj2xIUKHqQkG3M3NQtlMTVPRcZxdn14NjSgfaPFzj+Mhm8TisrD1nFK+pSatO3Fj6B6AEbV; Expires=Wed, 21 Sep 2022 13:50:12 GMT; Path=/, AWSALBCORS=3xxVsAJGje4UYGcBpfylTSl7zaai4/C0L5lBwthG+XIeefKS8HoO0Cj2xIUKHqQkG3M3NQtlMTVPRcZxdn14NjSgfaPFzj+Mhm8TisrD1nFK+pSatO3Fj6B6AEbV; Expires=Wed, 21 Sep 2022 13:50:12 GMT; Path=/; SameSite=None', 'Server': 'Apache-Coyote/1.1', 'Access-Control-Allow-Origin': '*', 'Access-Control-Allow-Headers': 'Access-Control-Allow-Origin, Access-Control-Allow-Headers, Access-Control-Request-Method, Access-Control-Request-Headers, origin, accept, authorization, X-Requested-With, content-type, x-fit-auth-token, x-fit-refresh-token, X-Usuario, X-Senha, X-Licenca', 'Access-Control-Allow-Methods': 'GET, OPTIONS, HEAD, PUT, POST', 'Access-Control-Request-Method': '*', 'X-Frame-Options': 'DENY'} 
 body={"sucesso":false,"erro":"Integração processada com erros.","mensagens":["1 - DT_PERIODO: 23/03/2022, CD_REF_511: string: Empresa não encontrada: CD_EMPRESA: 0, CD_FILIAL: 0"],"payload":null} 
 </msg>
<msg timestamp="20220914 10:50:12.777" level="INFO">${response} = &lt;Response [200]&gt;</msg>
<status status="PASS" starttime="20220914 10:50:11.288" endtime="20220914 10:50:12.777"/>
</kw>
<msg timestamp="20220914 10:50:12.777" level="INFO">${response} = &lt;Response [200]&gt;</msg>
<status status="PASS" starttime="20220914 10:50:11.288" endtime="20220914 10:50:12.777"/>
</kw>
<kw name="Status Should Be" library="RequestsLibrary">
<arg>200</arg>
<arg>${response}</arg>
<doc>Fails if response status code is different than the expected.</doc>
<status status="PASS" starttime="20220914 10:50:12.777" endtime="20220914 10:50:12.778"/>
</kw>
<status status="PASS" starttime="20220914 10:50:11.286" endtime="20220914 10:50:12.778"/>
</test>
<doc>Suite de testes Contorle de Creditos</doc>
<status status="PASS" starttime="20220914 10:50:11.261" endtime="20220914 10:50:12.779"/>
</suite>
<suite id="s1-s5" name="Doc Gerador Credito Suite" source="C:\Sovos\cloud_fiscal\api_knw\features\Doc_Gerador_Credito_Suite.robot">
<test id="s1-s5-t1" name="Gerador de Credito" line="10">
<kw name="Create Dictionary" library="BuiltIn">
<var>${payload}</var>
<arg>Content-Type=application/json</arg>
<doc>Creates and returns a dictionary based on the given ``items``.</doc>
<msg timestamp="20220914 10:50:12.807" level="INFO">${payload} = {'Content-Type': 'application/json'}</msg>
<status status="PASS" starttime="20220914 10:50:12.807" endtime="20220914 10:50:12.807"/>
</kw>
<kw name="POST Gerador Credito" library="Doc_Gerador_Credito">
<var>${response}</var>
<arg>${payload}</arg>
<kw name="Create Dictionary" library="BuiltIn">
<var>${headers}</var>
<arg>X-Token=01032007</arg>
<arg>X-Cnpj=11272927000105</arg>
<arg>content-type=application/json</arg>
<doc>Creates and returns a dictionary based on the given ``items``.</doc>
<msg timestamp="20220914 10:50:12.808" level="INFO">${headers} = {'X-Token': '01032007', 'X-Cnpj': '11272927000105', 'content-type': 'application/json'}</msg>
<status status="PASS" starttime="20220914 10:50:12.808" endtime="20220914 10:50:12.808"/>
</kw>
<kw name="POST" library="RequestsLibrary">
<var>${response}</var>
<arg>${API_USERS}/demaisDocGeradorCredito</arg>
<arg>json=${payload}</arg>
<arg>expected_status=any</arg>
<arg>data={"objetos":[{"knwScF100":{"COD_EMPRESA":0,"COD_FILIAL":0,"ID_USUARIO_IMP":"string","CD_PLANO_CONTA":"string","chave_REGISTRO":"string","DS_COMPLEMENTAR":"string","CD_PROD_SERV":"string","ALIQ_PIS":0,"ALIQ_COFINS":0,"DT_OPERACAO":"2022-03-22T14:55:38.905Z","CD_437":"string","DM_ORIGEM_CRED":"string","VL_OPERACAO":0,"CD_433":"string","VL_BC_PIS":0,"VL_PIS":0,"CD_434":"string","VL_BC_COFINS":0,"VL_COFINS":0,"CD_CCUSTO_DESP":"string","DM_OPERACAO":"string","CD_PESSOA":"string"}}]}</arg>
<arg>headers=${ headers }</arg>
<doc>Sends a POST request.</doc>
<msg timestamp="20220914 10:50:14.028" level="INFO">POST Request : url=http://www.hom.sped.cloudfiscal.com/SPED_WEB/api/knw/v2/demaisDocGeradorCredito 
 path_url=/SPED_WEB/api/knw/v2/demaisDocGeradorCredito 
 headers={'User-Agent': 'python-requests/2.27.1', 'Accept-Encoding': 'gzip, deflate', 'Accept': '*/*', 'Connection': 'keep-alive', 'X-Token': '01032007', 'X-Cnpj': '11272927000105', 'content-type': 'application/json', 'Content-Length': '481'} 
 body={"objetos":[{"knwScF100":{"COD_EMPRESA":0,"COD_FILIAL":0,"ID_USUARIO_IMP":"string","CD_PLANO_CONTA":"string","chave_REGISTRO":"string","DS_COMPLEMENTAR":"string","CD_PROD_SERV":"string","ALIQ_PIS":0,"ALIQ_COFINS":0,"DT_OPERACAO":"2022-03-22T14:55:38.905Z","CD_437":"string","DM_ORIGEM_CRED":"string","VL_OPERACAO":0,"CD_433":"string","VL_BC_PIS":0,"VL_PIS":0,"CD_434":"string","VL_BC_COFINS":0,"VL_COFINS":0,"CD_CCUSTO_DESP":"string","DM_OPERACAO":"string","CD_PESSOA":"string"}}]} 
 </msg>
<msg timestamp="20220914 10:50:14.028" level="INFO">POST Response : url=http://www.hom.sped.cloudfiscal.com/SPED_WEB/api/knw/v2/demaisDocGeradorCredito 
 status=200, reason=OK 
 headers={'Date': 'Wed, 14 Sep 2022 13:50:13 GMT', 'Content-Type': 'application/json', 'Transfer-Encoding': 'chunked', 'Connection': 'keep-alive', 'Set-Cookie': 'AWSALB=j27hzhl2xx4pdH0bXdwprHe5QFk5XLUV7dv5omU3afATjxVgS5syXfmlTSE9vhBb6UhlUJ9Hg5ptmEWcppeei/G+keheMdb36M+weVFPy+Kowf8XTZNdsyK9i7qb; Expires=Wed, 21 Sep 2022 13:50:13 GMT; Path=/, AWSALBCORS=j27hzhl2xx4pdH0bXdwprHe5QFk5XLUV7dv5omU3afATjxVgS5syXfmlTSE9vhBb6UhlUJ9Hg5ptmEWcppeei/G+keheMdb36M+weVFPy+Kowf8XTZNdsyK9i7qb; Expires=Wed, 21 Sep 2022 13:50:13 GMT; Path=/; SameSite=None', 'Server': 'Apache-Coyote/1.1', 'Access-Control-Allow-Origin': '*', 'Access-Control-Allow-Headers': 'Access-Control-Allow-Origin, Access-Control-Allow-Headers, Access-Control-Request-Method, Access-Control-Request-Headers, origin, accept, authorization, X-Requested-With, content-type, x-fit-auth-token, x-fit-refresh-token, X-Usuario, X-Senha, X-Licenca', 'Access-Control-Allow-Methods': 'GET, OPTIONS, HEAD, PUT, POST', 'Access-Control-Request-Method': '*', 'X-Frame-Options': 'DENY'} 
 body={"sucesso":false,"erro":"Integração processada com erros.","mensagens":["1 - Empresa não encontrada: 0 - 0"],"payload":null} 
 </msg>
<msg timestamp="20220914 10:50:14.029" level="INFO">${response} = &lt;Response [200]&gt;</msg>
<status status="PASS" starttime="20220914 10:50:12.808" endtime="20220914 10:50:14.029"/>
</kw>
<msg timestamp="20220914 10:50:14.029" level="INFO">${response} = &lt;Response [200]&gt;</msg>
<status status="PASS" starttime="20220914 10:50:12.808" endtime="20220914 10:50:14.029"/>
</kw>
<kw name="Status Should Be" library="RequestsLibrary">
<arg>200</arg>
<arg>${response}</arg>
<doc>Fails if response status code is different than the expected.</doc>
<status status="PASS" starttime="20220914 10:50:14.029" endtime="20220914 10:50:14.031"/>
</kw>
<status status="PASS" starttime="20220914 10:50:12.806" endtime="20220914 10:50:14.031"/>
</test>
<doc>Suite de testes Gerador de Credito</doc>
<status status="PASS" starttime="20220914 10:50:12.781" endtime="20220914 10:50:14.033"/>
</suite>
<suite id="s1-s6" name="Estoque Escriturado Suite" source="C:\Sovos\cloud_fiscal\api_knw\features\Estoque_Escriturado_Suite.robot">
<test id="s1-s6-t1" name="Atualizar NF C100" line="10">
<kw name="Create Dictionary" library="BuiltIn">
<var>${payload}</var>
<arg>Content-Type=application/json</arg>
<doc>Creates and returns a dictionary based on the given ``items``.</doc>
<msg timestamp="20220914 10:50:14.060" level="INFO">${payload} = {'Content-Type': 'application/json'}</msg>
<status status="PASS" starttime="20220914 10:50:14.060" endtime="20220914 10:50:14.060"/>
</kw>
<kw name="POST Estoque Escriturado" library="Estoque_Escriturado">
<var>${response}</var>
<arg>${payload}</arg>
<kw name="Create Dictionary" library="BuiltIn">
<var>${headers}</var>
<arg>X-Token=01032007</arg>
<arg>X-Cnpj=11272927000105</arg>
<arg>content-type=application/json</arg>
<doc>Creates and returns a dictionary based on the given ``items``.</doc>
<msg timestamp="20220914 10:50:14.061" level="INFO">${headers} = {'X-Token': '01032007', 'X-Cnpj': '11272927000105', 'content-type': 'application/json'}</msg>
<status status="PASS" starttime="20220914 10:50:14.061" endtime="20220914 10:50:14.061"/>
</kw>
<kw name="POST" library="RequestsLibrary">
<var>${response}</var>
<arg>${API_USERS}/estoqueEscriturado</arg>
<arg>json=${payload}</arg>
<arg>expected_status=any</arg>
<arg>data="{"objetos":[{"knwK200":{"COD_EMPRESA":0,"COD_FILIAL":0,"ID_USUARIO_IMP":"string","CD_PESSOA":"string","CD_PRODUTO_SERVICO":"string","QTDE":0,"DM_ESTOQUE":"string","DT_EST_FINAL":"2022-04-26T18:59:14.686Z"},"knw0150":{"COD_EMPRESA":0,"COD_FILIAL":0,"ID_USUARIO_IMP":"string","DT_INICIAL":"2022-04-26T18:59:14.686Z","DT_IMPORTACAO":"2022-04-26T18:59:14.686Z","chave_REGISTRO":"string","CD_PESSOA":"string","NM_RAZAO_SOCIAL":"string","DS_ENDERECO":"string","DS_BAIRRO":"string","NR_CEP":"string","NR_CNPJ_CPF":"string","NR_INSCR_EST":"string","NR_INSCR_MUNIC":"string","NR_CEI":"string","NR_INSCR_SUBST":"string","CD_SUFRAMA":"string","NR_NUMERO":"string","NR_CEP_CP":"string","DS_COMPLEMENTO":"string","NR_CP":"string","NR_FONE":"string","NR_FAX":"string","DM_RELACIONADO":"string","DT_INI_REL":"2022-04-26T18:59:14.686Z","DT_FIN_REL":"2022-04-26T18:59:14.686Z","NR_NIT":"string","CD_CNAE":"string","NR_CATEGORIA":"string","CD_MUNICIPIO":"string","CD_PAIS":"string","DS_EMAIL":"string","DM_NATUREZA_EMPRESA":"string","DM_REGIME_TRIBUTARIO":"string","NM_TP_LOGRADOURO":"string","NM_TITULO_LOGRADOURO":"string","DM_CONTRIBUINTE":"string"},"knw0190":{"COD_EMPRESA":0,"COD_FILIAL":0,"ID_USUARIO_IMP":"string","DT_INICIAL":"2022-04-26T18:59:14.686Z","DT_IMPORTACAO":"2022-04-26T18:59:14.686Z","chave_REGISTRO":"string","DS_UNIDADE":"string","DS_DESCRICAO":"string"},"knw0200":{"COD_EMPRESA":0,"COD_FILIAL":0,"ID_USUARIO_IMP":"string","CD_PLANO_CONTA":"string","DT_INICIAL":"2022-04-26T18:59:14.686Z","DT_IMPORTACAO":"2022-04-26T18:59:14.686Z","chave_REGISTRO":"string","CD_PRODUTO_SERV":"string","DS_PRODUTO_SERV":"string","UNIDADE":"string","CD_SIT_TRIBUTAR_ICMS":"string","ALIQ_ICMS":0,"PERC_RED_BA_ICMS":0,"DM_PRODUTO_VENDA":"string","CD_LST":"string","CD_NCM":"string","CD_GENERO":"string","DM_TIPO_ITEM":"string","CD_331_EX_IPI":"string","CD_BARRA":"string","NR_CEST":"string","DM_ORIGEM_PRODUTO":"string","CD_CENTRO_CUSTO":"string","CD_SIT_TRIB_IPI":"string","CD_SIT_TRIB_PIS":"string","CD_SIT_TRIB_COFINS":"string","CD_NAT_OPERACAO":"string","ALIQ_PIS":0,"ALIQ_COFINS":0},"integracaoSFUnidadeConversaoList":[{"knw0220":{"COD_EMPRESA":0,"COD_FILIAL":0,"ID_USUARIO_IMP":"string","chave_REGISTRO":"string","CD_PROD_SERV":"string","UN_CONVERTIDA":"string","VL_FATOR_CONV":0},"knw0190":{"COD_EMPRESA":0,"COD_FILIAL":0,"ID_USUARIO_IMP":"string","DT_INICIAL":"2022-04-26T18:59:14.686Z","DT_IMPORTACAO":"2022-04-26T18:59:14.686Z","chave_REGISTRO":"string","DS_UNIDADE":"string","DS_DESCRICAO":"string"}}]}]}"</arg>
<doc>Sends a POST request.</doc>
<msg timestamp="20220914 10:50:15.039" level="INFO">POST Request : url=http://www.hom.sped.cloudfiscal.com/SPED_WEB/api/knw/v2/estoqueEscriturado 
 path_url=/SPED_WEB/api/knw/v2/estoqueEscriturado 
 headers={'User-Agent': 'python-requests/2.27.1', 'Accept-Encoding': 'gzip, deflate', 'Accept': '*/*', 'Connection': 'keep-alive', 'Content-Length': '2501'} 
 body="{"objetos":[{"knwK200":{"COD_EMPRESA":0,"COD_FILIAL":0,"ID_USUARIO_IMP":"string","CD_PESSOA":"string","CD_PRODUTO_SERVICO":"string","QTDE":0,"DM_ESTOQUE":"string","DT_EST_FINAL":"2022-04-26T18:59:14.686Z"},"knw0150":{"COD_EMPRESA":0,"COD_FILIAL":0,"ID_USUARIO_IMP":"string","DT_INICIAL":"2022-04-26T18:59:14.686Z","DT_IMPORTACAO":"2022-04-26T18:59:14.686Z","chave_REGISTRO":"string","CD_PESSOA":"string","NM_RAZAO_SOCIAL":"string","DS_ENDERECO":"string","DS_BAIRRO":"string","NR_CEP":"string","NR_CNPJ_CPF":"string","NR_INSCR_EST":"string","NR_INSCR_MUNIC":"string","NR_CEI":"string","NR_INSCR_SUBST":"string","CD_SUFRAMA":"string","NR_NUMERO":"string","NR_CEP_CP":"string","DS_COMPLEMENTO":"string","NR_CP":"string","NR_FONE":"string","NR_FAX":"string","DM_RELACIONADO":"string","DT_INI_REL":"2022-04-26T18:59:14.686Z","DT_FIN_REL":"2022-04-26T18:59:14.686Z","NR_NIT":"string","CD_CNAE":"string","NR_CATEGORIA":"string","CD_MUNICIPIO":"string","CD_PAIS":"string","DS_EMAIL":"string","DM_NATUREZA_EMPRESA":"string","DM_REGIME_TRIBUTARIO":"string","NM_TP_LOGRADOURO":"string","NM_TITULO_LOGRADOURO":"string","DM_CONTRIBUINTE":"string"},"knw0190":{"COD_EMPRESA":0,"COD_FILIAL":0,"ID_USUARIO_IMP":"string","DT_INICIAL":"2022-04-26T18:59:14.686Z","DT_IMPORTACAO":"2022-04-26T18:59:14.686Z","chave_REGISTRO":"string","DS_UNIDADE":"string","DS_DESCRICAO":"string"},"knw0200":{"COD_EMPRESA":0,"COD_FILIAL":0,"ID_USUARIO_IMP":"string","CD_PLANO_CONTA":"string","DT_INICIAL":"2022-04-26T18:59:14.686Z","DT_IMPORTACAO":"2022-04-26T18:59:14.686Z","chave_REGISTRO":"string","CD_PRODUTO_SERV":"string","DS_PRODUTO_SERV":"string","UNIDADE":"string","CD_SIT_TRIBUTAR_ICMS":"string","ALIQ_ICMS":0,"PERC_RED_BA_ICMS":0,"DM_PRODUTO_VENDA":"string","CD_LST":"string","CD_NCM":"string","CD_GENERO":"string","DM_TIPO_ITEM":"string","CD_331_EX_IPI":"string","CD_BARRA":"string","NR_CEST":"string","DM_ORIGEM_PRODUTO":"string","CD_CENTRO_CUSTO":"string","CD_SIT_TRIB_IPI":"string","CD_SIT_TRIB_PIS":"string","CD_SIT_TRIB_COFINS":"string","CD_NAT_OPERACAO":"string","ALIQ_PIS":0,"ALIQ_COFINS":0},"integracaoSFUnidadeConversaoList":[{"knw0220":{"COD_EMPRESA":0,"COD_FILIAL":0,"ID_USUARIO_IMP":"string","chave_REGISTRO":"string","CD_PROD_SERV":"string","UN_CONVERTIDA":"string","VL_FATOR_CONV":0},"knw0190":{"COD_EMPRESA":0,"COD_FILIAL":0,"ID_USUARIO_IMP":"string","DT_INICIAL":"2022-04-26T18:59:14.686Z","DT_IMPORTACAO":"2022-04-26T18:59:14.686Z","chave_REGISTRO":"string","DS_UNIDADE":"string","DS_DESCRICAO":"string"}}]}]}" 
 </msg>
<msg timestamp="20220914 10:50:15.039" level="INFO">POST Response : url=http://www.hom.sped.cloudfiscal.com/SPED_WEB/api/knw/v2/estoqueEscriturado 
 status=400, reason=Bad Request 
 headers={'Date': 'Wed, 14 Sep 2022 13:50:14 GMT', 'Content-Type': 'text/html;charset=utf-8', 'Content-Length': '1038', 'Connection': 'keep-alive', 'Set-Cookie': 'AWSALB=i8YNgpPSzgRU79AnpR5ClUpoNHE/hcfgy4jbySOesooJSh7YczxYYRU8nY85E1tEJux6nTUdF+tygJawN3LYCe+DbgO1fKq+I12s6yGy+28Gwhpj5O61tr3rnziV; Expires=Wed, 21 Sep 2022 13:50:14 GMT; Path=/, AWSALBCORS=i8YNgpPSzgRU79AnpR5ClUpoNHE/hcfgy4jbySOesooJSh7YczxYYRU8nY85E1tEJux6nTUdF+tygJawN3LYCe+DbgO1fKq+I12s6yGy+28Gwhpj5O61tr3rnziV; Expires=Wed, 21 Sep 2022 13:50:14 GMT; Path=/; SameSite=None', 'Server': 'Apache-Coyote/1.1', 'Access-Control-Allow-Origin': '*', 'Access-Control-Allow-Headers': 'Access-Control-Allow-Origin, Access-Control-Allow-Headers, Access-Control-Request-Method, Access-Control-Request-Headers, origin, accept, authorization, X-Requested-With, content-type, x-fit-auth-token, x-fit-refresh-token, X-Usuario, X-Senha, X-Licenca', 'Access-Control-Allow-Methods': 'GET, OPTIONS, HEAD, PUT, POST', 'Access-Control-Request-Method': '*', 'X-Frame-Options': 'DENY'} 
 body=&lt;html&gt;&lt;head&gt;&lt;title&gt;JBoss Web/7.0.13.Final - Error report&lt;/title&gt;&lt;style&gt;&lt;!--H1 {font-family:Tahoma,Arial,sans-serif;color:white;background-color:#525D76;font-size:22px;} H2 {font-family:Tahoma,Arial,sans-serif;color:white;background-color:#525D76;font-size:16px;} H3 {font-family:Tahoma,Arial,sans-serif;color:white;background-color:#525D76;font-size:14px;} BODY {font-family:Tahoma,Arial,sans-serif;color:black;background-color:white;} B {font-family:Tahoma,Arial,sans-serif;color:white;background-color:#525D76;} P {font-family:Tahoma,Arial,sans-serif;background:white;color:black;font-size:12px;}A {color : black;}A.name {color : black;}HR {color : #525D76;}--&gt;&lt;/style&gt; &lt;/head&gt;&lt;body&gt;&lt;h1&gt;HTTP Status 400 - Failed to decode Yaml&lt;/h1&gt;&lt;HR size="1" noshade="noshade"&gt;&lt;p&gt;&lt;b&gt;type&lt;/b&gt; Status report&lt;/p&gt;&lt;p&gt;&lt;b&gt;message&lt;/b&gt; &lt;u&gt;Failed to decode Yaml&lt;/u&gt;&lt;/p&gt;&lt;p&gt;&lt;b&gt;description&lt;/b&gt; &lt;u&gt;The request sent by the client was syntactically incorrect (Failed to decode Yaml).&lt;/u&gt;&lt;/p&gt;&lt;HR size="1" noshade="noshade"&gt;&lt;h3&gt;JBoss Web/7.0.13.Final&lt;/h3&gt;&lt;/body&gt;&lt;/html&gt; 
 </msg>
<msg timestamp="20220914 10:50:15.039" level="INFO">${response} = &lt;Response [400]&gt;</msg>
<status status="PASS" starttime="20220914 10:50:14.061" endtime="20220914 10:50:15.039"/>
</kw>
<msg timestamp="20220914 10:50:15.040" level="INFO">${response} = &lt;Response [400]&gt;</msg>
<status status="PASS" starttime="20220914 10:50:14.061" endtime="20220914 10:50:15.040"/>
</kw>
<kw name="Status Should Be" library="RequestsLibrary">
<arg>200</arg>
<arg>${response}</arg>
<doc>Fails if response status code is different than the expected.</doc>
<msg timestamp="20220914 10:50:15.041" level="FAIL">Url: http://www.hom.sped.cloudfiscal.com/SPED_WEB/api/knw/v2/estoqueEscriturado Expected status: 400 != 200</msg>
<status status="FAIL" starttime="20220914 10:50:15.040" endtime="20220914 10:50:15.045"/>
</kw>
<status status="FAIL" starttime="20220914 10:50:14.059" endtime="20220914 10:50:15.046">Url: http://www.hom.sped.cloudfiscal.com/SPED_WEB/api/knw/v2/estoqueEscriturado Expected status: 400 != 200</status>
</test>
<doc>Suite de testes Estoque Escriturado</doc>
<status status="FAIL" starttime="20220914 10:50:14.034" endtime="20220914 10:50:15.047"/>
</suite>
<suite id="s1-s7" name="Exportacoes Suite" source="C:\Sovos\cloud_fiscal\api_knw\features\Exportacoes_Suite.robot">
<test id="s1-s7-t1" name="Exportacoes" line="10">
<kw name="Create Dictionary" library="BuiltIn">
<var>${payload}</var>
<arg>Content-Type=application/json</arg>
<doc>Creates and returns a dictionary based on the given ``items``.</doc>
<msg timestamp="20220914 10:50:15.074" level="INFO">${payload} = {'Content-Type': 'application/json'}</msg>
<status status="PASS" starttime="20220914 10:50:15.073" endtime="20220914 10:50:15.074"/>
</kw>
<kw name="POST Exportacao" library="Exportacoes">
<var>${response}</var>
<arg>${payload}</arg>
<kw name="Create Dictionary" library="BuiltIn">
<var>${headers}</var>
<arg>X-Token=01032007</arg>
<arg>X-Cnpj=11272927000105</arg>
<arg>content-type=application/json</arg>
<doc>Creates and returns a dictionary based on the given ``items``.</doc>
<msg timestamp="20220914 10:50:15.074" level="INFO">${headers} = {'X-Token': '01032007', 'X-Cnpj': '11272927000105', 'content-type': 'application/json'}</msg>
<status status="PASS" starttime="20220914 10:50:15.074" endtime="20220914 10:50:15.074"/>
</kw>
<kw name="POST" library="RequestsLibrary">
<var>${response}</var>
<arg>${API_USERS}/exportacoes</arg>
<arg>json=${payload}</arg>
<arg>expected_status=any</arg>
<arg>data={"objetos":[{"knwSf1100":{"COD_EMPRESA":0,"COD_FILIAL":0,"ID_USUARIO_IMP":"string","DT_IMPORTACAO":"2022-03-21T21:22:44.331Z","DM_TIPO_DOC":"string","NR_DECLARACAO":"string","NR_REG_EXPORT":"string","DT_DECLARACAO":"2022-03-21T21:22:44.331Z","DM_AVERBACAO":"string","DT_REGISTRO":"2022-03-21T21:22:44.331Z","NR_CON_EMBARQUE":"string","DT_CONHECIMENTO":"2022-03-21T21:22:44.331Z","DT_AVERBACAO":"2022-03-21T21:22:44.331Z","DM_TP_CONHECIME":"string","CD_PAIS":"string"}}]}</arg>
<arg>headers=${ headers }</arg>
<doc>Sends a POST request.</doc>
<msg timestamp="20220914 10:50:16.177" level="INFO">POST Request : url=http://www.hom.sped.cloudfiscal.com/SPED_WEB/api/knw/v2/exportacoes 
 path_url=/SPED_WEB/api/knw/v2/exportacoes 
 headers={'User-Agent': 'python-requests/2.27.1', 'Accept-Encoding': 'gzip, deflate', 'Accept': '*/*', 'Connection': 'keep-alive', 'X-Token': '01032007', 'X-Cnpj': '11272927000105', 'content-type': 'application/json', 'Content-Length': '470'} 
 body={"objetos":[{"knwSf1100":{"COD_EMPRESA":0,"COD_FILIAL":0,"ID_USUARIO_IMP":"string","DT_IMPORTACAO":"2022-03-21T21:22:44.331Z","DM_TIPO_DOC":"string","NR_DECLARACAO":"string","NR_REG_EXPORT":"string","DT_DECLARACAO":"2022-03-21T21:22:44.331Z","DM_AVERBACAO":"string","DT_REGISTRO":"2022-03-21T21:22:44.331Z","NR_CON_EMBARQUE":"string","DT_CONHECIMENTO":"2022-03-21T21:22:44.331Z","DT_AVERBACAO":"2022-03-21T21:22:44.331Z","DM_TP_CONHECIME":"string","CD_PAIS":"string"}}]} 
 </msg>
<msg timestamp="20220914 10:50:16.178" level="INFO">POST Response : url=http://www.hom.sped.cloudfiscal.com/SPED_WEB/api/knw/v2/exportacoes 
 status=200, reason=OK 
 headers={'Date': 'Wed, 14 Sep 2022 13:50:16 GMT', 'Content-Type': 'application/json', 'Transfer-Encoding': 'chunked', 'Connection': 'keep-alive', 'Set-Cookie': 'AWSALB=frmsGXvSbmP38wUcNuN4TYDypzd1uwDsdRJpubQ8wsA7ZyNrwNUe8VLzoTGBbwNAlFt2DpigZOxk3ztXnc2piGgPzW4TmD/1VHwLUZ9X9ohd6+8ISKZkO22HYWo9; Expires=Wed, 21 Sep 2022 13:50:15 GMT; Path=/, AWSALBCORS=frmsGXvSbmP38wUcNuN4TYDypzd1uwDsdRJpubQ8wsA7ZyNrwNUe8VLzoTGBbwNAlFt2DpigZOxk3ztXnc2piGgPzW4TmD/1VHwLUZ9X9ohd6+8ISKZkO22HYWo9; Expires=Wed, 21 Sep 2022 13:50:15 GMT; Path=/; SameSite=None', 'Server': 'Apache-Coyote/1.1', 'Access-Control-Allow-Origin': '*', 'Access-Control-Allow-Headers': 'Access-Control-Allow-Origin, Access-Control-Allow-Headers, Access-Control-Request-Method, Access-Control-Request-Headers, origin, accept, authorization, X-Requested-With, content-type, x-fit-auth-token, x-fit-refresh-token, X-Usuario, X-Senha, X-Licenca', 'Access-Control-Allow-Methods': 'GET, OPTIONS, HEAD, PUT, POST', 'Access-Control-Request-Method': '*', 'X-Frame-Options': 'DENY'} 
 body={"sucesso":false,"erro":"Integração processada com erros.","mensagens":["1 - NullPointerException"],"payload":null} 
 </msg>
<msg timestamp="20220914 10:50:16.178" level="INFO">${response} = &lt;Response [200]&gt;</msg>
<status status="PASS" starttime="20220914 10:50:15.074" endtime="20220914 10:50:16.178"/>
</kw>
<msg timestamp="20220914 10:50:16.178" level="INFO">${response} = &lt;Response [200]&gt;</msg>
<status status="PASS" starttime="20220914 10:50:15.074" endtime="20220914 10:50:16.178"/>
</kw>
<kw name="Status Should Be" library="RequestsLibrary">
<arg>200</arg>
<arg>${response}</arg>
<doc>Fails if response status code is different than the expected.</doc>
<status status="PASS" starttime="20220914 10:50:16.179" endtime="20220914 10:50:16.179"/>
</kw>
<status status="PASS" starttime="20220914 10:50:15.073" endtime="20220914 10:50:16.180"/>
</test>
<doc>Suite de testes Exportações</doc>
<status status="PASS" starttime="20220914 10:50:15.049" endtime="20220914 10:50:16.180"/>
</suite>
<suite id="s1-s8" name="Import BlocoM Suite" source="C:\Sovos\cloud_fiscal\api_knw\features\Import_BlocoM_Suite.robot">
<test id="s1-s8-t1" name="Import Bloco M110" line="7">
<kw name="Create Dictionary" library="BuiltIn">
<var>${payload}</var>
<arg>Content-Type=application/json</arg>
<doc>Creates and returns a dictionary based on the given ``items``.</doc>
<msg timestamp="20220914 10:50:16.208" level="INFO">${payload} = {'Content-Type': 'application/json'}</msg>
<status status="PASS" starttime="20220914 10:50:16.207" endtime="20220914 10:50:16.208"/>
</kw>
<kw name="POST M110" library="Import_Bloco_M">
<var>${response}</var>
<arg>${payload}</arg>
<kw name="Create Dictionary" library="BuiltIn">
<var>${headers}</var>
<arg>X-Token=01032007</arg>
<arg>X-Cnpj=11272927000105</arg>
<arg>content-type=application/json</arg>
<doc>Creates and returns a dictionary based on the given ``items``.</doc>
<msg timestamp="20220914 10:50:16.209" level="INFO">${headers} = {'X-Token': '01032007', 'X-Cnpj': '11272927000105', 'content-type': 'application/json'}</msg>
<status status="PASS" starttime="20220914 10:50:16.209" endtime="20220914 10:50:16.209"/>
</kw>
<kw name="POST" library="RequestsLibrary">
<var>${response}</var>
<arg>${API_USERS}/blocoM/M110</arg>
<arg>json=${payload}</arg>
<arg>expected_status=any</arg>
<arg>data={"objetos":[{"knwM110":{"cod_EMPRESA":0,"cod_FILIAL":0,"id_USUARIO_IMP":"string","dt_IMPORTACAO":"2022-06-20T20:04:33.214Z","aliq_PIS":0,"dt_REFERENCIA":"2022-06-20T20:04:33.214Z","cd_436":"string","dm_AJUSTE":"string","vl_AJUSTE":0,"cd_438":"string","ds_AJUSTE":"string","dt_AJUSTE":"2022-06-20T20:04:33.214Z","nr_PROCESSO":"string","vl_ALIQ_PIS":0}}]}</arg>
<arg>headers=${ headers }</arg>
<doc>Sends a POST request.</doc>
<msg timestamp="20220914 10:50:17.038" level="INFO">POST Request : url=http://www.hom.sped.cloudfiscal.com/SPED_WEB/api/knw/v2/blocoM/M110 
 path_url=/SPED_WEB/api/knw/v2/blocoM/M110 
 headers={'User-Agent': 'python-requests/2.27.1', 'Accept-Encoding': 'gzip, deflate', 'Accept': '*/*', 'Connection': 'keep-alive', 'X-Token': '01032007', 'X-Cnpj': '11272927000105', 'content-type': 'application/json', 'Content-Length': '353'} 
 body={"objetos":[{"knwM110":{"cod_EMPRESA":0,"cod_FILIAL":0,"id_USUARIO_IMP":"string","dt_IMPORTACAO":"2022-06-20T20:04:33.214Z","aliq_PIS":0,"dt_REFERENCIA":"2022-06-20T20:04:33.214Z","cd_436":"string","dm_AJUSTE":"string","vl_AJUSTE":0,"cd_438":"string","ds_AJUSTE":"string","dt_AJUSTE":"2022-06-20T20:04:33.214Z","nr_PROCESSO":"string","vl_ALIQ_PIS":0}}]} 
 </msg>
<msg timestamp="20220914 10:50:17.038" level="INFO">POST Response : url=http://www.hom.sped.cloudfiscal.com/SPED_WEB/api/knw/v2/blocoM/M110 
 status=200, reason=OK 
 headers={'Date': 'Wed, 14 Sep 2022 13:50:16 GMT', 'Content-Type': 'application/json', 'Transfer-Encoding': 'chunked', 'Connection': 'keep-alive', 'Set-Cookie': 'AWSALB=APIqQd8B4rL76gNPAkmKrF8lQ5yxi8sMHAGdjSpBqnk61qFR9IwYbXIg7d3smxJUG4+ZZwgkU9CuM+L6hEyox3j1sjFipomeJarErQRz2P60q4NdnWVH/+hDWhoi; Expires=Wed, 21 Sep 2022 13:50:16 GMT; Path=/, AWSALBCORS=APIqQd8B4rL76gNPAkmKrF8lQ5yxi8sMHAGdjSpBqnk61qFR9IwYbXIg7d3smxJUG4+ZZwgkU9CuM+L6hEyox3j1sjFipomeJarErQRz2P60q4NdnWVH/+hDWhoi; Expires=Wed, 21 Sep 2022 13:50:16 GMT; Path=/; SameSite=None', 'Server': 'Apache-Coyote/1.1', 'Access-Control-Allow-Origin': '*', 'Access-Control-Allow-Headers': 'Access-Control-Allow-Origin, Access-Control-Allow-Headers, Access-Control-Request-Method, Access-Control-Request-Headers, origin, accept, authorization, X-Requested-With, content-type, x-fit-auth-token, x-fit-refresh-token, X-Usuario, X-Senha, X-Licenca', 'Access-Control-Allow-Methods': 'GET, OPTIONS, HEAD, PUT, POST', 'Access-Control-Request-Method': '*', 'X-Frame-Options': 'DENY'} 
 body={"sucesso":false,"erro":"Integração processada com erros.","mensagens":["1 - NullPointerException"],"payload":null} 
 </msg>
<msg timestamp="20220914 10:50:17.038" level="INFO">${response} = &lt;Response [200]&gt;</msg>
<status status="PASS" starttime="20220914 10:50:16.209" endtime="20220914 10:50:17.038"/>
</kw>
<msg timestamp="20220914 10:50:17.039" level="INFO">${response} = &lt;Response [200]&gt;</msg>
<status status="PASS" starttime="20220914 10:50:16.208" endtime="20220914 10:50:17.039"/>
</kw>
<kw name="Status Should Be" library="RequestsLibrary">
<arg>200</arg>
<arg>${response}</arg>
<doc>Fails if response status code is different than the expected.</doc>
<status status="PASS" starttime="20220914 10:50:17.039" endtime="20220914 10:50:17.040"/>
</kw>
<status status="PASS" starttime="20220914 10:50:16.207" endtime="20220914 10:50:17.040"/>
</test>
<test id="s1-s8-t2" name="Import Bloco M410" line="15">
<kw name="Create Dictionary" library="BuiltIn">
<var>${payload}</var>
<arg>Content-Type=application/json</arg>
<doc>Creates and returns a dictionary based on the given ``items``.</doc>
<msg timestamp="20220914 10:50:17.042" level="INFO">${payload} = {'Content-Type': 'application/json'}</msg>
<status status="PASS" starttime="20220914 10:50:17.041" endtime="20220914 10:50:17.042"/>
</kw>
<kw name="POST M410" library="Import_Bloco_M">
<var>${response}</var>
<arg>${payload}</arg>
<kw name="Create Dictionary" library="BuiltIn">
<var>${headers}</var>
<arg>X-Token=01032007</arg>
<arg>X-Cnpj=11272927000105</arg>
<arg>content-type=application/json</arg>
<doc>Creates and returns a dictionary based on the given ``items``.</doc>
<msg timestamp="20220914 10:50:17.042" level="INFO">${headers} = {'X-Token': '01032007', 'X-Cnpj': '11272927000105', 'content-type': 'application/json'}</msg>
<status status="PASS" starttime="20220914 10:50:17.042" endtime="20220914 10:50:17.042"/>
</kw>
<kw name="POST" library="RequestsLibrary">
<var>${response}</var>
<arg>${API_USERS}/blocoM/M410</arg>
<arg>json=${payload}</arg>
<arg>expected_status=any</arg>
<arg>data={"objetos":[{"knwM410":{"cod_EMPRESA":0,"cod_FILIAL":0,"id_USUARIO_IMP":"string","cd_PLANO_CONTA":"string","dt_IMPORTACAO":"2022-03-21T21:22:44.322Z","ds_COMPLEMENTAR":"string","cd_SIT_TRIB_PIS":"string","dt_REFERENCIA":"2022-03-21T21:22:44.322Z","cd_NATUREZA_RECEITA":"string","vl_RECEITA":0},"knw0500":{"COD_EMPRESA":0,"COD_FILIAL":0,"ID_USUARIO_IMP":"string","CD_PLANO_CONTA":"string","DT_INICIAL":"2022-03-21T21:22:44.322Z","DM_TIPO_CONTA":"string","CD_PLAN_CTA_TOT":"string","DS_PLANO_CONTA":"string","DM_NATUREZA":"string","DM_NIVEL":"string","DT_IMPORTACAO":"2022-03-21T21:22:44.322Z","DM_GERAL_AUX":"string","ID_ORDEM":0,"CD_REDUZIDA":"string","chave_REGISTRO":"string"}}]}</arg>
<arg>headers=${ headers }</arg>
<doc>Sends a POST request.</doc>
<msg timestamp="20220914 10:50:18.188" level="INFO">POST Request : url=http://www.hom.sped.cloudfiscal.com/SPED_WEB/api/knw/v2/blocoM/M410 
 path_url=/SPED_WEB/api/knw/v2/blocoM/M410 
 headers={'User-Agent': 'python-requests/2.27.1', 'Accept-Encoding': 'gzip, deflate', 'Accept': '*/*', 'Connection': 'keep-alive', 'X-Token': '01032007', 'X-Cnpj': '11272927000105', 'content-type': 'application/json', 'Content-Length': '681'} 
 body={"objetos":[{"knwM410":{"cod_EMPRESA":0,"cod_FILIAL":0,"id_USUARIO_IMP":"string","cd_PLANO_CONTA":"string","dt_IMPORTACAO":"2022-03-21T21:22:44.322Z","ds_COMPLEMENTAR":"string","cd_SIT_TRIB_PIS":"string","dt_REFERENCIA":"2022-03-21T21:22:44.322Z","cd_NATUREZA_RECEITA":"string","vl_RECEITA":0},"knw0500":{"COD_EMPRESA":0,"COD_FILIAL":0,"ID_USUARIO_IMP":"string","CD_PLANO_CONTA":"string","DT_INICIAL":"2022-03-21T21:22:44.322Z","DM_TIPO_CONTA":"string","CD_PLAN_CTA_TOT":"string","DS_PLANO_CONTA":"string","DM_NATUREZA":"string","DM_NIVEL":"string","DT_IMPORTACAO":"2022-03-21T21:22:44.322Z","DM_GERAL_AUX":"string","ID_ORDEM":0,"CD_REDUZIDA":"string","chave_REGISTRO":"string"}}]} 
 </msg>
<msg timestamp="20220914 10:50:18.189" level="INFO">POST Response : url=http://www.hom.sped.cloudfiscal.com/SPED_WEB/api/knw/v2/blocoM/M410 
 status=200, reason=OK 
 headers={'Date': 'Wed, 14 Sep 2022 13:50:18 GMT', 'Content-Type': 'application/json', 'Transfer-Encoding': 'chunked', 'Connection': 'keep-alive', 'Set-Cookie': 'AWSALB=zEH4tAe1wYVRvfFp0ghYvDx3dEIreNXq4gcXUgC+QdHPOFHbw56Bjmq5lh6Zqooocgcj78hNI2QwiIRqF/hHkWZ2mGbL8dv/hIMGREG2cUy+cZ7HdHvovEMnLocE; Expires=Wed, 21 Sep 2022 13:50:18 GMT; Path=/, AWSALBCORS=zEH4tAe1wYVRvfFp0ghYvDx3dEIreNXq4gcXUgC+QdHPOFHbw56Bjmq5lh6Zqooocgcj78hNI2QwiIRqF/hHkWZ2mGbL8dv/hIMGREG2cUy+cZ7HdHvovEMnLocE; Expires=Wed, 21 Sep 2022 13:50:18 GMT; Path=/; SameSite=None', 'Server': 'Apache-Coyote/1.1', 'Access-Control-Allow-Origin': '*', 'Access-Control-Allow-Headers': 'Access-Control-Allow-Origin, Access-Control-Allow-Headers, Access-Control-Request-Method, Access-Control-Request-Headers, origin, accept, authorization, X-Requested-With, content-type, x-fit-auth-token, x-fit-refresh-token, X-Usuario, X-Senha, X-Licenca', 'Access-Control-Allow-Methods': 'GET, OPTIONS, HEAD, PUT, POST', 'Access-Control-Request-Method': '*', 'X-Frame-Options': 'DENY'} 
 body={"sucesso":false,"erro":"Integração processada com erros.","mensagens":["1 - NullPointerException"],"payload":null} 
 </msg>
<msg timestamp="20220914 10:50:18.189" level="INFO">${response} = &lt;Response [200]&gt;</msg>
<status status="PASS" starttime="20220914 10:50:17.043" endtime="20220914 10:50:18.189"/>
</kw>
<msg timestamp="20220914 10:50:18.189" level="INFO">${response} = &lt;Response [200]&gt;</msg>
<status status="PASS" starttime="20220914 10:50:17.042" endtime="20220914 10:50:18.189"/>
</kw>
<kw name="Status Should Be" library="RequestsLibrary">
<arg>200</arg>
<arg>${response}</arg>
<doc>Fails if response status code is different than the expected.</doc>
<status status="PASS" starttime="20220914 10:50:18.190" endtime="20220914 10:50:18.190"/>
</kw>
<status status="PASS" starttime="20220914 10:50:17.041" endtime="20220914 10:50:18.191"/>
</test>
<test id="s1-s8-t3" name="Import Bloco M510" line="22">
<kw name="Create Dictionary" library="BuiltIn">
<var>${payload}</var>
<arg>Content-Type=application/json</arg>
<doc>Creates and returns a dictionary based on the given ``items``.</doc>
<msg timestamp="20220914 10:50:18.192" level="INFO">${payload} = {'Content-Type': 'application/json'}</msg>
<status status="PASS" starttime="20220914 10:50:18.192" endtime="20220914 10:50:18.192"/>
</kw>
<kw name="POST M510" library="Import_Bloco_M">
<var>${response}</var>
<arg>${payload}</arg>
<kw name="Create Dictionary" library="BuiltIn">
<var>${headers}</var>
<arg>X-Token=01032007</arg>
<arg>X-Cnpj=11272927000105</arg>
<arg>content-type=application/json</arg>
<doc>Creates and returns a dictionary based on the given ``items``.</doc>
<msg timestamp="20220914 10:50:18.193" level="INFO">${headers} = {'X-Token': '01032007', 'X-Cnpj': '11272927000105', 'content-type': 'application/json'}</msg>
<status status="PASS" starttime="20220914 10:50:18.193" endtime="20220914 10:50:18.193"/>
</kw>
<kw name="POST" library="RequestsLibrary">
<var>${response}</var>
<arg>${API_USERS}/blocoM/M510</arg>
<arg>json=${payload}</arg>
<arg>expected_status=any</arg>
<arg>data={"objetos":[{"knwM510":{"cod_EMPRESA":0,"cod_FILIAL":0,"id_USUARIO_IMP":"string","dt_IMPORTACAO":"2022-03-21T21:22:44.323Z","aliq_COFINS":0,"dt_REFERENCIA":"2022-03-21T21:22:44.323Z","nr_PROCESSO":"string","vl_ALIQ_COFINS":0,"cd_436":"string","dm_AJUSTE":"string","vl_AJUSTE":0,"cd_438":"string","ds_AJUSTE":"string","dt_AJUSTE":"2022-03-21T21:22:44.323Z"}}]}</arg>
<arg>headers=${ headers }</arg>
<doc>Sends a POST request.</doc>
<msg timestamp="20220914 10:50:18.921" level="INFO">POST Request : url=http://www.hom.sped.cloudfiscal.com/SPED_WEB/api/knw/v2/blocoM/M510 
 path_url=/SPED_WEB/api/knw/v2/blocoM/M510 
 headers={'User-Agent': 'python-requests/2.27.1', 'Accept-Encoding': 'gzip, deflate', 'Accept': '*/*', 'Connection': 'keep-alive', 'X-Token': '01032007', 'X-Cnpj': '11272927000105', 'content-type': 'application/json', 'Content-Length': '359'} 
 body={"objetos":[{"knwM510":{"cod_EMPRESA":0,"cod_FILIAL":0,"id_USUARIO_IMP":"string","dt_IMPORTACAO":"2022-03-21T21:22:44.323Z","aliq_COFINS":0,"dt_REFERENCIA":"2022-03-21T21:22:44.323Z","nr_PROCESSO":"string","vl_ALIQ_COFINS":0,"cd_436":"string","dm_AJUSTE":"string","vl_AJUSTE":0,"cd_438":"string","ds_AJUSTE":"string","dt_AJUSTE":"2022-03-21T21:22:44.323Z"}}]} 
 </msg>
<msg timestamp="20220914 10:50:18.921" level="INFO">POST Response : url=http://www.hom.sped.cloudfiscal.com/SPED_WEB/api/knw/v2/blocoM/M510 
 status=200, reason=OK 
 headers={'Date': 'Wed, 14 Sep 2022 13:50:18 GMT', 'Content-Type': 'application/json', 'Transfer-Encoding': 'chunked', 'Connection': 'keep-alive', 'Set-Cookie': 'AWSALB=13Fxt3rEY6sbGDu6PeJ2cu1JoGB4fYS8BuXOe8M+8HvS+5LTT0I4Yqqy7iwE4HRsDF3A18ijntnuLZG0ebiJUUEzsCjOdiFkKs3Ewywj3u1Zv3qlpNbX8YcVanJI; Expires=Wed, 21 Sep 2022 13:50:18 GMT; Path=/, AWSALBCORS=13Fxt3rEY6sbGDu6PeJ2cu1JoGB4fYS8BuXOe8M+8HvS+5LTT0I4Yqqy7iwE4HRsDF3A18ijntnuLZG0ebiJUUEzsCjOdiFkKs3Ewywj3u1Zv3qlpNbX8YcVanJI; Expires=Wed, 21 Sep 2022 13:50:18 GMT; Path=/; SameSite=None', 'Server': 'Apache-Coyote/1.1', 'Access-Control-Allow-Origin': '*', 'Access-Control-Allow-Headers': 'Access-Control-Allow-Origin, Access-Control-Allow-Headers, Access-Control-Request-Method, Access-Control-Request-Headers, origin, accept, authorization, X-Requested-With, content-type, x-fit-auth-token, x-fit-refresh-token, X-Usuario, X-Senha, X-Licenca', 'Access-Control-Allow-Methods': 'GET, OPTIONS, HEAD, PUT, POST', 'Access-Control-Request-Method': '*', 'X-Frame-Options': 'DENY'} 
 body={"sucesso":false,"erro":"Integração processada com erros.","mensagens":["1 - NullPointerException"],"payload":null} 
 </msg>
<msg timestamp="20220914 10:50:18.921" level="INFO">${response} = &lt;Response [200]&gt;</msg>
<status status="PASS" starttime="20220914 10:50:18.193" endtime="20220914 10:50:18.921"/>
</kw>
<msg timestamp="20220914 10:50:18.921" level="INFO">${response} = &lt;Response [200]&gt;</msg>
<status status="PASS" starttime="20220914 10:50:18.193" endtime="20220914 10:50:18.921"/>
</kw>
<kw name="Status Should Be" library="RequestsLibrary">
<arg>200</arg>
<arg>${response}</arg>
<doc>Fails if response status code is different than the expected.</doc>
<status status="PASS" starttime="20220914 10:50:18.921" endtime="20220914 10:50:18.922"/>
</kw>
<status status="PASS" starttime="20220914 10:50:18.192" endtime="20220914 10:50:18.922"/>
</test>
<test id="s1-s8-t4" name="Import Bloco M810" line="29">
<kw name="Create Dictionary" library="BuiltIn">
<var>${payload}</var>
<arg>Content-Type=application/json</arg>
<doc>Creates and returns a dictionary based on the given ``items``.</doc>
<msg timestamp="20220914 10:50:18.924" level="INFO">${payload} = {'Content-Type': 'application/json'}</msg>
<status status="PASS" starttime="20220914 10:50:18.924" endtime="20220914 10:50:18.924"/>
</kw>
<kw name="POST M810" library="Import_Bloco_M">
<var>${response}</var>
<arg>${payload}</arg>
<kw name="Create Dictionary" library="BuiltIn">
<var>${headers}</var>
<arg>X-Token=01032007</arg>
<arg>X-Cnpj=11272927000105</arg>
<arg>content-type=application/json</arg>
<doc>Creates and returns a dictionary based on the given ``items``.</doc>
<msg timestamp="20220914 10:50:18.926" level="INFO">${headers} = {'X-Token': '01032007', 'X-Cnpj': '11272927000105', 'content-type': 'application/json'}</msg>
<status status="PASS" starttime="20220914 10:50:18.925" endtime="20220914 10:50:18.926"/>
</kw>
<kw name="POST" library="RequestsLibrary">
<var>${response}</var>
<arg>${API_USERS}/blocoM/M810</arg>
<arg>json=${payload}</arg>
<arg>expected_status=any</arg>
<arg>data={"objetos":[{"knwM810":{"cod_EMPRESA":0,"cod_FILIAL":0,"id_USUARIO_IMP":"string","cd_PLANO_CONTA":"string","dt_IMPORTACAO":"2022-03-21T21:22:44.324Z","ds_COMPLEMENTAR":"string","cd_SIT_TRIB_COFINS":"string","dt_REFERENCIA":"2022-03-21T21:22:44.324Z","cd_NATUREZA_RECEITA":"string","vl_RECEITA":0},"knw0500":{"COD_EMPRESA":0,"COD_FILIAL":0,"ID_USUARIO_IMP":"string","CD_PLANO_CONTA":"string","DT_INICIAL":"2022-03-21T21:22:44.324Z","DM_TIPO_CONTA":"string","CD_PLAN_CTA_TOT":"string","DS_PLANO_CONTA":"string","DM_NATUREZA":"string","DM_NIVEL":"string","DT_IMPORTACAO":"2022-03-21T21:22:44.324Z","DM_GERAL_AUX":"string","ID_ORDEM":0,"CD_REDUZIDA":"string","chave_REGISTRO":"string"}}]}</arg>
<arg>headers=${ headers }</arg>
<doc>Sends a POST request.</doc>
<msg timestamp="20220914 10:50:19.889" level="INFO">POST Request : url=http://www.hom.sped.cloudfiscal.com/SPED_WEB/api/knw/v2/blocoM/M810 
 path_url=/SPED_WEB/api/knw/v2/blocoM/M810 
 headers={'User-Agent': 'python-requests/2.27.1', 'Accept-Encoding': 'gzip, deflate', 'Accept': '*/*', 'Connection': 'keep-alive', 'X-Token': '01032007', 'X-Cnpj': '11272927000105', 'content-type': 'application/json', 'Content-Length': '684'} 
 body={"objetos":[{"knwM810":{"cod_EMPRESA":0,"cod_FILIAL":0,"id_USUARIO_IMP":"string","cd_PLANO_CONTA":"string","dt_IMPORTACAO":"2022-03-21T21:22:44.324Z","ds_COMPLEMENTAR":"string","cd_SIT_TRIB_COFINS":"string","dt_REFERENCIA":"2022-03-21T21:22:44.324Z","cd_NATUREZA_RECEITA":"string","vl_RECEITA":0},"knw0500":{"COD_EMPRESA":0,"COD_FILIAL":0,"ID_USUARIO_IMP":"string","CD_PLANO_CONTA":"string","DT_INICIAL":"2022-03-21T21:22:44.324Z","DM_TIPO_CONTA":"string","CD_PLAN_CTA_TOT":"string","DS_PLANO_CONTA":"string","DM_NATUREZA":"string","DM_NIVEL":"string","DT_IMPORTACAO":"2022-03-21T21:22:44.324Z","DM_GERAL_AUX":"string","ID_ORDEM":0,"CD_REDUZIDA":"string","chave_REGISTRO":"string"}}]} 
 </msg>
<msg timestamp="20220914 10:50:19.889" level="INFO">POST Response : url=http://www.hom.sped.cloudfiscal.com/SPED_WEB/api/knw/v2/blocoM/M810 
 status=200, reason=OK 
 headers={'Date': 'Wed, 14 Sep 2022 13:50:19 GMT', 'Content-Type': 'application/json', 'Transfer-Encoding': 'chunked', 'Connection': 'keep-alive', 'Set-Cookie': 'AWSALB=V+SWL13riMY3y9xCpidACm+SVC/sMc5W/pkFSYtdHpyZNGN/RqTCxFXqcWx/ik8SN4P4dyjv7kMyobsifzlg8mbjI/st0LCcvvzikosJavjdE/jE8SFgNs4AA5Lk; Expires=Wed, 21 Sep 2022 13:50:19 GMT; Path=/, AWSALBCORS=V+SWL13riMY3y9xCpidACm+SVC/sMc5W/pkFSYtdHpyZNGN/RqTCxFXqcWx/ik8SN4P4dyjv7kMyobsifzlg8mbjI/st0LCcvvzikosJavjdE/jE8SFgNs4AA5Lk; Expires=Wed, 21 Sep 2022 13:50:19 GMT; Path=/; SameSite=None', 'Server': 'Apache-Coyote/1.1', 'Access-Control-Allow-Origin': '*', 'Access-Control-Allow-Headers': 'Access-Control-Allow-Origin, Access-Control-Allow-Headers, Access-Control-Request-Method, Access-Control-Request-Headers, origin, accept, authorization, X-Requested-With, content-type, x-fit-auth-token, x-fit-refresh-token, X-Usuario, X-Senha, X-Licenca', 'Access-Control-Allow-Methods': 'GET, OPTIONS, HEAD, PUT, POST', 'Access-Control-Request-Method': '*', 'X-Frame-Options': 'DENY'} 
 body={"sucesso":false,"erro":"Integração processada com erros.","mensagens":["1 - NullPointerException"],"payload":null} 
 </msg>
<msg timestamp="20220914 10:50:19.889" level="INFO">${response} = &lt;Response [200]&gt;</msg>
<status status="PASS" starttime="20220914 10:50:18.926" endtime="20220914 10:50:19.889"/>
</kw>
<msg timestamp="20220914 10:50:19.889" level="INFO">${response} = &lt;Response [200]&gt;</msg>
<status status="PASS" starttime="20220914 10:50:18.925" endtime="20220914 10:50:19.889"/>
</kw>
<kw name="Status Should Be" library="RequestsLibrary">
<arg>200</arg>
<arg>${response}</arg>
<doc>Fails if response status code is different than the expected.</doc>
<status status="PASS" starttime="20220914 10:50:19.890" endtime="20220914 10:50:19.890"/>
</kw>
<status status="PASS" starttime="20220914 10:50:18.923" endtime="20220914 10:50:19.891"/>
</test>
<doc>Suite de testes de API's de importação do Bloco M</doc>
<status status="PASS" starttime="20220914 10:50:16.182" endtime="20220914 10:50:19.892"/>
</suite>
<suite id="s1-s9" name="Import Geral Suite" source="C:\Sovos\cloud_fiscal\api_knw\features\Import_Geral_Suite.robot">
<test id="s1-s9-t1" name="Import Pessoas" line="11">
<kw name="Create Dictionary" library="BuiltIn">
<var>${payload}</var>
<arg>Content-Type=application/json</arg>
<doc>Creates and returns a dictionary based on the given ``items``.</doc>
<msg timestamp="20220914 10:50:19.923" level="INFO">${payload} = {'Content-Type': 'application/json'}</msg>
<status status="PASS" starttime="20220914 10:50:19.922" endtime="20220914 10:50:19.923"/>
</kw>
<kw name="POST Import Pessoas" library="Import_Geral">
<var>${response}</var>
<arg>${payload}</arg>
<kw name="Create Dictionary" library="BuiltIn">
<var>${headers}</var>
<arg>X-Token=01032007</arg>
<arg>X-Cnpj=11272927000105</arg>
<arg>content-type=application/json</arg>
<doc>Creates and returns a dictionary based on the given ``items``.</doc>
<msg timestamp="20220914 10:50:19.924" level="INFO">${headers} = {'X-Token': '01032007', 'X-Cnpj': '11272927000105', 'content-type': 'application/json'}</msg>
<status status="PASS" starttime="20220914 10:50:19.924" endtime="20220914 10:50:19.924"/>
</kw>
<kw name="POST" library="RequestsLibrary">
<var>${response}</var>
<arg>${API_USERS}/pessoas</arg>
<arg>json=${payload}</arg>
<arg>expected_status=any</arg>
<arg>data={"objetos":[{"knw0150":{"COD_EMPRESA":"1","COD_FILIAL":"1","CD_PESSOA":"P8489572","DT_INICIAL":"2022-03-29T20:02:35.771Z","DT_IMPORTACAO":"2022-03-29T20:02:35.771Z","DS_ENDERECO":"Rua Brigadeiro Faria Lima","NM_RAZAO_SOCIAL":"Juarez G Mariano","DS_BAIRRO":"Canto do Forte","NR_CEP":"11700630","NR_CNPJ_CPF":"43405835887","NR_INSCR_MUNIC":"001861883","CD_CNAE":"0123","NR_NUMERO":"79","CD_MUNICIPIO":"3541000","DS_EMAIL":"jgmar.construcoes@gmail.com","CD_PAIS":"1058"}}]}</arg>
<arg>headers=${ headers }</arg>
<doc>Sends a POST request.</doc>
<msg timestamp="20220914 10:50:20.801" level="INFO">POST Request : url=http://www.hom.sped.cloudfiscal.com/SPED_WEB/api/knw/v2/pessoas 
 path_url=/SPED_WEB/api/knw/v2/pessoas 
 headers={'User-Agent': 'python-requests/2.27.1', 'Accept-Encoding': 'gzip, deflate', 'Accept': '*/*', 'Connection': 'keep-alive', 'X-Token': '01032007', 'X-Cnpj': '11272927000105', 'content-type': 'application/json', 'Content-Length': '470'} 
 body={"objetos":[{"knw0150":{"COD_EMPRESA":"1","COD_FILIAL":"1","CD_PESSOA":"P8489572","DT_INICIAL":"2022-03-29T20:02:35.771Z","DT_IMPORTACAO":"2022-03-29T20:02:35.771Z","DS_ENDERECO":"Rua Brigadeiro Faria Lima","NM_RAZAO_SOCIAL":"Juarez G Mariano","DS_BAIRRO":"Canto do Forte","NR_CEP":"11700630","NR_CNPJ_CPF":"43405835887","NR_INSCR_MUNIC":"001861883","CD_CNAE":"0123","NR_NUMERO":"79","CD_MUNICIPIO":"3541000","DS_EMAIL":"jgmar.construcoes@gmail.com","CD_PAIS":"1058"}}]} 
 </msg>
<msg timestamp="20220914 10:50:20.801" level="INFO">POST Response : url=http://www.hom.sped.cloudfiscal.com/SPED_WEB/api/knw/v2/pessoas 
 status=200, reason=OK 
 headers={'Date': 'Wed, 14 Sep 2022 13:50:20 GMT', 'Content-Type': 'application/json', 'Transfer-Encoding': 'chunked', 'Connection': 'keep-alive', 'Set-Cookie': 'AWSALB=rprsJTd1zjr/tnBIorL5/QrqbAdQBnSI/0e0l1nv8kWUr/d7z3yKEglBFa50KtFD+smn5nLVYh+C7uyW0n8Ow/qaxM0oJRRDVLa9aodiGcaabNt3/s7P38BQLGp2; Expires=Wed, 21 Sep 2022 13:50:20 GMT; Path=/, AWSALBCORS=rprsJTd1zjr/tnBIorL5/QrqbAdQBnSI/0e0l1nv8kWUr/d7z3yKEglBFa50KtFD+smn5nLVYh+C7uyW0n8Ow/qaxM0oJRRDVLa9aodiGcaabNt3/s7P38BQLGp2; Expires=Wed, 21 Sep 2022 13:50:20 GMT; Path=/; SameSite=None', 'Server': 'Apache-Coyote/1.1', 'Access-Control-Allow-Origin': '*', 'Access-Control-Allow-Headers': 'Access-Control-Allow-Origin, Access-Control-Allow-Headers, Access-Control-Request-Method, Access-Control-Request-Headers, origin, accept, authorization, X-Requested-With, content-type, x-fit-auth-token, x-fit-refresh-token, X-Usuario, X-Senha, X-Licenca', 'Access-Control-Allow-Methods': 'GET, OPTIONS, HEAD, PUT, POST', 'Access-Control-Request-Method': '*', 'X-Frame-Options': 'DENY'} 
 body={"sucesso":true,"erro":null,"mensagens":null,"payload":null} 
 </msg>
<msg timestamp="20220914 10:50:20.802" level="INFO">${response} = &lt;Response [200]&gt;</msg>
<status status="PASS" starttime="20220914 10:50:19.924" endtime="20220914 10:50:20.802"/>
</kw>
<msg timestamp="20220914 10:50:20.802" level="INFO">${response} = &lt;Response [200]&gt;</msg>
<status status="PASS" starttime="20220914 10:50:19.923" endtime="20220914 10:50:20.802"/>
</kw>
<kw name="Status Should Be" library="RequestsLibrary">
<arg>200</arg>
<arg>${response}</arg>
<doc>Fails if response status code is different than the expected.</doc>
<status status="PASS" starttime="20220914 10:50:20.802" endtime="20220914 10:50:20.803"/>
</kw>
<kw name="Should Be Equal" library="BuiltIn">
<arg>${response.json()}[sucesso]</arg>
<arg>${true}</arg>
<doc>Fails if the given objects are unequal.</doc>
<status status="PASS" starttime="20220914 10:50:20.803" endtime="20220914 10:50:20.804"/>
</kw>
<status status="PASS" starttime="20220914 10:50:19.921" endtime="20220914 10:50:20.804"/>
</test>
<doc>Suite de testes de API's de importações</doc>
<status status="PASS" starttime="20220914 10:50:19.894" endtime="20220914 10:50:20.805"/>
</suite>
<suite id="s1-s10" name="Import NF Suite" source="C:\Sovos\cloud_fiscal\api_knw\features\Import_NF_Suite.robot">
<test id="s1-s10-t1" name="POST Import NF Servico" line="8">
<kw name="Create Dictionary" library="BuiltIn">
<var>${payload}</var>
<arg>Content-Type=application/json</arg>
<doc>Creates and returns a dictionary based on the given ``items``.</doc>
<msg timestamp="20220914 10:50:20.833" level="INFO">${payload} = {'Content-Type': 'application/json'}</msg>
<status status="PASS" starttime="20220914 10:50:20.832" endtime="20220914 10:50:20.833"/>
</kw>
<kw name="POST Import NF Servico" library="Import_NF">
[...]
<kw name="Create Dictionary" library="BuiltIn">
<var>${payload}</var>
<arg>Content-Type=application/json</arg>
<doc>Creates and returns a dictionary based on the given ``items``.</doc>
<msg timestamp="20220914 10:50:26.282" level="INFO">${payload} = {'Content-Type': 'application/json'}</msg>
<status status="PASS" starttime="20220914 10:50:26.282" endtime="20220914 10:50:26.282"/>
</kw>
<kw name="POST Progresso Integracao" library="ProgressoIntegracao">
<var>${response}</var>
<arg>${payload}</arg>
<kw name="Create Dictionary" library="BuiltIn">
<var>${headers}</var>
<arg>X-Token=01032007</arg>
<arg>X-Cnpj=11272927000105</arg>
<arg>content-type=application/json</arg>
<doc>Creates and returns a dictionary based on the given ``items``.</doc>
<msg timestamp="20220914 10:50:26.283" level="INFO">${headers} = {'X-Token': '01032007', 'X-Cnpj': '11272927000105', 'content-type': 'application/json'}</msg>
<status status="PASS" starttime="20220914 10:50:26.283" endtime="20220914 10:50:26.283"/>
</kw>
<kw name="POST" library="RequestsLibrary">
<var>${response}</var>
<arg>${API_USERS}/atualizaProgressoIntegracao</arg>
<arg>json=${payload}</arg>
<arg>expected_status=any</arg>
<arg>headers=${ headers }</arg>
<doc>Sends a POST request.</doc>
<msg timestamp="20220914 10:50:26.641" level="INFO">POST Request : url=http://www.hom.sped.cloudfiscal.com/SPED_WEB/api/knw/v2/atualizaProgressoIntegracao 
 path_url=/SPED_WEB/api/knw/v2/atualizaProgressoIntegracao 
 headers={'User-Agent': 'python-requests/2.27.1', 'Accept-Encoding': 'gzip, deflate', 'Accept': '*/*', 'Connection': 'keep-alive', 'X-Token': '01032007', 'X-Cnpj': '11272927000105', 'content-type': 'application/json', 'Content-Length': '36'} 
 body=b'{"Content-Type": "application/json"}' 
 </msg>
<msg timestamp="20220914 10:50:26.641" level="INFO">POST Response : url=http://www.hom.sped.cloudfiscal.com/SPED_WEB/api/knw/v2/atualizaProgressoIntegracao 
 status=200, reason=OK 
 headers={'Date': 'Wed, 14 Sep 2022 13:50:26 GMT', 'Content-Type': 'application/json', 'Transfer-Encoding': 'chunked', 'Connection': 'keep-alive', 'Set-Cookie': 'AWSALB=sY7Qh8pnULzVTxTpa2BQprdAQiduZ9FjsPxWGVftljrZFMqg1eh8Mra5KMfN4HQ1vIhMYKHWSI5wWjclCL/dK++1z8NbehQGzvOHOsD2pkZ421Pfi7SpuUgXM5xx; Expires=Wed, 21 Sep 2022 13:50:26 GMT; Path=/, AWSALBCORS=sY7Qh8pnULzVTxTpa2BQprdAQiduZ9FjsPxWGVftljrZFMqg1eh8Mra5KMfN4HQ1vIhMYKHWSI5wWjclCL/dK++1z8NbehQGzvOHOsD2pkZ421Pfi7SpuUgXM5xx; Expires=Wed, 21 Sep 2022 13:50:26 GMT; Path=/; SameSite=None', 'Server': 'Apache-Coyote/1.1', 'Access-Control-Allow-Origin': '*', 'Access-Control-Allow-Headers': 'Access-Control-Allow-Origin, Access-Control-Allow-Headers, Access-Control-Request-Method, Access-Control-Request-Headers, origin, accept, authorization, X-Requested-With, content-type, x-fit-auth-token, x-fit-refresh-token, X-Usuario, X-Senha, X-Licenca', 'Access-Control-Allow-Methods': 'GET, OPTIONS, HEAD, PUT, POST', 'Access-Control-Request-Method': '*', 'X-Frame-Options': 'DENY'} 
 body={"sucesso":true,"erro":null,"mensagens":null,"payload":null} 
 </msg>
<msg timestamp="20220914 10:50:26.641" level="INFO">${response} = &lt;Response [200]&gt;</msg>
<status status="PASS" starttime="20220914 10:50:26.283" endtime="20220914 10:50:26.641"/>
</kw>
<msg timestamp="20220914 10:50:26.641" level="INFO">${response} = &lt;Response [200]&gt;</msg>
<status status="PASS" starttime="20220914 10:50:26.283" endtime="20220914 10:50:26.641"/>
</kw>
<kw name="Status Should Be" library="RequestsLibrary">
<arg>200</arg>
<arg>${response}</arg>
<doc>Fails if response status code is different than the expected.</doc>
<status status="PASS" starttime="20220914 10:50:26.642" endtime="20220914 10:50:26.642"/>
</kw>
<kw name="Should Be Equal" library="BuiltIn">
<arg>${response.json()}[sucesso]</arg>
<arg>${true}</arg>
<doc>Fails if the given objects are unequal.</doc>
<status status="PASS" starttime="20220914 10:50:26.643" endtime="20220914 10:50:26.644"/>
</kw>
<status status="PASS" starttime="20220914 10:50:26.281" endtime="20220914 10:50:26.644"/>
</test>
<doc>Session route test suite</doc>
<status status="PASS" starttime="20220914 10:50:26.255" endtime="20220914 10:50:26.645"/>
</suite>
<suite id="s1-s15" name="Retida Fonte Suite" source="C:\Sovos\cloud_fiscal\api_knw\features\Retida_Fonte_Suite.robot">
<test id="s1-s15-t1" name="KNW F600 Retida Fonte" line="10">
<kw name="Create Dictionary" library="BuiltIn">
<var>${payload}</var>
<arg>Content-Type=application/json</arg>
<doc>Creates and returns a dictionary based on the given ``items``.</doc>
<msg timestamp="20220914 10:50:26.674" level="INFO">${payload} = {'Content-Type': 'application/json'}</msg>
<status status="PASS" starttime="20220914 10:50:26.674" endtime="20220914 10:50:26.674"/>
</kw>
<kw name="POST Retida Fonte" library="Retida_Fonte">
<var>${response}</var>
<arg>json=${payload}</arg>
<kw name="Create Dictionary" library="BuiltIn">
<var>${headers}</var>
<arg>X-Token=01032007</arg>
<arg>X-Cnpj=11272927000105</arg>
<arg>content-type=application/json</arg>
<doc>Creates and returns a dictionary based on the given ``items``.</doc>
<msg timestamp="20220914 10:50:26.675" level="INFO">${headers} = {'X-Token': '01032007', 'X-Cnpj': '11272927000105', 'content-type': 'application/json'}</msg>
<status status="PASS" starttime="20220914 10:50:26.675" endtime="20220914 10:50:26.675"/>
</kw>
<kw name="POST" library="RequestsLibrary">
<var>${response}</var>
<arg>${API_USERS}/contribuicaoRetidaFonte</arg>
<arg>json=${payload}</arg>
<arg>expected_status=any</arg>
<arg>data={"objetos":[{"knwScF600":{"COD_EMPRESA":1,"COD_FILIAL":1,"ID_USUARIO_IMP":"NETSUITE NFSE ITG","chave_REGISTRO":"5952","DT_REFERENCIA":"2022-06-1T15:02:50.764Z","DM_NAT_RETENCAO":"1","DT_REC_RETENCAO":"2021-09-25T07:00:00.000Z","VL_BC_RETENCAO":100.00,"VL_RETIDO_FONT":1922.3600000000001,"CD_RECEITA":"5952","DM_NAT_RECEITA":"1","NR_CNPJ_FONTE":"02359572000455","VL_RETIDO_PIS":706.06,"VL_RETIDO_COFINS":3515.64,"DM_DECLARANTE":"0"}}]}</arg>
<arg>headers=${ headers }</arg>
<doc>Sends a POST request.</doc>
<msg timestamp="20220914 10:50:27.110" level="INFO">POST Request : url=http://www.hom.sped.cloudfiscal.com/SPED_WEB/api/knw/v2/contribuicaoRetidaFonte 
 path_url=/SPED_WEB/api/knw/v2/contribuicaoRetidaFonte 
 headers={'User-Agent': 'python-requests/2.27.1', 'Accept-Encoding': 'gzip, deflate', 'Accept': '*/*', 'Connection': 'keep-alive', 'X-Token': '01032007', 'X-Cnpj': '11272927000105', 'content-type': 'application/json', 'Content-Length': '434'} 
 body={"objetos":[{"knwScF600":{"COD_EMPRESA":1,"COD_FILIAL":1,"ID_USUARIO_IMP":"NETSUITE NFSE ITG","chave_REGISTRO":"5952","DT_REFERENCIA":"2022-06-1T15:02:50.764Z","DM_NAT_RETENCAO":"1","DT_REC_RETENCAO":"2021-09-25T07:00:00.000Z","VL_BC_RETENCAO":100.00,"VL_RETIDO_FONT":1922.3600000000001,"CD_RECEITA":"5952","DM_NAT_RECEITA":"1","NR_CNPJ_FONTE":"02359572000455","VL_RETIDO_PIS":706.06,"VL_RETIDO_COFINS":3515.64,"DM_DECLARANTE":"0"}}]} 
 </msg>
<msg timestamp="20220914 10:50:27.110" level="INFO">POST Response : url=http://www.hom.sped.cloudfiscal.com/SPED_WEB/api/knw/v2/contribuicaoRetidaFonte 
 status=200, reason=OK 
 headers={'Date': 'Wed, 14 Sep 2022 13:50:27 GMT', 'Content-Type': 'application/json', 'Transfer-Encoding': 'chunked', 'Connection': 'keep-alive', 'Set-Cookie': 'AWSALB=N68nP6B3fTht2Y0vc1zpU95GE21pVzWD2c/oZ3lgScMtxVmVV3MPSJZ4FexxaJv0JRf5LSz6p15pbnNVrsFMEGCy7/6bqsRmCwl8JMnLxANtmkHaiON0R3s0U21+; Expires=Wed, 21 Sep 2022 13:50:27 GMT; Path=/, AWSALBCORS=N68nP6B3fTht2Y0vc1zpU95GE21pVzWD2c/oZ3lgScMtxVmVV3MPSJZ4FexxaJv0JRf5LSz6p15pbnNVrsFMEGCy7/6bqsRmCwl8JMnLxANtmkHaiON0R3s0U21+; Expires=Wed, 21 Sep 2022 13:50:27 GMT; Path=/; SameSite=None', 'Server': 'Apache-Coyote/1.1', 'Access-Control-Allow-Origin': '*', 'Access-Control-Allow-Headers': 'Access-Control-Allow-Origin, Access-Control-Allow-Headers, Access-Control-Request-Method, Access-Control-Request-Headers, origin, accept, authorization, X-Requested-With, content-type, x-fit-auth-token, x-fit-refresh-token, X-Usuario, X-Senha, X-Licenca', 'Access-Control-Allow-Methods': 'GET, OPTIONS, HEAD, PUT, POST', 'Access-Control-Request-Method': '*', 'X-Frame-Options': 'DENY'} 
 body={"sucesso":true,"erro":null,"mensagens":null,"payload":null} 
 </msg>
<msg timestamp="20220914 10:50:27.110" level="INFO">${response} = &lt;Response [200]&gt;</msg>
<status status="PASS" starttime="20220914 10:50:26.675" endtime="20220914 10:50:27.110"/>
</kw>
<msg timestamp="20220914 10:50:27.110" level="INFO">${response} = &lt;Response [200]&gt;</msg>
<status status="PASS" starttime="20220914 10:50:26.675" endtime="20220914 10:50:27.110"/>
</kw>
<kw name="Status Should Be" library="RequestsLibrary">
<arg>200</arg>
<arg>${response}</arg>
<doc>Fails if response status code is different than the expected.</doc>
<status status="PASS" starttime="20220914 10:50:27.111" endtime="20220914 10:50:27.111"/>
</kw>
<kw name="Should Be Equal" library="BuiltIn">
<arg>${response.json()}[sucesso]</arg>
<arg>${true}</arg>
<doc>Fails if the given objects are unequal.</doc>
<status status="PASS" starttime="20220914 10:50:27.111" endtime="20220914 10:50:27.112"/>
</kw>
<status status="PASS" starttime="20220914 10:50:26.673" endtime="20220914 10:50:27.112"/>
</test>
<doc>Session route test suite</doc>
<status status="PASS" starttime="20220914 10:50:26.647" endtime="20220914 10:50:27.114"/>
</suite>
<suite id="s1-s16" name="Saldos Periodicos" source="C:\Sovos\cloud_fiscal\api_knw\features\Saldos_Periodicos.robot">
<test id="s1-s16-t1" name="POST Saldos Periodicos" line="10">
<kw name="Create Dictionary" library="BuiltIn">
<var>${payload}</var>
<arg>Content-Type=application/json</arg>
<doc>Creates and returns a dictionary based on the given ``items``.</doc>
<msg timestamp="20220914 10:50:27.141" level="INFO">${payload} = {'Content-Type': 'application/json'}</msg>
<status status="PASS" starttime="20220914 10:50:27.141" endtime="20220914 10:50:27.141"/>
</kw>
<kw name="POST Saldos Periodicos" library="Saldos_Periodicos">
<var>${response}</var>
<arg>${payload}</arg>
<kw name="Create Dictionary" library="BuiltIn">
<var>${headers}</var>
<arg>X-Token=01032007</arg>
<arg>X-Cnpj=11272927000105</arg>
<arg>content-type=application/json</arg>
<doc>Creates and returns a dictionary based on the given ``items``.</doc>
<msg timestamp="20220914 10:50:27.143" level="INFO">${headers} = {'X-Token': '01032007', 'X-Cnpj': '11272927000105', 'content-type': 'application/json'}</msg>
<status status="PASS" starttime="20220914 10:50:27.142" endtime="20220914 10:50:27.143"/>
</kw>
<kw name="POST" library="RequestsLibrary">
<var>${response}</var>
<arg>${API_USERS}/saldosPeriodicos</arg>
<arg>json=${payload}</arg>
<arg>expected_status=any</arg>
<arg>data="{"objetos":[{"knw0500":{"COD_EMPRESA":0,"COD_FILIAL":0,"ID_USUARIO_IMP":"string","CD_PLANO_CONTA":"string","DT_INICIAL":"2022-04-27T18:31:06.292Z","DM_TIPO_CONTA":"string","CD_PLAN_CTA_TOT":"string","DS_PLANO_CONTA":"string","DM_NATUREZA":"string","DM_NIVEL":"string","DT_IMPORTACAO":"2022-04-27T18:31:06.292Z","DM_GERAL_AUX":"string","ID_ORDEM":0,"CD_REDUZIDA":"string","chave_REGISTRO":"string"},"knw0600":{"COD_EMPRESA":0,"COD_FILIAL":0,"ID_USUARIO_IMP":"string","DT_INICIAL":"2022-04-27T18:31:06.292Z","chave_REGISTRO":"string","CD_CENTRO_CUSTO":"string","DS_CENTRO_CUSTO":"string"},"knwSctbI155":{"COD_EMPRESA":0,"COD_FILIAL":0,"ID_USUARIO_IMP":"string","CD_PLANO_CONTA":"string","chave_REGISTRO":"string","CD_CENTRO_CUSTO":"string","DT_SALDO":"2022-04-27T18:31:06.292Z","VL_SALDO_INICIAL":0,"DM_DC_INICIAL":"string","VL_DEBITO":0,"VL_CREDITO":0,"VL_SALDO_FINAL":0,"DM_DC_FINAL":"string","VL_SALDO_INICIAL_MF":0,"DM_DC_INICIAL_MF":"string","VL_DEBITO_MF":0,"VL_CREDITO_MF":0,"VL_SALDO_FINAL_MF":0,"DM_DC_FINAL_MF":"string","DM_TIPO_SALDO":"string","DS_REGRA":"string","DS_JUSTIFICATIVA":"string"}}]}"</arg>
<arg>headers=${ headers }</arg>
<doc>Sends a POST request.</doc>
<msg timestamp="20220914 10:50:27.494" level="INFO">POST Request : url=http://www.hom.sped.cloudfiscal.com/SPED_WEB/api/knw/v2/saldosPeriodicos 
 path_url=/SPED_WEB/api/knw/v2/saldosPeriodicos 
 headers={'User-Agent': 'python-requests/2.27.1', 'Accept-Encoding': 'gzip, deflate', 'Accept': '*/*', 'Connection': 'keep-alive', 'X-Token': '01032007', 'X-Cnpj': '11272927000105', 'content-type': 'application/json', 'Content-Length': '1106'} 
 body="{"objetos":[{"knw0500":{"COD_EMPRESA":0,"COD_FILIAL":0,"ID_USUARIO_IMP":"string","CD_PLANO_CONTA":"string","DT_INICIAL":"2022-04-27T18:31:06.292Z","DM_TIPO_CONTA":"string","CD_PLAN_CTA_TOT":"string","DS_PLANO_CONTA":"string","DM_NATUREZA":"string","DM_NIVEL":"string","DT_IMPORTACAO":"2022-04-27T18:31:06.292Z","DM_GERAL_AUX":"string","ID_ORDEM":0,"CD_REDUZIDA":"string","chave_REGISTRO":"string"},"knw0600":{"COD_EMPRESA":0,"COD_FILIAL":0,"ID_USUARIO_IMP":"string","DT_INICIAL":"2022-04-27T18:31:06.292Z","chave_REGISTRO":"string","CD_CENTRO_CUSTO":"string","DS_CENTRO_CUSTO":"string"},"knwSctbI155":{"COD_EMPRESA":0,"COD_FILIAL":0,"ID_USUARIO_IMP":"string","CD_PLANO_CONTA":"string","chave_REGISTRO":"string","CD_CENTRO_CUSTO":"string","DT_SALDO":"2022-04-27T18:31:06.292Z","VL_SALDO_INICIAL":0,"DM_DC_INICIAL":"string","VL_DEBITO":0,"VL_CREDITO":0,"VL_SALDO_FINAL":0,"DM_DC_FINAL":"string","VL_SALDO_INICIAL_MF":0,"DM_DC_INICIAL_MF":"string","VL_DEBITO_MF":0,"VL_CREDITO_MF":0,"VL_SALDO_FINAL_MF":0,"DM_DC_FINAL_MF":"string","DM_TIPO_SALDO":"string","DS_REGRA":"string","DS_JUSTIFICATIVA":"string"}}]}" 
 </msg>
<msg timestamp="20220914 10:50:27.494" level="INFO">POST Response : url=http://www.hom.sped.cloudfiscal.com/SPED_WEB/api/knw/v2/saldosPeriodicos 
 status=400, reason=Bad Request 
 headers={'Date': 'Wed, 14 Sep 2022 13:50:27 GMT', 'Content-Type': 'text/html;charset=utf-8', 'Content-Length': '1659', 'Connection': 'keep-alive', 'Set-Cookie': 'AWSALB=zOYWPGgNWLvab6VuVjMei/jWRYRGcNZgl59EdjKdoXRbpAuB2zvKOMEncLaA3EnC3DpHgsTlRhCQ0p+xcUQcoJ/aJ/IGQazNx3Vd2veQe84+qzgtTK8bDaouBuU7; Expires=Wed, 21 Sep 2022 13:50:27 GMT; Path=/, AWSALBCORS=zOYWPGgNWLvab6VuVjMei/jWRYRGcNZgl59EdjKdoXRbpAuB2zvKOMEncLaA3EnC3DpHgsTlRhCQ0p+xcUQcoJ/aJ/IGQazNx3Vd2veQe84+qzgtTK8bDaouBuU7; Expires=Wed, 21 Sep 2022 13:50:27 GMT; Path=/; SameSite=None', 'Server': 'Apache-Coyote/1.1', 'Access-Control-Allow-Origin': '*', 'Access-Control-Allow-Headers': 'Access-Control-Allow-Origin, Access-Control-Allow-Headers, Access-Control-Request-Method, Access-Control-Request-Headers, origin, accept, authorization, X-Requested-With, content-type, x-fit-auth-token, x-fit-refresh-token, X-Usuario, X-Senha, X-Licenca', 'Access-Control-Allow-Methods': 'GET, OPTIONS, HEAD, PUT, POST', 'Access-Control-Request-Method': '*', 'X-Frame-Options': 'DENY'} 
 body=&lt;html&gt;&lt;head&gt;&lt;title&gt;JBoss Web/7.0.13.Final - Error report&lt;/title&gt;&lt;style&gt;&lt;!--H1 {font-family:Tahoma,Arial,sans-serif;color:white;background-color:#525D76;font-size:22px;} H2 {font-family:Tahoma,Arial,sans-serif;color:white;background-color:#525D76;font-size:16px;} H3 {font-family:Tahoma,Arial,sans-serif;color:white;background-color:#525D76;font-size:14px;} BODY {font-family:Tahoma,Arial,sans-serif;color:black;background-color:white;} B {font-family:Tahoma,Arial,sans-serif;color:white;background-color:#525D76;} P {font-family:Tahoma,Arial,sans-serif;background:white;color:black;font-size:12px;}A {color : black;}A.name {color : black;}HR {color : #525D76;}--&gt;&lt;/style&gt; &lt;/head&gt;&lt;body&gt;&lt;h1&gt;HTTP Status 400 - org.codehaus.jackson.map.JsonMappingException: Can not instantiate value of type [simple type, class com.cloudfiscal.integracao.blocoIContabil.IntegracaoSCTBI155List] from JSON String; no single-String constructor/factory method&lt;/h1&gt;&lt;HR size="1" noshade="noshade"&gt;&lt;p&gt;&lt;b&gt;type&lt;/b&gt; Status report&lt;/p&gt;&lt;p&gt;&lt;b&gt;message&lt;/b&gt; &lt;u&gt;org.codehaus.jackson.map.JsonMappingException: Can not instantiate value of type [simple type, class com.cloudfiscal.integracao.blocoIContabil.IntegracaoSCTBI155List] from JSON String; no single-String constructor/factory method&lt;/u&gt;&lt;/p&gt;&lt;p&gt;&lt;b&gt;description&lt;/b&gt; &lt;u&gt;The request sent by the client was syntactically incorrect (org.codehaus.jackson.map.JsonMappingException: Can not instantiate value of type [simple type, class com.cloudfiscal.integracao.blocoIContabil.IntegracaoSCTBI155List] from JSON String; no single-String constructor/factory method).&lt;/u&gt;&lt;/p&gt;&lt;HR size="1" noshade="noshade"&gt;&lt;h3&gt;JBoss Web/7.0.13.Final&lt;/h3&gt;&lt;/body&gt;&lt;/html&gt; 
 </msg>
<msg timestamp="20220914 10:50:27.495" level="INFO">${response} = &lt;Response [400]&gt;</msg>
<status status="PASS" starttime="20220914 10:50:27.143" endtime="20220914 10:50:27.495"/>
</kw>
<msg timestamp="20220914 10:50:27.495" level="INFO">${response} = &lt;Response [400]&gt;</msg>
<status status="PASS" starttime="20220914 10:50:27.142" endtime="20220914 10:50:27.495"/>
</kw>
<kw name="Status Should Be" library="RequestsLibrary">
<arg>200</arg>
<arg>${response}</arg>
<doc>Fails if response status code is different than the expected.</doc>
<msg timestamp="20220914 10:50:27.496" level="FAIL">Url: http://www.hom.sped.cloudfiscal.com/SPED_WEB/api/knw/v2/saldosPeriodicos Expected status: 400 != 200</msg>
<status status="FAIL" starttime="20220914 10:50:27.496" endtime="20220914 10:50:27.497"/>
</kw>
<kw name="Should Be Equal" library="BuiltIn">
<arg>${response.json()}[sucesso]</arg>
<arg>${true}</arg>
<doc>Fails if the given objects are unequal.</doc>
<status status="NOT RUN" starttime="20220914 10:50:27.497" endtime="20220914 10:50:27.497"/>
</kw>
<status status="FAIL" starttime="20220914 10:50:27.140" endtime="20220914 10:50:27.498">Url: http://www.hom.sped.cloudfiscal.com/SPED_WEB/api/knw/v2/saldosPeriodicos Expected status: 400 != 200</status>
</test>
<doc>Session route test suite</doc>
<status status="FAIL" starttime="20220914 10:50:27.115" endtime="20220914 10:50:27.500"/>
</suite>
<status status="FAIL" starttime="20220914 10:50:05.022" endtime="20220914 10:50:27.502"/>
</suite>
<statistics>
<total>
<stat pass="14" fail="5" skip="0">All Tests</stat>
</total>
<tag>
</tag>
<suite>
<stat pass="14" fail="5" skip="0" id="s1" name="Features">Features</stat>
<stat pass="1" fail="0" skip="0" id="s1-s1" name="Ativo Imobilizado">Features.Ativo Imobilizado</stat>
<stat pass="1" fail="0" skip="0" id="s1-s2" name="Atualizacao NF Suite">Features.Atualizacao NF Suite</stat>
<stat pass="1" fail="0" skip="0" id="s1-s3" name="Consultar Empresas">Features.Consultar Empresas</stat>
<stat pass="1" fail="0" skip="0" id="s1-s4" name="Controle Creditos Suite">Features.Controle Creditos Suite</stat>
<stat pass="1" fail="0" skip="0" id="s1-s5" name="Doc Gerador Credito Suite">Features.Doc Gerador Credito Suite</stat>
<stat pass="0" fail="1" skip="0" id="s1-s6" name="Estoque Escriturado Suite">Features.Estoque Escriturado Suite</stat>
<stat pass="1" fail="0" skip="0" id="s1-s7" name="Exportacoes Suite">Features.Exportacoes Suite</stat>
<stat pass="4" fail="0" skip="0" id="s1-s8" name="Import BlocoM Suite">Features.Import BlocoM Suite</stat>
<stat pass="1" fail="0" skip="0" id="s1-s9" name="Import Geral Suite">Features.Import Geral Suite</stat>
<stat pass="0" fail="1" skip="0" id="s1-s10" name="Import NF Suite">Features.Import NF Suite</stat>
<stat pass="1" fail="0" skip="0" id="s1-s11" name="Integracao sistema terceiros">Features.Integracao sistema terceiros</stat>
<stat pass="0" fail="1" skip="0" id="s1-s12" name="Lancamentos Contabeis">Features.Lancamentos Contabeis</stat>
<stat pass="0" fail="1" skip="0" id="s1-s13" name="Plano conta">Features.Plano conta</stat>
<stat pass="1" fail="0" skip="0" id="s1-s14" name="Progresso Integracao">Features.Progresso Integracao</stat>
<stat pass="1" fail="0" skip="0" id="s1-s15" name="Retida Fonte Suite">Features.Retida Fonte Suite</stat>
<stat pass="0" fail="1" skip="0" id="s1-s16" name="Saldos Periodicos">Features.Saldos Periodicos</stat>
</suite>
</statistics>
<errors>
</errors>
</robot>
