<?xml version="1.0" encoding="UTF-8"?>
<robot generator="Robot 4.1.2 (Python 3.10.0 on win32)" generated="20220303 15:40:12.295" rpa="false" schemaversion="2">
<suite id="s1" name="Tests" source="C:\TaxFiscal\tests">
<suite id="s1-s1" name="Configuracoes" source="C:\TaxFiscal\tests\configuracoes.robot">
<test id="s1-s1-t1" name="Importar tabela CFOP">
<kw name="Start Session" library="base" type="SETUP">
<kw name="New Browser" library="Browser">
<arg>chromium</arg>
<arg>headless=False</arg>
<arg>slowMo=00:00:01</arg>
<tag>BrowserControl</tag>
<tag>Setter</tag>
<doc>Create a new playwright Browser with specified options.</doc>
<msg timestamp="20220303 15:40:14.920" level="INFO">{"browser": "chromium", "headless": false, "handleSIGINT": true, "handleSIGTERM": true, "handleSIGHUP": true, "timeout": 30000.0, "devtools": false, "slowMo": 1000.0, "tracesDir": "C:\\TaxFiscal\\logs\\browser\\traces\\36573d88-2898-49d1-acdc-7c98734caef8"}</msg>
<msg timestamp="20220303 15:40:16.119" level="INFO">Successfully created browser with options: {"browser":"chromium","headless":false,"handleSIGINT":true,"handleSIGTERM":true,"handleSIGHUP":true,"timeout":30000,"devtools":false,"slowMo":1000,"tracesDir":"C:\\TaxFiscal\\logs\\browser\\traces\\36573d88-2898-49d1-acdc-7c98734caef8"}</msg>
<status status="PASS" starttime="20220303 15:40:14.919" endtime="20220303 15:40:16.119"/>
</kw>
<kw name="New Page" library="Browser">
<arg>${BASE_URL}</arg>
<tag>BrowserControl</tag>
<tag>Setter</tag>
<doc>Open a new Page.</doc>
<msg timestamp="20220303 15:40:19.428" level="INFO">Successfully initialized new page object and opened url: https://www.hom.sped.cloudfiscal.com/SPED_WEB/frmSPED_Login.f1</msg>
<msg timestamp="20220303 15:40:19.428" level="INFO">No context was open. New context was automatically opened when this page is created.</msg>
<status status="PASS" starttime="20220303 15:40:16.120" endtime="20220303 15:40:19.428"/>
</kw>
<kw name="Fill Text" library="Browser">
<arg>id=frmERP_Login:usuario</arg>
<arg>FIT@0410</arg>
<tag>PageContent</tag>
<tag>Setter</tag>
<doc>Clears and fills the given ``txt`` into the text field found by ``selector``.</doc>
<msg timestamp="20220303 15:40:19.429" level="INFO">Fills the text 'FIT@0410' in the given field.</msg>
<status status="PASS" starttime="20220303 15:40:19.429" endtime="20220303 15:40:20.462"/>
</kw>
<kw name="Fill Text" library="Browser">
<arg>id=frmERP_Login:senha</arg>
<arg>2018@FIT#@</arg>
<tag>PageContent</tag>
<tag>Setter</tag>
<doc>Clears and fills the given ``txt`` into the text field found by ``selector``.</doc>
<msg timestamp="20220303 15:40:20.463" level="INFO">Fills the text '2018@FIT#@' in the given field.</msg>
<status status="PASS" starttime="20220303 15:40:20.462" endtime="20220303 15:40:21.481"/>
</kw>
<kw name="Click" library="Browser">
<arg>xpath=//*[@id="frmERP_Login"]/table[1]/tbody/tr/td/table/tbody/tr/td/table[2]/tbody/tr[6]/td/input</arg>
<tag>PageContent</tag>
<tag>Setter</tag>
<doc>Simulates mouse click on the element found by ``selector``.</doc>
<status status="PASS" starttime="20220303 15:40:21.481" endtime="20220303 15:40:22.671"/>
</kw>
<kw name="Wait For Elements State" library="Browser">
<arg>text=CLOUD.SPED</arg>
<arg>timeout=30</arg>
<tag>PageContent</tag>
<tag>Wait</tag>
<doc>Waits for the element found by ``selector`` to satisfy state option.</doc>
<msg timestamp="20220303 15:40:24.093" level="INFO">Waited for Element with selector text=CLOUD.SPED at state visible</msg>
<status status="PASS" starttime="20220303 15:40:22.672" endtime="20220303 15:40:24.093"/>
</kw>
<status status="PASS" starttime="20220303 15:40:14.919" endtime="20220303 15:40:24.094"/>
</kw>
<kw name="Acesso menu importação de arquivos" library="actions">
<kw name="Hover" library="Browser">
<arg>${MENU_CONFIGURACOES}</arg>
<tag>PageContent</tag>
<tag>Setter</tag>
<doc>Moves the virtual mouse and scrolls to the element found by ``selector``.</doc>
<status status="PASS" starttime="20220303 15:40:24.094" endtime="20220303 15:40:25.432"/>
</kw>
<kw name="Hover" library="Browser">
<arg>text=Tabelas Governo</arg>
<tag>PageContent</tag>
<tag>Setter</tag>
<doc>Moves the virtual mouse and scrolls to the element found by ``selector``.</doc>
<status status="PASS" starttime="20220303 15:40:25.432" endtime="20220303 15:40:26.480"/>
</kw>
<kw name="Click" library="Browser">
<arg>id=viewMenu:frmMenu:j_id43</arg>
<tag>PageContent</tag>
<tag>Setter</tag>
<doc>Simulates mouse click on the element found by ``selector``.</doc>
<status status="PASS" starttime="20220303 15:40:26.480" endtime="20220303 15:40:36.012"/>
</kw>
<status status="PASS" starttime="20220303 15:40:24.094" endtime="20220303 15:40:36.013"/>
</kw>
<kw name="Select Options By" library="Browser">
<arg>xpath=//*[@id="form:j_idt84"]</arg>
<arg>text</arg>
<arg>CFOP</arg>
<tag>PageContent</tag>
<tag>Setter</tag>
<doc>Selects options from select element found by ``selector``.</doc>
<status status="PASS" starttime="20220303 15:40:36.013" endtime="20220303 15:40:37.048"/>
</kw>
<kw name="Upload File By Selector" library="Browser">
<arg>id=form:upload_input</arg>
<arg>${Arquivo}</arg>
<tag>PageContent</tag>
<tag>Setter</tag>
<doc>Uploads file from `path` to file input matched by selector.</doc>
<status status="PASS" starttime="20220303 15:40:37.049" endtime="20220303 15:40:38.078"/>
</kw>
<kw name="Sleep" library="BuiltIn">
<arg>5</arg>
<doc>Pauses the test executed for the given time.</doc>
<msg timestamp="20220303 15:40:43.080" level="INFO">Slept 5 seconds</msg>
<status status="PASS" starttime="20220303 15:40:38.079" endtime="20220303 15:40:43.080"/>
</kw>
<kw name="Finish Session" library="base" type="TEARDOWN">
<kw name="Take Screenshot" library="Browser">
<tag>PageContent</tag>
<doc>Takes a screenshot of the current window or element and saves it to disk.</doc>
<msg timestamp="20220303 15:40:43.211" level="INFO" html="true">&lt;/td&gt;&lt;/tr&gt;&lt;tr&gt;&lt;td colspan="3"&gt;&lt;a href="browser/screenshot/robotframework-browser-screenshot-1.png"&gt;&lt;img src="browser/screenshot/robotframework-browser-screenshot-1.png" width="800px"&gt;&lt;/a&gt;</msg>
<status status="PASS" starttime="20220303 15:40:43.082" endtime="20220303 15:40:43.211"/>
</kw>
<status status="PASS" starttime="20220303 15:40:43.081" endtime="20220303 15:40:43.211"/>
</kw>
<status status="PASS" starttime="20220303 15:40:14.916" endtime="20220303 15:40:43.212"/>
</test>
<doc>Teste menu configurações</doc>
<status status="PASS" starttime="20220303 15:40:12.332" endtime="20220303 15:40:43.292"/>
</suite>
<status status="PASS" starttime="20220303 15:40:12.299" endtime="20220303 15:40:43.295"/>
</suite>
<statistics>
<total>
<stat pass="1" fail="0" skip="0">All Tests</stat>
</total>
<tag>
</tag>
<suite>
<stat pass="1" fail="0" skip="0" id="s1" name="Tests">Tests</stat>
<stat pass="1" fail="0" skip="0" id="s1-s1" name="Configuracoes">Tests.Configuracoes</stat>
</suite>
</statistics>
<errors>
</errors>
</robot>
