<?xml version="1.0" encoding="UTF-8"?>
<robot generator="Robot 4.1.2 (Python 3.10.0 on win32)" generated="20220303 17:41:06.761" rpa="false" schemaversion="2">
<suite id="s1" name="Tests" source="C:\TaxFiscal\tests">
<suite id="s1-s1" name="Configuracoes" source="C:\TaxFiscal\tests\configuracoes.robot">
<test id="s1-s1-t1" name="Importar tabela CFOP">
<kw name="Start Session" library="base" type="SETUP">
<kw name="New Browser" library="Browser">
<arg>chromium</arg>
<arg>headless=False</arg>
<arg>slowMo=00:00:01</arg>
<tag>BrowserControl</tag>
<tag>Setter</tag>
<doc>Create a new playwright Browser with specified options.</doc>
<msg timestamp="20220303 17:41:09.353" level="INFO">{"browser": "chromium", "headless": false, "handleSIGINT": true, "handleSIGTERM": true, "handleSIGHUP": true, "timeout": 30000.0, "devtools": false, "slowMo": 1000.0, "tracesDir": "C:\\TaxFiscal\\logs\\browser\\traces\\36a30e6b-67f1-44f5-bf70-8cceafd0c5cd"}</msg>
<msg timestamp="20220303 17:41:10.664" level="INFO">Successfully created browser with options: {"browser":"chromium","headless":false,"handleSIGINT":true,"handleSIGTERM":true,"handleSIGHUP":true,"timeout":30000,"devtools":false,"slowMo":1000,"tracesDir":"C:\\TaxFiscal\\logs\\browser\\traces\\36a30e6b-67f1-44f5-bf70-8cceafd0c5cd"}</msg>
<status status="PASS" starttime="20220303 17:41:09.353" endtime="20220303 17:41:10.665"/>
</kw>
<kw name="New Context" library="Browser">
<arg>viewport={'width': 1920, 'height': 1080}</arg>
<tag>BrowserControl</tag>
<tag>Setter</tag>
<doc>Create a new BrowserContext with specified options.</doc>
<msg timestamp="20220303 17:41:10.666" level="INFO">{"acceptDownloads": false, "ignoreHTTPSErrors": false, "bypassCSP": false, "viewport": {"height": 1080, "width": 1920}, "deviceScaleFactor": 1.0, "isMobile": false, "hasTouch": false, "javaScriptEnabled": true, "offline": false, "hideRfBrowser": false}</msg>
<msg timestamp="20220303 17:41:10.699" level="INFO">Successfully created context. </msg>
<msg timestamp="20220303 17:41:10.699" level="INFO">{'acceptDownloads': False, 'ignoreHTTPSErrors': False, 'bypassCSP': False, 'viewport': {'height': 1080, 'width': 1920}, 'deviceScaleFactor': 1, 'isMobile': False, 'hasTouch': False, 'javaScriptEnabled': True, 'offline': False, 'hideRfBrowser': False}</msg>
<status status="PASS" starttime="20220303 17:41:10.665" endtime="20220303 17:41:10.699"/>
</kw>
<kw name="New Page" library="Browser">
<arg>${BASE_URL}</arg>
<tag>BrowserControl</tag>
<tag>Setter</tag>
<doc>Open a new Page.</doc>
<msg timestamp="20220303 17:41:13.860" level="INFO">Successfully initialized new page object and opened url: https://www.hom.sped.cloudfiscal.com/SPED_WEB/frmSPED_Login.f1</msg>
<status status="PASS" starttime="20220303 17:41:10.700" endtime="20220303 17:41:13.861"/>
</kw>
<kw name="Fill Text" library="Browser">
<arg>id=frmERP_Login:usuario</arg>
<arg>FIT@0410</arg>
<tag>PageContent</tag>
<tag>Setter</tag>
<doc>Clears and fills the given ``txt`` into the text field found by ``selector``.</doc>
<msg timestamp="20220303 17:41:13.862" level="INFO">Fills the text 'FIT@0410' in the given field.</msg>
<status status="PASS" starttime="20220303 17:41:13.861" endtime="20220303 17:41:14.893"/>
</kw>
<kw name="Fill Text" library="Browser">
<arg>id=frmERP_Login:senha</arg>
<arg>2018@FIT#@</arg>
<tag>PageContent</tag>
<tag>Setter</tag>
<doc>Clears and fills the given ``txt`` into the text field found by ``selector``.</doc>
<msg timestamp="20220303 17:41:14.893" level="INFO">Fills the text '2018@FIT#@' in the given field.</msg>
<status status="PASS" starttime="20220303 17:41:14.893" endtime="20220303 17:41:15.914"/>
</kw>
<kw name="Click" library="Browser">
<arg>xpath=//*[@id="frmERP_Login"]/table[1]/tbody/tr/td/table/tbody/tr/td/table[2]/tbody/tr[6]/td/input</arg>
<tag>PageContent</tag>
<tag>Setter</tag>
<doc>Simulates mouse click on the element found by ``selector``.</doc>
<status status="PASS" starttime="20220303 17:41:15.914" endtime="20220303 17:41:16.968"/>
</kw>
<kw name="Wait For Elements State" library="Browser">
<arg>text=CLOUD.SPED</arg>
<arg>timeout=30</arg>
<tag>PageContent</tag>
<tag>Wait</tag>
<doc>Waits for the element found by ``selector`` to satisfy state option.</doc>
<msg timestamp="20220303 17:41:18.293" level="INFO">Waited for Element with selector text=CLOUD.SPED at state visible</msg>
<status status="PASS" starttime="20220303 17:41:16.969" endtime="20220303 17:41:18.293"/>
</kw>
<status status="PASS" starttime="20220303 17:41:09.352" endtime="20220303 17:41:18.293"/>
</kw>
<kw name="Acesso menu importação de arquivos" library="actions">
<kw name="Hover" library="Browser">
<arg>${MENU_CONFIGURACOES}</arg>
<tag>PageContent</tag>
<tag>Setter</tag>
<doc>Moves the virtual mouse and scrolls to the element found by ``selector``.</doc>
<status status="PASS" starttime="20220303 17:41:18.294" endtime="20220303 17:41:19.630"/>
</kw>
<kw name="Hover" library="Browser">
<arg>text=Tabelas Governo</arg>
<tag>PageContent</tag>
<tag>Setter</tag>
<doc>Moves the virtual mouse and scrolls to the element found by ``selector``.</doc>
<status status="PASS" starttime="20220303 17:41:19.630" endtime="20220303 17:41:20.679"/>
</kw>
<kw name="Click" library="Browser">
<arg>id=viewMenu:frmMenu:j_id43</arg>
<tag>PageContent</tag>
<tag>Setter</tag>
<doc>Simulates mouse click on the element found by ``selector``.</doc>
<status status="PASS" starttime="20220303 17:41:20.680" endtime="20220303 17:41:21.724"/>
</kw>
<status status="PASS" starttime="20220303 17:41:18.294" endtime="20220303 17:41:21.724"/>
</kw>
<kw name="Select Options By" library="Browser">
<arg>xpath=//*[@id="form:j_idt84"]</arg>
<arg>text</arg>
<arg>CFOP</arg>
<tag>PageContent</tag>
<tag>Setter</tag>
<doc>Selects options from select element found by ``selector``.</doc>
<status status="PASS" starttime="20220303 17:41:21.725" endtime="20220303 17:41:22.761"/>
</kw>
<kw name="Upload File By Selector" library="Browser">
<arg>id=form:upload_input</arg>
<arg>${Arquivo}</arg>
<tag>PageContent</tag>
<tag>Setter</tag>
<doc>Uploads file from `path` to file input matched by selector.</doc>
<status status="PASS" starttime="20220303 17:41:22.762" endtime="20220303 17:41:23.789"/>
</kw>
<kw name="Wait For Elements State" library="Browser">
<arg>css=.form:viewTopo:j_idt16_modal</arg>
<arg>visible</arg>
<arg>5</arg>
<tag>PageContent</tag>
<tag>Wait</tag>
<doc>Waits for the element found by ``selector`` to satisfy state option.</doc>
<msg timestamp="20220303 17:41:28.970" level="INFO" html="true">&lt;/td&gt;&lt;/tr&gt;&lt;tr&gt;&lt;td colspan="3"&gt;&lt;a href="browser/screenshot/fail-screenshot-1.png"&gt;&lt;img src="browser/screenshot/fail-screenshot-1.png" width="800px"&gt;&lt;/a&gt;</msg>
<msg timestamp="20220303 17:41:28.978" level="FAIL">Error: locator.waitFor: DOMException: Failed to execute 'querySelectorAll' on 'Document': '.form:viewTopo:j_idt16_modal' is not a valid selector.
    at r (&lt;anonymous&gt;:3:28867)
    at &lt;anonymous&gt;:3:29005
    at t.SelectorEvaluatorImpl._cached (&lt;anonymous&gt;:3:24966)
    at t.SelectorEvaluatorImpl._queryCSS (&lt;anonymous&gt;:3:28756)
    at t.SelectorEvaluatorImpl._querySimple (&lt;anonymous&gt;:3:27103)
    at &lt;anonymous&gt;:3:25713
    at t.SelectorEvaluatorImpl._cached (&lt;anonymous&gt;:3:24966)
    at t.SelectorEvaluatorImpl.query (&lt;anonymous&gt;:3:25546)
    at Object.query (&lt;anonymous&gt;:3:29404)
    at &lt;anonymous&gt;:3:28674
=========================== logs ===========================
waiting for selector "css=.form:viewTopo:j_idt16_modal" to be visible
  Failed to execute 'querySelectorAll' on 'Document': '.form:viewTopo:j_idt16_modal' is not a valid selector.
============================================================</msg>
<status status="FAIL" starttime="20220303 17:41:23.790" endtime="20220303 17:41:28.978"/>
</kw>
<kw name="Finish Session" library="base" type="TEARDOWN">
<kw name="Take Screenshot" library="Browser">
<tag>PageContent</tag>
<doc>Takes a screenshot of the current window or element and saves it to disk.</doc>
<msg timestamp="20220303 17:41:29.147" level="INFO" html="true">&lt;/td&gt;&lt;/tr&gt;&lt;tr&gt;&lt;td colspan="3"&gt;&lt;a href="browser/screenshot/robotframework-browser-screenshot-1.png"&gt;&lt;img src="browser/screenshot/robotframework-browser-screenshot-1.png" width="800px"&gt;&lt;/a&gt;</msg>
<status status="PASS" starttime="20220303 17:41:28.979" endtime="20220303 17:41:29.147"/>
</kw>
<status status="PASS" starttime="20220303 17:41:28.979" endtime="20220303 17:41:29.147"/>
</kw>
<status status="FAIL" starttime="20220303 17:41:09.349" endtime="20220303 17:41:29.147">Error: locator.waitFor: DOMException: Failed to execute 'querySelectorAll' on 'Document': '.form:viewTopo:j_idt16_modal' is not a valid selector.
    at r (&lt;anonymous&gt;:3:28867)
    at &lt;anonymous&gt;:3:29005
    at t.SelectorEvaluatorImpl._cached (&lt;anonymous&gt;:3:24966)
    at t.SelectorEvaluatorImpl._queryCSS (&lt;anonymous&gt;:3:28756)
    at t.SelectorEvaluatorImpl._querySimple (&lt;anonymous&gt;:3:27103)
    at &lt;anonymous&gt;:3:25713
    at t.SelectorEvaluatorImpl._cached (&lt;anonymous&gt;:3:24966)
    at t.SelectorEvaluatorImpl.query (&lt;anonymous&gt;:3:25546)
    at Object.query (&lt;anonymous&gt;:3:29404)
    at &lt;anonymous&gt;:3:28674
=========================== logs ===========================
waiting for selector "css=.form:viewTopo:j_idt16_modal" to be visible
  Failed to execute 'querySelectorAll' on 'Document': '.form:viewTopo:j_idt16_modal' is not a valid selector.
============================================================</status>
</test>
<doc>Teste menu configurações</doc>
<status status="FAIL" starttime="20220303 17:41:06.797" endtime="20220303 17:41:29.241"/>
</suite>
<status status="FAIL" starttime="20220303 17:41:06.766" endtime="20220303 17:41:29.246"/>
</suite>
<statistics>
<total>
<stat pass="0" fail="1" skip="0">All Tests</stat>
</total>
<tag>
</tag>
<suite>
<stat pass="0" fail="1" skip="0" id="s1" name="Tests">Tests</stat>
<stat pass="0" fail="1" skip="0" id="s1-s1" name="Configuracoes">Tests.Configuracoes</stat>
</suite>
</statistics>
<errors>
</errors>
</robot>
