<?xml version="1.0" encoding="UTF-8"?>
<robot generator="Robot 4.1.2 (Python 3.10.0 on win32)" generated="20220202 12:27:21.204" rpa="false" schemaversion="2">
<suite id="s1" name="Tests" source="C:\TaxFsical\tests">
<suite id="s1-s1" name="Configuracoes" source="C:\TaxFsical\tests\configuracoes.robot">
<test id="s1-s1-t1" name="Importar tabela CFOP">
<kw name="Start Session" library="base" type="SETUP">
<kw name="New Browser" library="Browser">
<arg>chromium</arg>
<arg>headless=False</arg>
<arg>slowMo=00:00:01</arg>
<tag>BrowserControl</tag>
<tag>Setter</tag>
<doc>Create a new playwright Browser with specified options.</doc>
<msg timestamp="20220202 12:27:23.347" level="INFO">{"browser": "chromium", "headless": false, "handleSIGINT": true, "handleSIGTERM": true, "handleSIGHUP": true, "timeout": 30000.0, "devtools": false, "slowMo": 1000.0, "tracesDir": "C:\\TaxFsical\\logs\\browser\\traces\\efa544fb-bcb6-4b41-bd48-9efbdca71b4e"}</msg>
<msg timestamp="20220202 12:27:23.980" level="INFO">Successfully created browser with options: {"browser":"chromium","headless":false,"handleSIGINT":true,"handleSIGTERM":true,"handleSIGHUP":true,"timeout":30000,"devtools":false,"slowMo":1000,"tracesDir":"C:\\TaxFsical\\logs\\browser\\traces\\efa544fb-bcb6-4b41-bd48-9efbdca71b4e"}</msg>
<status status="PASS" starttime="20220202 12:27:23.347" endtime="20220202 12:27:23.980"/>
</kw>
<kw name="New Page" library="Browser">
<arg>${BASE_URL}</arg>
<tag>BrowserControl</tag>
<tag>Setter</tag>
<doc>Open a new Page.</doc>
<msg timestamp="20220202 12:27:27.497" level="INFO">Successfully initialized new page object and opened url: https://www.hom.sped.cloudfiscal.com/SPED_WEB/frmSPED_Login.f1</msg>
<msg timestamp="20220202 12:27:27.498" level="INFO">No context was open. New context was automatically opened when this page is created.</msg>
<status status="PASS" starttime="20220202 12:27:23.980" endtime="20220202 12:27:27.498"/>
</kw>
<kw name="Fill Text" library="Browser">
<arg>id=frmERP_Login:usuario</arg>
<arg>FIT@0410</arg>
<tag>PageContent</tag>
<tag>Setter</tag>
<doc>Clears and fills the given ``txt`` into the text field found by ``selector``.</doc>
<msg timestamp="20220202 12:27:27.498" level="INFO">Fills the text 'FIT@0410' in the given field.</msg>
<status status="PASS" starttime="20220202 12:27:27.498" endtime="20220202 12:27:28.530"/>
</kw>
<kw name="Fill Text" library="Browser">
<arg>id=frmERP_Login:senha</arg>
<arg>2018@FIT#@</arg>
<tag>PageContent</tag>
<tag>Setter</tag>
<doc>Clears and fills the given ``txt`` into the text field found by ``selector``.</doc>
<msg timestamp="20220202 12:27:28.531" level="INFO">Fills the text '2018@FIT#@' in the given field.</msg>
<status status="PASS" starttime="20220202 12:27:28.531" endtime="20220202 12:27:29.550"/>
</kw>
<kw name="Click" library="Browser">
<arg>xpath=//*[@id="frmERP_Login"]/table[1]/tbody/tr/td/table/tbody/tr/td/table[2]/tbody/tr[6]/td/input</arg>
<tag>PageContent</tag>
<tag>Setter</tag>
<doc>Simulates mouse click on the element found by ``selector``.</doc>
<status status="PASS" starttime="20220202 12:27:29.550" endtime="20220202 12:27:30.580"/>
</kw>
<kw name="Wait For Elements State" library="Browser">
<arg>text=CLOUD.SPED</arg>
<arg>timeout=30</arg>
<tag>PageContent</tag>
<tag>Wait</tag>
<doc>Waits for the element found by ``selector`` to satisfy state option.</doc>
<msg timestamp="20220202 12:27:31.373" level="INFO">Waited for Element with selector text=CLOUD.SPED at state visible</msg>
<status status="PASS" starttime="20220202 12:27:30.580" endtime="20220202 12:27:31.373"/>
</kw>
<status status="PASS" starttime="20220202 12:27:23.347" endtime="20220202 12:27:31.373"/>
</kw>
<kw name="Acesso menu importação de arquivos" library="actions">
<kw name="Hover" library="Browser">
<arg>${Menu_Config}</arg>
<tag>PageContent</tag>
<tag>Setter</tag>
<doc>Moves the virtual mouse and scrolls to the element found by ``selector``.</doc>
<status status="PASS" starttime="20220202 12:27:31.374" endtime="20220202 12:27:32.711"/>
</kw>
<kw name="Hover" library="Browser">
<arg>text=Tabelas Governo</arg>
<tag>PageContent</tag>
<tag>Setter</tag>
<doc>Moves the virtual mouse and scrolls to the element found by ``selector``.</doc>
<status status="PASS" starttime="20220202 12:27:32.711" endtime="20220202 12:27:33.768"/>
</kw>
<kw name="Click" library="Browser">
<arg>id=viewMenu:frmMenu:j_id43</arg>
<tag>PageContent</tag>
<tag>Setter</tag>
<doc>Simulates mouse click on the element found by ``selector``.</doc>
<status status="PASS" starttime="20220202 12:27:33.769" endtime="20220202 12:27:34.816"/>
</kw>
<status status="PASS" starttime="20220202 12:27:31.374" endtime="20220202 12:27:34.816"/>
</kw>
<kw name="Finish Session" library="base" type="TEARDOWN">
<kw name="Take Screenshot" library="Browser">
<tag>PageContent</tag>
<doc>Takes a screenshot of the current window or element and saves it to disk.</doc>
<msg timestamp="20220202 12:27:34.929" level="INFO" html="true">&lt;/td&gt;&lt;/tr&gt;&lt;tr&gt;&lt;td colspan="3"&gt;&lt;a href="browser/screenshot/robotframework-browser-screenshot-1.png"&gt;&lt;img src="browser/screenshot/robotframework-browser-screenshot-1.png" width="800px"&gt;&lt;/a&gt;</msg>
<status status="PASS" starttime="20220202 12:27:34.817" endtime="20220202 12:27:34.929"/>
</kw>
<status status="PASS" starttime="20220202 12:27:34.817" endtime="20220202 12:27:34.929"/>
</kw>
<status status="PASS" starttime="20220202 12:27:23.343" endtime="20220202 12:27:34.930"/>
</test>
<test id="s1-s1-t2" name="Importar Tabelas do Governo">
<status status="FAIL" starttime="20220202 12:27:35.015" endtime="20220202 12:27:35.020">Test case contains no keywords.</status>
</test>
<test id="s1-s1-t3" name="Importar Reg.1010/1011 – Planilha de Importação dos dados EFD PIS/COFINS">
<status status="FAIL" starttime="20220202 12:27:35.024" endtime="20220202 12:27:35.026">Test case contains no keywords.</status>
</test>
<test id="s1-s1-t4" name="M105/M505 – RATEIO DE RECEITA BRUTA CUMULATIVA">
<status status="FAIL" starttime="20220202 12:27:35.029" endtime="20220202 12:27:35.032">Test case contains no keywords.</status>
</test>
<doc>Teste menu configurações</doc>
<status status="FAIL" starttime="20220202 12:27:21.234" endtime="20220202 12:27:35.035"/>
</suite>
<status status="FAIL" starttime="20220202 12:27:21.207" endtime="20220202 12:27:35.038"/>
</suite>
<statistics>
<total>
<stat pass="1" fail="3" skip="0">All Tests</stat>
</total>
<tag>
</tag>
<suite>
<stat pass="1" fail="3" skip="0" id="s1" name="Tests">Tests</stat>
<stat pass="1" fail="3" skip="0" id="s1-s1" name="Configuracoes">Tests.Configuracoes</stat>
</suite>
</statistics>
<errors>
</errors>
</robot>
